<?xml version="1.0" encoding="UTF-8"?>
<!-- Generated by org.testng.reporters.JUnitReportReporter -->
<testsuite skipped="0" hostname="yinons-MBP" name="Tests.CheckOutSingleTest" tests="5" failures="0" timestamp="03 May 2018 02:05:43 GMT" time="167.910" errors="0">
  <testcase name="DoLogin" time="29.918" classname="Tests.CheckOutSingleTest"/>
  <testcase name="SearchStylist" time="16.718" classname="Tests.CheckOutSingleTest"/>
  <testcase name="SelectEvents" time="34.039" classname="Tests.CheckOutSingleTest"/>
  <testcase name="SelectSession" time="8.246" classname="Tests.CheckOutSingleTest"/>
  <testcase name="CompileBooking" time="78.989" classname="Tests.CheckOutSingleTest"/>
</testsuite> <!-- Tests.CheckOutSingleTest -->
