<?xml version="1.0" encoding="UTF-8"?>
<!-- Generated by org.testng.reporters.JUnitReportReporter -->
<testsuite skipped="0" hostname="yinons-MBP" name="Tests.LoginTests" tests="6" failures="0" timestamp="07 Aug 2018 19:02:09 GMT" time="193.938" errors="0">
  <testcase name="FillPasswordWithOutToFillEmail" time="18.134" classname="Tests.LoginTests"/>
  <testcase name="FillPasswordWithOutToFillPassword" time="19.213" classname="Tests.LoginTests"/>
  <testcase name="FillPasswordWithWrongEmail" time="35.705" classname="Tests.LoginTests"/>
  <testcase name="FillPasswordWithWrongPassword" time="39.127" classname="Tests.LoginTests"/>
  <testcase name="ClickLoginwWithOutToFillAnyFields" time="25.580" classname="Tests.LoginTests"/>
  <testcase name="DoLogin" time="56.179" classname="Tests.LoginTests"/>
</testsuite> <!-- Tests.LoginTests -->
