<?xml version="1.0" encoding="UTF-8"?>
<!-- Generated by org.testng.reporters.JUnitReportReporter -->
<testsuite skipped="0" hostname="yinons-MBP" name="Tests.QuickQuizForWomenTest" tests="5" failures="0" timestamp="22 Jun 2018 01:26:42 GMT" time="245.883" errors="0">
  <testcase name="DoLogin" time="49.060" classname="Tests.QuickQuizForWomenTest"/>
  <testcase name="SearchStylist" time="13.545" classname="Tests.QuickQuizForWomenTest"/>
  <testcase name="SelectEvents" time="36.825" classname="Tests.QuickQuizForWomenTest"/>
  <testcase name="SelectSession" time="18.041" classname="Tests.QuickQuizForWomenTest"/>
  <testcase name="CompileBooking" time="128.412" classname="Tests.QuickQuizForWomenTest"/>
</testsuite> <!-- Tests.QuickQuizForWomenTest -->
