<?xml version="1.0" encoding="UTF-8"?>
<!-- Generated by org.testng.reporters.JUnitReportReporter -->
<testsuite skipped="0" hostname="yinons-MBP" name="Tests.QuickQuizForMenTest" tests="6" failures="0" timestamp="03 May 2018 02:05:43 GMT" time="153.028" errors="0">
  <testcase name="DoLogin" time="31.624" classname="Tests.QuickQuizForMenTest"/>
  <testcase name="SearchStylist" time="19.276" classname="Tests.QuickQuizForMenTest"/>
  <testcase name="SelectEvents" time="35.234" classname="Tests.QuickQuizForMenTest"/>
  <testcase name="SelectSession" time="8.343" classname="Tests.QuickQuizForMenTest"/>
  <testcase name="CompileBooking" time="19.615" classname="Tests.QuickQuizForMenTest"/>
  <testcase name="MadeQuiz" time="38.936" classname="Tests.QuickQuizForMenTest"/>
</testsuite> <!-- Tests.QuickQuizForMenTest -->
