<?xml version="1.0" encoding="UTF-8"?>
<!-- Generated by org.testng.reporters.JUnitReportReporter -->
<testsuite skipped="0" hostname="yinons-MBP" name="Tests.CheckOutSingleTest" tests="5" failures="0" timestamp="24 Apr 2018 12:18:49 GMT" time="261.031" errors="0">
  <testcase name="DoLogin" time="32.936" classname="Tests.CheckOutSingleTest"/>
  <testcase name="SearchStylist" time="20.583" classname="Tests.CheckOutSingleTest"/>
  <testcase name="SelectEvents" time="36.591" classname="Tests.CheckOutSingleTest"/>
  <testcase name="SelectSession" time="27.672" classname="Tests.CheckOutSingleTest"/>
  <testcase name="CompileBooking" time="143.249" classname="Tests.CheckOutSingleTest"/>
</testsuite> <!-- Tests.CheckOutSingleTest -->
