<?xml version="1.0" encoding="UTF-8"?>
<!-- Generated by org.testng.reporters.JUnitReportReporter -->
<testsuite skipped="0" hostname="yinons-MBP" name="Tests.EditStyleForMenTests" tests="3" failures="0" timestamp="01 May 2018 13:27:29 GMT" time="401.230" errors="0">
  <testcase name="DoSignUp" time="145.483" classname="Tests.EditStyleForMenTests"/>
  <testcase name="EditStyle" time="76.096" classname="Tests.EditStyleForMenTests"/>
  <testcase name="EditBrands" time="179.651" classname="Tests.EditStyleForMenTests"/>
</testsuite> <!-- Tests.EditStyleForMenTests -->
