<?xml version="1.0" encoding="UTF-8"?>
<!-- Generated by org.testng.reporters.JUnitReportReporter -->
<testsuite skipped="0" hostname="yinons-MBP" name="Tests.QuizForWomenTest" tests="20" failures="0" timestamp="07 Aug 2018 19:02:09 GMT" time="585.640" errors="0">
  <testcase name="DoSignUp" time="190.072" classname="Tests.QuizForWomenTest"/>
  <testcase name="SearchStylist" time="15.096" classname="Tests.QuizForWomenTest"/>
  <testcase name="SelectEvents" time="33.254" classname="Tests.QuizForWomenTest"/>
  <testcase name="SelectSession" time="41.354" classname="Tests.QuizForWomenTest"/>
  <testcase name="SelectCountry" time="38.747" classname="Tests.QuizForWomenTest"/>
  <testcase name="SelectBodyType" time="6.800" classname="Tests.QuizForWomenTest"/>
  <testcase name="SelectHeight" time="6.667" classname="Tests.QuizForWomenTest"/>
  <testcase name="SelectSize" time="49.180" classname="Tests.QuizForWomenTest"/>
  <testcase name="SelectColor" time="24.938" classname="Tests.QuizForWomenTest"/>
  <testcase name="SelectFabrics" time="12.080" classname="Tests.QuizForWomenTest"/>
  <testcase name="SelectFitTop" time="10.598" classname="Tests.QuizForWomenTest"/>
  <testcase name="SelectFitBottom" time="11.948" classname="Tests.QuizForWomenTest"/>
  <testcase name="SelectJeansp" time="17.432" classname="Tests.QuizForWomenTest"/>
  <testcase name="SelectHeels" time="6.788" classname="Tests.QuizForWomenTest"/>
  <testcase name="SelectJewelry" time="17.398" classname="Tests.QuizForWomenTest"/>
  <testcase name="SelectHighlights" time="17.423" classname="Tests.QuizForWomenTest"/>
  <testcase name="SelectZone" time="6.680" classname="Tests.QuizForWomenTest"/>
  <testcase name="SelectClothingPreferences" time="6.631" classname="Tests.QuizForWomenTest"/>
  <testcase name="SelectClothingCategories" time="26.026" classname="Tests.QuizForWomenTest"/>
  <testcase name="SelectYourCloset" time="46.528" classname="Tests.QuizForWomenTest"/>
</testsuite> <!-- Tests.QuizForWomenTest -->
