<?xml version="1.0" encoding="UTF-8"?>
<!-- Generated by org.testng.reporters.JUnitReportReporter -->
<testsuite skipped="0" hostname="yinons-MBP" name="Tests.QuickQuizForMenTest" tests="6" failures="0" timestamp="04 Aug 2018 23:21:28 GMT" time="164.229" errors="0">
  <testcase name="DoLogin" time="45.864" classname="Tests.QuickQuizForMenTest"/>
  <testcase name="SearchStylist" time="12.436" classname="Tests.QuickQuizForMenTest"/>
  <testcase name="SelectEvents" time="32.910" classname="Tests.QuickQuizForMenTest"/>
  <testcase name="SelectSession" time="16.952" classname="Tests.QuickQuizForMenTest"/>
  <testcase name="CompileBooking" time="23.842" classname="Tests.QuickQuizForMenTest"/>
  <testcase name="MadeQuiz" time="32.225" classname="Tests.QuickQuizForMenTest"/>
</testsuite> <!-- Tests.QuickQuizForMenTest -->
