<?xml version="1.0" encoding="UTF-8"?>
<!-- Generated by org.testng.reporters.JUnitReportReporter -->
<testsuite skipped="0" hostname="yinons-MBP" name="Tests.CheckOutByCoponTest" tests="4" failures="0" timestamp="28 May 2018 10:18:04 GMT" time="242.242" errors="0">
  <testcase name="DoLogin" time="34.519" classname="Tests.CheckOutByCoponTest"/>
  <testcase name="SearchStylist" time="32.098" classname="Tests.CheckOutByCoponTest"/>
  <testcase name="SelectEvents" time="30.698" classname="Tests.CheckOutByCoponTest"/>
  <testcase name="SelectSession" time="144.927" classname="Tests.CheckOutByCoponTest"/>
</testsuite> <!-- Tests.CheckOutByCoponTest -->
