<?xml version="1.0" encoding="UTF-8"?>
<!-- Generated by org.testng.reporters.JUnitReportReporter -->
<testsuite skipped="0" hostname="yinons-MBP" name="Tests.QuickQuizForMenTest" tests="6" failures="0" timestamp="24 Apr 2018 12:18:49 GMT" time="237.582" errors="0">
  <testcase name="DoLogin" time="34.220" classname="Tests.QuickQuizForMenTest"/>
  <testcase name="SearchStylist" time="22.181" classname="Tests.QuickQuizForMenTest"/>
  <testcase name="SelectEvents" time="37.171" classname="Tests.QuickQuizForMenTest"/>
  <testcase name="SelectSession" time="27.755" classname="Tests.QuickQuizForMenTest"/>
  <testcase name="CompileBooking" time="56.424" classname="Tests.QuickQuizForMenTest"/>
  <testcase name="MadeQuiz" time="59.831" classname="Tests.QuickQuizForMenTest"/>
</testsuite> <!-- Tests.QuickQuizForMenTest -->
