<?xml version="1.0" encoding="UTF-8"?>
<!-- Generated by org.testng.reporters.JUnitReportReporter -->
<testsuite skipped="0" hostname="yinons-MBP" name="Tests.EditStyleForWomenTests" tests="17" failures="0" timestamp="10 May 2018 10:12:14 GMT" time="1274.540" errors="0">
  <testcase name="DoSignUp" time="219.841" classname="Tests.EditStyleForWomenTests"/>
  <testcase name="EditSize" time="54.350" classname="Tests.EditStyleForWomenTests"/>
  <testcase name="EditBodyType" time="38.448" classname="Tests.EditStyleForWomenTests"/>
  <testcase name="EditHeight" time="37.555" classname="Tests.EditStyleForWomenTests"/>
  <testcase name="EditStyle" time="67.257" classname="Tests.EditStyleForWomenTests"/>
  <testcase name="EditHighlights" time="93.638" classname="Tests.EditStyleForWomenTests"/>
  <testcase name="EditHeels" time="40.349" classname="Tests.EditStyleForWomenTests"/>
  <testcase name="EditFitBottom" time="39.851" classname="Tests.EditStyleForWomenTests"/>
  <testcase name="EditJeans" time="43.056" classname="Tests.EditStyleForWomenTests"/>
  <testcase name="EditFitTop" time="42.699" classname="Tests.EditStyleForWomenTests"/>
  <testcase name="EditFabric" time="57.452" classname="Tests.EditStyleForWomenTests"/>
  <testcase name="EditBudget" time="73.592" classname="Tests.EditStyleForWomenTests"/>
  <testcase name="EditColor" time="66.099" classname="Tests.EditStyleForWomenTests"/>
  <testcase name="EditJewelry" time="66.359" classname="Tests.EditStyleForWomenTests"/>
  <testcase name="EditZone" time="56.541" classname="Tests.EditStyleForWomenTests"/>
  <testcase name="EditBrands" time="99.756" classname="Tests.EditStyleForWomenTests"/>
  <testcase name="EditSocialMedia" time="177.697" classname="Tests.EditStyleForWomenTests"/>
</testsuite> <!-- Tests.EditStyleForWomenTests -->
