<?xml version="1.0" encoding="UTF-8"?>
<!-- Generated by org.testng.reporters.JUnitReportReporter -->
<testsuite skipped="0" hostname="yinons-MBP" name="Tests.EditStyleForWomenTests" tests="16" failures="0" timestamp="07 Aug 2018 19:02:09 GMT" time="1100.071" errors="0">
  <testcase name="DoSignUp" time="218.134" classname="Tests.EditStyleForWomenTests"/>
  <testcase name="EditSize" time="78.790" classname="Tests.EditStyleForWomenTests"/>
  <testcase name="EditBodyType" time="27.888" classname="Tests.EditStyleForWomenTests"/>
  <testcase name="EditHeight" time="28.072" classname="Tests.EditStyleForWomenTests"/>
  <testcase name="EditHighlights" time="62.294" classname="Tests.EditStyleForWomenTests"/>
  <testcase name="EditFitBottom" time="28.709" classname="Tests.EditStyleForWomenTests"/>
  <testcase name="EditHeels" time="28.874" classname="Tests.EditStyleForWomenTests"/>
  <testcase name="EditFitTop" time="28.848" classname="Tests.EditStyleForWomenTests"/>
  <testcase name="EditJeans" time="46.420" classname="Tests.EditStyleForWomenTests"/>
  <testcase name="EditFabric" time="52.144" classname="Tests.EditStyleForWomenTests"/>
  <testcase name="EditBudget" time="74.467" classname="Tests.EditStyleForWomenTests"/>
  <testcase name="EditColor" time="61.434" classname="Tests.EditStyleForWomenTests"/>
  <testcase name="EditJewelry" time="54.320" classname="Tests.EditStyleForWomenTests"/>
  <testcase name="EditZone" time="58.383" classname="Tests.EditStyleForWomenTests"/>
  <testcase name="EditBrands" time="68.296" classname="Tests.EditStyleForWomenTests"/>
  <testcase name="EditSocialMedia" time="182.998" classname="Tests.EditStyleForWomenTests"/>
</testsuite> <!-- Tests.EditStyleForWomenTests -->
