<?xml version="1.0" encoding="UTF-8"?>
<!-- Generated by org.testng.reporters.JUnitReportReporter -->
<testsuite skipped="0" hostname="yinons-MBP" name="Tests.QuizForMaleTest" tests="14" failures="0" timestamp="10 May 2018 10:12:14 GMT" time="584.209" errors="0">
  <testcase name="DoSignUp" time="194.460" classname="Tests.QuizForMaleTest"/>
  <testcase name="SearchStylist" time="63.707" classname="Tests.QuizForMaleTest"/>
  <testcase name="SelectEvents" time="34.751" classname="Tests.QuizForMaleTest"/>
  <testcase name="SelectSession" time="80.245" classname="Tests.QuizForMaleTest"/>
  <testcase name="SelectBodyType" time="45.995" classname="Tests.QuizForMaleTest"/>
  <testcase name="SelectHeight" time="1.605" classname="Tests.QuizForMaleTest"/>
  <testcase name="SelectSize" time="44.302" classname="Tests.QuizForMaleTest"/>
  <testcase name="SelectColor" time="30.193" classname="Tests.QuizForMaleTest"/>
  <testcase name="SelectFabrics" time="27.654" classname="Tests.QuizForMaleTest"/>
  <testcase name="SelectFitTop" time="3.142" classname="Tests.QuizForMaleTest"/>
  <testcase name="SelectFitBottom" time="3.399" classname="Tests.QuizForMaleTest"/>
  <testcase name="SelectJewelry" time="5.049" classname="Tests.QuizForMaleTest"/>
  <testcase name="SelectZone" time="1.810" classname="Tests.QuizForMaleTest"/>
  <testcase name="SelectYourCloset" time="47.897" classname="Tests.QuizForMaleTest"/>
</testsuite> <!-- Tests.QuizForMaleTest -->
