<?xml version="1.0" encoding="UTF-8"?>
<!-- Generated by org.testng.reporters.JUnitReportReporter -->
<testsuite skipped="0" hostname="yinons-MBP" name="Tests.SignUpTest" tests="4" failures="0" timestamp="10 May 2018 10:12:14 GMT" time="198.734" errors="0">
  <testcase name="SignupwithoutDotCom" time="28.506" classname="Tests.SignUpTest"/>
  <testcase name="Signupwithoutshtudel" time="28.633" classname="Tests.SignUpTest"/>
  <testcase name="FillPsswordWithLessthan6Characters" time="78.667" classname="Tests.SignUpTest"/>
  <testcase name="DoSignUp" time="62.928" classname="Tests.SignUpTest"/>
</testsuite> <!-- Tests.SignUpTest -->
