<?xml version="1.0" encoding="UTF-8"?>
<!-- Generated by org.testng.reporters.JUnitReportReporter -->
<testsuite skipped="0" hostname="yinons-MBP" name="Tests.ChatTest" tests="1" failures="0" timestamp="12 Apr 2018 13:01:45 GMT" time="159.838" errors="0">
  <testcase name="ClientToStylist" time="159.838" classname="Tests.ChatTest"/>
</testsuite> <!-- Tests.ChatTest -->
