<?xml version="1.0" encoding="UTF-8"?>
<!-- Generated by org.testng.reporters.JUnitReportReporter -->
<testsuite skipped="0" hostname="yinons-MBP" name="Tests.CheckOutSingleTest" tests="5" failures="0" timestamp="07 Aug 2018 19:02:09 GMT" time="248.185" errors="0">
  <testcase name="DoLogin" time="47.237" classname="Tests.CheckOutSingleTest"/>
  <testcase name="SearchStylist" time="12.800" classname="Tests.CheckOutSingleTest"/>
  <testcase name="SelectEvents" time="33.540" classname="Tests.CheckOutSingleTest"/>
  <testcase name="SelectSession" time="4.916" classname="Tests.CheckOutSingleTest"/>
  <testcase name="CheckOut" time="149.692" classname="Tests.CheckOutSingleTest"/>
</testsuite> <!-- Tests.CheckOutSingleTest -->
