<?xml version="1.0" encoding="UTF-8"?>
<!-- Generated by org.testng.reporters.JUnitReportReporter -->
<testsuite skipped="0" hostname="yinons-MBP" name="Tests.ChatTest" tests="2" failures="0" timestamp="04 Aug 2018 23:21:28 GMT" time="396.872" errors="0">
  <testcase name="StylistSendToClient" time="209.449" classname="Tests.ChatTest"/>
  <testcase name="ClientToStylist" time="187.423" classname="Tests.ChatTest"/>
</testsuite> <!-- Tests.ChatTest -->
