<?xml version="1.0" encoding="UTF-8"?>
<!-- Generated by org.testng.reporters.JUnitReportReporter -->
<testsuite skipped="0" hostname="yinons-MBP" name="Tests.LoginTests" tests="6" failures="0" timestamp="17 Jun 2018 06:14:38 GMT" time="194.109" errors="0">
  <testcase name="FillPasswordWithOutToFillEmail" time="18.147" classname="Tests.LoginTests"/>
  <testcase name="FillPasswordWithOutToFillPassword" time="19.160" classname="Tests.LoginTests"/>
  <testcase name="FillPasswordWithWrongEmail" time="35.764" classname="Tests.LoginTests"/>
  <testcase name="FillPasswordWithWrongPassword" time="38.951" classname="Tests.LoginTests"/>
  <testcase name="ClickLoginwWithOutToFillAnyFields" time="25.251" classname="Tests.LoginTests"/>
  <testcase name="DoLogin" time="56.836" classname="Tests.LoginTests"/>
</testsuite> <!-- Tests.LoginTests -->
