<?xml version="1.0" encoding="UTF-8"?>
<!-- Generated by org.testng.reporters.JUnitReportReporter -->
<testsuite skipped="0" hostname="yinons-MBP" name="Tests.QuickQuizForWomenTest" tests="5" failures="0" timestamp="29 Jun 2018 00:51:11 GMT" time="243.476" errors="0">
  <testcase name="DoLogin" time="46.999" classname="Tests.QuickQuizForWomenTest"/>
  <testcase name="SearchStylist" time="12.241" classname="Tests.QuickQuizForWomenTest"/>
  <testcase name="SelectEvents" time="33.653" classname="Tests.QuickQuizForWomenTest"/>
  <testcase name="SelectSession" time="17.089" classname="Tests.QuickQuizForWomenTest"/>
  <testcase name="CompileBooking" time="133.494" classname="Tests.QuickQuizForWomenTest"/>
</testsuite> <!-- Tests.QuickQuizForWomenTest -->
