<?xml version="1.0" encoding="UTF-8"?>
<!-- Generated by org.testng.reporters.JUnitReportReporter -->
<testsuite skipped="0" hostname="yinons-MBP" name="Tests.ChatTest" tests="2" failures="0" timestamp="01 Aug 2018 09:10:38 GMT" time="390.125" errors="0">
  <testcase name="StylistSendToClient" time="205.513" classname="Tests.ChatTest"/>
  <testcase name="ClientToStylist" time="184.612" classname="Tests.ChatTest"/>
</testsuite> <!-- Tests.ChatTest -->
