<?xml version="1.0" encoding="UTF-8"?>
<!-- Generated by org.testng.reporters.JUnitReportReporter -->
<testsuite skipped="0" hostname="yinons-MBP" name="Tests.QuizForMaleTest" tests="16" failures="0" timestamp="07 Aug 2018 19:02:09 GMT" time="514.041" errors="0">
  <testcase name="DoSignUp" time="167.520" classname="Tests.QuizForMaleTest"/>
  <testcase name="SearchStylist" time="10.620" classname="Tests.QuizForMaleTest"/>
  <testcase name="SelectEvents" time="34.052" classname="Tests.QuizForMaleTest"/>
  <testcase name="SelectSession" time="41.295" classname="Tests.QuizForMaleTest"/>
  <testcase name="SelectCountry" time="39.347" classname="Tests.QuizForMaleTest"/>
  <testcase name="SelectBodyType" time="6.789" classname="Tests.QuizForMaleTest"/>
  <testcase name="SelectHeight" time="6.805" classname="Tests.QuizForMaleTest"/>
  <testcase name="SelectSize" time="49.721" classname="Tests.QuizForMaleTest"/>
  <testcase name="SelectColor" time="25.084" classname="Tests.QuizForMaleTest"/>
  <testcase name="SelectFabrics" time="12.189" classname="Tests.QuizForMaleTest"/>
  <testcase name="SelectFitTop" time="10.544" classname="Tests.QuizForMaleTest"/>
  <testcase name="SelectFitBottom" time="10.529" classname="Tests.QuizForMaleTest"/>
  <testcase name="SelectJewelry" time="17.487" classname="Tests.QuizForMaleTest"/>
  <testcase name="SelectZone" time="6.779" classname="Tests.QuizForMaleTest"/>
  <testcase name="SelectClothingCategories" time="34.821" classname="Tests.QuizForMaleTest"/>
  <testcase name="SelectYourCloset" time="40.459" classname="Tests.QuizForMaleTest"/>
</testsuite> <!-- Tests.QuizForMaleTest -->
