<?xml version="1.0" encoding="UTF-8"?>
<!-- Generated by org.testng.reporters.JUnitReportReporter -->
<testsuite skipped="0" hostname="yinons-MBP" name="Tests.QuizForMaleTest" tests="14" failures="0" timestamp="03 May 2018 02:05:43 GMT" time="292.749" errors="0">
  <testcase name="DoSignUp" time="135.213" classname="Tests.QuizForMaleTest"/>
  <testcase name="SearchStylist" time="14.535" classname="Tests.QuizForMaleTest"/>
  <testcase name="SelectEvents" time="36.652" classname="Tests.QuizForMaleTest"/>
  <testcase name="SelectSession" time="22.348" classname="Tests.QuizForMaleTest"/>
  <testcase name="SelectBodyType" time="6.558" classname="Tests.QuizForMaleTest"/>
  <testcase name="SelectHeight" time="1.442" classname="Tests.QuizForMaleTest"/>
  <testcase name="SelectSize" time="21.549" classname="Tests.QuizForMaleTest"/>
  <testcase name="SelectColor" time="9.699" classname="Tests.QuizForMaleTest"/>
  <testcase name="SelectFabrics" time="5.556" classname="Tests.QuizForMaleTest"/>
  <testcase name="SelectFitTop" time="2.794" classname="Tests.QuizForMaleTest"/>
  <testcase name="SelectFitBottom" time="3.052" classname="Tests.QuizForMaleTest"/>
  <testcase name="SelectJewelry" time="4.594" classname="Tests.QuizForMaleTest"/>
  <testcase name="SelectZone" time="1.650" classname="Tests.QuizForMaleTest"/>
  <testcase name="SelectYourCloset" time="27.107" classname="Tests.QuizForMaleTest"/>
</testsuite> <!-- Tests.QuizForMaleTest -->
