<?xml version="1.0" encoding="UTF-8"?>
<!-- Generated by org.testng.reporters.JUnitReportReporter -->
<testsuite skipped="0" hostname="yinons-MBP" name="Tests.EndSessionTest" tests="20" failures="0" timestamp="03 May 2018 02:05:43 GMT" time="1625.673" errors="0">
  <testcase name="DoLogin" time="30.679" classname="Tests.EndSessionTest"/>
  <testcase name="SearchStylist" time="16.590" classname="Tests.EndSessionTest"/>
  <testcase name="SelectEvents" time="34.422" classname="Tests.EndSessionTest"/>
  <testcase name="SelectSession" time="47.703" classname="Tests.EndSessionTest"/>
  <testcase name="CompileBooking" time="73.456" classname="Tests.EndSessionTest"/>
  <testcase name="CreateMoodBoard" time="110.398" classname="Tests.EndSessionTest"/>
  <testcase name="VerifyMoodBoard" time="83.883" classname="Tests.EndSessionTest"/>
  <testcase name="CreateLook" time="122.341" classname="Tests.EndSessionTest"/>
  <testcase name="VerifyCreateLook" time="92.551" classname="Tests.EndSessionTest"/>
  <testcase name="CreateMoodBoard2" time="97.806" classname="Tests.EndSessionTest"/>
  <testcase name="VerifyMoodBoard2" time="86.163" classname="Tests.EndSessionTest"/>
  <testcase name="CreateLook2" time="119.636" classname="Tests.EndSessionTest"/>
  <testcase name="VerifyCreateLook2" time="92.729" classname="Tests.EndSessionTest"/>
  <testcase name="CreateMoodBoard3" time="96.890" classname="Tests.EndSessionTest"/>
  <testcase name="VerifyMoodBoard3" time="86.295" classname="Tests.EndSessionTest"/>
  <testcase name="CreateLook3" time="118.385" classname="Tests.EndSessionTest"/>
  <testcase name="VerifyCreateLook3" time="83.804" classname="Tests.EndSessionTest"/>
  <testcase name="EndSession" time="78.206" classname="Tests.EndSessionTest"/>
  <testcase name="ClientEndSession" time="107.350" classname="Tests.EndSessionTest"/>
  <testcase name="VerifyEndSession" time="46.386" classname="Tests.EndSessionTest"/>
</testsuite> <!-- Tests.EndSessionTest -->
