<?xml version="1.0" encoding="UTF-8"?>
<!-- Generated by org.testng.reporters.JUnitReportReporter -->
<testsuite skipped="0" hostname="yinons-MBP" name="Tests.SignUpByFacbookTest2" tests="5" failures="0" timestamp="29 Jun 2018 06:14:53 GMT" time="67.623" errors="0">
  <testcase name="LoginWithFacbookWrongUserName" time="19.833" classname="Tests.SignUpByFacbookTest2"/>
  <testcase name="LoginWithFacbookWrongPassword" time="6.332" classname="Tests.SignUpByFacbookTest2"/>
  <testcase name="LoginWithFacbookWithoutPassword" time="6.377" classname="Tests.SignUpByFacbookTest2"/>
  <testcase name="LoginWithFacbookWithoutUser" time="4.268" classname="Tests.SignUpByFacbookTest2"/>
  <testcase name="DoLoginWithFacbook" time="30.813" classname="Tests.SignUpByFacbookTest2"/>
</testsuite> <!-- Tests.SignUpByFacbookTest2 -->
