<?xml version="1.0" encoding="UTF-8"?>
<!-- Generated by org.testng.reporters.JUnitReportReporter -->
<testsuite skipped="0" hostname="yinons-MBP" name="Tests.CheckOutMounthTest" tests="5" failures="0" timestamp="02 Jun 2018 23:31:43 GMT" time="209.705" errors="0">
  <testcase name="DoLogin" time="32.125" classname="Tests.CheckOutMounthTest"/>
  <testcase name="SearchStylist" time="28.378" classname="Tests.CheckOutMounthTest"/>
  <testcase name="SelectEvents" time="31.308" classname="Tests.CheckOutMounthTest"/>
  <testcase name="SelectSession" time="12.508" classname="Tests.CheckOutMounthTest"/>
  <testcase name="CompileBooking" time="105.386" classname="Tests.CheckOutMounthTest"/>
</testsuite> <!-- Tests.CheckOutMounthTest -->
