<?xml version="1.0" encoding="UTF-8"?>
<!-- Generated by org.testng.reporters.JUnitReportReporter -->
<testsuite skipped="0" hostname="yinons-MBP" name="Tests.QuizForSelfIdentityTest" tests="20" failures="0" timestamp="04 Aug 2018 23:21:28 GMT" time="539.760" errors="0">
  <testcase name="DoSignUp" time="138.539" classname="Tests.QuizForSelfIdentityTest"/>
  <testcase name="SearchStylist" time="9.312" classname="Tests.QuizForSelfIdentityTest"/>
  <testcase name="SelectEvents" time="34.546" classname="Tests.QuizForSelfIdentityTest"/>
  <testcase name="SelectSession" time="41.651" classname="Tests.QuizForSelfIdentityTest"/>
  <testcase name="SelectCountry" time="40.034" classname="Tests.QuizForSelfIdentityTest"/>
  <testcase name="SelectBodyType" time="6.751" classname="Tests.QuizForSelfIdentityTest"/>
  <testcase name="SelectHeight" time="6.694" classname="Tests.QuizForSelfIdentityTest"/>
  <testcase name="SelectSize" time="51.652" classname="Tests.QuizForSelfIdentityTest"/>
  <testcase name="SelectColor" time="25.447" classname="Tests.QuizForSelfIdentityTest"/>
  <testcase name="SelectFabrics" time="12.150" classname="Tests.QuizForSelfIdentityTest"/>
  <testcase name="SelectFitTop" time="10.663" classname="Tests.QuizForSelfIdentityTest"/>
  <testcase name="SelectFitBottom" time="12.177" classname="Tests.QuizForSelfIdentityTest"/>
  <testcase name="SelectJeansp" time="17.721" classname="Tests.QuizForSelfIdentityTest"/>
  <testcase name="SelectHeels" time="6.889" classname="Tests.QuizForSelfIdentityTest"/>
  <testcase name="SelectJewelry" time="17.559" classname="Tests.QuizForSelfIdentityTest"/>
  <testcase name="SelectHighlights" time="17.784" classname="Tests.QuizForSelfIdentityTest"/>
  <testcase name="SelectZone" time="6.819" classname="Tests.QuizForSelfIdentityTest"/>
  <testcase name="SelectClothingPreferences" time="6.830" classname="Tests.QuizForSelfIdentityTest"/>
  <testcase name="SelectClothingCategories" time="28.945" classname="Tests.QuizForSelfIdentityTest"/>
  <testcase name="SelectYourCloset" time="47.597" classname="Tests.QuizForSelfIdentityTest"/>
</testsuite> <!-- Tests.QuizForSelfIdentityTest -->
