<?xml version="1.0" encoding="UTF-8"?>
<!-- Generated by org.testng.reporters.JUnitReportReporter -->
<testsuite skipped="0" hostname="yinons-MBP" name="Tests.LoginTests" tests="6" failures="0" timestamp="28 May 2018 10:18:04 GMT" time="156.283" errors="0">
  <testcase name="FillPasswordWithOutToFillEmail" time="10.299" classname="Tests.LoginTests"/>
  <testcase name="FillPasswordWithOutToFillPassword" time="12.989" classname="Tests.LoginTests"/>
  <testcase name="FillPasswordWithWrongEmail" time="29.615" classname="Tests.LoginTests"/>
  <testcase name="FillPasswordWithWrongPassword" time="41.024" classname="Tests.LoginTests"/>
  <testcase name="ClickLoginwWithOutToFillAnyFields" time="14.476" classname="Tests.LoginTests"/>
  <testcase name="DoLogin" time="47.880" classname="Tests.LoginTests"/>
</testsuite> <!-- Tests.LoginTests -->
