<?xml version="1.0" encoding="UTF-8"?>
<!-- Generated by org.testng.reporters.JUnitReportReporter -->
<testsuite skipped="0" hostname="yinons-MBP" name="Tests.CheckOutMounthTest" tests="5" failures="0" timestamp="29 Jun 2018 00:51:11 GMT" time="224.846" errors="0">
  <testcase name="DoLogin" time="47.034" classname="Tests.CheckOutMounthTest"/>
  <testcase name="SearchStylist" time="13.399" classname="Tests.CheckOutMounthTest"/>
  <testcase name="SelectEvents" time="34.026" classname="Tests.CheckOutMounthTest"/>
  <testcase name="SelectSession" time="19.910" classname="Tests.CheckOutMounthTest"/>
  <testcase name="CompileBooking" time="110.477" classname="Tests.CheckOutMounthTest"/>
</testsuite> <!-- Tests.CheckOutMounthTest -->
