<?xml version="1.0" encoding="UTF-8"?>
<!-- Generated by org.testng.reporters.JUnitReportReporter -->
<testsuite skipped="0" hostname="yinons-MBP" name="Tests.CheckOutPSTest" tests="4" failures="0" timestamp="07 Aug 2018 19:02:09 GMT" time="147.124" errors="0">
  <testcase name="DoLogin" time="46.686" classname="Tests.CheckOutPSTest"/>
  <testcase name="SearchStylist" time="12.763" classname="Tests.CheckOutPSTest"/>
  <testcase name="SelectEvents" time="13.707" classname="Tests.CheckOutPSTest"/>
  <testcase name="CheckOut" time="73.968" classname="Tests.CheckOutPSTest"/>
</testsuite> <!-- Tests.CheckOutPSTest -->
