<?xml version="1.0" encoding="UTF-8"?>
<!-- Generated by org.testng.reporters.JUnitReportReporter -->
<testsuite skipped="0" hostname="yinons-MBP" name="Tests.EndSessionTest" tests="20" failures="0" timestamp="10 May 2018 10:12:14 GMT" time="2224.768" errors="0">
  <testcase name="DoLogin" time="31.175" classname="Tests.EndSessionTest"/>
  <testcase name="SearchStylist" time="80.711" classname="Tests.EndSessionTest"/>
  <testcase name="SelectEvents" time="31.802" classname="Tests.EndSessionTest"/>
  <testcase name="SelectSession" time="78.742" classname="Tests.EndSessionTest"/>
  <testcase name="CompileBooking" time="114.431" classname="Tests.EndSessionTest"/>
  <testcase name="CreateMoodBoard" time="156.066" classname="Tests.EndSessionTest"/>
  <testcase name="VerifyMoodBoard" time="97.111" classname="Tests.EndSessionTest"/>
  <testcase name="CreateLook" time="174.903" classname="Tests.EndSessionTest"/>
  <testcase name="VerifyCreateLook" time="109.523" classname="Tests.EndSessionTest"/>
  <testcase name="CreateMoodBoard2" time="147.674" classname="Tests.EndSessionTest"/>
  <testcase name="VerifyMoodBoard2" time="96.497" classname="Tests.EndSessionTest"/>
  <testcase name="CreateLook2" time="174.346" classname="Tests.EndSessionTest"/>
  <testcase name="VerifyCreateLook2" time="110.304" classname="Tests.EndSessionTest"/>
  <testcase name="CreateMoodBoard3" time="145.958" classname="Tests.EndSessionTest"/>
  <testcase name="VerifyMoodBoard3" time="100.856" classname="Tests.EndSessionTest"/>
  <testcase name="CreateLook3" time="177.226" classname="Tests.EndSessionTest"/>
  <testcase name="VerifyCreateLook3" time="99.115" classname="Tests.EndSessionTest"/>
  <testcase name="EndSession" time="107.998" classname="Tests.EndSessionTest"/>
  <testcase name="ClientEndSession" time="122.290" classname="Tests.EndSessionTest"/>
  <testcase name="VerifyEndSession" time="68.040" classname="Tests.EndSessionTest"/>
</testsuite> <!-- Tests.EndSessionTest -->
