<?xml version="1.0" encoding="UTF-8"?>
<!-- Generated by org.testng.reporters.JUnitReportReporter -->
<testsuite skipped="0" hostname="yinons-MBP" name="Tests.CheckOutByCoponTest" tests="4" failures="0" timestamp="01 Aug 2018 09:10:38 GMT" time="246.295" errors="0">
  <testcase name="DoLogin" time="47.272" classname="Tests.CheckOutByCoponTest"/>
  <testcase name="SearchStylist" time="15.339" classname="Tests.CheckOutByCoponTest"/>
  <testcase name="SelectEvents" time="32.915" classname="Tests.CheckOutByCoponTest"/>
  <testcase name="SelectSession" time="150.769" classname="Tests.CheckOutByCoponTest"/>
</testsuite> <!-- Tests.CheckOutByCoponTest -->
