<?xml version="1.0" encoding="UTF-8"?>
<!-- Generated by org.testng.reporters.JUnitReportReporter -->
<testsuite skipped="0" hostname="yinons-MBP" name="Tests.EditStyleForWomenTests" tests="16" failures="0" timestamp="01 Aug 2018 09:10:38 GMT" time="1090.202" errors="0">
  <testcase name="DoSignUp" time="219.239" classname="Tests.EditStyleForWomenTests"/>
  <testcase name="EditSize" time="77.921" classname="Tests.EditStyleForWomenTests"/>
  <testcase name="EditBodyType" time="27.668" classname="Tests.EditStyleForWomenTests"/>
  <testcase name="EditHeight" time="27.790" classname="Tests.EditStyleForWomenTests"/>
  <testcase name="EditHighlights" time="61.700" classname="Tests.EditStyleForWomenTests"/>
  <testcase name="EditHeels" time="28.536" classname="Tests.EditStyleForWomenTests"/>
  <testcase name="EditFitBottom" time="28.272" classname="Tests.EditStyleForWomenTests"/>
  <testcase name="EditFitTop" time="28.570" classname="Tests.EditStyleForWomenTests"/>
  <testcase name="EditJeans" time="45.355" classname="Tests.EditStyleForWomenTests"/>
  <testcase name="EditFabric" time="51.404" classname="Tests.EditStyleForWomenTests"/>
  <testcase name="EditBudget" time="73.039" classname="Tests.EditStyleForWomenTests"/>
  <testcase name="EditColor" time="60.653" classname="Tests.EditStyleForWomenTests"/>
  <testcase name="EditJewelry" time="53.725" classname="Tests.EditStyleForWomenTests"/>
  <testcase name="EditZone" time="57.642" classname="Tests.EditStyleForWomenTests"/>
  <testcase name="EditBrands" time="67.554" classname="Tests.EditStyleForWomenTests"/>
  <testcase name="EditSocialMedia" time="181.134" classname="Tests.EditStyleForWomenTests"/>
</testsuite> <!-- Tests.EditStyleForWomenTests -->
