<?xml version="1.0" encoding="UTF-8"?>
<!-- Generated by org.testng.reporters.JUnitReportReporter -->
<testsuite skipped="0" hostname="yinons-MBP" name="Tests.SignUpByFacbookTest2" tests="5" failures="0" timestamp="04 Aug 2018 23:21:28 GMT" time="62.310" errors="0">
  <testcase name="LoginWithFacbookWrongUserName" time="20.548" classname="Tests.SignUpByFacbookTest2"/>
  <testcase name="LoginWithFacbookWrongPassword" time="6.422" classname="Tests.SignUpByFacbookTest2"/>
  <testcase name="LoginWithFacbookWithoutPassword" time="6.292" classname="Tests.SignUpByFacbookTest2"/>
  <testcase name="LoginWithFacbookWithoutUser" time="4.234" classname="Tests.SignUpByFacbookTest2"/>
  <testcase name="DoLoginWithFacbook" time="24.814" classname="Tests.SignUpByFacbookTest2"/>
</testsuite> <!-- Tests.SignUpByFacbookTest2 -->
