<?xml version="1.0" encoding="UTF-8"?>
<!-- Generated by org.testng.reporters.JUnitReportReporter -->
<testsuite skipped="0" hostname="yinons-MBP" name="Tests.SignUpByFacbookTest" tests="5" failures="0" timestamp="03 May 2018 02:05:43 GMT" time="85.307" errors="0">
  <testcase name="LoginWithFacbookWrongUserName" time="17.749" classname="Tests.SignUpByFacbookTest"/>
  <testcase name="LoginWithFacbookWrongPassword" time="8.458" classname="Tests.SignUpByFacbookTest"/>
  <testcase name="LoginWithFacbookWithoutPassword" time="7.655" classname="Tests.SignUpByFacbookTest"/>
  <testcase name="LoginWithFacbookWithoutUser" time="5.409" classname="Tests.SignUpByFacbookTest"/>
  <testcase name="DoLoginWithFacbook" time="46.036" classname="Tests.SignUpByFacbookTest"/>
</testsuite> <!-- Tests.SignUpByFacbookTest -->
