<?xml version="1.0" encoding="UTF-8"?>
<!-- Generated by org.testng.reporters.JUnitReportReporter -->
<testsuite skipped="0" hostname="yinons-MBP" name="Tests.QuickQuizForMenTest" tests="6" failures="0" timestamp="07 Aug 2018 19:02:09 GMT" time="164.398" errors="0">
  <testcase name="DoLogin" time="45.735" classname="Tests.QuickQuizForMenTest"/>
  <testcase name="SearchStylist" time="12.465" classname="Tests.QuickQuizForMenTest"/>
  <testcase name="SelectEvents" time="33.114" classname="Tests.QuickQuizForMenTest"/>
  <testcase name="SelectSession" time="16.945" classname="Tests.QuickQuizForMenTest"/>
  <testcase name="CompileBooking" time="23.875" classname="Tests.QuickQuizForMenTest"/>
  <testcase name="MadeQuiz" time="32.264" classname="Tests.QuickQuizForMenTest"/>
</testsuite> <!-- Tests.QuickQuizForMenTest -->
