<?xml version="1.0" encoding="UTF-8"?>
<!-- Generated by org.testng.reporters.JUnitReportReporter -->
<testsuite skipped="0" hostname="yinons-MBP" name="Tests.LoginTests" tests="6" failures="0" timestamp="10 May 2018 10:12:14 GMT" time="171.941" errors="0">
  <testcase name="FillPasswordWithOutToFillEmail" time="9.992" classname="Tests.LoginTests"/>
  <testcase name="FillPasswordWithOutToFillPassword" time="12.800" classname="Tests.LoginTests"/>
  <testcase name="FillPasswordWithWrongEmail" time="45.063" classname="Tests.LoginTests"/>
  <testcase name="FillPasswordWithWrongPassword" time="41.050" classname="Tests.LoginTests"/>
  <testcase name="ClickLoginwWithOutToFillAnyFields" time="15.836" classname="Tests.LoginTests"/>
  <testcase name="DoLogin" time="47.200" classname="Tests.LoginTests"/>
</testsuite> <!-- Tests.LoginTests -->
