<?xml version="1.0" encoding="UTF-8"?>
<!-- Generated by org.testng.reporters.JUnitReportReporter -->
<testsuite skipped="0" hostname="yinons-MBP" name="Tests.QuizForWomenTest" tests="20" failures="0" timestamp="29 Jun 2018 00:51:12 GMT" time="603.788" errors="0">
  <testcase name="DoSignUp" time="194.594" classname="Tests.QuizForWomenTest"/>
  <testcase name="SearchStylist" time="16.343" classname="Tests.QuizForWomenTest"/>
  <testcase name="SelectEvents" time="35.316" classname="Tests.QuizForWomenTest"/>
  <testcase name="SelectSession" time="42.083" classname="Tests.QuizForWomenTest"/>
  <testcase name="SelectCountry" time="40.439" classname="Tests.QuizForWomenTest"/>
  <testcase name="SelectBodyType" time="6.882" classname="Tests.QuizForWomenTest"/>
  <testcase name="SelectHeight" time="6.830" classname="Tests.QuizForWomenTest"/>
  <testcase name="SelectSize" time="50.731" classname="Tests.QuizForWomenTest"/>
  <testcase name="SelectColor" time="25.698" classname="Tests.QuizForWomenTest"/>
  <testcase name="SelectFabrics" time="12.346" classname="Tests.QuizForWomenTest"/>
  <testcase name="SelectFitTop" time="10.761" classname="Tests.QuizForWomenTest"/>
  <testcase name="SelectFitBottom" time="12.226" classname="Tests.QuizForWomenTest"/>
  <testcase name="SelectJeansp" time="17.881" classname="Tests.QuizForWomenTest"/>
  <testcase name="SelectHeels" time="6.774" classname="Tests.QuizForWomenTest"/>
  <testcase name="SelectJewelry" time="17.831" classname="Tests.QuizForWomenTest"/>
  <testcase name="SelectHighlights" time="17.883" classname="Tests.QuizForWomenTest"/>
  <testcase name="SelectZone" time="6.992" classname="Tests.QuizForWomenTest"/>
  <testcase name="SelectClothingPreferences" time="6.778" classname="Tests.QuizForWomenTest"/>
  <testcase name="SelectClothingCategories" time="26.689" classname="Tests.QuizForWomenTest"/>
  <testcase name="SelectYourCloset" time="48.711" classname="Tests.QuizForWomenTest"/>
</testsuite> <!-- Tests.QuizForWomenTest -->
