<?xml version="1.0" encoding="UTF-8"?>
<!-- Generated by org.testng.reporters.JUnitReportReporter -->
<testsuite skipped="0" hostname="yinons-MBP" name="Tests.CheckOutByCoponTest" tests="4" failures="0" timestamp="10 May 2018 10:12:14 GMT" time="271.081" errors="0">
  <testcase name="DoLogin" time="32.997" classname="Tests.CheckOutByCoponTest"/>
  <testcase name="SearchStylist" time="91.196" classname="Tests.CheckOutByCoponTest"/>
  <testcase name="SelectEvents" time="31.864" classname="Tests.CheckOutByCoponTest"/>
  <testcase name="SelectSession" time="115.024" classname="Tests.CheckOutByCoponTest"/>
</testsuite> <!-- Tests.CheckOutByCoponTest -->
