<?xml version="1.0" encoding="UTF-8"?>
<!-- Generated by org.testng.reporters.JUnitReportReporter -->
<testsuite skipped="0" hostname="yinons-MBP" name="Tests.EditStyleForMenTests" tests="13" failures="0" timestamp="10 May 2018 10:12:14 GMT" time="2509.554" errors="0">
  <testcase name="DoSignUp" time="220.798" classname="Tests.EditStyleForMenTests"/>
  <testcase name="EditStyle" time="75.344" classname="Tests.EditStyleForMenTests"/>
  <testcase name="EditBodyType" time="80.057" classname="Tests.EditStyleForMenTests"/>
  <testcase name="EditHeight" time="82.093" classname="Tests.EditStyleForMenTests"/>
  <testcase name="EditSize" time="85.750" classname="Tests.EditStyleForMenTests"/>
  <testcase name="EditFitTop" time="83.250" classname="Tests.EditStyleForMenTests"/>
  <testcase name="EditFitBottom" time="87.301" classname="Tests.EditStyleForMenTests"/>
  <testcase name="EditBudget" time="161.903" classname="Tests.EditStyleForMenTests"/>
  <testcase name="EditColor" time="144.398" classname="Tests.EditStyleForMenTests"/>
  <testcase name="EditJewelry" time="168.458" classname="Tests.EditStyleForMenTests"/>
  <testcase name="EditZone" time="181.894" classname="Tests.EditStyleForMenTests"/>
  <testcase name="EditBrands" time="286.252" classname="Tests.EditStyleForMenTests"/>
  <testcase name="EditSocialMedia" time="852.056" classname="Tests.EditStyleForMenTests"/>
</testsuite> <!-- Tests.EditStyleForMenTests -->
