<?xml version="1.0" encoding="UTF-8"?>
<!-- Generated by org.testng.reporters.JUnitReportReporter -->
<testsuite skipped="0" hostname="yinons-MBP" name="Tests.QuizForWomenTest" tests="20" failures="0" timestamp="06 Jun 2018 10:07:07 GMT" time="523.028" errors="0">
  <testcase name="DoSignUp" time="146.442" classname="Tests.QuizForWomenTest"/>
  <testcase name="SearchStylist" time="17.165" classname="Tests.QuizForWomenTest"/>
  <testcase name="SelectEvents" time="38.407" classname="Tests.QuizForWomenTest"/>
  <testcase name="SelectSession" time="39.565" classname="Tests.QuizForWomenTest"/>
  <testcase name="SelectCountry" time="38.439" classname="Tests.QuizForWomenTest"/>
  <testcase name="SelectBodyType" time="6.647" classname="Tests.QuizForWomenTest"/>
  <testcase name="SelectHeight" time="6.707" classname="Tests.QuizForWomenTest"/>
  <testcase name="SelectSize" time="47.953" classname="Tests.QuizForWomenTest"/>
  <testcase name="SelectColor" time="24.531" classname="Tests.QuizForWomenTest"/>
  <testcase name="SelectFabrics" time="11.889" classname="Tests.QuizForWomenTest"/>
  <testcase name="SelectFitTop" time="10.352" classname="Tests.QuizForWomenTest"/>
  <testcase name="SelectFitBottom" time="11.792" classname="Tests.QuizForWomenTest"/>
  <testcase name="SelectJeansp" time="17.230" classname="Tests.QuizForWomenTest"/>
  <testcase name="SelectHeels" time="6.648" classname="Tests.QuizForWomenTest"/>
  <testcase name="SelectJewelry" time="16.972" classname="Tests.QuizForWomenTest"/>
  <testcase name="SelectHighlights" time="17.286" classname="Tests.QuizForWomenTest"/>
  <testcase name="SelectZone" time="6.628" classname="Tests.QuizForWomenTest"/>
  <testcase name="SelectClothingPreferences" time="6.645" classname="Tests.QuizForWomenTest"/>
  <testcase name="SelectClothingCategories" time="17.637" classname="Tests.QuizForWomenTest"/>
  <testcase name="SelectYourCloset" time="34.093" classname="Tests.QuizForWomenTest"/>
</testsuite> <!-- Tests.QuizForWomenTest -->
