<?xml version="1.0" encoding="UTF-8"?>
<!-- Generated by org.testng.reporters.JUnitReportReporter -->
<testsuite skipped="0" hostname="yinons-MBP" name="Tests.BookPSTest" tests="12" failures="0" timestamp="04 Aug 2018 23:21:28 GMT" time="875.167" errors="0">
  <testcase name="DoLogin" time="47.247" classname="Tests.BookPSTest"/>
  <testcase name="SearchStylist" time="11.513" classname="Tests.BookPSTest"/>
  <testcase name="SelectEvents" time="13.290" classname="Tests.BookPSTest"/>
  <testcase name="CheckOut" time="33.195" classname="Tests.BookPSTest"/>
  <testcase name="CompileBooking" time="30.834" classname="Tests.BookPSTest"/>
  <testcase name="CreateStyle" time="119.655" classname="Tests.BookPSTest"/>
  <testcase name="VerifyStyle1" time="105.216" classname="Tests.BookPSTest"/>
  <testcase name="CreateStyle2" time="122.688" classname="Tests.BookPSTest"/>
  <testcase name="VerifyStyle2" time="104.852" classname="Tests.BookPSTest"/>
  <testcase name="EndSession" time="81.354" classname="Tests.BookPSTest"/>
  <testcase name="ClientEndSession" time="149.556" classname="Tests.BookPSTest"/>
  <testcase name="VerifyEndSession" time="55.767" classname="Tests.BookPSTest"/>
</testsuite> <!-- Tests.BookPSTest -->
