<?xml version="1.0" encoding="UTF-8"?>
<!-- Generated by org.testng.reporters.JUnitReportReporter -->
<testsuite skipped="0" hostname="yinons-MBP" name="Tests.CheckOutByCoponTest" tests="4" failures="0" timestamp="24 Apr 2018 12:18:49 GMT" time="205.952" errors="0">
  <testcase name="DoLogin" time="33.105" classname="Tests.CheckOutByCoponTest"/>
  <testcase name="SearchStylist" time="22.999" classname="Tests.CheckOutByCoponTest"/>
  <testcase name="SelectEvents" time="36.178" classname="Tests.CheckOutByCoponTest"/>
  <testcase name="SelectSession" time="113.670" classname="Tests.CheckOutByCoponTest"/>
</testsuite> <!-- Tests.CheckOutByCoponTest -->
