<?xml version="1.0" encoding="UTF-8"?>
<!-- Generated by org.testng.reporters.JUnitReportReporter -->
<testsuite skipped="0" hostname="yinons-MBP" name="Tests.CheckOutPSTest" tests="4" failures="0" timestamp="04 Aug 2018 23:21:28 GMT" time="147.315" errors="0">
  <testcase name="DoLogin" time="46.607" classname="Tests.CheckOutPSTest"/>
  <testcase name="SearchStylist" time="13.669" classname="Tests.CheckOutPSTest"/>
  <testcase name="SelectEvents" time="13.464" classname="Tests.CheckOutPSTest"/>
  <testcase name="CheckOut" time="73.575" classname="Tests.CheckOutPSTest"/>
</testsuite> <!-- Tests.CheckOutPSTest -->
