<?xml version="1.0" encoding="UTF-8"?>
<!-- Generated by org.testng.reporters.JUnitReportReporter -->
<testsuite skipped="0" hostname="yinons-MBP" name="Tests.CheckOutSingleTest" tests="5" failures="0" timestamp="01 Aug 2018 09:10:38 GMT" time="218.376" errors="0">
  <testcase name="DoLogin" time="46.431" classname="Tests.CheckOutSingleTest"/>
  <testcase name="SearchStylist" time="12.682" classname="Tests.CheckOutSingleTest"/>
  <testcase name="SelectEvents" time="32.647" classname="Tests.CheckOutSingleTest"/>
  <testcase name="SelectSession" time="16.932" classname="Tests.CheckOutSingleTest"/>
  <testcase name="CompileBooking" time="109.684" classname="Tests.CheckOutSingleTest"/>
</testsuite> <!-- Tests.CheckOutSingleTest -->
