<?xml version="1.0" encoding="UTF-8"?>
<!-- Generated by org.testng.reporters.JUnitReportReporter -->
<testsuite skipped="0" hostname="yinons-MBP" name="Tests.CheckOutMounthTest" tests="5" failures="0" timestamp="17 Jun 2018 06:14:38 GMT" time="237.722" errors="0">
  <testcase name="DoLogin" time="48.290" classname="Tests.CheckOutMounthTest"/>
  <testcase name="SearchStylist" time="15.801" classname="Tests.CheckOutMounthTest"/>
  <testcase name="SelectEvents" time="33.999" classname="Tests.CheckOutMounthTest"/>
  <testcase name="SelectSession" time="19.951" classname="Tests.CheckOutMounthTest"/>
  <testcase name="CompileBooking" time="119.681" classname="Tests.CheckOutMounthTest"/>
</testsuite> <!-- Tests.CheckOutMounthTest -->
