<?xml version="1.0" encoding="UTF-8"?>
<!-- Generated by org.testng.reporters.JUnitReportReporter -->
<testsuite skipped="0" hostname="yinons-MBP" name="Tests.QuickQuizForWomenTest" tests="5" failures="0" timestamp="24 Apr 2018 12:18:49 GMT" time="273.972" errors="0">
  <testcase name="DoLogin" time="32.407" classname="Tests.QuickQuizForWomenTest"/>
  <testcase name="SearchStylist" time="21.392" classname="Tests.QuickQuizForWomenTest"/>
  <testcase name="SelectEvents" time="36.382" classname="Tests.QuickQuizForWomenTest"/>
  <testcase name="SelectSession" time="18.434" classname="Tests.QuickQuizForWomenTest"/>
  <testcase name="CompileBooking" time="165.357" classname="Tests.QuickQuizForWomenTest"/>
</testsuite> <!-- Tests.QuickQuizForWomenTest -->
