<?xml version="1.0" encoding="UTF-8"?>
<!-- Generated by org.testng.reporters.JUnitReportReporter -->
<testsuite skipped="0" hostname="yinons-MBP" name="Tests.ChatTest" tests="2" failures="0" timestamp="07 Aug 2018 19:02:09 GMT" time="397.536" errors="0">
  <testcase name="StylistSendToClient" time="212.553" classname="Tests.ChatTest"/>
  <testcase name="ClientToStylist" time="184.983" classname="Tests.ChatTest"/>
</testsuite> <!-- Tests.ChatTest -->
