<?xml version="1.0" encoding="UTF-8"?>
<!-- Generated by org.testng.reporters.JUnitReportReporter -->
<testsuite skipped="0" hostname="yinons-MBP" name="Tests.CheckOutSingleTest" tests="5" failures="0" timestamp="12 Jun 2018 20:17:10 GMT" time="262.555" errors="0">
  <testcase name="DoLogin" time="49.073" classname="Tests.CheckOutSingleTest"/>
  <testcase name="SearchStylist" time="16.025" classname="Tests.CheckOutSingleTest"/>
  <testcase name="SelectEvents" time="42.461" classname="Tests.CheckOutSingleTest"/>
  <testcase name="SelectSession" time="18.916" classname="Tests.CheckOutSingleTest"/>
  <testcase name="CompileBooking" time="136.080" classname="Tests.CheckOutSingleTest"/>
</testsuite> <!-- Tests.CheckOutSingleTest -->
