<?xml version="1.0" encoding="UTF-8"?>
<!-- Generated by org.testng.reporters.JUnitReportReporter -->
<testsuite skipped="0" hostname="yinons-MBP" name="Tests.ChatTest" tests="2" failures="0" timestamp="03 May 2018 02:05:43 GMT" time="311.144" errors="0">
  <testcase name="StylistSendToClient" time="173.848" classname="Tests.ChatTest"/>
  <testcase name="ClientToStylist" time="137.296" classname="Tests.ChatTest"/>
</testsuite> <!-- Tests.ChatTest -->
