<?xml version="1.0" encoding="UTF-8"?>
<!-- Generated by org.testng.reporters.JUnitReportReporter -->
<testsuite skipped="0" hostname="yinons-MBP" name="Tests.CheckOutMounthTest" tests="5" failures="0" timestamp="01 Aug 2018 09:10:38 GMT" time="221.545" errors="0">
  <testcase name="DoLogin" time="46.466" classname="Tests.CheckOutMounthTest"/>
  <testcase name="SearchStylist" time="12.542" classname="Tests.CheckOutMounthTest"/>
  <testcase name="SelectEvents" time="32.681" classname="Tests.CheckOutMounthTest"/>
  <testcase name="SelectSession" time="19.482" classname="Tests.CheckOutMounthTest"/>
  <testcase name="CompileBooking" time="110.374" classname="Tests.CheckOutMounthTest"/>
</testsuite> <!-- Tests.CheckOutMounthTest -->
