<?xml version="1.0" encoding="UTF-8"?>
<!-- Generated by org.testng.reporters.JUnitReportReporter -->
<testsuite skipped="0" hostname="yinons-MBP" name="Tests.ReviseThirdLookTest" tests="24" failures="0" timestamp="13 May 2018 22:44:57 GMT" time="2768.379" errors="0">
  <testcase name="DoLogin" time="32.974" classname="Tests.ReviseThirdLookTest"/>
  <testcase name="SearchStylist" time="28.110" classname="Tests.ReviseThirdLookTest"/>
  <testcase name="SelectEvents" time="30.885" classname="Tests.ReviseThirdLookTest"/>
  <testcase name="SelectSession" time="40.710" classname="Tests.ReviseThirdLookTest"/>
  <testcase name="CompileBooking" time="78.790" classname="Tests.ReviseThirdLookTest"/>
  <testcase name="CreateMoodBoard" time="160.093" classname="Tests.ReviseThirdLookTest"/>
  <testcase name="VerifyMoodBoard" time="101.367" classname="Tests.ReviseThirdLookTest"/>
  <testcase name="CreateLook" time="176.225" classname="Tests.ReviseThirdLookTest"/>
  <testcase name="VerifyCreateLook" time="113.069" classname="Tests.ReviseThirdLookTest"/>
  <testcase name="CreateMoodBoard2" time="148.821" classname="Tests.ReviseThirdLookTest"/>
  <testcase name="VerifyMoodBoard2" time="101.849" classname="Tests.ReviseThirdLookTest"/>
  <testcase name="CreateLook2" time="178.179" classname="Tests.ReviseThirdLookTest"/>
  <testcase name="VerifyCreateLook2" time="115.195" classname="Tests.ReviseThirdLookTest"/>
  <testcase name="CreateMoodBoard3" time="145.854" classname="Tests.ReviseThirdLookTest"/>
  <testcase name="VerifyMoodBoard3" time="103.237" classname="Tests.ReviseThirdLookTest"/>
  <testcase name="CreateLook3" time="178.274" classname="Tests.ReviseThirdLookTest"/>
  <testcase name="VerifyCreateLook3" time="154.222" classname="Tests.ReviseThirdLookTest"/>
  <testcase name="ReviseLook" time="163.855" classname="Tests.ReviseThirdLookTest"/>
  <testcase name="VerifyCreateRevise1" time="114.855" classname="Tests.ReviseThirdLookTest"/>
  <testcase name="ReviseLook2" time="180.397" classname="Tests.ReviseThirdLookTest"/>
  <testcase name="VerifyCreateRevise2" time="115.171" classname="Tests.ReviseThirdLookTest"/>
  <testcase name="EndSession" time="112.422" classname="Tests.ReviseThirdLookTest"/>
  <testcase name="ClientEndSession" time="125.713" classname="Tests.ReviseThirdLookTest"/>
  <testcase name="VerifyEndSession" time="68.112" classname="Tests.ReviseThirdLookTest"/>
</testsuite> <!-- Tests.ReviseThirdLookTest -->
