<?xml version="1.0" encoding="UTF-8"?>
<!-- Generated by org.testng.reporters.JUnitReportReporter -->
<testsuite skipped="0" hostname="yinons-MBP" name="Tests.QuickQuizForWomenTest" tests="5" failures="0" timestamp="03 May 2018 02:05:43 GMT" time="177.526" errors="0">
  <testcase name="DoLogin" time="29.778" classname="Tests.QuickQuizForWomenTest"/>
  <testcase name="SearchStylist" time="16.112" classname="Tests.QuickQuizForWomenTest"/>
  <testcase name="SelectEvents" time="34.341" classname="Tests.QuickQuizForWomenTest"/>
  <testcase name="SelectSession" time="8.284" classname="Tests.QuickQuizForWomenTest"/>
  <testcase name="CompileBooking" time="89.011" classname="Tests.QuickQuizForWomenTest"/>
</testsuite> <!-- Tests.QuickQuizForWomenTest -->
