<?xml version="1.0" encoding="UTF-8"?>
<!-- Generated by org.testng.reporters.JUnitReportReporter -->
<testsuite skipped="0" hostname="yinons-MBP" name="Tests.ContactStylistTest" tests="2" failures="0" timestamp="01 Aug 2018 09:10:38 GMT" time="352.631" errors="0">
  <testcase name="StylistSendToClient" time="171.150" classname="Tests.ContactStylistTest"/>
  <testcase name="ClientToStylist" time="181.481" classname="Tests.ContactStylistTest"/>
</testsuite> <!-- Tests.ContactStylistTest -->
