<?xml version="1.0" encoding="UTF-8"?>
<!-- Generated by org.testng.reporters.JUnitReportReporter -->
<testsuite skipped="0" hostname="yinons-MBP" name="Tests.QuickQuizForWomenTest" tests="5" failures="0" timestamp="10 May 2018 10:12:14 GMT" time="316.528" errors="0">
  <testcase name="DoLogin" time="31.534" classname="Tests.QuickQuizForWomenTest"/>
  <testcase name="SearchStylist" time="81.058" classname="Tests.QuickQuizForWomenTest"/>
  <testcase name="SelectEvents" time="32.252" classname="Tests.QuickQuizForWomenTest"/>
  <testcase name="SelectSession" time="29.607" classname="Tests.QuickQuizForWomenTest"/>
  <testcase name="CompileBooking" time="142.077" classname="Tests.QuickQuizForWomenTest"/>
</testsuite> <!-- Tests.QuickQuizForWomenTest -->
