<?xml version="1.0" encoding="UTF-8"?>
<!-- Generated by org.testng.reporters.JUnitReportReporter -->
<testsuite skipped="0" hostname="yinons-MBP" name="Tests.QuizForSelfIdentityTest" tests="20" failures="0" timestamp="07 Aug 2018 19:02:09 GMT" time="540.860" errors="0">
  <testcase name="DoSignUp" time="137.752" classname="Tests.QuizForSelfIdentityTest"/>
  <testcase name="SearchStylist" time="10.631" classname="Tests.QuizForSelfIdentityTest"/>
  <testcase name="SelectEvents" time="35.471" classname="Tests.QuizForSelfIdentityTest"/>
  <testcase name="SelectSession" time="41.733" classname="Tests.QuizForSelfIdentityTest"/>
  <testcase name="SelectCountry" time="39.768" classname="Tests.QuizForSelfIdentityTest"/>
  <testcase name="SelectBodyType" time="6.757" classname="Tests.QuizForSelfIdentityTest"/>
  <testcase name="SelectHeight" time="6.812" classname="Tests.QuizForSelfIdentityTest"/>
  <testcase name="SelectSize" time="51.512" classname="Tests.QuizForSelfIdentityTest"/>
  <testcase name="SelectColor" time="25.357" classname="Tests.QuizForSelfIdentityTest"/>
  <testcase name="SelectFabrics" time="12.159" classname="Tests.QuizForSelfIdentityTest"/>
  <testcase name="SelectFitTop" time="10.732" classname="Tests.QuizForSelfIdentityTest"/>
  <testcase name="SelectFitBottom" time="12.087" classname="Tests.QuizForSelfIdentityTest"/>
  <testcase name="SelectJeansp" time="17.835" classname="Tests.QuizForSelfIdentityTest"/>
  <testcase name="SelectHeels" time="6.845" classname="Tests.QuizForSelfIdentityTest"/>
  <testcase name="SelectJewelry" time="17.350" classname="Tests.QuizForSelfIdentityTest"/>
  <testcase name="SelectHighlights" time="17.803" classname="Tests.QuizForSelfIdentityTest"/>
  <testcase name="SelectZone" time="6.844" classname="Tests.QuizForSelfIdentityTest"/>
  <testcase name="SelectClothingPreferences" time="6.734" classname="Tests.QuizForSelfIdentityTest"/>
  <testcase name="SelectClothingCategories" time="29.113" classname="Tests.QuizForSelfIdentityTest"/>
  <testcase name="SelectYourCloset" time="47.565" classname="Tests.QuizForSelfIdentityTest"/>
</testsuite> <!-- Tests.QuizForSelfIdentityTest -->
