<?xml version="1.0" encoding="UTF-8"?>
<!-- Generated by org.testng.reporters.JUnitReportReporter -->
<testsuite skipped="0" hostname="yinons-MBP" name="Tests.ReviseThirdLookTest" tests="24" failures="0" timestamp="28 May 2018 10:18:04 GMT" time="2732.168" errors="0">
  <testcase name="DoLogin" time="30.603" classname="Tests.ReviseThirdLookTest"/>
  <testcase name="SearchStylist" time="27.650" classname="Tests.ReviseThirdLookTest"/>
  <testcase name="SelectEvents" time="29.825" classname="Tests.ReviseThirdLookTest"/>
  <testcase name="SelectSession" time="47.926" classname="Tests.ReviseThirdLookTest"/>
  <testcase name="CompileBooking" time="103.763" classname="Tests.ReviseThirdLookTest"/>
  <testcase name="CreateMoodBoard" time="158.170" classname="Tests.ReviseThirdLookTest"/>
  <testcase name="VerifyMoodBoard" time="93.629" classname="Tests.ReviseThirdLookTest"/>
  <testcase name="CreateLook" time="176.060" classname="Tests.ReviseThirdLookTest"/>
  <testcase name="VerifyCreateLook" time="107.065" classname="Tests.ReviseThirdLookTest"/>
  <testcase name="CreateMoodBoard2" time="150.043" classname="Tests.ReviseThirdLookTest"/>
  <testcase name="VerifyMoodBoard2" time="95.382" classname="Tests.ReviseThirdLookTest"/>
  <testcase name="CreateLook2" time="174.707" classname="Tests.ReviseThirdLookTest"/>
  <testcase name="VerifyCreateLook2" time="107.175" classname="Tests.ReviseThirdLookTest"/>
  <testcase name="CreateMoodBoard3" time="148.952" classname="Tests.ReviseThirdLookTest"/>
  <testcase name="VerifyMoodBoard3" time="95.965" classname="Tests.ReviseThirdLookTest"/>
  <testcase name="CreateLook3" time="175.627" classname="Tests.ReviseThirdLookTest"/>
  <testcase name="VerifyCreateLook3" time="151.329" classname="Tests.ReviseThirdLookTest"/>
  <testcase name="ReviseLook" time="158.232" classname="Tests.ReviseThirdLookTest"/>
  <testcase name="VerifyCreateRevise1" time="111.957" classname="Tests.ReviseThirdLookTest"/>
  <testcase name="ReviseLook2" time="182.296" classname="Tests.ReviseThirdLookTest"/>
  <testcase name="VerifyCreateRevise2" time="108.144" classname="Tests.ReviseThirdLookTest"/>
  <testcase name="EndSession" time="107.673" classname="Tests.ReviseThirdLookTest"/>
  <testcase name="ClientEndSession" time="120.023" classname="Tests.ReviseThirdLookTest"/>
  <testcase name="VerifyEndSession" time="69.972" classname="Tests.ReviseThirdLookTest"/>
</testsuite> <!-- Tests.ReviseThirdLookTest -->
