<?xml version="1.0" encoding="UTF-8"?>
<!-- Generated by org.testng.reporters.JUnitReportReporter -->
<testsuite skipped="0" hostname="yinons-MBP" name="Tests.QuizForWomenTest" tests="19" failures="0" timestamp="10 May 2018 10:12:14 GMT" time="766.908" errors="0">
  <testcase name="DoSignUp" time="211.405" classname="Tests.QuizForWomenTest"/>
  <testcase name="SearchStylist" time="94.947" classname="Tests.QuizForWomenTest"/>
  <testcase name="SelectEvents" time="36.900" classname="Tests.QuizForWomenTest"/>
  <testcase name="SelectSession" time="80.851" classname="Tests.QuizForWomenTest"/>
  <testcase name="SelectBodyType" time="26.001" classname="Tests.QuizForWomenTest"/>
  <testcase name="SelectHeight" time="1.602" classname="Tests.QuizForWomenTest"/>
  <testcase name="SelectSize" time="43.645" classname="Tests.QuizForWomenTest"/>
  <testcase name="SelectColor" time="30.451" classname="Tests.QuizForWomenTest"/>
  <testcase name="SelectFabrics" time="27.554" classname="Tests.QuizForWomenTest"/>
  <testcase name="SelectFitTop" time="3.144" classname="Tests.QuizForWomenTest"/>
  <testcase name="SelectFitBottom" time="4.802" classname="Tests.QuizForWomenTest"/>
  <testcase name="SelectJeansp" time="5.698" classname="Tests.QuizForWomenTest"/>
  <testcase name="SelectHeels" time="22.248" classname="Tests.QuizForWomenTest"/>
  <testcase name="SelectJewelry" time="27.000" classname="Tests.QuizForWomenTest"/>
  <testcase name="SelectHighlights" time="26.759" classname="Tests.QuizForWomenTest"/>
  <testcase name="SelectZone" time="22.241" classname="Tests.QuizForWomenTest"/>
  <testcase name="SelectClothingPreferences" time="23.748" classname="Tests.QuizForWomenTest"/>
  <testcase name="SelectClothingCategories" time="28.200" classname="Tests.QuizForWomenTest"/>
  <testcase name="SelectYourCloset" time="49.712" classname="Tests.QuizForWomenTest"/>
</testsuite> <!-- Tests.QuizForWomenTest -->
