<?xml version="1.0" encoding="UTF-8"?>
<!-- Generated by org.testng.reporters.JUnitReportReporter -->
<testsuite skipped="0" hostname="yinons-MBP" name="Tests.BookingTest" tests="20" failures="0" timestamp="01 May 2018 16:33:13 GMT" time="1629.656" errors="0">
  <testcase name="DoLogin" time="30.239" classname="Tests.BookingTest"/>
  <testcase name="SearchStylist" time="16.247" classname="Tests.BookingTest"/>
  <testcase name="SelectEvents" time="35.199" classname="Tests.BookingTest"/>
  <testcase name="SelectSession" time="47.534" classname="Tests.BookingTest"/>
  <testcase name="CompileBooking" time="69.117" classname="Tests.BookingTest"/>
  <testcase name="CreateMoodBoard" time="104.681" classname="Tests.BookingTest"/>
  <testcase name="VerifyMoodBoard" time="82.832" classname="Tests.BookingTest"/>
  <testcase name="CreateLook" time="121.239" classname="Tests.BookingTest"/>
  <testcase name="VerifyCreateLook" time="94.523" classname="Tests.BookingTest"/>
  <testcase name="CreateMoodBoard2" time="95.536" classname="Tests.BookingTest"/>
  <testcase name="VerifyMoodBoard2" time="84.513" classname="Tests.BookingTest"/>
  <testcase name="CreateLook2" time="117.648" classname="Tests.BookingTest"/>
  <testcase name="VerifyCreateLook2" time="96.243" classname="Tests.BookingTest"/>
  <testcase name="CreateMoodBoard3" time="98.696" classname="Tests.BookingTest"/>
  <testcase name="VerifyMoodBoard3" time="87.066" classname="Tests.BookingTest"/>
  <testcase name="CreateLook3" time="131.736" classname="Tests.BookingTest"/>
  <testcase name="VerifyCreateLook3" time="85.039" classname="Tests.BookingTest"/>
  <testcase name="EndSession" time="79.121" classname="Tests.BookingTest"/>
  <testcase name="ClientEndSession" time="108.652" classname="Tests.BookingTest"/>
  <testcase name="VerifyEndSession" time="43.795" classname="Tests.BookingTest"/>
</testsuite> <!-- Tests.BookingTest -->
