<?xml version="1.0" encoding="UTF-8"?>
<!-- Generated by org.testng.reporters.JUnitReportReporter -->
<testsuite skipped="0" hostname="yinons-MBP" name="Tests.CheckOutSingleTest" tests="5" failures="0" timestamp="29 Jun 2018 00:51:11 GMT" time="217.521" errors="0">
  <testcase name="DoLogin" time="46.001" classname="Tests.CheckOutSingleTest"/>
  <testcase name="SearchStylist" time="12.499" classname="Tests.CheckOutSingleTest"/>
  <testcase name="SelectEvents" time="32.817" classname="Tests.CheckOutSingleTest"/>
  <testcase name="SelectSession" time="16.931" classname="Tests.CheckOutSingleTest"/>
  <testcase name="CompileBooking" time="109.273" classname="Tests.CheckOutSingleTest"/>
</testsuite> <!-- Tests.CheckOutSingleTest -->
