<?xml version="1.0" encoding="UTF-8"?>
<!-- Generated by org.testng.reporters.JUnitReportReporter -->
<testsuite skipped="0" hostname="yinons-MBP" name="Tests.BookingTest" tests="20" failures="0" timestamp="23 Apr 2018 12:44:31 GMT" time="1787.100" errors="0">
  <testcase name="DoLogin" time="35.755" classname="Tests.BookingTest"/>
  <testcase name="SearchStylist" time="20.453" classname="Tests.BookingTest"/>
  <testcase name="SelectEvents" time="39.691" classname="Tests.BookingTest"/>
  <testcase name="SelectSession" time="18.049" classname="Tests.BookingTest"/>
  <testcase name="CompileBooking" time="105.802" classname="Tests.BookingTest"/>
  <testcase name="CreateMoodBoard" time="118.000" classname="Tests.BookingTest"/>
  <testcase name="VerifyMoodBoard" time="95.560" classname="Tests.BookingTest"/>
  <testcase name="CreateLook" time="134.738" classname="Tests.BookingTest"/>
  <testcase name="VerifyCreateLook" time="104.104" classname="Tests.BookingTest"/>
  <testcase name="CreateMoodBoard2" time="108.895" classname="Tests.BookingTest"/>
  <testcase name="VerifyMoodBoard2" time="96.302" classname="Tests.BookingTest"/>
  <testcase name="CreateLook2" time="129.559" classname="Tests.BookingTest"/>
  <testcase name="VerifyCreateLook2" time="99.798" classname="Tests.BookingTest"/>
  <testcase name="CreateMoodBoard3" time="106.048" classname="Tests.BookingTest"/>
  <testcase name="VerifyMoodBoard3" time="108.196" classname="Tests.BookingTest"/>
  <testcase name="CreateLook3" time="128.702" classname="Tests.BookingTest"/>
  <testcase name="VerifyCreateLook3" time="89.654" classname="Tests.BookingTest"/>
  <testcase name="EndSession" time="80.846" classname="Tests.BookingTest"/>
  <testcase name="ClientEndSession" time="117.544" classname="Tests.BookingTest"/>
  <testcase name="VerifyEndSession" time="49.404" classname="Tests.BookingTest"/>
</testsuite> <!-- Tests.BookingTest -->
