<?xml version="1.0" encoding="UTF-8"?>
<!-- Generated by org.testng.reporters.JUnitReportReporter -->
<testsuite skipped="0" hostname="yinons-MBP" name="Tests.EditStyleForMenTests" tests="12" failures="0" timestamp="01 Aug 2018 09:10:38 GMT" time="876.864" errors="0">
  <testcase name="DoSignUp" time="210.418" classname="Tests.EditStyleForMenTests"/>
  <testcase name="EditSize" time="76.507" classname="Tests.EditStyleForMenTests"/>
  <testcase name="EditHeight" time="30.095" classname="Tests.EditStyleForMenTests"/>
  <testcase name="EditBodyType" time="30.522" classname="Tests.EditStyleForMenTests"/>
  <testcase name="EditFitTop" time="30.767" classname="Tests.EditStyleForMenTests"/>
  <testcase name="EditFitBottom" time="30.702" classname="Tests.EditStyleForMenTests"/>
  <testcase name="EditBudget" time="60.453" classname="Tests.EditStyleForMenTests"/>
  <testcase name="EditColor" time="45.203" classname="Tests.EditStyleForMenTests"/>
  <testcase name="EditJewelry" time="45.459" classname="Tests.EditStyleForMenTests"/>
  <testcase name="EditZone" time="52.083" classname="Tests.EditStyleForMenTests"/>
  <testcase name="EditBrands" time="67.070" classname="Tests.EditStyleForMenTests"/>
  <testcase name="EditSocialMedia" time="197.585" classname="Tests.EditStyleForMenTests"/>
</testsuite> <!-- Tests.EditStyleForMenTests -->
