<?xml version="1.0" encoding="UTF-8"?>
<!-- Generated by org.testng.reporters.JUnitReportReporter -->
<testsuite skipped="0" hostname="yinons-MBP" name="Tests.LoginTests" tests="6" failures="0" timestamp="03 May 2018 02:05:43 GMT" time="161.970" errors="0">
  <testcase name="FillPasswordWithOutToFillEmail" time="9.463" classname="Tests.LoginTests"/>
  <testcase name="FillPasswordWithOutToFillPassword" time="12.295" classname="Tests.LoginTests"/>
  <testcase name="FillPasswordWithWrongEmail" time="42.802" classname="Tests.LoginTests"/>
  <testcase name="FillPasswordWithWrongPassword" time="39.009" classname="Tests.LoginTests"/>
  <testcase name="ClickLoginwWithOutToFillAnyFields" time="13.655" classname="Tests.LoginTests"/>
  <testcase name="DoLogin" time="44.746" classname="Tests.LoginTests"/>
</testsuite> <!-- Tests.LoginTests -->
