<?xml version="1.0" encoding="UTF-8"?>
<!-- Generated by org.testng.reporters.JUnitReportReporter -->
<testsuite skipped="0" hostname="yinons-MBP" name="Tests.ReviseItems" tests="17" failures="0" timestamp="22 Jun 2018 01:26:42 GMT" time="2014.753" errors="0">
  <testcase name="DoLogin" time="47.212" classname="Tests.ReviseItems"/>
  <testcase name="SearchStylist" time="16.167" classname="Tests.ReviseItems"/>
  <testcase name="SelectEvents" time="35.183" classname="Tests.ReviseItems"/>
  <testcase name="SelectSession" time="43.362" classname="Tests.ReviseItems"/>
  <testcase name="CompileBooking" time="108.480" classname="Tests.ReviseItems"/>
  <testcase name="CreateMoodBoard" time="128.511" classname="Tests.ReviseItems"/>
  <testcase name="VerifyMoodBoard" time="123.709" classname="Tests.ReviseItems"/>
  <testcase name="CreateLook" time="154.116" classname="Tests.ReviseItems"/>
  <testcase name="AskReviseLook" time="217.919" classname="Tests.ReviseItems"/>
  <testcase name="CreateReviseLook" time="117.460" classname="Tests.ReviseItems"/>
  <testcase name="VerifyCreateLook" time="140.847" classname="Tests.ReviseItems"/>
  <testcase name="CreateMoodBoard2" time="114.486" classname="Tests.ReviseItems"/>
  <testcase name="VerifyMoodBoard2" time="126.009" classname="Tests.ReviseItems"/>
  <testcase name="CreateLook2" time="150.304" classname="Tests.ReviseItems"/>
  <testcase name="VerifyCreateLook2" time="231.513" classname="Tests.ReviseItems"/>
  <testcase name="CreateReviseLook2" time="116.527" classname="Tests.ReviseItems"/>
  <testcase name="VerifyCreateLookrevise2" time="142.948" classname="Tests.ReviseItems"/>
</testsuite> <!-- Tests.ReviseItems -->
