<?xml version="1.0" encoding="UTF-8"?>
<!-- Generated by org.testng.reporters.JUnitReportReporter -->
<testsuite skipped="0" hostname="yinons-MBP" name="Tests.CheckOutByCoponTest" tests="4" failures="0" timestamp="03 May 2018 02:05:43 GMT" time="160.974" errors="0">
  <testcase name="DoLogin" time="31.826" classname="Tests.CheckOutByCoponTest"/>
  <testcase name="SearchStylist" time="19.275" classname="Tests.CheckOutByCoponTest"/>
  <testcase name="SelectEvents" time="35.181" classname="Tests.CheckOutByCoponTest"/>
  <testcase name="SelectSession" time="74.692" classname="Tests.CheckOutByCoponTest"/>
</testsuite> <!-- Tests.CheckOutByCoponTest -->
