<?xml version="1.0" encoding="UTF-8"?>
<!-- Generated by org.testng.reporters.JUnitReportReporter -->
<testsuite skipped="0" hostname="yinons-MBP" name="Tests.QuizForWomenTest" tests="19" failures="0" timestamp="03 May 2018 02:05:43 GMT" time="370.750" errors="0">
  <testcase name="DoSignUp" time="147.496" classname="Tests.QuizForWomenTest"/>
  <testcase name="SearchStylist" time="22.096" classname="Tests.QuizForWomenTest"/>
  <testcase name="SelectEvents" time="40.403" classname="Tests.QuizForWomenTest"/>
  <testcase name="SelectSession" time="21.949" classname="Tests.QuizForWomenTest"/>
  <testcase name="SelectBodyType" time="4.998" classname="Tests.QuizForWomenTest"/>
  <testcase name="SelectHeight" time="1.550" classname="Tests.QuizForWomenTest"/>
  <testcase name="SelectSize" time="43.363" classname="Tests.QuizForWomenTest"/>
  <testcase name="SelectColor" time="10.442" classname="Tests.QuizForWomenTest"/>
  <testcase name="SelectFabrics" time="5.793" classname="Tests.QuizForWomenTest"/>
  <testcase name="SelectFitTop" time="2.849" classname="Tests.QuizForWomenTest"/>
  <testcase name="SelectFitBottom" time="4.563" classname="Tests.QuizForWomenTest"/>
  <testcase name="SelectJeansp" time="5.296" classname="Tests.QuizForWomenTest"/>
  <testcase name="SelectHeels" time="2.539" classname="Tests.QuizForWomenTest"/>
  <testcase name="SelectJewelry" time="4.512" classname="Tests.QuizForWomenTest"/>
  <testcase name="SelectHighlights" time="5.538" classname="Tests.QuizForWomenTest"/>
  <testcase name="SelectZone" time="4.147" classname="Tests.QuizForWomenTest"/>
  <testcase name="SelectClothingPreferences" time="1.551" classname="Tests.QuizForWomenTest"/>
  <testcase name="SelectClothingCategories" time="15.405" classname="Tests.QuizForWomenTest"/>
  <testcase name="SelectYourCloset" time="26.260" classname="Tests.QuizForWomenTest"/>
</testsuite> <!-- Tests.QuizForWomenTest -->
