<?xml version="1.0" encoding="UTF-8"?>
<!-- Generated by org.testng.reporters.JUnitReportReporter -->
<testsuite skipped="0" hostname="yinons-MBP" name="Tests.SignUpTest" tests="4" failures="0" timestamp="17 Jun 2018 06:14:38 GMT" time="137.290" errors="0">
  <testcase name="SignupwithoutDotCom" time="24.400" classname="Tests.SignUpTest"/>
  <testcase name="Signupwithoutshtudel" time="24.655" classname="Tests.SignUpTest"/>
  <testcase name="FillPsswordWithLessthan6Characters" time="52.581" classname="Tests.SignUpTest"/>
  <testcase name="DoSignUp" time="35.654" classname="Tests.SignUpTest"/>
</testsuite> <!-- Tests.SignUpTest -->
