<?xml version="1.0" encoding="UTF-8"?>
<!-- Generated by org.testng.reporters.JUnitReportReporter -->
<testsuite skipped="0" hostname="yinons-MBP" name="Tests.QuizForMaleTest" tests="15" failures="0" timestamp="22 Jun 2018 01:26:42 GMT" time="489.354" errors="0">
  <testcase name="DoSignUp" time="159.906" classname="Tests.QuizForMaleTest"/>
  <testcase name="SearchStylist" time="12.270" classname="Tests.QuizForMaleTest"/>
  <testcase name="SelectEvents" time="44.303" classname="Tests.QuizForMaleTest"/>
  <testcase name="SelectSession" time="44.350" classname="Tests.QuizForMaleTest"/>
  <testcase name="SelectCountry" time="43.869" classname="Tests.QuizForMaleTest"/>
  <testcase name="SelectBodyType" time="6.967" classname="Tests.QuizForMaleTest"/>
  <testcase name="SelectHeight" time="6.866" classname="Tests.QuizForMaleTest"/>
  <testcase name="SelectSize" time="52.291" classname="Tests.QuizForMaleTest"/>
  <testcase name="SelectColor" time="25.534" classname="Tests.QuizForMaleTest"/>
  <testcase name="SelectFabrics" time="12.601" classname="Tests.QuizForMaleTest"/>
  <testcase name="SelectFitTop" time="10.983" classname="Tests.QuizForMaleTest"/>
  <testcase name="SelectFitBottom" time="10.971" classname="Tests.QuizForMaleTest"/>
  <testcase name="SelectJewelry" time="18.043" classname="Tests.QuizForMaleTest"/>
  <testcase name="SelectZone" time="6.979" classname="Tests.QuizForMaleTest"/>
  <testcase name="SelectYourCloset" time="33.421" classname="Tests.QuizForMaleTest"/>
</testsuite> <!-- Tests.QuizForMaleTest -->
