<?xml version="1.0" encoding="UTF-8"?>
<!-- Generated by org.testng.reporters.JUnitReportReporter -->
<testsuite skipped="0" hostname="yinons-MBP" name="Tests.QuickQuizForWomenTest" tests="5" failures="0" timestamp="04 Aug 2018 23:21:28 GMT" time="244.807" errors="0">
  <testcase name="DoLogin" time="47.060" classname="Tests.QuickQuizForWomenTest"/>
  <testcase name="SearchStylist" time="13.418" classname="Tests.QuickQuizForWomenTest"/>
  <testcase name="SelectEvents" time="33.826" classname="Tests.QuickQuizForWomenTest"/>
  <testcase name="SelectSession" time="17.206" classname="Tests.QuickQuizForWomenTest"/>
  <testcase name="CompileBooking" time="133.297" classname="Tests.QuickQuizForWomenTest"/>
</testsuite> <!-- Tests.QuickQuizForWomenTest -->
