<?xml version="1.0" encoding="UTF-8"?>
<!-- Generated by org.testng.reporters.JUnitReportReporter -->
<testsuite skipped="0" hostname="yinons-MBP" name="Tests.QuizForWomenTest" tests="20" failures="0" timestamp="04 Aug 2018 23:21:28 GMT" time="591.192" errors="0">
  <testcase name="DoSignUp" time="194.336" classname="Tests.QuizForWomenTest"/>
  <testcase name="SearchStylist" time="15.692" classname="Tests.QuizForWomenTest"/>
  <testcase name="SelectEvents" time="33.785" classname="Tests.QuizForWomenTest"/>
  <testcase name="SelectSession" time="40.786" classname="Tests.QuizForWomenTest"/>
  <testcase name="SelectCountry" time="38.821" classname="Tests.QuizForWomenTest"/>
  <testcase name="SelectBodyType" time="6.798" classname="Tests.QuizForWomenTest"/>
  <testcase name="SelectHeight" time="6.766" classname="Tests.QuizForWomenTest"/>
  <testcase name="SelectSize" time="49.362" classname="Tests.QuizForWomenTest"/>
  <testcase name="SelectColor" time="25.285" classname="Tests.QuizForWomenTest"/>
  <testcase name="SelectFabrics" time="12.096" classname="Tests.QuizForWomenTest"/>
  <testcase name="SelectFitTop" time="10.546" classname="Tests.QuizForWomenTest"/>
  <testcase name="SelectFitBottom" time="12.102" classname="Tests.QuizForWomenTest"/>
  <testcase name="SelectJeansp" time="17.520" classname="Tests.QuizForWomenTest"/>
  <testcase name="SelectHeels" time="6.681" classname="Tests.QuizForWomenTest"/>
  <testcase name="SelectJewelry" time="17.192" classname="Tests.QuizForWomenTest"/>
  <testcase name="SelectHighlights" time="17.469" classname="Tests.QuizForWomenTest"/>
  <testcase name="SelectZone" time="6.754" classname="Tests.QuizForWomenTest"/>
  <testcase name="SelectClothingPreferences" time="6.675" classname="Tests.QuizForWomenTest"/>
  <testcase name="SelectClothingCategories" time="25.769" classname="Tests.QuizForWomenTest"/>
  <testcase name="SelectYourCloset" time="46.757" classname="Tests.QuizForWomenTest"/>
</testsuite> <!-- Tests.QuizForWomenTest -->
