<?xml version="1.0" encoding="UTF-8"?>
<!-- Generated by org.testng.reporters.JUnitReportReporter -->
<testsuite skipped="0" hostname="yinons-MBP" name="Tests.ChatTest" tests="2" failures="0" timestamp="29 Jun 2018 00:51:12 GMT" time="554.045" errors="0">
  <testcase name="StylistSendToClient" time="312.909" classname="Tests.ChatTest"/>
  <testcase name="ClientToStylist" time="241.136" classname="Tests.ChatTest"/>
</testsuite> <!-- Tests.ChatTest -->
