<?xml version="1.0" encoding="UTF-8"?>
<!-- Generated by org.testng.reporters.JUnitReportReporter -->
<testsuite skipped="0" hostname="yinons-MBP" name="Tests.QuizForMaleTest" tests="14" failures="0" timestamp="24 Apr 2018 12:18:49 GMT" time="512.778" errors="0">
  <testcase name="DoSignUp" time="203.042" classname="Tests.QuizForMaleTest"/>
  <testcase name="SearchStylist" time="18.844" classname="Tests.QuizForMaleTest"/>
  <testcase name="SelectEvents" time="40.902" classname="Tests.QuizForMaleTest"/>
  <testcase name="SelectSession" time="62.800" classname="Tests.QuizForMaleTest"/>
  <testcase name="SelectBodyType" time="46.658" classname="Tests.QuizForMaleTest"/>
  <testcase name="SelectHeight" time="1.499" classname="Tests.QuizForMaleTest"/>
  <testcase name="SelectSize" time="42.389" classname="Tests.QuizForMaleTest"/>
  <testcase name="SelectColor" time="31.649" classname="Tests.QuizForMaleTest"/>
  <testcase name="SelectFabrics" time="25.400" classname="Tests.QuizForMaleTest"/>
  <testcase name="SelectFitTop" time="2.998" classname="Tests.QuizForMaleTest"/>
  <testcase name="SelectFitBottom" time="2.999" classname="Tests.QuizForMaleTest"/>
  <testcase name="SelectJewelry" time="4.603" classname="Tests.QuizForMaleTest"/>
  <testcase name="SelectZone" time="1.652" classname="Tests.QuizForMaleTest"/>
  <testcase name="SelectYourCloset" time="27.343" classname="Tests.QuizForMaleTest"/>
</testsuite> <!-- Tests.QuizForMaleTest -->
