<?xml version="1.0" encoding="UTF-8"?>
<!-- Generated by org.testng.reporters.JUnitReportReporter -->
<testsuite skipped="0" hostname="yinons-MBP" name="Tests.QuizForMaleTest" tests="16" failures="0" timestamp="04 Aug 2018 23:21:28 GMT" time="516.507" errors="0">
  <testcase name="DoSignUp" time="168.545" classname="Tests.QuizForMaleTest"/>
  <testcase name="SearchStylist" time="11.380" classname="Tests.QuizForMaleTest"/>
  <testcase name="SelectEvents" time="34.036" classname="Tests.QuizForMaleTest"/>
  <testcase name="SelectSession" time="41.551" classname="Tests.QuizForMaleTest"/>
  <testcase name="SelectCountry" time="39.734" classname="Tests.QuizForMaleTest"/>
  <testcase name="SelectBodyType" time="6.786" classname="Tests.QuizForMaleTest"/>
  <testcase name="SelectHeight" time="6.681" classname="Tests.QuizForMaleTest"/>
  <testcase name="SelectSize" time="49.509" classname="Tests.QuizForMaleTest"/>
  <testcase name="SelectColor" time="25.100" classname="Tests.QuizForMaleTest"/>
  <testcase name="SelectFabrics" time="12.190" classname="Tests.QuizForMaleTest"/>
  <testcase name="SelectFitTop" time="10.643" classname="Tests.QuizForMaleTest"/>
  <testcase name="SelectFitBottom" time="10.452" classname="Tests.QuizForMaleTest"/>
  <testcase name="SelectJewelry" time="17.313" classname="Tests.QuizForMaleTest"/>
  <testcase name="SelectZone" time="6.772" classname="Tests.QuizForMaleTest"/>
  <testcase name="SelectClothingCategories" time="34.868" classname="Tests.QuizForMaleTest"/>
  <testcase name="SelectYourCloset" time="40.947" classname="Tests.QuizForMaleTest"/>
</testsuite> <!-- Tests.QuizForMaleTest -->
