<?xml version="1.0" encoding="UTF-8"?>
<!-- Generated by org.testng.reporters.JUnitReportReporter -->
<testsuite skipped="0" hostname="yinons-MBP" name="Tests.ReviseThirdLookTest" tests="24" failures="0" timestamp="22 Jun 2018 01:26:42 GMT" time="2745.708" errors="0">
  <testcase name="DoLogin" time="45.427" classname="Tests.ReviseThirdLookTest"/>
  <testcase name="SearchStylist" time="14.001" classname="Tests.ReviseThirdLookTest"/>
  <testcase name="SelectEvents" time="33.854" classname="Tests.ReviseThirdLookTest"/>
  <testcase name="SelectSession" time="42.046" classname="Tests.ReviseThirdLookTest"/>
  <testcase name="CompileBooking" time="104.639" classname="Tests.ReviseThirdLookTest"/>
  <testcase name="CreateMoodBoard" time="131.370" classname="Tests.ReviseThirdLookTest"/>
  <testcase name="VerifyMoodBoard" time="116.641" classname="Tests.ReviseThirdLookTest"/>
  <testcase name="CreateLook" time="150.826" classname="Tests.ReviseThirdLookTest"/>
  <testcase name="VerifyCreateLook" time="120.784" classname="Tests.ReviseThirdLookTest"/>
  <testcase name="CreateMoodBoard2" time="128.798" classname="Tests.ReviseThirdLookTest"/>
  <testcase name="VerifyMoodBoard2" time="121.550" classname="Tests.ReviseThirdLookTest"/>
  <testcase name="CreateLook2" time="148.257" classname="Tests.ReviseThirdLookTest"/>
  <testcase name="VerifyCreateLook2" time="135.517" classname="Tests.ReviseThirdLookTest"/>
  <testcase name="CreateMoodBoard3" time="115.833" classname="Tests.ReviseThirdLookTest"/>
  <testcase name="VerifyMoodBoard3" time="122.967" classname="Tests.ReviseThirdLookTest"/>
  <testcase name="CreateLook3" time="150.886" classname="Tests.ReviseThirdLookTest"/>
  <testcase name="VerifyCreateLook3" time="206.485" classname="Tests.ReviseThirdLookTest"/>
  <testcase name="ReviseLook" time="129.292" classname="Tests.ReviseThirdLookTest"/>
  <testcase name="VerifyCreateRevise1" time="140.146" classname="Tests.ReviseThirdLookTest"/>
  <testcase name="ReviseLook2" time="150.313" classname="Tests.ReviseThirdLookTest"/>
  <testcase name="VerifyCreateRevise2" time="139.770" classname="Tests.ReviseThirdLookTest"/>
  <testcase name="EndSession" time="92.934" classname="Tests.ReviseThirdLookTest"/>
  <testcase name="ClientEndSession" time="139.832" classname="Tests.ReviseThirdLookTest"/>
  <testcase name="VerifyEndSession" time="63.540" classname="Tests.ReviseThirdLookTest"/>
</testsuite> <!-- Tests.ReviseThirdLookTest -->
