<?xml version="1.0" encoding="UTF-8"?>
<!-- Generated by org.testng.reporters.JUnitReportReporter -->
<testsuite skipped="0" hostname="yinons-MBP" name="Tests.SignUpByFacbookTest2" tests="5" failures="0" timestamp="07 Aug 2018 19:02:09 GMT" time="65.056" errors="0">
  <testcase name="LoginWithFacbookWrongUserName" time="23.210" classname="Tests.SignUpByFacbookTest2"/>
  <testcase name="LoginWithFacbookWrongPassword" time="6.358" classname="Tests.SignUpByFacbookTest2"/>
  <testcase name="LoginWithFacbookWithoutPassword" time="6.366" classname="Tests.SignUpByFacbookTest2"/>
  <testcase name="LoginWithFacbookWithoutUser" time="4.223" classname="Tests.SignUpByFacbookTest2"/>
  <testcase name="DoLoginWithFacbook" time="24.899" classname="Tests.SignUpByFacbookTest2"/>
</testsuite> <!-- Tests.SignUpByFacbookTest2 -->
