<?xml version="1.0" encoding="UTF-8"?>
<!-- Generated by org.testng.reporters.JUnitReportReporter -->
<testsuite skipped="0" hostname="yinons-MBP" name="Tests.SignUpTest" tests="4" failures="0" timestamp="29 Jun 2018 00:51:12 GMT" time="137.111" errors="0">
  <testcase name="SignupwithoutDotCom" time="24.756" classname="Tests.SignUpTest"/>
  <testcase name="Signupwithoutshtudel" time="24.934" classname="Tests.SignUpTest"/>
  <testcase name="FillPsswordWithLessthan6Characters" time="52.028" classname="Tests.SignUpTest"/>
  <testcase name="DoSignUp" time="35.393" classname="Tests.SignUpTest"/>
</testsuite> <!-- Tests.SignUpTest -->
