<?xml version="1.0" encoding="UTF-8"?>
<!-- Generated by org.testng.reporters.JUnitReportReporter -->
<testsuite skipped="0" hostname="yinons-MBP" name="Tests.CheckOutByCoponTest" tests="4" failures="0" timestamp="17 Jun 2018 06:14:38 GMT" time="241.734" errors="0">
  <testcase name="DoLogin" time="48.005" classname="Tests.CheckOutByCoponTest"/>
  <testcase name="SearchStylist" time="16.501" classname="Tests.CheckOutByCoponTest"/>
  <testcase name="SelectEvents" time="33.047" classname="Tests.CheckOutByCoponTest"/>
  <testcase name="SelectSession" time="144.181" classname="Tests.CheckOutByCoponTest"/>
</testsuite> <!-- Tests.CheckOutByCoponTest -->
