<?xml version="1.0" encoding="UTF-8"?>
<!-- Generated by org.testng.reporters.JUnitReportReporter -->
<testsuite skipped="0" hostname="yinons-MBP" name="Tests.ReviseItems" tests="22" failures="0" timestamp="29 Apr 2018 20:06:35 GMT" time="2026.309" errors="0">
  <testcase name="DoLogin" time="34.379" classname="Tests.ReviseItems"/>
  <testcase name="SearchStylist" time="21.054" classname="Tests.ReviseItems"/>
  <testcase name="SelectEvents" time="39.838" classname="Tests.ReviseItems"/>
  <testcase name="SelectSession" time="50.056" classname="Tests.ReviseItems"/>
  <testcase name="CompileBooking" time="76.357" classname="Tests.ReviseItems"/>
  <testcase name="CreateMoodBoard" time="120.513" classname="Tests.ReviseItems"/>
  <testcase name="VerifyMoodBoard" time="87.853" classname="Tests.ReviseItems"/>
  <testcase name="CreateLook" time="132.750" classname="Tests.ReviseItems"/>
  <testcase name="AskReviseLook" time="146.870" classname="Tests.ReviseItems"/>
  <testcase name="CreateReviseLook" time="124.239" classname="Tests.ReviseItems"/>
  <testcase name="VerifyCreateLook" time="100.071" classname="Tests.ReviseItems"/>
  <testcase name="CreateMoodBoard2" time="109.022" classname="Tests.ReviseItems"/>
  <testcase name="VerifyMoodBoard2" time="89.674" classname="Tests.ReviseItems"/>
  <testcase name="CreateLook2" time="130.474" classname="Tests.ReviseItems"/>
  <testcase name="VerifyCreateLook2" time="98.574" classname="Tests.ReviseItems"/>
  <testcase name="CreateMoodBoard3" time="107.577" classname="Tests.ReviseItems"/>
  <testcase name="VerifyMoodBoard3" time="93.377" classname="Tests.ReviseItems"/>
  <testcase name="CreateLook3" time="129.673" classname="Tests.ReviseItems"/>
  <testcase name="VerifyCreateLook3" time="89.814" classname="Tests.ReviseItems"/>
  <testcase name="EndSession" time="83.447" classname="Tests.ReviseItems"/>
  <testcase name="ClientEndSession" time="111.480" classname="Tests.ReviseItems"/>
  <testcase name="VerifyEndSession" time="49.217" classname="Tests.ReviseItems"/>
</testsuite> <!-- Tests.ReviseItems -->
