<?xml version="1.0" encoding="UTF-8"?>
<!-- Generated by org.testng.reporters.JUnitReportReporter -->
<testsuite skipped="0" hostname="yinons-MBP" name="Tests.QuickQuizForMenTest" tests="6" failures="0" timestamp="28 May 2018 10:18:04 GMT" time="179.914" errors="0">
  <testcase name="DoLogin" time="32.551" classname="Tests.QuickQuizForMenTest"/>
  <testcase name="SearchStylist" time="30.185" classname="Tests.QuickQuizForMenTest"/>
  <testcase name="SelectEvents" time="30.604" classname="Tests.QuickQuizForMenTest"/>
  <testcase name="SelectSession" time="8.555" classname="Tests.QuickQuizForMenTest"/>
  <testcase name="CompileBooking" time="20.309" classname="Tests.QuickQuizForMenTest"/>
  <testcase name="MadeQuiz" time="57.710" classname="Tests.QuickQuizForMenTest"/>
</testsuite> <!-- Tests.QuickQuizForMenTest -->
