<?xml version="1.0" encoding="UTF-8"?>
<!-- Generated by org.testng.reporters.JUnitReportReporter -->
<testsuite hostname="yinons-MacBook-Pro.local" failures="0" tests="2" name="Tests.ChatTest" time="269.368" errors="0" timestamp="18 Jan 2018 15:17:08 GMT" skipped="0">
  <testcase classname="Tests.ChatTest" name="StylistSendToClient" time="144.804"/>
  <testcase classname="Tests.ChatTest" name="ClientToStylist" time="124.564"/>
</testsuite> <!-- Tests.ChatTest -->
