<?xml version="1.0" encoding="UTF-8"?>
<!-- Generated by org.testng.reporters.JUnitReportReporter -->
<testsuite skipped="0" hostname="yinons-MBP" name="Tests.LoginTests" tests="6" failures="0" timestamp="22 Jun 2018 01:26:42 GMT" time="189.727" errors="0">
  <testcase name="FillPasswordWithOutToFillEmail" time="17.360" classname="Tests.LoginTests"/>
  <testcase name="FillPasswordWithOutToFillPassword" time="18.604" classname="Tests.LoginTests"/>
  <testcase name="FillPasswordWithWrongEmail" time="34.845" classname="Tests.LoginTests"/>
  <testcase name="FillPasswordWithWrongPassword" time="38.215" classname="Tests.LoginTests"/>
  <testcase name="ClickLoginwWithOutToFillAnyFields" time="24.873" classname="Tests.LoginTests"/>
  <testcase name="DoLogin" time="55.830" classname="Tests.LoginTests"/>
</testsuite> <!-- Tests.LoginTests -->
