<?xml version="1.0" encoding="UTF-8"?>
<!-- Generated by org.testng.reporters.JUnitReportReporter -->
<testsuite hostname="yinons-MacBook-Pro.local" failures="0" tests="4" name="Tests.SignUpTest" time="182.191" errors="0" timestamp="18 Jan 2018 15:17:08 GMT" skipped="0">
  <testcase classname="Tests.SignUpTest" name="Signupwithoutshtudel" time="26.945"/>
  <testcase classname="Tests.SignUpTest" name="SignupwithoutDotCom" time="51.259"/>
  <testcase classname="Tests.SignUpTest" name="FillPsswordWithLessthan6Characters" time="54.346"/>
  <testcase classname="Tests.SignUpTest" name="DoSignUp" time="49.641"/>
</testsuite> <!-- Tests.SignUpTest -->
