<?xml version="1.0" encoding="UTF-8"?>
<!-- Generated by org.testng.reporters.JUnitReportReporter -->
<testsuite skipped="0" hostname="yinons-MBP" name="Tests.CheckOutMounthTest" tests="5" failures="0" timestamp="24 Apr 2018 12:18:49 GMT" time="262.668" errors="0">
  <testcase name="DoLogin" time="33.178" classname="Tests.CheckOutMounthTest"/>
  <testcase name="SearchStylist" time="20.886" classname="Tests.CheckOutMounthTest"/>
  <testcase name="SelectEvents" time="37.357" classname="Tests.CheckOutMounthTest"/>
  <testcase name="SelectSession" time="28.698" classname="Tests.CheckOutMounthTest"/>
  <testcase name="CompileBooking" time="142.549" classname="Tests.CheckOutMounthTest"/>
</testsuite> <!-- Tests.CheckOutMounthTest -->
