<?xml version="1.0" encoding="UTF-8"?>
<!-- Generated by org.testng.reporters.JUnitReportReporter -->
<testsuite skipped="0" hostname="yinons-MBP" name="Tests.BestMutch" tests="1" failures="0" timestamp="07 Aug 2018 19:05:51 GMT" time="111.816" errors="0">
  <testcase name="BestMatchSelfIdentity" time="111.816" classname="Tests.BestMutch"/>
</testsuite> <!-- Tests.BestMutch -->
