<?xml version="1.0" encoding="UTF-8"?>
<!-- Generated by org.testng.reporters.JUnitReportReporter -->
<testsuite skipped="0" hostname="yinons-MBP" name="Tests.LoginTests" tests="6" failures="0" timestamp="24 Apr 2018 12:18:49 GMT" time="157.269" errors="0">
  <testcase name="FillPasswordWithOutToFillEmail" time="10.191" classname="Tests.LoginTests"/>
  <testcase name="FillPasswordWithOutToFillPassword" time="13.812" classname="Tests.LoginTests"/>
  <testcase name="FillPasswordWithWrongEmail" time="36.353" classname="Tests.LoginTests"/>
  <testcase name="FillPasswordWithWrongPassword" time="33.347" classname="Tests.LoginTests"/>
  <testcase name="ClickLoginwWithOutToFillAnyFields" time="15.661" classname="Tests.LoginTests"/>
  <testcase name="DoLogin" time="47.905" classname="Tests.LoginTests"/>
</testsuite> <!-- Tests.LoginTests -->
