<?xml version="1.0" encoding="UTF-8"?>
<!-- Generated by org.testng.reporters.JUnitReportReporter -->
<testsuite skipped="0" hostname="yinons-MBP" name="Tests.CheckOutMounthTest" tests="5" failures="0" timestamp="10 May 2018 10:12:14 GMT" time="269.839" errors="0">
  <testcase name="DoLogin" time="33.898" classname="Tests.CheckOutMounthTest"/>
  <testcase name="SearchStylist" time="85.756" classname="Tests.CheckOutMounthTest"/>
  <testcase name="SelectEvents" time="34.886" classname="Tests.CheckOutMounthTest"/>
  <testcase name="SelectSession" time="19.449" classname="Tests.CheckOutMounthTest"/>
  <testcase name="CompileBooking" time="95.850" classname="Tests.CheckOutMounthTest"/>
</testsuite> <!-- Tests.CheckOutMounthTest -->
