<?xml version="1.0" encoding="UTF-8"?>
<!-- Generated by org.testng.reporters.JUnitReportReporter -->
<testsuite skipped="0" hostname="yinons-MBP" name="Tests.CheckOutMounthTest" tests="5" failures="0" timestamp="03 May 2018 02:05:43 GMT" time="173.001" errors="0">
  <testcase name="DoLogin" time="29.888" classname="Tests.CheckOutMounthTest"/>
  <testcase name="SearchStylist" time="16.856" classname="Tests.CheckOutMounthTest"/>
  <testcase name="SelectEvents" time="33.859" classname="Tests.CheckOutMounthTest"/>
  <testcase name="SelectSession" time="9.388" classname="Tests.CheckOutMounthTest"/>
  <testcase name="CompileBooking" time="83.010" classname="Tests.CheckOutMounthTest"/>
</testsuite> <!-- Tests.CheckOutMounthTest -->
