<?xml version="1.0" encoding="UTF-8"?>
<!-- Generated by org.testng.reporters.JUnitReportReporter -->
<testsuite skipped="0" hostname="yinons-MBP" name="Tests.QuizForWomenTest" tests="20" failures="0" timestamp="22 Jun 2018 01:26:42 GMT" time="607.028" errors="0">
  <testcase name="DoSignUp" time="185.877" classname="Tests.QuizForWomenTest"/>
  <testcase name="SearchStylist" time="18.418" classname="Tests.QuizForWomenTest"/>
  <testcase name="SelectEvents" time="49.732" classname="Tests.QuizForWomenTest"/>
  <testcase name="SelectSession" time="46.387" classname="Tests.QuizForWomenTest"/>
  <testcase name="SelectCountry" time="45.633" classname="Tests.QuizForWomenTest"/>
  <testcase name="SelectBodyType" time="7.010" classname="Tests.QuizForWomenTest"/>
  <testcase name="SelectHeight" time="7.076" classname="Tests.QuizForWomenTest"/>
  <testcase name="SelectSize" time="53.878" classname="Tests.QuizForWomenTest"/>
  <testcase name="SelectColor" time="26.322" classname="Tests.QuizForWomenTest"/>
  <testcase name="SelectFabrics" time="12.861" classname="Tests.QuizForWomenTest"/>
  <testcase name="SelectFitTop" time="11.256" classname="Tests.QuizForWomenTest"/>
  <testcase name="SelectFitBottom" time="12.648" classname="Tests.QuizForWomenTest"/>
  <testcase name="SelectJeansp" time="18.670" classname="Tests.QuizForWomenTest"/>
  <testcase name="SelectHeels" time="7.184" classname="Tests.QuizForWomenTest"/>
  <testcase name="SelectJewelry" time="18.323" classname="Tests.QuizForWomenTest"/>
  <testcase name="SelectHighlights" time="18.554" classname="Tests.QuizForWomenTest"/>
  <testcase name="SelectZone" time="7.095" classname="Tests.QuizForWomenTest"/>
  <testcase name="SelectClothingPreferences" time="7.096" classname="Tests.QuizForWomenTest"/>
  <testcase name="SelectClothingCategories" time="18.942" classname="Tests.QuizForWomenTest"/>
  <testcase name="SelectYourCloset" time="34.066" classname="Tests.QuizForWomenTest"/>
</testsuite> <!-- Tests.QuizForWomenTest -->
