<?xml version="1.0" encoding="UTF-8"?>
<!-- Generated by org.testng.reporters.JUnitReportReporter -->
<testsuite skipped="0" hostname="yinons-MBP" name="Tests.CheckOutByCoponTest" tests="4" failures="0" timestamp="22 Jun 2018 01:26:42 GMT" time="245.770" errors="0">
  <testcase name="DoLogin" time="48.680" classname="Tests.CheckOutByCoponTest"/>
  <testcase name="SearchStylist" time="15.361" classname="Tests.CheckOutByCoponTest"/>
  <testcase name="SelectEvents" time="36.643" classname="Tests.CheckOutByCoponTest"/>
  <testcase name="SelectSession" time="145.086" classname="Tests.CheckOutByCoponTest"/>
</testsuite> <!-- Tests.CheckOutByCoponTest -->
