<?xml version="1.0" encoding="UTF-8"?>
<!-- Generated by org.testng.reporters.JUnitReportReporter -->
<testsuite skipped="0" hostname="yinons-MBP" name="Tests.EditStyleForWomenTests" tests="2" failures="0" timestamp="10 Apr 2018 19:29:47 GMT" time="1263.794" errors="0">
  <testcase name="DoSignUp" time="171.484" classname="Tests.EditStyleForWomenTests"/>
  <testcase name="OpenEditStyleTab" time="1092.310" classname="Tests.EditStyleForWomenTests"/>
</testsuite> <!-- Tests.EditStyleForWomenTests -->
