<?xml version="1.0" encoding="UTF-8"?>
<!-- Generated by org.testng.reporters.JUnitReportReporter -->
<testsuite skipped="0" hostname="yinons-MBP" name="Tests.ChatTest" tests="2" failures="0" timestamp="10 May 2018 10:12:14 GMT" time="360.048" errors="0">
  <testcase name="StylistSendToClient" time="199.647" classname="Tests.ChatTest"/>
  <testcase name="ClientToStylist" time="160.401" classname="Tests.ChatTest"/>
</testsuite> <!-- Tests.ChatTest -->
