<?xml version="1.0" encoding="UTF-8"?>
<!-- Generated by org.testng.reporters.JUnitReportReporter -->
<testsuite skipped="0" hostname="yinons-MBP" name="Tests.ChatTest" tests="2" failures="0" timestamp="28 May 2018 10:18:04 GMT" time="369.740" errors="0">
  <testcase name="StylistSendToClient" time="210.913" classname="Tests.ChatTest"/>
  <testcase name="ClientToStylist" time="158.827" classname="Tests.ChatTest"/>
</testsuite> <!-- Tests.ChatTest -->
