<?xml version="1.0" encoding="UTF-8"?>
<!-- Generated by org.testng.reporters.JUnitReportReporter -->
<testsuite skipped="0" hostname="yinons-MBP" name="Tests.ChatTest" tests="2" failures="0" timestamp="22 Jun 2018 01:26:42 GMT" time="555.616" errors="0">
  <testcase name="StylistSendToClient" time="309.453" classname="Tests.ChatTest"/>
  <testcase name="ClientToStylist" time="246.163" classname="Tests.ChatTest"/>
</testsuite> <!-- Tests.ChatTest -->
