<?xml version="1.0" encoding="UTF-8"?>
<!-- Generated by org.testng.reporters.JUnitReportReporter -->
<testsuite skipped="0" hostname="yinons-MBP" name="Tests.SignUpTest" tests="4" failures="0" timestamp="24 Apr 2018 12:18:49 GMT" time="236.959" errors="0">
  <testcase name="Signupwithoutshtudel" time="27.379" classname="Tests.SignUpTest"/>
  <testcase name="SignupwithoutDotCom" time="70.646" classname="Tests.SignUpTest"/>
  <testcase name="FillPsswordWithLessthan6Characters" time="73.201" classname="Tests.SignUpTest"/>
  <testcase name="DoSignUp" time="65.733" classname="Tests.SignUpTest"/>
</testsuite> <!-- Tests.SignUpTest -->
