<?xml version="1.0" encoding="UTF-8"?>
<!-- Generated by org.testng.reporters.JUnitReportReporter -->
<testsuite skipped="0" hostname="yinons-MBP" name="Tests.SignUpByFacbookTest" tests="5" failures="0" timestamp="06 Jun 2018 14:31:05 GMT" time="68.567" errors="0">
  <testcase name="LoginWithFacbookWrongUserName" time="22.973" classname="Tests.SignUpByFacbookTest"/>
  <testcase name="LoginWithFacbookWrongPassword" time="6.501" classname="Tests.SignUpByFacbookTest"/>
  <testcase name="LoginWithFacbookWithoutPassword" time="6.454" classname="Tests.SignUpByFacbookTest"/>
  <testcase name="LoginWithFacbookWithoutUser" time="4.347" classname="Tests.SignUpByFacbookTest"/>
  <testcase name="DoLoginWithFacbook" time="28.292" classname="Tests.SignUpByFacbookTest"/>
</testsuite> <!-- Tests.SignUpByFacbookTest -->
