<?xml version="1.0" encoding="UTF-8"?>
<!-- Generated by org.testng.reporters.JUnitReportReporter -->
<testsuite skipped="0" hostname="yinons-MBP" name="Tests.QuickQuizForWomenTest" tests="5" failures="0" timestamp="01 Aug 2018 09:10:38 GMT" time="239.528" errors="0">
  <testcase name="DoLogin" time="46.402" classname="Tests.QuickQuizForWomenTest"/>
  <testcase name="SearchStylist" time="11.925" classname="Tests.QuickQuizForWomenTest"/>
  <testcase name="SelectEvents" time="32.568" classname="Tests.QuickQuizForWomenTest"/>
  <testcase name="SelectSession" time="17.025" classname="Tests.QuickQuizForWomenTest"/>
  <testcase name="CompileBooking" time="131.608" classname="Tests.QuickQuizForWomenTest"/>
</testsuite> <!-- Tests.QuickQuizForWomenTest -->
