<?xml version="1.0" encoding="UTF-8"?>
<!-- Generated by org.testng.reporters.JUnitReportReporter -->
<testsuite skipped="0" hostname="yinons-MBP" name="Tests.CheckOutSingleTest" tests="5" failures="0" timestamp="30 Apr 2018 14:04:06 GMT" time="138.147" errors="0">
  <testcase name="DoLogin" time="29.227" classname="Tests.CheckOutSingleTest"/>
  <testcase name="SearchStylist" time="15.528" classname="Tests.CheckOutSingleTest"/>
  <testcase name="SelectEvents" time="35.630" classname="Tests.CheckOutSingleTest"/>
  <testcase name="SelectSession" time="8.452" classname="Tests.CheckOutSingleTest"/>
  <testcase name="CompileBooking" time="49.310" classname="Tests.CheckOutSingleTest"/>
</testsuite> <!-- Tests.CheckOutSingleTest -->
