<?xml version="1.0" encoding="UTF-8"?>
<!-- Generated by org.testng.reporters.JUnitReportReporter -->
<testsuite skipped="0" hostname="yinons-MBP" name="Tests.QuizForWomenTest" tests="19" failures="0" timestamp="30 Apr 2018 16:09:11 GMT" time="507.597" errors="0">
  <testcase name="DoSignUp" time="142.769" classname="Tests.QuizForWomenTest"/>
  <testcase name="SearchStylist" time="21.347" classname="Tests.QuizForWomenTest"/>
  <testcase name="SelectEvents" time="41.149" classname="Tests.QuizForWomenTest"/>
  <testcase name="SelectSession" time="50.647" classname="Tests.QuizForWomenTest"/>
  <testcase name="SelectBodyType" time="15.950" classname="Tests.QuizForWomenTest"/>
  <testcase name="SelectHeight" time="1.498" classname="Tests.QuizForWomenTest"/>
  <testcase name="SelectSize" time="32.749" classname="Tests.QuizForWomenTest"/>
  <testcase name="SelectColor" time="20.299" classname="Tests.QuizForWomenTest"/>
  <testcase name="SelectFabrics" time="15.749" classname="Tests.QuizForWomenTest"/>
  <testcase name="SelectFitTop" time="2.901" classname="Tests.QuizForWomenTest"/>
  <testcase name="SelectFitBottom" time="4.598" classname="Tests.QuizForWomenTest"/>
  <testcase name="SelectJeansp" time="5.349" classname="Tests.QuizForWomenTest"/>
  <testcase name="SelectHeels" time="13.755" classname="Tests.QuizForWomenTest"/>
  <testcase name="SelectJewelry" time="14.942" classname="Tests.QuizForWomenTest"/>
  <testcase name="SelectHighlights" time="9.602" classname="Tests.QuizForWomenTest"/>
  <testcase name="SelectZone" time="16.946" classname="Tests.QuizForWomenTest"/>
  <testcase name="SelectClothingPreferences" time="23.658" classname="Tests.QuizForWomenTest"/>
  <testcase name="SelectClothingCategories" time="27.489" classname="Tests.QuizForWomenTest"/>
  <testcase name="SelectYourCloset" time="46.200" classname="Tests.QuizForWomenTest"/>
</testsuite> <!-- Tests.QuizForWomenTest -->
