<?xml version="1.0" encoding="UTF-8"?>
<!-- Generated by org.testng.reporters.JUnitReportReporter -->
<testsuite skipped="0" hostname="yinons-MBP" name="Tests.BestMutch" tests="7" failures="0" timestamp="17 Jun 2018 06:14:38 GMT" time="1288.491" errors="0">
  <testcase name="BestMatchCheepFamle" time="172.913" classname="Tests.BestMutch"/>
  <testcase name="BestMatchFeMaleExpensive" time="197.475" classname="Tests.BestMutch"/>
  <testcase name="BestMatchFeMaleNormal" time="195.129" classname="Tests.BestMutch"/>
  <testcase name="BestMatchFeMaleCheepExpensive" time="195.382" classname="Tests.BestMutch"/>
  <testcase name="BestMatchExpensiveMale" time="173.318" classname="Tests.BestMutch"/>
  <testcase name="BestMatchNormalMale" time="179.874" classname="Tests.BestMutch"/>
  <testcase name="BestMatchCheepMale" time="174.400" classname="Tests.BestMutch"/>
</testsuite> <!-- Tests.BestMutch -->
