<?xml version="1.0" encoding="UTF-8"?>
<!-- Generated by org.testng.reporters.JUnitReportReporter -->
<testsuite skipped="0" hostname="yinons-MBP" name="Tests.EditStyleForWomenTests" tests="17" failures="0" timestamp="03 May 2018 02:05:43 GMT" time="1144.552" errors="0">
  <testcase name="DoSignUp" time="158.208" classname="Tests.EditStyleForWomenTests"/>
  <testcase name="EditSize" time="54.399" classname="Tests.EditStyleForWomenTests"/>
  <testcase name="EditBodyType" time="38.148" classname="Tests.EditStyleForWomenTests"/>
  <testcase name="EditHeight" time="36.651" classname="Tests.EditStyleForWomenTests"/>
  <testcase name="EditStyle" time="65.000" classname="Tests.EditStyleForWomenTests"/>
  <testcase name="EditHighlights" time="92.550" classname="Tests.EditStyleForWomenTests"/>
  <testcase name="EditFitBottom" time="38.999" classname="Tests.EditStyleForWomenTests"/>
  <testcase name="EditHeels" time="41.649" classname="Tests.EditStyleForWomenTests"/>
  <testcase name="EditJeans" time="40.900" classname="Tests.EditStyleForWomenTests"/>
  <testcase name="EditFitTop" time="42.250" classname="Tests.EditStyleForWomenTests"/>
  <testcase name="EditFabric" time="59.757" classname="Tests.EditStyleForWomenTests"/>
  <testcase name="EditBudget" time="67.842" classname="Tests.EditStyleForWomenTests"/>
  <testcase name="EditColor" time="44.999" classname="Tests.EditStyleForWomenTests"/>
  <testcase name="EditJewelry" time="57.201" classname="Tests.EditStyleForWomenTests"/>
  <testcase name="EditZone" time="50.099" classname="Tests.EditStyleForWomenTests"/>
  <testcase name="EditBrands" time="85.458" classname="Tests.EditStyleForWomenTests"/>
  <testcase name="EditSocialMedia" time="170.442" classname="Tests.EditStyleForWomenTests"/>
</testsuite> <!-- Tests.EditStyleForWomenTests -->
