<?xml version="1.0" encoding="UTF-8"?>
<!-- Generated by org.testng.reporters.JUnitReportReporter -->
<testsuite skipped="0" hostname="yinons-MBP" name="Tests.SignUpTest" tests="4" failures="0" timestamp="03 May 2018 02:05:43 GMT" time="210.229" errors="0">
  <testcase name="Signupwithoutshtudel" time="25.070" classname="Tests.SignUpTest"/>
  <testcase name="SignupwithoutDotCom" time="69.009" classname="Tests.SignUpTest"/>
  <testcase name="FillPsswordWithLessthan6Characters" time="70.555" classname="Tests.SignUpTest"/>
  <testcase name="DoSignUp" time="45.595" classname="Tests.SignUpTest"/>
</testsuite> <!-- Tests.SignUpTest -->
