<?xml version="1.0" encoding="UTF-8"?>
<!-- Generated by org.testng.reporters.JUnitReportReporter -->
<testsuite skipped="0" hostname="yinons-MBP" name="Tests.SignUpTest" tests="1" failures="0" timestamp="06 Jun 2018 09:53:12 GMT" time="34.821" errors="0">
  <testcase name="DoSignUp" time="34.821" classname="Tests.SignUpTest"/>
</testsuite> <!-- Tests.SignUpTest -->
