<?xml version="1.0" encoding="UTF-8"?>
<!-- Generated by org.testng.reporters.JUnitReportReporter -->
<testsuite skipped="0" hostname="yinons-MBP" name="Tests.QuickQuizForMenTest" tests="6" failures="0" timestamp="22 Jun 2018 01:26:42 GMT" time="211.627" errors="0">
  <testcase name="DoLogin" time="46.978" classname="Tests.QuickQuizForMenTest"/>
  <testcase name="SearchStylist" time="12.152" classname="Tests.QuickQuizForMenTest"/>
  <testcase name="SelectEvents" time="36.375" classname="Tests.QuickQuizForMenTest"/>
  <testcase name="SelectSession" time="17.990" classname="Tests.QuickQuizForMenTest"/>
  <testcase name="CompileBooking" time="26.590" classname="Tests.QuickQuizForMenTest"/>
  <testcase name="MadeQuiz" time="71.542" classname="Tests.QuickQuizForMenTest"/>
</testsuite> <!-- Tests.QuickQuizForMenTest -->
