<?xml version="1.0" encoding="UTF-8"?>
<!-- Generated by org.testng.reporters.JUnitReportReporter -->
<testsuite skipped="0" hostname="yinons-MBP" name="Tests.ContactStylistTest" tests="2" failures="0" timestamp="04 Aug 2018 23:21:28 GMT" time="359.563" errors="0">
  <testcase name="StylistSendToClient" time="177.054" classname="Tests.ContactStylistTest"/>
  <testcase name="ClientToStylist" time="182.509" classname="Tests.ContactStylistTest"/>
</testsuite> <!-- Tests.ContactStylistTest -->
