<?xml version="1.0" encoding="UTF-8"?>
<!-- Generated by org.testng.reporters.JUnitReportReporter -->
<testsuite skipped="0" hostname="yinons-MBP" name="Tests.CheckOutMounthTest" tests="5" failures="0" timestamp="22 Jun 2018 01:26:42 GMT" time="236.803" errors="0">
  <testcase name="DoLogin" time="47.073" classname="Tests.CheckOutMounthTest"/>
  <testcase name="SearchStylist" time="13.688" classname="Tests.CheckOutMounthTest"/>
  <testcase name="SelectEvents" time="35.870" classname="Tests.CheckOutMounthTest"/>
  <testcase name="SelectSession" time="20.436" classname="Tests.CheckOutMounthTest"/>
  <testcase name="CompileBooking" time="119.736" classname="Tests.CheckOutMounthTest"/>
</testsuite> <!-- Tests.CheckOutMounthTest -->
