<?xml version="1.0" encoding="UTF-8"?>
<!-- Generated by org.testng.reporters.JUnitReportReporter -->
<testsuite skipped="0" hostname="yinons-MBP" name="Tests.ChatTest" tests="2" failures="0" timestamp="06 Jun 2018 10:34:37 GMT" time="454.380" errors="0">
  <testcase name="StylistSendToClient" time="257.947" classname="Tests.ChatTest"/>
  <testcase name="ClientToStylist" time="196.433" classname="Tests.ChatTest"/>
</testsuite> <!-- Tests.ChatTest -->
