<?xml version="1.0" encoding="UTF-8"?>
<!-- Generated by org.testng.reporters.JUnitReportReporter -->
<testsuite skipped="0" hostname="yinons-MBP" name="Tests.LoginTests" tests="6" failures="0" timestamp="04 Aug 2018 23:21:28 GMT" time="193.167" errors="0">
  <testcase name="FillPasswordWithOutToFillEmail" time="17.808" classname="Tests.LoginTests"/>
  <testcase name="FillPasswordWithOutToFillPassword" time="19.013" classname="Tests.LoginTests"/>
  <testcase name="FillPasswordWithWrongEmail" time="35.668" classname="Tests.LoginTests"/>
  <testcase name="FillPasswordWithWrongPassword" time="38.893" classname="Tests.LoginTests"/>
  <testcase name="ClickLoginwWithOutToFillAnyFields" time="25.461" classname="Tests.LoginTests"/>
  <testcase name="DoLogin" time="56.324" classname="Tests.LoginTests"/>
</testsuite> <!-- Tests.LoginTests -->
