<?xml version="1.0" encoding="UTF-8"?>
<!-- Generated by org.testng.reporters.JUnitReportReporter -->
<testsuite skipped="0" hostname="yinons-MBP" name="Tests.BestMutch" tests="8" failures="0" timestamp="04 Aug 2018 23:21:28 GMT" time="1464.422" errors="0">
  <testcase name="BestMatchCheepFamle" time="174.901" classname="Tests.BestMutch"/>
  <testcase name="BestMatchFeMaleExpensive" time="200.881" classname="Tests.BestMutch"/>
  <testcase name="BestMatchFeMaleNormal" time="199.226" classname="Tests.BestMutch"/>
  <testcase name="BestMatchFeMaleCheepExpensive" time="200.520" classname="Tests.BestMutch"/>
  <testcase name="BestMatchExpensiveMale" time="181.067" classname="Tests.BestMutch"/>
  <testcase name="BestMatchNormalMale" time="187.602" classname="Tests.BestMutch"/>
  <testcase name="BestMatchCheepMale" time="186.538" classname="Tests.BestMutch"/>
  <testcase name="BestMatchSelfIdentity" time="133.687" classname="Tests.BestMutch"/>
</testsuite> <!-- Tests.BestMutch -->
