<?xml version="1.0" encoding="UTF-8"?>
<!-- Generated by org.testng.reporters.JUnitReportReporter -->
<testsuite skipped="0" hostname="yinons-MBP" name="Tests.ContactStylistTest" tests="2" failures="0" timestamp="07 Aug 2018 19:02:09 GMT" time="357.953" errors="0">
  <testcase name="StylistSendToClient" time="174.581" classname="Tests.ContactStylistTest"/>
  <testcase name="ClientToStylist" time="183.372" classname="Tests.ContactStylistTest"/>
</testsuite> <!-- Tests.ContactStylistTest -->
