<?xml version="1.0" encoding="UTF-8"?>
<!-- Generated by org.testng.reporters.JUnitReportReporter -->
<testsuite skipped="0" hostname="yinons-MBP" name="Tests.CheckOutSingleTest" tests="5" failures="0" timestamp="28 May 2018 10:18:04 GMT" time="291.027" errors="0">
  <testcase name="DoLogin" time="32.044" classname="Tests.CheckOutSingleTest"/>
  <testcase name="SearchStylist" time="28.003" classname="Tests.CheckOutSingleTest"/>
  <testcase name="SelectEvents" time="30.861" classname="Tests.CheckOutSingleTest"/>
  <testcase name="SelectSession" time="29.067" classname="Tests.CheckOutSingleTest"/>
  <testcase name="CompileBooking" time="171.052" classname="Tests.CheckOutSingleTest"/>
</testsuite> <!-- Tests.CheckOutSingleTest -->
