<?xml version="1.0" encoding="UTF-8"?>
<!-- Generated by org.testng.reporters.JUnitReportReporter -->
<testsuite skipped="0" hostname="yinons-MBP" name="Tests.CheckOutTest" tests="5" failures="0" timestamp="12 Apr 2018 14:16:26 GMT" time="223.524" errors="0">
  <testcase name="DoLogin" time="34.781" classname="Tests.CheckOutTest"/>
  <testcase name="SearchStylist" time="20.592" classname="Tests.CheckOutTest"/>
  <testcase name="SelectEvents" time="43.299" classname="Tests.CheckOutTest"/>
  <testcase name="SelectSession" time="21.299" classname="Tests.CheckOutTest"/>
  <testcase name="CompileBooking" time="103.553" classname="Tests.CheckOutTest"/>
</testsuite> <!-- Tests.CheckOutTest -->
