<?xml version="1.0" encoding="UTF-8"?>
<!-- Generated by org.testng.reporters.JUnitReportReporter -->
<testsuite skipped="0" hostname="yinons-MBP" name="Tests.QuizForWomenTest" tests="20" failures="0" timestamp="28 May 2018 10:18:04 GMT" time="473.056" errors="0">
  <testcase name="DoSignUp" time="137.321" classname="Tests.QuizForWomenTest"/>
  <testcase name="SearchStylist" time="33.291" classname="Tests.QuizForWomenTest"/>
  <testcase name="SelectEvents" time="35.748" classname="Tests.QuizForWomenTest"/>
  <testcase name="SelectSession" time="23.348" classname="Tests.QuizForWomenTest"/>
  <testcase name="SelectCountry" time="43.400" classname="Tests.QuizForWomenTest"/>
  <testcase name="SelectBodyType" time="4.150" classname="Tests.QuizForWomenTest"/>
  <testcase name="SelectHeight" time="5.051" classname="Tests.QuizForWomenTest"/>
  <testcase name="SelectSize" time="22.306" classname="Tests.QuizForWomenTest"/>
  <testcase name="SelectColor" time="19.591" classname="Tests.QuizForWomenTest"/>
  <testcase name="SelectFabrics" time="8.350" classname="Tests.QuizForWomenTest"/>
  <testcase name="SelectFitTop" time="5.500" classname="Tests.QuizForWomenTest"/>
  <testcase name="SelectFitBottom" time="7.305" classname="Tests.QuizForWomenTest"/>
  <testcase name="SelectJeansp" time="10.644" classname="Tests.QuizForWomenTest"/>
  <testcase name="SelectHeels" time="16.048" classname="Tests.QuizForWomenTest"/>
  <testcase name="SelectJewelry" time="12.162" classname="Tests.QuizForWomenTest"/>
  <testcase name="SelectHighlights" time="11.643" classname="Tests.QuizForWomenTest"/>
  <testcase name="SelectZone" time="5.150" classname="Tests.QuizForWomenTest"/>
  <testcase name="SelectClothingPreferences" time="25.054" classname="Tests.QuizForWomenTest"/>
  <testcase name="SelectClothingCategories" time="14.491" classname="Tests.QuizForWomenTest"/>
  <testcase name="SelectYourCloset" time="32.503" classname="Tests.QuizForWomenTest"/>
</testsuite> <!-- Tests.QuizForWomenTest -->
