<?xml version="1.0" encoding="UTF-8"?>
<!-- Generated by org.testng.reporters.JUnitReportReporter -->
<testsuite skipped="0" hostname="yinons-MBP" name="Tests.CheckOutSingleTest" tests="5" failures="0" timestamp="17 Jun 2018 06:14:38 GMT" time="244.124" errors="0">
  <testcase name="DoLogin" time="47.344" classname="Tests.CheckOutSingleTest"/>
  <testcase name="SearchStylist" time="15.399" classname="Tests.CheckOutSingleTest"/>
  <testcase name="SelectEvents" time="32.873" classname="Tests.CheckOutSingleTest"/>
  <testcase name="SelectSession" time="16.993" classname="Tests.CheckOutSingleTest"/>
  <testcase name="CompileBooking" time="131.515" classname="Tests.CheckOutSingleTest"/>
</testsuite> <!-- Tests.CheckOutSingleTest -->
