<?xml version="1.0" encoding="UTF-8"?>
<!-- Generated by org.testng.reporters.JUnitReportReporter -->
<testsuite hostname="yinons-MacBook-Pro.local" failures="0" tests="2" name="Tests.ChatTest" time="300.562" errors="0" timestamp="23 Jan 2018 14:22:31 GMT" skipped="0">
  <testcase classname="Tests.ChatTest" name="StylistSendToClient" time="154.815"/>
  <testcase classname="Tests.ChatTest" name="ClientToStylist" time="145.747"/>
</testsuite> <!-- Tests.ChatTest -->
