<?xml version="1.0" encoding="UTF-8"?>
<!-- Generated by org.testng.reporters.JUnitReportReporter -->
<testsuite skipped="0" hostname="yinons-MBP" name="Tests.EditStyleForWomenTests" tests="16" failures="0" timestamp="17 Jun 2018 06:14:38 GMT" time="1098.065" errors="0">
  <testcase name="DoSignUp" time="203.417" classname="Tests.EditStyleForWomenTests"/>
  <testcase name="EditSize" time="78.482" classname="Tests.EditStyleForWomenTests"/>
  <testcase name="EditBodyType" time="27.867" classname="Tests.EditStyleForWomenTests"/>
  <testcase name="EditHeight" time="28.206" classname="Tests.EditStyleForWomenTests"/>
  <testcase name="EditHighlights" time="62.177" classname="Tests.EditStyleForWomenTests"/>
  <testcase name="EditFitBottom" time="28.597" classname="Tests.EditStyleForWomenTests"/>
  <testcase name="EditHeels" time="28.845" classname="Tests.EditStyleForWomenTests"/>
  <testcase name="EditFitTop" time="29.208" classname="Tests.EditStyleForWomenTests"/>
  <testcase name="EditJeans" time="46.603" classname="Tests.EditStyleForWomenTests"/>
  <testcase name="EditFabric" time="52.934" classname="Tests.EditStyleForWomenTests"/>
  <testcase name="EditBudget" time="75.521" classname="Tests.EditStyleForWomenTests"/>
  <testcase name="EditColor" time="62.274" classname="Tests.EditStyleForWomenTests"/>
  <testcase name="EditJewelry" time="55.125" classname="Tests.EditStyleForWomenTests"/>
  <testcase name="EditZone" time="59.477" classname="Tests.EditStyleForWomenTests"/>
  <testcase name="EditBrands" time="70.173" classname="Tests.EditStyleForWomenTests"/>
  <testcase name="EditSocialMedia" time="189.159" classname="Tests.EditStyleForWomenTests"/>
</testsuite> <!-- Tests.EditStyleForWomenTests -->
