<?xml version="1.0" encoding="UTF-8"?>
<!-- Generated by org.testng.reporters.JUnitReportReporter -->
<testsuite skipped="0" hostname="yinons-MBP" name="Tests.SignUpByFacbookTest" tests="5" failures="0" timestamp="24 Apr 2018 12:18:49 GMT" time="72.242" errors="0">
  <testcase name="LoginWithFacbookWrongUserName" time="17.423" classname="Tests.SignUpByFacbookTest"/>
  <testcase name="LoginWithFacbookWrongPassword" time="8.686" classname="Tests.SignUpByFacbookTest"/>
  <testcase name="LoginWithFacbookWithoutPassword" time="7.611" classname="Tests.SignUpByFacbookTest"/>
  <testcase name="LoginWithFacbookWithoutUser" time="5.379" classname="Tests.SignUpByFacbookTest"/>
  <testcase name="DoLoginWithFacbook" time="33.143" classname="Tests.SignUpByFacbookTest"/>
</testsuite> <!-- Tests.SignUpByFacbookTest -->
