<?xml version="1.0" encoding="UTF-8"?>
<!-- Generated by org.testng.reporters.JUnitReportReporter -->
<testsuite skipped="0" hostname="yinons-MBP" name="Tests.ReviseItems" tests="17" failures="0" timestamp="28 May 2018 10:18:04 GMT" time="2016.755" errors="0">
  <testcase name="DoLogin" time="31.763" classname="Tests.ReviseItems"/>
  <testcase name="SearchStylist" time="29.306" classname="Tests.ReviseItems"/>
  <testcase name="SelectEvents" time="29.968" classname="Tests.ReviseItems"/>
  <testcase name="SelectSession" time="78.887" classname="Tests.ReviseItems"/>
  <testcase name="CompileBooking" time="108.561" classname="Tests.ReviseItems"/>
  <testcase name="CreateMoodBoard" time="162.118" classname="Tests.ReviseItems"/>
  <testcase name="VerifyMoodBoard" time="98.483" classname="Tests.ReviseItems"/>
  <testcase name="CreateLook" time="187.512" classname="Tests.ReviseItems"/>
  <testcase name="AskReviseLook" time="164.299" classname="Tests.ReviseItems"/>
  <testcase name="CreateReviseLook" time="149.311" classname="Tests.ReviseItems"/>
  <testcase name="VerifyCreateLook" time="113.713" classname="Tests.ReviseItems"/>
  <testcase name="CreateMoodBoard2" time="149.233" classname="Tests.ReviseItems"/>
  <testcase name="VerifyMoodBoard2" time="97.669" classname="Tests.ReviseItems"/>
  <testcase name="CreateLook2" time="179.824" classname="Tests.ReviseItems"/>
  <testcase name="VerifyCreateLook2" time="170.193" classname="Tests.ReviseItems"/>
  <testcase name="CreateReviseLook2" time="147.585" classname="Tests.ReviseItems"/>
  <testcase name="VerifyCreateLookrevise2" time="118.330" classname="Tests.ReviseItems"/>
</testsuite> <!-- Tests.ReviseItems -->
