<?xml version="1.0" encoding="UTF-8"?>
<!-- Generated by org.testng.reporters.JUnitReportReporter -->
<testsuite skipped="0" hostname="yinons-MBP" name="Tests.EditStyleForWomenTests" tests="16" failures="0" timestamp="04 Aug 2018 23:21:28 GMT" time="1101.267" errors="0">
  <testcase name="DoSignUp" time="222.913" classname="Tests.EditStyleForWomenTests"/>
  <testcase name="EditSize" time="78.568" classname="Tests.EditStyleForWomenTests"/>
  <testcase name="EditBodyType" time="27.849" classname="Tests.EditStyleForWomenTests"/>
  <testcase name="EditHeight" time="27.950" classname="Tests.EditStyleForWomenTests"/>
  <testcase name="EditHighlights" time="62.204" classname="Tests.EditStyleForWomenTests"/>
  <testcase name="EditHeels" time="28.744" classname="Tests.EditStyleForWomenTests"/>
  <testcase name="EditFitBottom" time="28.600" classname="Tests.EditStyleForWomenTests"/>
  <testcase name="EditFitTop" time="29.001" classname="Tests.EditStyleForWomenTests"/>
  <testcase name="EditJeans" time="46.361" classname="Tests.EditStyleForWomenTests"/>
  <testcase name="EditFabric" time="51.975" classname="Tests.EditStyleForWomenTests"/>
  <testcase name="EditBudget" time="73.880" classname="Tests.EditStyleForWomenTests"/>
  <testcase name="EditColor" time="60.735" classname="Tests.EditStyleForWomenTests"/>
  <testcase name="EditJewelry" time="54.009" classname="Tests.EditStyleForWomenTests"/>
  <testcase name="EditZone" time="58.050" classname="Tests.EditStyleForWomenTests"/>
  <testcase name="EditBrands" time="67.925" classname="Tests.EditStyleForWomenTests"/>
  <testcase name="EditSocialMedia" time="182.503" classname="Tests.EditStyleForWomenTests"/>
</testsuite> <!-- Tests.EditStyleForWomenTests -->
