<?xml version="1.0" encoding="UTF-8"?>
<!-- Generated by org.testng.reporters.JUnitReportReporter -->
<testsuite skipped="0" hostname="yinons-MBP" name="Tests.ReviseItems" tests="17" failures="0" timestamp="17 Jun 2018 06:14:38 GMT" time="2020.119" errors="0">
  <testcase name="DoLogin" time="47.648" classname="Tests.ReviseItems"/>
  <testcase name="SearchStylist" time="16.117" classname="Tests.ReviseItems"/>
  <testcase name="SelectEvents" time="32.477" classname="Tests.ReviseItems"/>
  <testcase name="SelectSession" time="42.622" classname="Tests.ReviseItems"/>
  <testcase name="CompileBooking" time="107.822" classname="Tests.ReviseItems"/>
  <testcase name="CreateMoodBoard" time="131.366" classname="Tests.ReviseItems"/>
  <testcase name="VerifyMoodBoard" time="123.315" classname="Tests.ReviseItems"/>
  <testcase name="CreateLook" time="154.413" classname="Tests.ReviseItems"/>
  <testcase name="AskReviseLook" time="212.132" classname="Tests.ReviseItems"/>
  <testcase name="CreateReviseLook" time="120.457" classname="Tests.ReviseItems"/>
  <testcase name="VerifyCreateLook" time="140.431" classname="Tests.ReviseItems"/>
  <testcase name="CreateMoodBoard2" time="119.080" classname="Tests.ReviseItems"/>
  <testcase name="VerifyMoodBoard2" time="124.792" classname="Tests.ReviseItems"/>
  <testcase name="CreateLook2" time="157.904" classname="Tests.ReviseItems"/>
  <testcase name="VerifyCreateLook2" time="228.982" classname="Tests.ReviseItems"/>
  <testcase name="CreateReviseLook2" time="118.440" classname="Tests.ReviseItems"/>
  <testcase name="VerifyCreateLookrevise2" time="142.121" classname="Tests.ReviseItems"/>
</testsuite> <!-- Tests.ReviseItems -->
