<?xml version="1.0" encoding="UTF-8"?>
<!-- Generated by org.testng.reporters.JUnitReportReporter -->
<testsuite skipped="0" hostname="yinons-MBP" name="Tests.ChatTest" tests="2" failures="0" timestamp="24 Apr 2018 12:18:49 GMT" time="370.826" errors="0">
  <testcase name="StylistSendToClient" time="190.352" classname="Tests.ChatTest"/>
  <testcase name="ClientToStylist" time="180.474" classname="Tests.ChatTest"/>
</testsuite> <!-- Tests.ChatTest -->
