<?xml version="1.0" encoding="UTF-8"?>
<!-- Generated by org.testng.reporters.JUnitReportReporter -->
<testsuite skipped="0" hostname="yinons-MBP" name="Tests.EditStyleForMenTests" tests="12" failures="0" timestamp="22 Jun 2018 01:26:42 GMT" time="971.239" errors="0">
  <testcase name="DoSignUp" time="192.270" classname="Tests.EditStyleForMenTests"/>
  <testcase name="EditSize" time="81.861" classname="Tests.EditStyleForMenTests"/>
  <testcase name="EditHeight" time="35.981" classname="Tests.EditStyleForMenTests"/>
  <testcase name="EditBodyType" time="36.171" classname="Tests.EditStyleForMenTests"/>
  <testcase name="EditFitTop" time="36.030" classname="Tests.EditStyleForMenTests"/>
  <testcase name="EditFitBottom" time="36.311" classname="Tests.EditStyleForMenTests"/>
  <testcase name="EditBudget" time="66.770" classname="Tests.EditStyleForMenTests"/>
  <testcase name="EditColor" time="51.875" classname="Tests.EditStyleForMenTests"/>
  <testcase name="EditJewelry" time="52.117" classname="Tests.EditStyleForMenTests"/>
  <testcase name="EditZone" time="63.635" classname="Tests.EditStyleForMenTests"/>
  <testcase name="EditBrands" time="79.540" classname="Tests.EditStyleForMenTests"/>
  <testcase name="EditSocialMedia" time="238.678" classname="Tests.EditStyleForMenTests"/>
</testsuite> <!-- Tests.EditStyleForMenTests -->
