<?xml version="1.0" encoding="UTF-8"?>
<!-- Generated by org.testng.reporters.JUnitReportReporter -->
<testsuite skipped="0" hostname="yinons-MBP" name="Tests.QuizForSelfIdentityTest" tests="20" failures="0" timestamp="18 Jun 2018 12:45:16 GMT" time="488.902" errors="0">
  <testcase name="DoSignUp" time="128.820" classname="Tests.QuizForSelfIdentityTest"/>
  <testcase name="SearchStylist" time="11.332" classname="Tests.QuizForSelfIdentityTest"/>
  <testcase name="SelectEvents" time="31.941" classname="Tests.QuizForSelfIdentityTest"/>
  <testcase name="SelectSession" time="39.913" classname="Tests.QuizForSelfIdentityTest"/>
  <testcase name="SelectCountry" time="38.480" classname="Tests.QuizForSelfIdentityTest"/>
  <testcase name="SelectBodyType" time="6.659" classname="Tests.QuizForSelfIdentityTest"/>
  <testcase name="SelectHeight" time="6.537" classname="Tests.QuizForSelfIdentityTest"/>
  <testcase name="SelectSize" time="47.297" classname="Tests.QuizForSelfIdentityTest"/>
  <testcase name="SelectColor" time="24.671" classname="Tests.QuizForSelfIdentityTest"/>
  <testcase name="SelectFabrics" time="11.833" classname="Tests.QuizForSelfIdentityTest"/>
  <testcase name="SelectFitTop" time="10.329" classname="Tests.QuizForSelfIdentityTest"/>
  <testcase name="SelectFitBottom" time="11.757" classname="Tests.QuizForSelfIdentityTest"/>
  <testcase name="SelectJeansp" time="17.160" classname="Tests.QuizForSelfIdentityTest"/>
  <testcase name="SelectHeels" time="6.670" classname="Tests.QuizForSelfIdentityTest"/>
  <testcase name="SelectJewelry" time="16.920" classname="Tests.QuizForSelfIdentityTest"/>
  <testcase name="SelectHighlights" time="16.939" classname="Tests.QuizForSelfIdentityTest"/>
  <testcase name="SelectZone" time="6.553" classname="Tests.QuizForSelfIdentityTest"/>
  <testcase name="SelectClothingPreferences" time="6.546" classname="Tests.QuizForSelfIdentityTest"/>
  <testcase name="SelectClothingCategories" time="17.502" classname="Tests.QuizForSelfIdentityTest"/>
  <testcase name="SelectYourCloset" time="31.043" classname="Tests.QuizForSelfIdentityTest"/>
</testsuite> <!-- Tests.QuizForSelfIdentityTest -->
