<?xml version="1.0" encoding="UTF-8"?>
<!-- Generated by org.testng.reporters.JUnitReportReporter -->
<testsuite skipped="0" hostname="yinons-MBP" name="Tests.EndSessionTest" tests="20" failures="0" timestamp="22 Jun 2018 01:26:42 GMT" time="2212.467" errors="0">
  <testcase name="DoLogin" time="48.113" classname="Tests.EndSessionTest"/>
  <testcase name="SearchStylist" time="14.243" classname="Tests.EndSessionTest"/>
  <testcase name="SelectEvents" time="35.957" classname="Tests.EndSessionTest"/>
  <testcase name="SelectSession" time="43.765" classname="Tests.EndSessionTest"/>
  <testcase name="CompileBooking" time="105.947" classname="Tests.EndSessionTest"/>
  <testcase name="CreateMoodBoard" time="129.193" classname="Tests.EndSessionTest"/>
  <testcase name="VerifyMoodBoard" time="124.512" classname="Tests.EndSessionTest"/>
  <testcase name="CreateLook" time="148.580" classname="Tests.EndSessionTest"/>
  <testcase name="VerifyCreateLook" time="145.380" classname="Tests.EndSessionTest"/>
  <testcase name="CreateMoodBoard2" time="113.703" classname="Tests.EndSessionTest"/>
  <testcase name="VerifyMoodBoard2" time="128.434" classname="Tests.EndSessionTest"/>
  <testcase name="CreateLook2" time="150.750" classname="Tests.EndSessionTest"/>
  <testcase name="VerifyCreateLook2" time="150.317" classname="Tests.EndSessionTest"/>
  <testcase name="CreateMoodBoard3" time="120.393" classname="Tests.EndSessionTest"/>
  <testcase name="VerifyMoodBoard3" time="130.751" classname="Tests.EndSessionTest"/>
  <testcase name="CreateLook3" time="158.109" classname="Tests.EndSessionTest"/>
  <testcase name="VerifyCreateLook3" time="133.987" classname="Tests.EndSessionTest"/>
  <testcase name="EndSession" time="109.425" classname="Tests.EndSessionTest"/>
  <testcase name="ClientEndSession" time="148.233" classname="Tests.EndSessionTest"/>
  <testcase name="VerifyEndSession" time="72.675" classname="Tests.EndSessionTest"/>
</testsuite> <!-- Tests.EndSessionTest -->
