<?xml version="1.0" encoding="UTF-8"?>
<!-- Generated by org.testng.reporters.JUnitReportReporter -->
<testsuite skipped="0" hostname="yinons-MBP" name="Tests.LoginTests" tests="6" failures="0" timestamp="29 Jun 2018 00:51:12 GMT" time="190.171" errors="0">
  <testcase name="FillPasswordWithOutToFillEmail" time="17.440" classname="Tests.LoginTests"/>
  <testcase name="FillPasswordWithOutToFillPassword" time="18.571" classname="Tests.LoginTests"/>
  <testcase name="FillPasswordWithWrongEmail" time="35.041" classname="Tests.LoginTests"/>
  <testcase name="FillPasswordWithWrongPassword" time="38.644" classname="Tests.LoginTests"/>
  <testcase name="ClickLoginwWithOutToFillAnyFields" time="25.086" classname="Tests.LoginTests"/>
  <testcase name="DoLogin" time="55.389" classname="Tests.LoginTests"/>
</testsuite> <!-- Tests.LoginTests -->
