<?xml version="1.0" encoding="UTF-8"?>
<!-- Generated by org.testng.reporters.JUnitReportReporter -->
<testsuite skipped="0" hostname="yinons-MBP" name="Tests.ReviseItems" tests="22" failures="0" timestamp="03 May 2018 02:05:43 GMT" time="1742.858" errors="0">
  <testcase name="DoLogin" time="29.084" classname="Tests.ReviseItems"/>
  <testcase name="SearchStylist" time="15.483" classname="Tests.ReviseItems"/>
  <testcase name="SelectEvents" time="32.177" classname="Tests.ReviseItems"/>
  <testcase name="SelectSession" time="19.917" classname="Tests.ReviseItems"/>
  <testcase name="CompileBooking" time="49.003" classname="Tests.ReviseItems"/>
  <testcase name="CreateMoodBoard" time="108.041" classname="Tests.ReviseItems"/>
  <testcase name="VerifyMoodBoard" time="78.948" classname="Tests.ReviseItems"/>
  <testcase name="CreateLook" time="117.367" classname="Tests.ReviseItems"/>
  <testcase name="AskReviseLook" time="112.085" classname="Tests.ReviseItems"/>
  <testcase name="CreateReviseLook" time="111.694" classname="Tests.ReviseItems"/>
  <testcase name="VerifyCreateLook" time="90.167" classname="Tests.ReviseItems"/>
  <testcase name="CreateMoodBoard2" time="94.684" classname="Tests.ReviseItems"/>
  <testcase name="VerifyMoodBoard2" time="80.802" classname="Tests.ReviseItems"/>
  <testcase name="CreateLook2" time="115.403" classname="Tests.ReviseItems"/>
  <testcase name="VerifyCreateLook2" time="89.791" classname="Tests.ReviseItems"/>
  <testcase name="CreateMoodBoard3" time="95.624" classname="Tests.ReviseItems"/>
  <testcase name="VerifyMoodBoard3" time="83.343" classname="Tests.ReviseItems"/>
  <testcase name="CreateLook3" time="116.125" classname="Tests.ReviseItems"/>
  <testcase name="VerifyCreateLook3" time="80.291" classname="Tests.ReviseItems"/>
  <testcase name="EndSession" time="75.914" classname="Tests.ReviseItems"/>
  <testcase name="ClientEndSession" time="103.619" classname="Tests.ReviseItems"/>
  <testcase name="VerifyEndSession" time="43.296" classname="Tests.ReviseItems"/>
</testsuite> <!-- Tests.ReviseItems -->
