<?xml version="1.0" encoding="UTF-8"?>
<!-- Generated by org.testng.reporters.JUnitReportReporter -->
<testsuite skipped="0" hostname="yinons-MBP" name="Tests.EndSessionTest" tests="20" failures="0" timestamp="28 May 2018 10:18:04 GMT" time="2191.622" errors="0">
  <testcase name="DoLogin" time="32.290" classname="Tests.EndSessionTest"/>
  <testcase name="SearchStylist" time="29.037" classname="Tests.EndSessionTest"/>
  <testcase name="SelectEvents" time="30.028" classname="Tests.EndSessionTest"/>
  <testcase name="SelectSession" time="75.774" classname="Tests.EndSessionTest"/>
  <testcase name="CompileBooking" time="123.206" classname="Tests.EndSessionTest"/>
  <testcase name="CreateMoodBoard" time="161.026" classname="Tests.EndSessionTest"/>
  <testcase name="VerifyMoodBoard" time="96.959" classname="Tests.EndSessionTest"/>
  <testcase name="CreateLook" time="178.307" classname="Tests.EndSessionTest"/>
  <testcase name="VerifyCreateLook" time="108.014" classname="Tests.EndSessionTest"/>
  <testcase name="CreateMoodBoard2" time="149.279" classname="Tests.EndSessionTest"/>
  <testcase name="VerifyMoodBoard2" time="95.641" classname="Tests.EndSessionTest"/>
  <testcase name="CreateLook2" time="178.011" classname="Tests.EndSessionTest"/>
  <testcase name="VerifyCreateLook2" time="107.639" classname="Tests.EndSessionTest"/>
  <testcase name="CreateMoodBoard3" time="149.727" classname="Tests.EndSessionTest"/>
  <testcase name="VerifyMoodBoard3" time="98.532" classname="Tests.EndSessionTest"/>
  <testcase name="CreateLook3" time="177.498" classname="Tests.EndSessionTest"/>
  <testcase name="VerifyCreateLook3" time="100.134" classname="Tests.EndSessionTest"/>
  <testcase name="EndSession" time="110.175" classname="Tests.EndSessionTest"/>
  <testcase name="ClientEndSession" time="122.022" classname="Tests.EndSessionTest"/>
  <testcase name="VerifyEndSession" time="68.323" classname="Tests.EndSessionTest"/>
</testsuite> <!-- Tests.EndSessionTest -->
