<?xml version="1.0" encoding="UTF-8"?>
<!-- Generated by org.testng.reporters.JUnitReportReporter -->
<testsuite skipped="0" hostname="yinons-MBP" name="Tests.BookingTest" tests="20" failures="0" timestamp="29 Apr 2018 09:40:07 GMT" time="2105.364" errors="0">
  <testcase name="DoLogin" time="32.309" classname="Tests.BookingTest"/>
  <testcase name="SearchStylist" time="20.898" classname="Tests.BookingTest"/>
  <testcase name="SelectEvents" time="37.743" classname="Tests.BookingTest"/>
  <testcase name="SelectSession" time="49.126" classname="Tests.BookingTest"/>
  <testcase name="CompileBooking" time="76.469" classname="Tests.BookingTest"/>
  <testcase name="CreateMoodBoard" time="122.878" classname="Tests.BookingTest"/>
  <testcase name="VerifyMoodBoard" time="93.292" classname="Tests.BookingTest"/>
  <testcase name="CreateLook" time="137.450" classname="Tests.BookingTest"/>
  <testcase name="VerifyCreateLook" time="104.255" classname="Tests.BookingTest"/>
  <testcase name="CreateMoodBoard2" time="110.703" classname="Tests.BookingTest"/>
  <testcase name="VerifyMoodBoard2" time="97.340" classname="Tests.BookingTest"/>
  <testcase name="CreateLook2" time="133.798" classname="Tests.BookingTest"/>
  <testcase name="VerifyCreateLook2" time="234.532" classname="Tests.BookingTest"/>
  <testcase name="CreateMoodBoard3" time="104.729" classname="Tests.BookingTest"/>
  <testcase name="VerifyMoodBoard3" time="174.883" classname="Tests.BookingTest"/>
  <testcase name="CreateLook3" time="140.861" classname="Tests.BookingTest"/>
  <testcase name="VerifyCreateLook3" time="115.480" classname="Tests.BookingTest"/>
  <testcase name="EndSession" time="117.132" classname="Tests.BookingTest"/>
  <testcase name="ClientEndSession" time="150.339" classname="Tests.BookingTest"/>
  <testcase name="VerifyEndSession" time="51.147" classname="Tests.BookingTest"/>
</testsuite> <!-- Tests.BookingTest -->
