<?xml version="1.0" encoding="UTF-8"?>
<!-- Generated by org.testng.reporters.JUnitReportReporter -->
<testsuite skipped="0" hostname="yinons-MBP" name="Tests.BestMutch" tests="8" failures="0" timestamp="29 Jun 2018 00:51:11 GMT" time="1396.561" errors="0">
  <testcase name="BestMatchCheepFamle" time="169.970" classname="Tests.BestMutch"/>
  <testcase name="BestMatchFeMaleExpensive" time="192.759" classname="Tests.BestMutch"/>
  <testcase name="BestMatchFeMaleNormal" time="192.876" classname="Tests.BestMutch"/>
  <testcase name="BestMatchFeMaleCheepExpensive" time="194.090" classname="Tests.BestMutch"/>
  <testcase name="BestMatchExpensiveMale" time="174.121" classname="Tests.BestMutch"/>
  <testcase name="BestMatchNormalMale" time="177.529" classname="Tests.BestMutch"/>
  <testcase name="BestMatchCheepMale" time="173.896" classname="Tests.BestMutch"/>
  <testcase name="BestMatchSelfIdentity" time="121.320" classname="Tests.BestMutch"/>
</testsuite> <!-- Tests.BestMutch -->
