<?xml version="1.0" encoding="UTF-8"?>
<!-- Generated by org.testng.reporters.JUnitReportReporter -->
<testsuite skipped="0" hostname="yinons-MBP" name="Tests.ReviseThirdLookTest" tests="26" failures="0" timestamp="04 Aug 2018 23:21:28 GMT" time="2843.130" errors="0">
  <testcase name="DoLogin" time="43.057" classname="Tests.ReviseThirdLookTest"/>
  <testcase name="SearchStylist" time="11.017" classname="Tests.ReviseThirdLookTest"/>
  <testcase name="SelectEvents" time="30.118" classname="Tests.ReviseThirdLookTest"/>
  <testcase name="SelectSession" time="40.970" classname="Tests.ReviseThirdLookTest"/>
  <testcase name="CompileBooking" time="102.155" classname="Tests.ReviseThirdLookTest"/>
  <testcase name="CreateMoodBoard" time="117.057" classname="Tests.ReviseThirdLookTest"/>
  <testcase name="VerifyMoodBoard" time="95.464" classname="Tests.ReviseThirdLookTest"/>
  <testcase name="CreateLook" time="120.835" classname="Tests.ReviseThirdLookTest"/>
  <testcase name="VerifyCreateLook" time="99.400" classname="Tests.ReviseThirdLookTest"/>
  <testcase name="CreateMoodBoard2" time="109.723" classname="Tests.ReviseThirdLookTest"/>
  <testcase name="VerifyMoodBoard2" time="97.293" classname="Tests.ReviseThirdLookTest"/>
  <testcase name="CreateLook2" time="124.092" classname="Tests.ReviseThirdLookTest"/>
  <testcase name="AskRevise1" time="187.536" classname="Tests.ReviseThirdLookTest"/>
  <testcase name="CreateReviseLook1" time="141.571" classname="Tests.ReviseThirdLookTest"/>
  <testcase name="VerifyCreateLookrevise1" time="101.916" classname="Tests.ReviseThirdLookTest"/>
  <testcase name="CreateMoodBoard3" time="114.939" classname="Tests.ReviseThirdLookTest"/>
  <testcase name="VerifyMoodBoard3" time="102.539" classname="Tests.ReviseThirdLookTest"/>
  <testcase name="CreateLook3" time="130.100" classname="Tests.ReviseThirdLookTest"/>
  <testcase name="VerifyCreateLook3" time="203.988" classname="Tests.ReviseThirdLookTest"/>
  <testcase name="ReviseLook" time="156.509" classname="Tests.ReviseThirdLookTest"/>
  <testcase name="VerifyCreateRevise1" time="136.752" classname="Tests.ReviseThirdLookTest"/>
  <testcase name="ReviseLook2" time="150.615" classname="Tests.ReviseThirdLookTest"/>
  <testcase name="VerifyCreateRevise2" time="139.486" classname="Tests.ReviseThirdLookTest"/>
  <testcase name="EndSession" time="81.786" classname="Tests.ReviseThirdLookTest"/>
  <testcase name="ClientEndSession" time="148.242" classname="Tests.ReviseThirdLookTest"/>
  <testcase name="VerifyEndSession" time="55.970" classname="Tests.ReviseThirdLookTest"/>
</testsuite> <!-- Tests.ReviseThirdLookTest -->
