<?xml version="1.0" encoding="UTF-8"?>
<!-- Generated by org.testng.reporters.JUnitReportReporter -->
<testsuite skipped="0" hostname="yinons-MBP" name="Tests.EditStyleForMenTests" tests="12" failures="0" timestamp="07 Aug 2018 19:02:09 GMT" time="881.579" errors="0">
  <testcase name="DoSignUp" time="207.613" classname="Tests.EditStyleForMenTests"/>
  <testcase name="EditSize" time="75.818" classname="Tests.EditStyleForMenTests"/>
  <testcase name="EditHeight" time="30.580" classname="Tests.EditStyleForMenTests"/>
  <testcase name="EditBodyType" time="30.694" classname="Tests.EditStyleForMenTests"/>
  <testcase name="EditFitTop" time="30.859" classname="Tests.EditStyleForMenTests"/>
  <testcase name="EditFitBottom" time="31.039" classname="Tests.EditStyleForMenTests"/>
  <testcase name="EditBudget" time="60.643" classname="Tests.EditStyleForMenTests"/>
  <testcase name="EditColor" time="45.628" classname="Tests.EditStyleForMenTests"/>
  <testcase name="EditJewelry" time="46.355" classname="Tests.EditStyleForMenTests"/>
  <testcase name="EditZone" time="53.148" classname="Tests.EditStyleForMenTests"/>
  <testcase name="EditBrands" time="68.409" classname="Tests.EditStyleForMenTests"/>
  <testcase name="EditSocialMedia" time="200.793" classname="Tests.EditStyleForMenTests"/>
</testsuite> <!-- Tests.EditStyleForMenTests -->
