<?xml version="1.0" encoding="UTF-8"?>
<!-- Generated by org.testng.reporters.JUnitReportReporter -->
<testsuite skipped="0" hostname="yinons-MBP" name="Tests.ReviseThirdLookTest" tests="24" failures="0" timestamp="04 May 2018 06:20:21 GMT" time="2519.960" errors="0">
  <testcase name="DoLogin" time="31.265" classname="Tests.ReviseThirdLookTest"/>
  <testcase name="SearchStylist" time="19.801" classname="Tests.ReviseThirdLookTest"/>
  <testcase name="SelectEvents" time="36.191" classname="Tests.ReviseThirdLookTest"/>
  <testcase name="SelectSession" time="50.299" classname="Tests.ReviseThirdLookTest"/>
  <testcase name="CompileBooking" time="81.208" classname="Tests.ReviseThirdLookTest"/>
  <testcase name="CreateMoodBoard" time="121.197" classname="Tests.ReviseThirdLookTest"/>
  <testcase name="VerifyMoodBoard" time="93.247" classname="Tests.ReviseThirdLookTest"/>
  <testcase name="CreateLook" time="161.356" classname="Tests.ReviseThirdLookTest"/>
  <testcase name="VerifyCreateLook" time="113.452" classname="Tests.ReviseThirdLookTest"/>
  <testcase name="CreateMoodBoard2" time="125.589" classname="Tests.ReviseThirdLookTest"/>
  <testcase name="VerifyMoodBoard2" time="102.251" classname="Tests.ReviseThirdLookTest"/>
  <testcase name="CreateLook2" time="151.911" classname="Tests.ReviseThirdLookTest"/>
  <testcase name="VerifyCreateLook2" time="113.598" classname="Tests.ReviseThirdLookTest"/>
  <testcase name="CreateMoodBoard3" time="123.290" classname="Tests.ReviseThirdLookTest"/>
  <testcase name="VerifyMoodBoard3" time="103.998" classname="Tests.ReviseThirdLookTest"/>
  <testcase name="CreateLook3" time="152.353" classname="Tests.ReviseThirdLookTest"/>
  <testcase name="VerifyCreateLook3" time="148.252" classname="Tests.ReviseThirdLookTest"/>
  <testcase name="ReviseLook" time="131.955" classname="Tests.ReviseThirdLookTest"/>
  <testcase name="VerifyCreateRevise1" time="114.053" classname="Tests.ReviseThirdLookTest"/>
  <testcase name="ReviseLook2" time="149.693" classname="Tests.ReviseThirdLookTest"/>
  <testcase name="VerifyCreateRevise2" time="114.656" classname="Tests.ReviseThirdLookTest"/>
  <testcase name="EndSession" time="99.942" classname="Tests.ReviseThirdLookTest"/>
  <testcase name="ClientEndSession" time="127.361" classname="Tests.ReviseThirdLookTest"/>
  <testcase name="VerifyEndSession" time="53.042" classname="Tests.ReviseThirdLookTest"/>
</testsuite> <!-- Tests.ReviseThirdLookTest -->
