<?xml version="1.0" encoding="UTF-8"?>
<!-- Generated by org.testng.reporters.JUnitReportReporter -->
<testsuite skipped="0" hostname="yinons-MBP" name="Tests.BookPSTest" tests="12" failures="0" timestamp="07 Aug 2018 19:02:09 GMT" time="872.088" errors="0">
  <testcase name="DoLogin" time="46.796" classname="Tests.BookPSTest"/>
  <testcase name="SearchStylist" time="11.414" classname="Tests.BookPSTest"/>
  <testcase name="SelectEvents" time="13.206" classname="Tests.BookPSTest"/>
  <testcase name="CheckOut" time="33.253" classname="Tests.BookPSTest"/>
  <testcase name="CompileBooking" time="30.708" classname="Tests.BookPSTest"/>
  <testcase name="CreateStyle" time="122.488" classname="Tests.BookPSTest"/>
  <testcase name="VerifyStyle1" time="104.399" classname="Tests.BookPSTest"/>
  <testcase name="CreateStyle2" time="122.712" classname="Tests.BookPSTest"/>
  <testcase name="VerifyStyle2" time="104.619" classname="Tests.BookPSTest"/>
  <testcase name="EndSession" time="80.347" classname="Tests.BookPSTest"/>
  <testcase name="ClientEndSession" time="147.283" classname="Tests.BookPSTest"/>
  <testcase name="VerifyEndSession" time="54.863" classname="Tests.BookPSTest"/>
</testsuite> <!-- Tests.BookPSTest -->
