<?xml version="1.0" encoding="UTF-8"?>
<!-- Generated by org.testng.reporters.JUnitReportReporter -->
<testsuite skipped="0" hostname="yinons-MBP" name="Tests.CheckOutByCoponTest" tests="4" failures="0" timestamp="02 Aug 2018 15:27:00 GMT" time="241.621" errors="0">
  <testcase name="DoLogin" time="46.865" classname="Tests.CheckOutByCoponTest"/>
  <testcase name="SearchStylist" time="13.277" classname="Tests.CheckOutByCoponTest"/>
  <testcase name="SelectEvents" time="33.544" classname="Tests.CheckOutByCoponTest"/>
  <testcase name="SelectSession" time="147.935" classname="Tests.CheckOutByCoponTest"/>
</testsuite> <!-- Tests.CheckOutByCoponTest -->
