<?xml version="1.0" encoding="UTF-8"?>
<!-- Generated by org.testng.reporters.JUnitReportReporter -->
<testsuite skipped="0" hostname="yinons-MBP" name="Tests.CheckOutSingleTest" tests="5" failures="0" timestamp="02 Jun 2018 23:31:43 GMT" time="196.164" errors="0">
  <testcase name="DoLogin" time="31.072" classname="Tests.CheckOutSingleTest"/>
  <testcase name="SearchStylist" time="27.577" classname="Tests.CheckOutSingleTest"/>
  <testcase name="SelectEvents" time="31.912" classname="Tests.CheckOutSingleTest"/>
  <testcase name="SelectSession" time="9.421" classname="Tests.CheckOutSingleTest"/>
  <testcase name="CompileBooking" time="96.182" classname="Tests.CheckOutSingleTest"/>
</testsuite> <!-- Tests.CheckOutSingleTest -->
