<?xml version="1.0" encoding="UTF-8"?>
<!-- Generated by org.testng.reporters.JUnitReportReporter -->
<testsuite skipped="0" hostname="yinons-MBP" name="Tests.QuickQuizForMenTest" tests="6" failures="0" timestamp="10 May 2018 10:12:14 GMT" time="296.304" errors="0">
  <testcase name="DoLogin" time="31.927" classname="Tests.QuickQuizForMenTest"/>
  <testcase name="SearchStylist" time="89.252" classname="Tests.QuickQuizForMenTest"/>
  <testcase name="SelectEvents" time="31.301" classname="Tests.QuickQuizForMenTest"/>
  <testcase name="SelectSession" time="29.703" classname="Tests.QuickQuizForMenTest"/>
  <testcase name="CompileBooking" time="56.855" classname="Tests.QuickQuizForMenTest"/>
  <testcase name="MadeQuiz" time="57.266" classname="Tests.QuickQuizForMenTest"/>
</testsuite> <!-- Tests.QuickQuizForMenTest -->
