<?xml version="1.0" encoding="UTF-8"?>
<!-- Generated by org.testng.reporters.JUnitReportReporter -->
<testsuite skipped="0" hostname="yinons-MBP" name="Tests.CheckOutMounthTest" tests="5" failures="0" timestamp="07 Aug 2018 19:12:42 GMT" time="218.830" errors="0">
  <testcase name="DoLogin" time="43.083" classname="Tests.CheckOutMounthTest"/>
  <testcase name="SearchStylist" time="11.031" classname="Tests.CheckOutMounthTest"/>
  <testcase name="SelectEvents" time="31.202" classname="Tests.CheckOutMounthTest"/>
  <testcase name="SelectSession" time="18.685" classname="Tests.CheckOutMounthTest"/>
  <testcase name="CompileBooking" time="114.829" classname="Tests.CheckOutMounthTest"/>
</testsuite> <!-- Tests.CheckOutMounthTest -->
