<?xml version="1.0" encoding="UTF-8"?>
<!-- Generated by org.testng.reporters.JUnitReportReporter -->
<testsuite skipped="0" hostname="yinons-MBP" name="Tests.CheckOutSingleTest" tests="5" failures="0" timestamp="13 May 2018 18:36:51 GMT" time="261.331" errors="0">
  <testcase name="DoLogin" time="32.779" classname="Tests.CheckOutSingleTest"/>
  <testcase name="SearchStylist" time="81.875" classname="Tests.CheckOutSingleTest"/>
  <testcase name="SelectEvents" time="30.822" classname="Tests.CheckOutSingleTest"/>
  <testcase name="SelectSession" time="17.962" classname="Tests.CheckOutSingleTest"/>
  <testcase name="CompileBooking" time="97.893" classname="Tests.CheckOutSingleTest"/>
</testsuite> <!-- Tests.CheckOutSingleTest -->
