<?xml version="1.0" encoding="UTF-8"?>
<!-- Generated by org.testng.reporters.JUnitReportReporter -->
<testsuite skipped="0" hostname="yinons-MBP" name="Tests.QuickQuizForMenTest" tests="6" failures="0" timestamp="01 Aug 2018 09:10:38 GMT" time="163.707" errors="0">
  <testcase name="DoLogin" time="45.984" classname="Tests.QuickQuizForMenTest"/>
  <testcase name="SearchStylist" time="11.902" classname="Tests.QuickQuizForMenTest"/>
  <testcase name="SelectEvents" time="32.695" classname="Tests.QuickQuizForMenTest"/>
  <testcase name="SelectSession" time="16.977" classname="Tests.QuickQuizForMenTest"/>
  <testcase name="CompileBooking" time="23.873" classname="Tests.QuickQuizForMenTest"/>
  <testcase name="MadeQuiz" time="32.276" classname="Tests.QuickQuizForMenTest"/>
</testsuite> <!-- Tests.QuickQuizForMenTest -->
