<?xml version="1.0" encoding="UTF-8"?>
<!-- Generated by org.testng.reporters.JUnitReportReporter -->
<testsuite skipped="0" hostname="yinons-MBP" name="Tests.SignUpByFacbookTest" tests="5" failures="0" timestamp="30 Apr 2018 16:09:11 GMT" time="85.323" errors="0">
  <testcase name="LoginWithFacbookWrongUserName" time="21.276" classname="Tests.SignUpByFacbookTest"/>
  <testcase name="LoginWithFacbookWrongPassword" time="7.909" classname="Tests.SignUpByFacbookTest"/>
  <testcase name="LoginWithFacbookWithoutPassword" time="7.773" classname="Tests.SignUpByFacbookTest"/>
  <testcase name="LoginWithFacbookWithoutUser" time="5.448" classname="Tests.SignUpByFacbookTest"/>
  <testcase name="DoLoginWithFacbook" time="42.917" classname="Tests.SignUpByFacbookTest"/>
</testsuite> <!-- Tests.SignUpByFacbookTest -->
