<?xml version="1.0" encoding="UTF-8"?>
<!-- Generated by org.testng.reporters.JUnitReportReporter -->
<testsuite skipped="0" hostname="yinons-MBP" name="Tests.LoginTests" tests="6" failures="0" timestamp="06 Jun 2018 14:11:22 GMT" time="183.203" errors="0">
  <testcase name="FillPasswordWithOutToFillEmail" time="16.443" classname="Tests.LoginTests"/>
  <testcase name="FillPasswordWithOutToFillPassword" time="17.527" classname="Tests.LoginTests"/>
  <testcase name="FillPasswordWithWrongEmail" time="33.516" classname="Tests.LoginTests"/>
  <testcase name="FillPasswordWithWrongPassword" time="37.310" classname="Tests.LoginTests"/>
  <testcase name="ClickLoginwWithOutToFillAnyFields" time="24.092" classname="Tests.LoginTests"/>
  <testcase name="DoLogin" time="54.315" classname="Tests.LoginTests"/>
</testsuite> <!-- Tests.LoginTests -->
