<?xml version="1.0" encoding="UTF-8"?>
<!-- Generated by org.testng.reporters.JUnitReportReporter -->
<testsuite skipped="0" hostname="yinons-MBP" name="Tests.QuickQuizForWomenTest" tests="8" failures="0" timestamp="29 Mar 2018 12:48:56 GMT" time="463.233" errors="0">
  <testcase name="DoSignUp" time="141.091" classname="Tests.QuickQuizForWomenTest"/>
  <testcase name="SearchStylist" time="22.344" classname="Tests.QuickQuizForWomenTest"/>
  <testcase name="SelectEvents" time="43.997" classname="Tests.QuickQuizForWomenTest"/>
  <testcase name="SelectSession" time="24.399" classname="Tests.QuickQuizForWomenTest"/>
  <testcase name="MadeQuiz" time="127.850" classname="Tests.QuickQuizForWomenTest"/>
  <testcase name="SelectEvents2" time="42.548" classname="Tests.QuickQuizForWomenTest"/>
  <testcase name="SelectSession2" time="26.549" classname="Tests.QuickQuizForWomenTest"/>
  <testcase name="MadeQuiz2" time="34.455" classname="Tests.QuickQuizForWomenTest"/>
</testsuite> <!-- Tests.QuickQuizForWomenTest -->
