<?xml version="1.0" encoding="UTF-8"?>
<!-- Generated by org.testng.reporters.JUnitReportReporter -->
<testsuite skipped="0" hostname="yinons-MBP" name="Tests.SignUpTest" tests="4" failures="0" timestamp="07 Aug 2018 19:02:09 GMT" time="136.585" errors="0">
  <testcase name="SignupwithoutDotCom" time="24.375" classname="Tests.SignUpTest"/>
  <testcase name="Signupwithoutshtudel" time="24.461" classname="Tests.SignUpTest"/>
  <testcase name="FillPsswordWithLessthan6Characters" time="52.284" classname="Tests.SignUpTest"/>
  <testcase name="DoSignUp" time="35.465" classname="Tests.SignUpTest"/>
</testsuite> <!-- Tests.SignUpTest -->
