<?xml version="1.0" encoding="UTF-8"?>
<!-- Generated by org.testng.reporters.JUnitReportReporter -->
<testsuite skipped="0" hostname="yinons-MBP" name="Tests.CheckOutMounthTest" tests="5" failures="0" timestamp="04 Aug 2018 23:21:28 GMT" time="232.635" errors="0">
  <testcase name="DoLogin" time="46.730" classname="Tests.CheckOutMounthTest"/>
  <testcase name="SearchStylist" time="12.752" classname="Tests.CheckOutMounthTest"/>
  <testcase name="SelectEvents" time="33.234" classname="Tests.CheckOutMounthTest"/>
  <testcase name="SelectSession" time="19.584" classname="Tests.CheckOutMounthTest"/>
  <testcase name="CompileBooking" time="120.335" classname="Tests.CheckOutMounthTest"/>
</testsuite> <!-- Tests.CheckOutMounthTest -->
