<?xml version="1.0" encoding="UTF-8"?>
<!-- Generated by org.testng.reporters.JUnitReportReporter -->
<testsuite skipped="0" hostname="yinons-MBP" name="Tests.SignUpByFacbookTest2" tests="5" failures="0" timestamp="01 Aug 2018 09:22:36 GMT" time="65.412" errors="0">
  <testcase name="LoginWithFacbookWrongUserName" time="23.480" classname="Tests.SignUpByFacbookTest2"/>
  <testcase name="LoginWithFacbookWrongPassword" time="6.559" classname="Tests.SignUpByFacbookTest2"/>
  <testcase name="LoginWithFacbookWithoutPassword" time="6.534" classname="Tests.SignUpByFacbookTest2"/>
  <testcase name="LoginWithFacbookWithoutUser" time="4.294" classname="Tests.SignUpByFacbookTest2"/>
  <testcase name="DoLoginWithFacbook" time="24.545" classname="Tests.SignUpByFacbookTest2"/>
</testsuite> <!-- Tests.SignUpByFacbookTest2 -->
