<?xml version="1.0" encoding="UTF-8"?>
<!-- Generated by org.testng.reporters.JUnitReportReporter -->
<testsuite skipped="0" hostname="yinons-MBP" name="Tests.SignUpTest" tests="4" failures="0" timestamp="22 Jun 2018 01:26:42 GMT" time="138.194" errors="0">
  <testcase name="SignupwithoutDotCom" time="24.382" classname="Tests.SignUpTest"/>
  <testcase name="Signupwithoutshtudel" time="24.901" classname="Tests.SignUpTest"/>
  <testcase name="FillPsswordWithLessthan6Characters" time="52.564" classname="Tests.SignUpTest"/>
  <testcase name="DoSignUp" time="36.347" classname="Tests.SignUpTest"/>
</testsuite> <!-- Tests.SignUpTest -->
