<?xml version="1.0" encoding="UTF-8"?>
<!-- Generated by org.testng.reporters.JUnitReportReporter -->
<testsuite skipped="0" hostname="yinons-MBP" name="Tests.ReviseItems" tests="17" failures="0" timestamp="12 Jun 2018 07:49:11 GMT" time="2306.602" errors="0">
  <testcase name="DoLogin" time="46.347" classname="Tests.ReviseItems"/>
  <testcase name="SearchStylist" time="15.374" classname="Tests.ReviseItems"/>
  <testcase name="SelectEvents" time="39.338" classname="Tests.ReviseItems"/>
  <testcase name="SelectSession" time="41.832" classname="Tests.ReviseItems"/>
  <testcase name="CompileBooking" time="105.939" classname="Tests.ReviseItems"/>
  <testcase name="CreateMoodBoard" time="217.529" classname="Tests.ReviseItems"/>
  <testcase name="VerifyMoodBoard" time="114.469" classname="Tests.ReviseItems"/>
  <testcase name="CreateLook" time="215.493" classname="Tests.ReviseItems"/>
  <testcase name="AskReviseLook" time="215.696" classname="Tests.ReviseItems"/>
  <testcase name="CreateReviseLook" time="136.707" classname="Tests.ReviseItems"/>
  <testcase name="VerifyCreateLook" time="133.932" classname="Tests.ReviseItems"/>
  <testcase name="CreateMoodBoard2" time="194.216" classname="Tests.ReviseItems"/>
  <testcase name="VerifyMoodBoard2" time="117.275" classname="Tests.ReviseItems"/>
  <testcase name="CreateLook2" time="200.481" classname="Tests.ReviseItems"/>
  <testcase name="VerifyCreateLook2" time="239.966" classname="Tests.ReviseItems"/>
  <testcase name="CreateReviseLook2" time="137.026" classname="Tests.ReviseItems"/>
  <testcase name="VerifyCreateLookrevise2" time="134.982" classname="Tests.ReviseItems"/>
</testsuite> <!-- Tests.ReviseItems -->
