<?xml version="1.0" encoding="UTF-8"?>
<!-- Generated by org.testng.reporters.JUnitReportReporter -->
<testsuite skipped="0" hostname="yinons-MBP" name="Tests.EditStyleForMenTests" tests="12" failures="0" timestamp="04 Aug 2018 23:21:28 GMT" time="883.471" errors="0">
  <testcase name="DoSignUp" time="209.816" classname="Tests.EditStyleForMenTests"/>
  <testcase name="EditSize" time="76.203" classname="Tests.EditStyleForMenTests"/>
  <testcase name="EditHeight" time="30.403" classname="Tests.EditStyleForMenTests"/>
  <testcase name="EditBodyType" time="31.083" classname="Tests.EditStyleForMenTests"/>
  <testcase name="EditFitTop" time="30.958" classname="Tests.EditStyleForMenTests"/>
  <testcase name="EditFitBottom" time="31.051" classname="Tests.EditStyleForMenTests"/>
  <testcase name="EditBudget" time="60.927" classname="Tests.EditStyleForMenTests"/>
  <testcase name="EditColor" time="45.689" classname="Tests.EditStyleForMenTests"/>
  <testcase name="EditJewelry" time="45.959" classname="Tests.EditStyleForMenTests"/>
  <testcase name="EditZone" time="52.704" classname="Tests.EditStyleForMenTests"/>
  <testcase name="EditBrands" time="68.211" classname="Tests.EditStyleForMenTests"/>
  <testcase name="EditSocialMedia" time="200.467" classname="Tests.EditStyleForMenTests"/>
</testsuite> <!-- Tests.EditStyleForMenTests -->
