<?xml version="1.0" encoding="UTF-8"?>
<!-- Generated by org.testng.reporters.JUnitReportReporter -->
<testsuite skipped="0" hostname="yinons-MBP" name="Tests.SignUpTest" tests="4" failures="0" timestamp="04 Aug 2018 23:21:28 GMT" time="136.927" errors="0">
  <testcase name="SignupwithoutDotCom" time="24.506" classname="Tests.SignUpTest"/>
  <testcase name="Signupwithoutshtudel" time="24.477" classname="Tests.SignUpTest"/>
  <testcase name="FillPsswordWithLessthan6Characters" time="52.527" classname="Tests.SignUpTest"/>
  <testcase name="DoSignUp" time="35.417" classname="Tests.SignUpTest"/>
</testsuite> <!-- Tests.SignUpTest -->
