<?xml version="1.0" encoding="UTF-8"?>
<!-- Generated by org.testng.reporters.JUnitReportReporter -->
<testsuite skipped="0" hostname="yinons-MBP" name="Tests.QuizForMaleTest" tests="15" failures="0" timestamp="17 Jun 2018 06:14:38 GMT" time="473.842" errors="0">
  <testcase name="DoSignUp" time="160.669" classname="Tests.QuizForMaleTest"/>
  <testcase name="SearchStylist" time="14.430" classname="Tests.QuizForMaleTest"/>
  <testcase name="SelectEvents" time="34.651" classname="Tests.QuizForMaleTest"/>
  <testcase name="SelectSession" time="41.910" classname="Tests.QuizForMaleTest"/>
  <testcase name="SelectCountry" time="41.215" classname="Tests.QuizForMaleTest"/>
  <testcase name="SelectBodyType" time="6.760" classname="Tests.QuizForMaleTest"/>
  <testcase name="SelectHeight" time="6.870" classname="Tests.QuizForMaleTest"/>
  <testcase name="SelectSize" time="50.697" classname="Tests.QuizForMaleTest"/>
  <testcase name="SelectColor" time="25.405" classname="Tests.QuizForMaleTest"/>
  <testcase name="SelectFabrics" time="12.285" classname="Tests.QuizForMaleTest"/>
  <testcase name="SelectFitTop" time="10.729" classname="Tests.QuizForMaleTest"/>
  <testcase name="SelectFitBottom" time="10.759" classname="Tests.QuizForMaleTest"/>
  <testcase name="SelectJewelry" time="17.685" classname="Tests.QuizForMaleTest"/>
  <testcase name="SelectZone" time="6.853" classname="Tests.QuizForMaleTest"/>
  <testcase name="SelectYourCloset" time="32.924" classname="Tests.QuizForMaleTest"/>
</testsuite> <!-- Tests.QuizForMaleTest -->
