<?xml version="1.0" encoding="UTF-8"?>
<!-- Generated by org.testng.reporters.JUnitReportReporter -->
<testsuite skipped="0" hostname="yinons-MBP" name="Tests.CheckOutByCoponTest" tests="4" failures="0" timestamp="29 Jun 2018 00:51:12 GMT" time="243.520" errors="0">
  <testcase name="DoLogin" time="46.631" classname="Tests.CheckOutByCoponTest"/>
  <testcase name="SearchStylist" time="13.481" classname="Tests.CheckOutByCoponTest"/>
  <testcase name="SelectEvents" time="33.224" classname="Tests.CheckOutByCoponTest"/>
  <testcase name="SelectSession" time="150.184" classname="Tests.CheckOutByCoponTest"/>
</testsuite> <!-- Tests.CheckOutByCoponTest -->
