<?xml version="1.0" encoding="UTF-8"?>
<!-- Generated by org.testng.reporters.JUnitReportReporter -->
<testsuite skipped="0" hostname="yinons-MBP" name="Tests.EditStyleForMenTests" tests="13" failures="0" timestamp="03 May 2018 02:05:43 GMT" time="2383.466" errors="0">
  <testcase name="DoSignUp" time="134.047" classname="Tests.EditStyleForMenTests"/>
  <testcase name="EditStyle" time="69.257" classname="Tests.EditStyleForMenTests"/>
  <testcase name="EditBodyType" time="82.443" classname="Tests.EditStyleForMenTests"/>
  <testcase name="EditHeight" time="81.310" classname="Tests.EditStyleForMenTests"/>
  <testcase name="EditSize" time="86.791" classname="Tests.EditStyleForMenTests"/>
  <testcase name="EditFitTop" time="85.247" classname="Tests.EditStyleForMenTests"/>
  <testcase name="EditFitBottom" time="84.401" classname="Tests.EditStyleForMenTests"/>
  <testcase name="EditBudget" time="156.951" classname="Tests.EditStyleForMenTests"/>
  <testcase name="EditColor" time="142.401" classname="Tests.EditStyleForMenTests"/>
  <testcase name="EditJewelry" time="162.901" classname="Tests.EditStyleForMenTests"/>
  <testcase name="EditZone" time="175.763" classname="Tests.EditStyleForMenTests"/>
  <testcase name="EditBrands" time="286.715" classname="Tests.EditStyleForMenTests"/>
  <testcase name="EditSocialMedia" time="835.239" classname="Tests.EditStyleForMenTests"/>
</testsuite> <!-- Tests.EditStyleForMenTests -->
