<?xml version="1.0" encoding="UTF-8"?>
<!-- Generated by org.testng.reporters.JUnitReportReporter -->
<testsuite skipped="0" hostname="yinons-MBP" name="Tests.BestMutch" tests="8" failures="0" timestamp="22 Jun 2018 01:26:42 GMT" time="1407.608" errors="0">
  <testcase name="BestMatchCheepFamle" time="172.286" classname="Tests.BestMutch"/>
  <testcase name="BestMatchFeMaleExpensive" time="195.020" classname="Tests.BestMutch"/>
  <testcase name="BestMatchFeMaleNormal" time="195.571" classname="Tests.BestMutch"/>
  <testcase name="BestMatchFeMaleCheepExpensive" time="196.982" classname="Tests.BestMutch"/>
  <testcase name="BestMatchExpensiveMale" time="172.083" classname="Tests.BestMutch"/>
  <testcase name="BestMatchNormalMale" time="177.299" classname="Tests.BestMutch"/>
  <testcase name="BestMatchCheepMale" time="176.335" classname="Tests.BestMutch"/>
  <testcase name="BestMatchSelfIdentity" time="122.032" classname="Tests.BestMutch"/>
</testsuite> <!-- Tests.BestMutch -->
