<?xml version="1.0" encoding="UTF-8"?>
<!-- Generated by org.testng.reporters.JUnitReportReporter -->
<testsuite skipped="0" hostname="yinons-MBP" name="Tests.CheckOutSingleTest" tests="5" failures="0" timestamp="04 Aug 2018 23:21:28 GMT" time="248.066" errors="0">
  <testcase name="DoLogin" time="47.299" classname="Tests.CheckOutSingleTest"/>
  <testcase name="SearchStylist" time="13.727" classname="Tests.CheckOutSingleTest"/>
  <testcase name="SelectEvents" time="33.154" classname="Tests.CheckOutSingleTest"/>
  <testcase name="SelectSession" time="4.885" classname="Tests.CheckOutSingleTest"/>
  <testcase name="CheckOut" time="149.001" classname="Tests.CheckOutSingleTest"/>
</testsuite> <!-- Tests.CheckOutSingleTest -->
