<?xml version="1.0" encoding="UTF-8"?>
<!-- Generated by org.testng.reporters.JUnitReportReporter -->
<testsuite skipped="0" hostname="yinons-MBP" name="Tests.ChatTest" tests="2" failures="0" timestamp="17 Jun 2018 06:14:38 GMT" time="541.837" errors="0">
  <testcase name="StylistSendToClient" time="304.293" classname="Tests.ChatTest"/>
  <testcase name="ClientToStylist" time="237.544" classname="Tests.ChatTest"/>
</testsuite> <!-- Tests.ChatTest -->
