<?xml version="1.0" encoding="UTF-8"?>
<!-- Generated by org.testng.reporters.JUnitReportReporter -->
<testsuite skipped="0" hostname="yinons-MBP" name="Tests.QuickQuizForWomenTest" tests="5" failures="0" timestamp="06 Jun 2018 09:25:32 GMT" time="209.815" errors="0">
  <testcase name="DoLogin" time="25.547" classname="Tests.QuickQuizForWomenTest"/>
  <testcase name="SearchStylist" time="14.250" classname="Tests.QuickQuizForWomenTest"/>
  <testcase name="SelectEvents" time="38.016" classname="Tests.QuickQuizForWomenTest"/>
  <testcase name="SelectSession" time="17.636" classname="Tests.QuickQuizForWomenTest"/>
  <testcase name="CompileBooking" time="114.366" classname="Tests.QuickQuizForWomenTest"/>
</testsuite> <!-- Tests.QuickQuizForWomenTest -->
