<?xml version="1.0" encoding="UTF-8"?>
<!-- Generated by org.testng.reporters.JUnitReportReporter -->
<testsuite skipped="0" hostname="yinons-MBP" name="Tests.ReviseThirdLookTest" tests="26" failures="0" timestamp="01 Aug 2018 09:10:38 GMT" time="3318.529" errors="0">
  <testcase name="DoLogin" time="44.004" classname="Tests.ReviseThirdLookTest"/>
  <testcase name="SearchStylist" time="11.925" classname="Tests.ReviseThirdLookTest"/>
  <testcase name="SelectEvents" time="30.809" classname="Tests.ReviseThirdLookTest"/>
  <testcase name="SelectSession" time="41.359" classname="Tests.ReviseThirdLookTest"/>
  <testcase name="CompileBooking" time="105.470" classname="Tests.ReviseThirdLookTest"/>
  <testcase name="CreateMoodBoard" time="121.359" classname="Tests.ReviseThirdLookTest"/>
  <testcase name="VerifyMoodBoard" time="113.585" classname="Tests.ReviseThirdLookTest"/>
  <testcase name="CreateLook" time="139.901" classname="Tests.ReviseThirdLookTest"/>
  <testcase name="VerifyCreateLook" time="119.512" classname="Tests.ReviseThirdLookTest"/>
  <testcase name="CreateMoodBoard2" time="115.759" classname="Tests.ReviseThirdLookTest"/>
  <testcase name="VerifyMoodBoard2" time="116.860" classname="Tests.ReviseThirdLookTest"/>
  <testcase name="CreateLook2" time="152.810" classname="Tests.ReviseThirdLookTest"/>
  <testcase name="AskRevise1" time="209.437" classname="Tests.ReviseThirdLookTest"/>
  <testcase name="CreateReviseLook1" time="136.847" classname="Tests.ReviseThirdLookTest"/>
  <testcase name="VerifyCreateLookrevise1" time="124.280" classname="Tests.ReviseThirdLookTest"/>
  <testcase name="CreateMoodBoard3" time="139.638" classname="Tests.ReviseThirdLookTest"/>
  <testcase name="VerifyMoodBoard3" time="119.638" classname="Tests.ReviseThirdLookTest"/>
  <testcase name="CreateLook3" time="168.506" classname="Tests.ReviseThirdLookTest"/>
  <testcase name="VerifyCreateLook3" time="224.160" classname="Tests.ReviseThirdLookTest"/>
  <testcase name="ReviseLook" time="164.228" classname="Tests.ReviseThirdLookTest"/>
  <testcase name="VerifyCreateRevise1" time="148.453" classname="Tests.ReviseThirdLookTest"/>
  <testcase name="ReviseLook2" time="193.947" classname="Tests.ReviseThirdLookTest"/>
  <testcase name="VerifyCreateRevise2" time="152.295" classname="Tests.ReviseThirdLookTest"/>
  <testcase name="EndSession" time="188.159" classname="Tests.ReviseThirdLookTest"/>
  <testcase name="ClientEndSession" time="142.767" classname="Tests.ReviseThirdLookTest"/>
  <testcase name="VerifyEndSession" time="92.821" classname="Tests.ReviseThirdLookTest"/>
</testsuite> <!-- Tests.ReviseThirdLookTest -->
