<?xml version="1.0" encoding="UTF-8"?>
<!-- Generated by org.testng.reporters.JUnitReportReporter -->
<testsuite skipped="0" hostname="yinons-MBP" name="Tests.EditStyleForWomenTests" tests="16" failures="0" timestamp="29 Jun 2018 00:51:11 GMT" time="1106.605" errors="0">
  <testcase name="DoSignUp" time="210.485" classname="Tests.EditStyleForWomenTests"/>
  <testcase name="EditSize" time="78.545" classname="Tests.EditStyleForWomenTests"/>
  <testcase name="EditBodyType" time="27.803" classname="Tests.EditStyleForWomenTests"/>
  <testcase name="EditHeight" time="27.851" classname="Tests.EditStyleForWomenTests"/>
  <testcase name="EditHighlights" time="62.045" classname="Tests.EditStyleForWomenTests"/>
  <testcase name="EditHeels" time="28.726" classname="Tests.EditStyleForWomenTests"/>
  <testcase name="EditFitBottom" time="28.676" classname="Tests.EditStyleForWomenTests"/>
  <testcase name="EditFitTop" time="29.286" classname="Tests.EditStyleForWomenTests"/>
  <testcase name="EditJeans" time="47.231" classname="Tests.EditStyleForWomenTests"/>
  <testcase name="EditFabric" time="52.986" classname="Tests.EditStyleForWomenTests"/>
  <testcase name="EditBudget" time="75.374" classname="Tests.EditStyleForWomenTests"/>
  <testcase name="EditColor" time="62.443" classname="Tests.EditStyleForWomenTests"/>
  <testcase name="EditJewelry" time="55.575" classname="Tests.EditStyleForWomenTests"/>
  <testcase name="EditZone" time="60.125" classname="Tests.EditStyleForWomenTests"/>
  <testcase name="EditBrands" time="70.375" classname="Tests.EditStyleForWomenTests"/>
  <testcase name="EditSocialMedia" time="189.079" classname="Tests.EditStyleForWomenTests"/>
</testsuite> <!-- Tests.EditStyleForWomenTests -->
