<?xml version="1.0" encoding="UTF-8"?>
<!-- Generated by org.testng.reporters.JUnitReportReporter -->
<testsuite skipped="0" hostname="yinons-MBP" name="Tests.EndSessionTest" tests="20" failures="0" timestamp="30 Jul 2018 16:52:02 GMT" time="2442.543" errors="0">
  <testcase name="DoLogin" time="49.988" classname="Tests.EndSessionTest"/>
  <testcase name="SearchStylist" time="13.982" classname="Tests.EndSessionTest"/>
  <testcase name="SelectEvents" time="35.361" classname="Tests.EndSessionTest"/>
  <testcase name="SelectSession" time="44.293" classname="Tests.EndSessionTest"/>
  <testcase name="CompileBooking" time="109.175" classname="Tests.EndSessionTest"/>
  <testcase name="CreateMoodBoard" time="149.000" classname="Tests.EndSessionTest"/>
  <testcase name="VerifyMoodBoard" time="127.802" classname="Tests.EndSessionTest"/>
  <testcase name="CreateLook" time="169.137" classname="Tests.EndSessionTest"/>
  <testcase name="VerifyCreateLook" time="158.372" classname="Tests.EndSessionTest"/>
  <testcase name="CreateMoodBoard2" time="174.744" classname="Tests.EndSessionTest"/>
  <testcase name="VerifyMoodBoard2" time="151.969" classname="Tests.EndSessionTest"/>
  <testcase name="CreateLook2" time="180.008" classname="Tests.EndSessionTest"/>
  <testcase name="VerifyCreateLook2" time="149.759" classname="Tests.EndSessionTest"/>
  <testcase name="CreateMoodBoard3" time="135.244" classname="Tests.EndSessionTest"/>
  <testcase name="VerifyMoodBoard3" time="131.997" classname="Tests.EndSessionTest"/>
  <testcase name="CreateLook3" time="169.471" classname="Tests.EndSessionTest"/>
  <testcase name="VerifyCreateLook3" time="131.418" classname="Tests.EndSessionTest"/>
  <testcase name="EndSession" time="137.314" classname="Tests.EndSessionTest"/>
  <testcase name="ClientEndSession" time="147.088" classname="Tests.EndSessionTest"/>
  <testcase name="VerifyEndSession" time="76.421" classname="Tests.EndSessionTest"/>
</testsuite> <!-- Tests.EndSessionTest -->
