<?xml version="1.0" encoding="UTF-8"?>
<!-- Generated by org.testng.reporters.JUnitReportReporter -->
<testsuite skipped="0" hostname="yinons-MBP" name="Tests.BestMutch" tests="8" failures="0" timestamp="01 Aug 2018 09:10:38 GMT" time="1439.052" errors="0">
  <testcase name="BestMatchCheepFamle" time="172.826" classname="Tests.BestMutch"/>
  <testcase name="BestMatchFeMaleExpensive" time="198.968" classname="Tests.BestMutch"/>
  <testcase name="BestMatchFeMaleNormal" time="197.997" classname="Tests.BestMutch"/>
  <testcase name="BestMatchFeMaleCheepExpensive" time="199.034" classname="Tests.BestMutch"/>
  <testcase name="BestMatchExpensiveMale" time="176.958" classname="Tests.BestMutch"/>
  <testcase name="BestMatchNormalMale" time="182.095" classname="Tests.BestMutch"/>
  <testcase name="BestMatchCheepMale" time="181.723" classname="Tests.BestMutch"/>
  <testcase name="BestMatchSelfIdentity" time="129.451" classname="Tests.BestMutch"/>
</testsuite> <!-- Tests.BestMutch -->
