<?xml version="1.0" encoding="UTF-8"?>
<!-- Generated by org.testng.reporters.JUnitReportReporter -->
<testsuite skipped="0" hostname="yinons-MBP" name="Tests.CheckOutByCoponTest" tests="4" failures="0" timestamp="06 Jun 2018 10:39:38 GMT" time="234.149" errors="0">
  <testcase name="DoLogin" time="46.659" classname="Tests.CheckOutByCoponTest"/>
  <testcase name="SearchStylist" time="15.284" classname="Tests.CheckOutByCoponTest"/>
  <testcase name="SelectEvents" time="37.999" classname="Tests.CheckOutByCoponTest"/>
  <testcase name="SelectSession" time="134.207" classname="Tests.CheckOutByCoponTest"/>
</testsuite> <!-- Tests.CheckOutByCoponTest -->
