<?xml version="1.0" encoding="UTF-8"?>
<!-- Generated by org.testng.reporters.JUnitReportReporter -->
<testsuite skipped="0" hostname="yinons-MBP" name="Tests.QuickQuizForMenTest" tests="6" failures="0" timestamp="17 Jun 2018 06:14:38 GMT" time="206.095" errors="0">
  <testcase name="DoLogin" time="46.858" classname="Tests.QuickQuizForMenTest"/>
  <testcase name="SearchStylist" time="14.681" classname="Tests.QuickQuizForMenTest"/>
  <testcase name="SelectEvents" time="33.292" classname="Tests.QuickQuizForMenTest"/>
  <testcase name="SelectSession" time="17.118" classname="Tests.QuickQuizForMenTest"/>
  <testcase name="CompileBooking" time="24.413" classname="Tests.QuickQuizForMenTest"/>
  <testcase name="MadeQuiz" time="69.733" classname="Tests.QuickQuizForMenTest"/>
</testsuite> <!-- Tests.QuickQuizForMenTest -->
