<?xml version="1.0" encoding="UTF-8"?>
<!-- Generated by org.testng.reporters.JUnitReportReporter -->
<testsuite skipped="0" hostname="yinons-MBP" name="Tests.QuickQuizForMenTest" tests="6" failures="0" timestamp="29 Jun 2018 00:51:11 GMT" time="168.016" errors="0">
  <testcase name="DoLogin" time="47.196" classname="Tests.QuickQuizForMenTest"/>
  <testcase name="SearchStylist" time="12.298" classname="Tests.QuickQuizForMenTest"/>
  <testcase name="SelectEvents" time="33.873" classname="Tests.QuickQuizForMenTest"/>
  <testcase name="SelectSession" time="17.117" classname="Tests.QuickQuizForMenTest"/>
  <testcase name="CompileBooking" time="24.351" classname="Tests.QuickQuizForMenTest"/>
  <testcase name="MadeQuiz" time="33.181" classname="Tests.QuickQuizForMenTest"/>
</testsuite> <!-- Tests.QuickQuizForMenTest -->
