<?xml version="1.0" encoding="UTF-8"?>
<!-- Generated by org.testng.reporters.JUnitReportReporter -->
<testsuite skipped="0" hostname="yinons-MBP" name="Tests.CheckOutMounthTest" tests="5" failures="0" timestamp="28 May 2018 10:18:04 GMT" time="281.326" errors="0">
  <testcase name="DoLogin" time="31.914" classname="Tests.CheckOutMounthTest"/>
  <testcase name="SearchStylist" time="28.919" classname="Tests.CheckOutMounthTest"/>
  <testcase name="SelectEvents" time="30.882" classname="Tests.CheckOutMounthTest"/>
  <testcase name="SelectSession" time="19.155" classname="Tests.CheckOutMounthTest"/>
  <testcase name="CompileBooking" time="170.456" classname="Tests.CheckOutMounthTest"/>
</testsuite> <!-- Tests.CheckOutMounthTest -->
