<?xml version="1.0" encoding="UTF-8"?>
<!-- Generated by org.testng.reporters.JUnitReportReporter -->
<testsuite skipped="0" hostname="yinons-MBP" name="Tests.QuickQuizForWomenTest" tests="5" failures="0" timestamp="17 Jun 2018 06:14:38 GMT" time="235.659" errors="0">
  <testcase name="DoLogin" time="47.847" classname="Tests.QuickQuizForWomenTest"/>
  <testcase name="SearchStylist" time="15.773" classname="Tests.QuickQuizForWomenTest"/>
  <testcase name="SelectEvents" time="33.061" classname="Tests.QuickQuizForWomenTest"/>
  <testcase name="SelectSession" time="17.035" classname="Tests.QuickQuizForWomenTest"/>
  <testcase name="CompileBooking" time="121.943" classname="Tests.QuickQuizForWomenTest"/>
</testsuite> <!-- Tests.QuickQuizForWomenTest -->
