<?xml version="1.0" encoding="UTF-8"?>
<!-- Generated by org.testng.reporters.JUnitReportReporter -->
<testsuite skipped="0" hostname="yinons-MBP" name="Tests.EditStyleForMenTests" tests="11" failures="0" timestamp="24 Apr 2018 12:18:49 GMT" time="2084.775" errors="0">
  <testcase name="DoSignUp" time="197.202" classname="Tests.EditStyleForMenTests"/>
  <testcase name="EditStyle" time="70.159" classname="Tests.EditStyleForMenTests"/>
  <testcase name="EditBodyType" time="78.839" classname="Tests.EditStyleForMenTests"/>
  <testcase name="EditHeight" time="81.405" classname="Tests.EditStyleForMenTests"/>
  <testcase name="EditSize" time="85.095" classname="Tests.EditStyleForMenTests"/>
  <testcase name="EditFitTop" time="80.500" classname="Tests.EditStyleForMenTests"/>
  <testcase name="EditFitBottom" time="85.850" classname="Tests.EditStyleForMenTests"/>
  <testcase name="EditBudget" time="155.360" classname="Tests.EditStyleForMenTests"/>
  <testcase name="EditColor" time="261.991" classname="Tests.EditStyleForMenTests"/>
  <testcase name="EditZone" time="179.309" classname="Tests.EditStyleForMenTests"/>
  <testcase name="EditSocialMedia" time="809.065" classname="Tests.EditStyleForMenTests"/>
</testsuite> <!-- Tests.EditStyleForMenTests -->
