<?xml version="1.0" encoding="UTF-8"?>
<!-- Generated by org.testng.reporters.JUnitReportReporter -->
<testsuite skipped="0" hostname="yinons-MBP" name="Tests.ChatTest" tests="2" failures="0" timestamp="30 Apr 2018 12:41:46 GMT" time="339.938" errors="0">
  <testcase name="StylistSendToClient" time="184.494" classname="Tests.ChatTest"/>
  <testcase name="ClientToStylist" time="155.444" classname="Tests.ChatTest"/>
</testsuite> <!-- Tests.ChatTest -->
