<?xml version="1.0" encoding="UTF-8"?>
<!-- Generated by org.testng.reporters.JUnitReportReporter -->
<testsuite hostname="yinons-MacBook-Pro.local" failures="0" tests="5" name="Tests.SignUpByFacbookTest" time="86.687" errors="0" timestamp="14 Jan 2018 15:54:25 GMT" skipped="0">
  <testcase classname="Tests.SignUpByFacbookTest" name="LoginWithFacbookWrongUserName" time="15.693"/>
  <testcase classname="Tests.SignUpByFacbookTest" name="LoginWithFacbookWrongPassword" time="8.046"/>
  <testcase classname="Tests.SignUpByFacbookTest" name="LoginWithFacbookWithoutPassword" time="8.139"/>
  <testcase classname="Tests.SignUpByFacbookTest" name="LoginWithFacbookWithoutUser" time="5.693"/>
  <testcase classname="Tests.SignUpByFacbookTest" name="DoLoginWithFacbook" time="49.116"/>
</testsuite> <!-- Tests.SignUpByFacbookTest -->
