<?xml version="1.0" encoding="UTF-8"?>
<!-- Generated by org.testng.reporters.JUnitReportReporter -->
<testsuite hostname="yinons-MacBook-Pro.local" failures="0" tests="1" name="Tests.BestMatchFamleCheep" time="77.958" errors="0" timestamp="29 Jan 2018 13:03:19 GMT" skipped="0">
  <testcase classname="Tests.BestMatchFamleCheep" name="FamleCheep" time="77.958"/>
</testsuite> <!-- Tests.BestMatchFamleCheep -->
