<?xml version="1.0" encoding="UTF-8"?>
<!-- Generated by org.testng.reporters.JUnitReportReporter -->
<testsuite skipped="0" hostname="yinons-MacBook-Pro.local" name="Tests.BestMatchFamleExpensive" tests="1" failures="0" timestamp="30 Jan 2018 10:37:35 GMT" time="73.349" errors="0">
  <testcase name="FamleExpensive" time="73.349" classname="Tests.BestMatchFamleExpensive"/>
</testsuite> <!-- Tests.BestMatchFamleExpensive -->
