<?xml version="1.0" encoding="UTF-8"?>
<!-- Generated by org.testng.reporters.JUnitReportReporter -->
<testsuite hostname="yinons-MacBook-Pro.local" failures="0" tests="3" name="Tests.ConnectByFacbookTestfail" time="29.990" errors="0" timestamp="29 Jan 2018 13:03:19 GMT" skipped="0">
  <testcase classname="Tests.ConnectByFacbookTestfail" name="ConnectByFacbookWrongUserName" time="15.090"/>
  <testcase classname="Tests.ConnectByFacbookTestfail" name="ConnectByFacbookWrongPassword" time="5.004"/>
  <testcase classname="Tests.ConnectByFacbookTestfail" name="ConnectByFacbook" time="9.896"/>
</testsuite> <!-- Tests.ConnectByFacbookTestfail -->
