<?xml version="1.0" encoding="UTF-8"?>
<!-- Generated by org.testng.reporters.JUnitReportReporter -->
<testsuite skipped="0" hostname="yinons-MacBook-Pro.local" name="Tests.ChatTest" tests="3" failures="0" timestamp="30 Jan 2018 10:37:30 GMT" time="101.448" errors="0">
  <testcase name="FillPasswordWithOutToFillEmail" time="5.648" classname="Tests.ChatTest"/>
  <testcase name="SendChatToclient" time="58.347" classname="Tests.ChatTest"/>
  <testcase name="SendChatToStylist" time="37.453" classname="Tests.ChatTest"/>
</testsuite> <!-- Tests.ChatTest -->
