<?xml version="1.0" encoding="UTF-8"?>
<!-- Generated by org.testng.reporters.JUnitReportReporter -->
<testsuite skipped="0" hostname="yinons-MacBook-Pro.local" name="Tests.BestMatchMaleNormal" tests="1" failures="0" timestamp="30 Jan 2018 10:37:25 GMT" time="62.538" errors="0">
  <testcase name="MaleNOrmal" time="62.538" classname="Tests.BestMatchMaleNormal"/>
</testsuite> <!-- Tests.BestMatchMaleNormal -->
