<?xml version="1.0" encoding="UTF-8"?>
<!-- Generated by org.testng.reporters.JUnitReportReporter -->
<testsuite hostname="yinons-MacBook-Pro.local" failures="0" tests="1" name="Tests.LoginTest" time="2.095" errors="0" timestamp="23 Jan 2018 11:01:43 GMT" skipped="0">
  <testcase classname="Tests.LoginTest" name="click" time="2.095"/>
</testsuite> <!-- Tests.LoginTest -->
