<?xml version="1.0" encoding="UTF-8"?>
<!-- Generated by org.testng.reporters.JUnitReportReporter -->
<testsuite skipped="0" hostname="yinons-MacBook-Pro.local" name="Tests.BestMatchMaleCheep" tests="1" failures="0" timestamp="30 Jan 2018 10:37:10 GMT" time="62.109" errors="0">
  <testcase name="MaleCheep" time="62.109" classname="Tests.BestMatchMaleCheep"/>
</testsuite> <!-- Tests.BestMatchMaleCheep -->
