<?xml version="1.0" encoding="UTF-8"?>
<!-- Generated by org.testng.reporters.JUnitReportReporter -->
<testsuite hostname="yinons-MacBook-Pro.local" failures="0" tests="5" name="Tests.SignUpTests" time="19.358" errors="0" timestamp="25 Jan 2018 15:55:12 GMT" skipped="0">
  <testcase classname="Tests.SignUpTests" name="SignUpClickable" time="5.306"/>
  <testcase classname="Tests.SignUpTests" name="FillEmailWitoutShtudel" time="3.734"/>
  <testcase classname="Tests.SignUpTests" name="FillEmailWithoutDotCom" time="3.275"/>
  <testcase classname="Tests.SignUpTests" name="FillPsswordWithLessthan6Characters" time="3.814"/>
  <testcase classname="Tests.SignUpTests" name="DoSignUp" time="3.229"/>
</testsuite> <!-- Tests.SignUpTests -->
