<?xml version="1.0" encoding="UTF-8"?>
<!-- Generated by org.testng.reporters.JUnitReportReporter -->
<testsuite hostname="yinons-MBP" failures="0" tests="1" name="Tests.LoginWithFacbookTests" time="19.507" errors="0" timestamp="24 Jan 2018 10:29:54 GMT" skipped="0">
  <testcase classname="Tests.LoginWithFacbookTests" name="LoginWithFacbook" time="19.507"/>
</testsuite> <!-- Tests.LoginWithFacbookTests -->
