<?xml version="1.0" encoding="UTF-8"?>
<!-- Generated by org.testng.reporters.JUnitReportReporter -->
<testsuite hostname="yinons-MacBook-Pro.local" failures="0" tests="3" name="Tests.ChatTest" time="93.387" errors="0" timestamp="29 Jan 2018 13:03:19 GMT" skipped="0">
  <testcase classname="Tests.ChatTest" name="FillPasswordWithOutToFillEmail" time="5.938"/>
  <testcase classname="Tests.ChatTest" name="SendChatToclient" time="53.859"/>
  <testcase classname="Tests.ChatTest" name="SendChatToStylist" time="33.590"/>
</testsuite> <!-- Tests.ChatTest -->
