<?xml version="1.0" encoding="UTF-8"?>
<!-- Generated by org.testng.reporters.JUnitReportReporter -->
<testsuite skipped="0" hostname="yinons-MacBook-Pro.local" name="Tests.BestMatchMaleExpensive" tests="1" failures="0" timestamp="30 Jan 2018 10:37:15 GMT" time="62.459" errors="0">
  <testcase name="MaleExpensive" time="62.459" classname="Tests.BestMatchMaleExpensive"/>
</testsuite> <!-- Tests.BestMatchMaleExpensive -->
