<?xml version="1.0" encoding="UTF-8"?>
<!-- Generated by org.testng.reporters.JUnitReportReporter -->
<testsuite skipped="0" hostname="yinons-MacBook-Pro.local" name="Tests.BookingTest" tests="2" failures="0" timestamp="30 Jan 2018 10:46:20 GMT" time="99.084" errors="0">
  <testcase name="DoSignUp" time="56.128" classname="Tests.BookingTest"/>
  <testcase name="CheckOutSession" time="42.956" classname="Tests.BookingTest"/>
</testsuite> <!-- Tests.BookingTest -->
