<?xml version="1.0" encoding="UTF-8"?>
<!-- Generated by org.testng.reporters.JUnitReportReporter -->
<testsuite hostname="yinons-MacBook-Pro.local" failures="0" tests="2" name="Tests.BookingTest" time="106.224" errors="0" timestamp="29 Jan 2018 15:09:52 GMT" skipped="0">
  <testcase classname="Tests.BookingTest" name="DoSignUp" time="58.582"/>
  <testcase classname="Tests.BookingTest" name="CheckOutSession" time="47.642"/>
</testsuite> <!-- Tests.BookingTest -->
