<?xml version="1.0" encoding="UTF-8"?>
<!-- Generated by org.testng.reporters.JUnitReportReporter -->
<testsuite hostname="yinons-MacBook-Pro.local" failures="0" tests="1" name="Tests.BestMatchFamleNormal" time="72.204" errors="0" timestamp="29 Jan 2018 13:03:19 GMT" skipped="0">
  <testcase classname="Tests.BestMatchFamleNormal" name="FamleNOrmal" time="72.204"/>
</testsuite> <!-- Tests.BestMatchFamleNormal -->
