<?xml version="1.0" encoding="UTF-8"?>
<!-- Generated by org.testng.reporters.JUnitReportReporter -->
<testsuite skipped="0" hostname="LAPTOP-HL4JBDG5" name="WishiTests.BookingStylistTests" tests="3" failures="0" timestamp="24 Oct 2017 12:19:03 GMT" time="10.788" errors="0">
  <testcase name="login" time="2.730" classname="WishiTests.BookingStylistTests"/>
  <testcase name="ClickBookingStylist" time="3.129" classname="WishiTests.BookingStylistTests"/>
  <testcase name="MadeBooking" time="4.929" classname="WishiTests.BookingStylistTests"/>
</testsuite> <!-- WishiTests.BookingStylistTests -->
