<?xml version="1.0" encoding="UTF-8"?>
<!-- Generated by org.testng.reporters.JUnitReportReporter -->
<testsuite skipped="0" hostname="LAPTOP-2ER69HLS" name="WishiTests.QwizSkipedTests" tests="3" failures="0" timestamp="20 Dec 2017 15:57:58 GMT" time="52.630" errors="0">
  <testcase name="DoSignUp2" time="3.140" classname="WishiTests.QwizSkipedTests"/>
  <testcase name="CheckOutSessionskip" time="31.676" classname="WishiTests.QwizSkipedTests"/>
  <testcase name="ClickSkip" time="17.814" classname="WishiTests.QwizSkipedTests"/>
</testsuite> <!-- WishiTests.QwizSkipedTests -->
