<?xml version="1.0" encoding="UTF-8"?>
<!-- Generated by org.testng.reporters.JUnitReportReporter -->
<testsuite skipped="0" hostname="LAPTOP-2ER69HLS" name="WishiTests.SignUpByFacbook" tests="5" failures="0" timestamp="20 Dec 2017 15:57:58 GMT" time="11.464" errors="0">
  <testcase name="SignUpWithFacbookWrongUserName" time="5.160" classname="WishiTests.SignUpByFacbook"/>
  <testcase name="SignUpWithFacbookWitOutEmail" time="0.840" classname="WishiTests.SignUpByFacbook"/>
  <testcase name="SignUpWithFacbookWitOutPassword" time="1.156" classname="WishiTests.SignUpByFacbook"/>
  <testcase name="SignUpWithFacbookWrongPassword" time="1.674" classname="WishiTests.SignUpByFacbook"/>
  <testcase name="SignUpWithFacbook" time="2.634" classname="WishiTests.SignUpByFacbook"/>
</testsuite> <!-- WishiTests.SignUpByFacbook -->
