<?xml version="1.0" encoding="UTF-8"?>
<!-- Generated by org.testng.reporters.JUnitReportReporter -->
<testsuite hostname="yinons-MacBook-Pro.local" failures="0" tests="16" name="Tests.QwizTest" time="197.927" errors="0" timestamp="29 Jan 2018 09:53:36 GMT" skipped="0">
  <testcase classname="Tests.QwizTest" name="DoSignUp" time="65.841"/>
  <testcase classname="Tests.QwizTest" name="CheckOutSession" time="50.271"/>
  <testcase classname="Tests.QwizTest" name="SelectEvent" time="7.798"/>
  <testcase classname="Tests.QwizTest" name="SelectBodyType" time="4.782"/>
  <testcase classname="Tests.QwizTest" name="SelectHeight" time="4.567"/>
  <testcase classname="Tests.QwizTest" name="SelectColors" time="4.818"/>
  <testcase classname="Tests.QwizTest" name="SelectHighlight" time="4.612"/>
  <testcase classname="Tests.QwizTest" name="SelectClothingPreferences" time="4.430"/>
  <testcase classname="Tests.QwizTest" name="SelectHeels" time="4.484"/>
  <testcase classname="Tests.QwizTest" name="SelectFabrics" time="4.563"/>
  <testcase classname="Tests.QwizTest" name="SelectPrints" time="4.575"/>
  <testcase classname="Tests.QwizTest" name="SelectSize" time="10.522"/>
  <testcase classname="Tests.QwizTest" name="SelectComfortZone" time="4.670"/>
  <testcase classname="Tests.QwizTest" name="SelectJEWELRY" time="4.751"/>
  <testcase classname="Tests.QwizTest" name="SelectBrands" time="6.452"/>
  <testcase classname="Tests.QwizTest" name="SelectInventory" time="10.791"/>
</testsuite> <!-- Tests.QwizTest -->
