<?xml version="1.0" encoding="UTF-8"?>
<!-- Generated by org.testng.reporters.JUnitReportReporter -->
<testsuite hostname="yinons-MacBook-Pro.local" failures="0" tests="6" name="Tests.LoginTest$LoginTests2" time="38.608" errors="0" timestamp="28 Jan 2018 09:52:40 GMT" skipped="0">
  <testcase classname="Tests.LoginTest$LoginTests2" name="FillPasswordWithOutToFillEmail" time="16.665"/>
  <testcase classname="Tests.LoginTest$LoginTests2" name="FillEmailWithOutToFillPassword" time="2.855"/>
  <testcase classname="Tests.LoginTest$LoginTests2" name="ClickLoginwWithOutToFillAnyFields" time="2.310"/>
  <testcase classname="Tests.LoginTest$LoginTests2" name="FillCorrectEmailWithWrongPassword" time="9.232"/>
  <testcase classname="Tests.LoginTest$LoginTests2" name="FillCorrectPasswordWithWrongEmail" time="3.936"/>
  <testcase classname="Tests.LoginTest$LoginTests2" name="DoLogin" time="3.610"/>
</testsuite> <!-- Tests.LoginTest$LoginTests2 -->
