<?xml version="1.0" encoding="UTF-8"?>
<!-- Generated by org.testng.reporters.JUnitReportReporter -->
<testsuite hostname="yinons-MacBook-Pro.local" failures="0" tests="5" name="WishiTests.SignUpByFacbook" time="9.704" errors="0" timestamp="30 Jan 2018 14:24:58 GMT" skipped="0">
  <testcase classname="WishiTests.SignUpByFacbook" name="SignUpWithFacbookWrongUserName" time="3.595"/>
  <testcase classname="WishiTests.SignUpByFacbook" name="SignUpWithFacbookWitOutEmail" time="0.660"/>
  <testcase classname="WishiTests.SignUpByFacbook" name="SignUpWithFacbookWitOutPassword" time="0.945"/>
  <testcase classname="WishiTests.SignUpByFacbook" name="SignUpWithFacbookWrongPassword" time="1.543"/>
  <testcase classname="WishiTests.SignUpByFacbook" name="SignUpWithFacbook" time="2.961"/>
</testsuite> <!-- WishiTests.SignUpByFacbook -->
