<?xml version="1.0" encoding="UTF-8"?>
<!-- Generated by org.testng.reporters.JUnitReportReporter -->
<testsuite skipped="0" hostname="LAPTOP-2ER69HLS" name="Tests.SignUpByFacbookTests" tests="1" failures="0" timestamp="12 Dec 2017 18:26:57 GMT" time="10.167" errors="0">
  <testcase name="SignUpWithFacbook" time="10.167" classname="Tests.SignUpByFacbookTests"/>
</testsuite> <!-- Tests.SignUpByFacbookTests -->
