<?xml version="1.0" encoding="UTF-8"?>
<!-- Generated by org.testng.reporters.JUnitReportReporter -->
<testsuite hostname="yinons-MacBook-Pro.local" failures="0" tests="1" name="Tests.LoginWithFacbookTests" time="10.776" errors="0" timestamp="25 Dec 2017 16:35:39 GMT" skipped="0">
  <testcase classname="Tests.LoginWithFacbookTests" name="LoginWithFacbook" time="10.776"/>
</testsuite> <!-- Tests.LoginWithFacbookTests -->
