<?xml version="1.0" encoding="UTF-8"?>
<!-- Generated by org.testng.reporters.JUnitReportReporter -->
<testsuite hostname="yinons-MacBook-Pro.local" failures="0" tests="16" name="Tests.qwizTests" time="113.325" errors="0" timestamp="29 Jan 2018 13:20:37 GMT" skipped="0">
  <testcase classname="Tests.qwizTests" name="DoSignUp" time="24.937"/>
  <testcase classname="Tests.qwizTests" name="CheckOutSession" time="29.445"/>
  <testcase classname="Tests.qwizTests" name="SelectEvent" time="4.101"/>
  <testcase classname="Tests.qwizTests" name="SelectBodyType" time="1.496"/>
  <testcase classname="Tests.qwizTests" name="SelectHeight" time="4.048"/>
  <testcase classname="Tests.qwizTests" name="SelectColors" time="4.200"/>
  <testcase classname="Tests.qwizTests" name="SelectHighlight" time="3.999"/>
  <testcase classname="Tests.qwizTests" name="SelectClothingPreferences" time="4.157"/>
  <testcase classname="Tests.qwizTests" name="SelectHeels" time="4.141"/>
  <testcase classname="Tests.qwizTests" name="SelectFabrics" time="4.051"/>
  <testcase classname="Tests.qwizTests" name="SelectPrints" time="5.047"/>
  <testcase classname="Tests.qwizTests" name="SelectSize" time="4.748"/>
  <testcase classname="Tests.qwizTests" name="SelectComfortZone" time="3.997"/>
  <testcase classname="Tests.qwizTests" name="SelectJEWELRY" time="4.256"/>
  <testcase classname="Tests.qwizTests" name="SelectBrands" time="4.700"/>
  <testcase classname="Tests.qwizTests" name="SelectInventory" time="6.002"/>
</testsuite> <!-- Tests.qwizTests -->
