<?xml version="1.0" encoding="UTF-8"?>
<!-- Generated by org.testng.reporters.JUnitReportReporter -->
<testsuite skipped="0" hostname="LAPTOP-2ER69HLS" name="Tests.SignUpByFacbookTestsFail" tests="4" failures="0" timestamp="19 Dec 2017 14:45:45 GMT" time="24.956" errors="0">
  <testcase name="SignUpWithFacbookWitOutEmail" time="8.035" classname="Tests.SignUpByFacbookTestsFail"/>
  <testcase name="SignUpWithFacbookWitOutPassword" time="2.691" classname="Tests.SignUpByFacbookTestsFail"/>
  <testcase name="SignUpWithFacbookWrongPassword" time="7.003" classname="Tests.SignUpByFacbookTestsFail"/>
  <testcase name="SignUpWithFacbookWrongUserName" time="7.227" classname="Tests.SignUpByFacbookTestsFail"/>
</testsuite> <!-- Tests.SignUpByFacbookTestsFail -->
