<?xml version="1.0" encoding="UTF-8"?>
<!-- Generated by org.testng.reporters.JUnitReportReporter -->
<testsuite skipped="0" hostname="LAPTOP-2ER69HLS" name="Tests.SignUpTest" tests="5" failures="0" timestamp="19 Dec 2017 14:47:22 GMT" time="28.129" errors="0">
  <testcase name="SignUpClickable" time="1.069" classname="Tests.SignUpTest"/>
  <testcase name="FillEmailWitoutShtudel" time="5.954" classname="Tests.SignUpTest"/>
  <testcase name="FillEmailWithoutDotCom" time="4.966" classname="Tests.SignUpTest"/>
  <testcase name="FillPsswordWithLessthan6Characters" time="5.450" classname="Tests.SignUpTest"/>
  <testcase name="DoSignUp" time="10.690" classname="Tests.SignUpTest"/>
</testsuite> <!-- Tests.SignUpTest -->
