<?xml version="1.0" encoding="UTF-8"?>
<!-- Generated by org.testng.reporters.JUnitReportReporter -->
<testsuite hostname="yinons-MacBook-Pro.local" failures="0" tests="3" name="Tests.ChatTests" time="77.333" errors="0" timestamp="25 Dec 2017 16:35:39 GMT" skipped="0">
  <testcase classname="Tests.ChatTests" name="LoginAsStylist" time="3.240"/>
  <testcase classname="Tests.ChatTests" name="SendChatToclient" time="45.470"/>
  <testcase classname="Tests.ChatTests" name="SendChatToStylist" time="28.623"/>
</testsuite> <!-- Tests.ChatTests -->
