<?xml version="1.0" encoding="UTF-8"?>
<!-- Generated by org.testng.reporters.JUnitReportReporter -->
<testsuite skipped="0" hostname="LAPTOP-2ER69HLS" name="PageObject.basics" tests="1" failures="0" timestamp="06 Dec 2017 09:11:24 GMT" time="99.157" errors="0">
  <testcase name="ogin" time="99.157" classname="PageObject.basics"/>
</testsuite> <!-- PageObject.basics -->
