<?xml version="1.0" encoding="UTF-8"?>
<!-- Generated by org.testng.reporters.JUnitReportReporter -->
<testsuite hostname="yinons-MacBook-Pro.local" failures="0" tests="1" name="Tests.SignUpByFacbookTestsSucses" time="9.394" errors="0" timestamp="25 Dec 2017 16:35:39 GMT" skipped="0">
  <testcase classname="Tests.SignUpByFacbookTestsSucses" name="SignUpWithFacbook" time="9.394"/>
</testsuite> <!-- Tests.SignUpByFacbookTestsSucses -->
