<?xml version="1.0" encoding="UTF-8"?>
<!-- Generated by org.testng.reporters.JUnitReportReporter -->
<testsuite hostname="yinons-MacBook-Pro.local" failures="0" tests="7" name="Tests.LoginTests2" time="28.736" errors="0" timestamp="25 Dec 2017 16:35:39 GMT" skipped="0">
  <testcase classname="Tests.LoginTests2" name="LoginClickable" time="3.090"/>
  <testcase classname="Tests.LoginTests2" name="DoLogin" time="3.603"/>
  <testcase classname="Tests.LoginTests2" name="FillPasswordWithOutToFillEmail" time="3.084"/>
  <testcase classname="Tests.LoginTests2" name="FillEmailWithOutToFillPassword" time="3.397"/>
  <testcase classname="Tests.LoginTests2" name="ClickLoginwWithOutToFillAnyFields" time="2.100"/>
  <testcase classname="Tests.LoginTests2" name="FillCorrectEmailWithWrongPassword" time="10.074"/>
  <testcase classname="Tests.LoginTests2" name="FillCorrectPasswordWithWrongEmail" time="3.388"/>
</testsuite> <!-- Tests.LoginTests2 -->
