<?xml version="1.0" encoding="UTF-8"?>
<!-- Generated by org.testng.reporters.JUnitReportReporter -->
<testsuite hostname="yinons-MacBook-Pro.local" failures="0" tests="2" name="Tests.SignUpTest" time="80.502" errors="0" timestamp="10 Jan 2018 12:02:28 GMT" skipped="0">
  <testcase classname="Tests.SignUpTest" name="Signupwithoutshtudel" time="26.161"/>
  <testcase classname="Tests.SignUpTest" name="DoSignUp" time="54.341"/>
</testsuite> <!-- Tests.SignUpTest -->
