<?xml version="1.0" encoding="UTF-8"?>
<!-- Generated by org.testng.reporters.JUnitReportReporter -->
<testsuite hostname="yinons-MacBook-Pro.local" failures="0" tests="4" name="Tests.BestMutch" time="480.445" errors="0" timestamp="10 Jan 2018 11:17:30 GMT" skipped="0">
  <testcase classname="Tests.BestMutch" name="BestMatchCheepFamle" time="115.971"/>
  <testcase classname="Tests.BestMutch" name="BestMatchMale" time="122.435"/>
  <testcase classname="Tests.BestMutch" name="BestMatchFeMaleNrmal" time="120.638"/>
  <testcase classname="Tests.BestMutch" name="BestMatchFeMaleExpensive" time="121.401"/>
</testsuite> <!-- Tests.BestMutch -->
