<?xml version="1.0" encoding="UTF-8"?>
<!-- Generated by org.testng.reporters.JUnitReportReporter -->
<testsuite skipped="0" hostname="inon-PC" name="WishiTests.LoginWithFacbookFailsTests" tests="5" failures="0" timestamp="10 Jul 2018 09:35:53 GMT" time="14.220" errors="0">
  <testcase name="LoginWitoutUserAndPassword" time="7.089" classname="WishiTests.LoginWithFacbookFailsTests"/>
  <testcase name="LoginWitoutUser" time="1.160" classname="WishiTests.LoginWithFacbookFailsTests"/>
  <testcase name="LoginWitoutPassword" time="1.702" classname="WishiTests.LoginWithFacbookFailsTests"/>
  <testcase name="LoginWithFacbookWrongPassword" time="1.974" classname="WishiTests.LoginWithFacbookFailsTests"/>
  <testcase name="LoginWithFacbookWrongUserName" time="2.295" classname="WishiTests.LoginWithFacbookFailsTests"/>
</testsuite> <!-- WishiTests.LoginWithFacbookFailsTests -->
