<?xml version="1.0" encoding="UTF-8"?>
<!-- Generated by org.testng.reporters.JUnitReportReporter -->
<testsuite hostname="yinons-MacBook-Pro.local" failures="0" tests="4" name="Tests.SignUpByFacbookTestsFail" time="14.983" errors="0" timestamp="25 Dec 2017 16:35:39 GMT" skipped="0">
  <testcase classname="Tests.SignUpByFacbookTestsFail" name="SignUpWithFacbookWitOutEmail" time="4.339"/>
  <testcase classname="Tests.SignUpByFacbookTestsFail" name="SignUpWithFacbookWitOutPassword" time="1.897"/>
  <testcase classname="Tests.SignUpByFacbookTestsFail" name="SignUpWithFacbookWrongPassword" time="4.298"/>
  <testcase classname="Tests.SignUpByFacbookTestsFail" name="SignUpWithFacbookWrongUserName" time="4.449"/>
</testsuite> <!-- Tests.SignUpByFacbookTestsFail -->
