<?xml version="1.0" encoding="UTF-8"?>
<!-- Generated by org.testng.reporters.JUnitReportReporter -->
<testsuite hostname="yinons-MacBook-Pro.local" failures="0" tests="2" name="Tests.LoginWithFacbookTestsFail" time="12.291" errors="0" timestamp="25 Dec 2017 16:35:39 GMT" skipped="0">
  <testcase classname="Tests.LoginWithFacbookTestsFail" name="LoginWithFacbookWrongPassword" time="9.848"/>
  <testcase classname="Tests.LoginWithFacbookTestsFail" name="LoginWithFacbookWrongUserName" time="2.443"/>
</testsuite> <!-- Tests.LoginWithFacbookTestsFail -->
