<?xml version="1.0" encoding="UTF-8"?>
<!-- Generated by org.testng.reporters.JUnitReportReporter -->
<testsuite hostname="yinons-MBP" failures="0" tests="1" name="WishiTests.BestMatchLowMaleTests" time="110.551" errors="0" timestamp="07 Aug 2018 11:09:40 GMT" skipped="0">
  <testcase classname="WishiTests.BestMatchLowMaleTests" name="BMLowMale" time="110.551"/>
</testsuite> <!-- WishiTests.BestMatchLowMaleTests -->
