<?xml version="1.0" encoding="UTF-8"?>
<!-- Generated by org.testng.reporters.JUnitReportReporter -->
<testsuite hostname="yinons-MBP" failures="0" tests="2" name="WishiTests.UploadItemTest" time="13.056" errors="0" timestamp="06 Aug 2018 17:36:08 GMT" skipped="0">
  <testcase classname="WishiTests.UploadItemTest" name="DoLogin" time="8.404"/>
  <testcase classname="WishiTests.UploadItemTest" name="Uploaditem" time="4.652"/>
</testsuite> <!-- WishiTests.UploadItemTest -->
