<?xml version="1.0" encoding="UTF-8"?>
<!-- Generated by org.testng.reporters.JUnitReportReporter -->
<testsuite hostname="yinons-MBP" failures="0" tests="4" name="WishiTests.SignUpByFacbookfailes" time="9.564" errors="0" timestamp="24 Jul 2018 21:18:47 GMT" skipped="0">
  <testcase classname="WishiTests.SignUpByFacbookfailes" name="SignUpWithFacbookWrongUserName" time="5.582"/>
  <testcase classname="WishiTests.SignUpByFacbookfailes" name="SignUpWithFacbookWitOutEmail" time="0.787"/>
  <testcase classname="WishiTests.SignUpByFacbookfailes" name="SignUpWithFacbookWitOutPassword" time="1.284"/>
  <testcase classname="WishiTests.SignUpByFacbookfailes" name="SignUpWithFacbookWrongPassword" time="1.911"/>
</testsuite> <!-- WishiTests.SignUpByFacbookfailes -->
