<?xml version="1.0" encoding="UTF-8"?>
<!-- Generated by org.testng.reporters.JUnitReportReporter -->
<testsuite hostname="yinons-MBP" failures="0" tests="16" name="WishiTests.QwizTests" time="125.154" errors="0" timestamp="06 Aug 2018 17:36:08 GMT" skipped="0">
  <testcase classname="WishiTests.QwizTests" name="DoSignUp" time="62.748"/>
  <testcase classname="WishiTests.QwizTests" name="CheckOutSession" time="17.288"/>
  <testcase classname="WishiTests.QwizTests" name="SelectEvent" time="2.319"/>
  <testcase classname="WishiTests.QwizTests" name="SelectBodyType" time="1.172"/>
  <testcase classname="WishiTests.QwizTests" name="SelectHeight" time="3.360"/>
  <testcase classname="WishiTests.QwizTests" name="SelectColors" time="3.472"/>
  <testcase classname="WishiTests.QwizTests" name="SelectHighlight" time="3.386"/>
  <testcase classname="WishiTests.QwizTests" name="SelectClothingPreferences" time="3.356"/>
  <testcase classname="WishiTests.QwizTests" name="SelectHeels" time="3.353"/>
  <testcase classname="WishiTests.QwizTests" name="SelectFabrics" time="3.352"/>
  <testcase classname="WishiTests.QwizTests" name="SelectPrints" time="3.342"/>
  <testcase classname="WishiTests.QwizTests" name="SelectSize" time="3.553"/>
  <testcase classname="WishiTests.QwizTests" name="SelectComfortZone" time="3.345"/>
  <testcase classname="WishiTests.QwizTests" name="SelectJEWELRY" time="3.416"/>
  <testcase classname="WishiTests.QwizTests" name="SelectBrands" time="3.445"/>
  <testcase classname="WishiTests.QwizTests" name="SelectInventory" time="4.247"/>
</testsuite> <!-- WishiTests.QwizTests -->
