<?xml version="1.0" encoding="UTF-8"?>
<!-- Generated by org.testng.reporters.JUnitReportReporter -->
<testsuite hostname="yinons-MBP" failures="0" tests="2" name="WishiTests.UploadItemTest" time="12.981" errors="0" timestamp="24 Jul 2018 21:18:47 GMT" skipped="0">
  <testcase classname="WishiTests.UploadItemTest" name="DoLogin" time="8.429"/>
  <testcase classname="WishiTests.UploadItemTest" name="Uploaditem" time="4.552"/>
</testsuite> <!-- WishiTests.UploadItemTest -->
