<?xml version="1.0" encoding="UTF-8"?>
<!-- Generated by org.testng.reporters.JUnitReportReporter -->
<testsuite hostname="yinons-MBP" failures="0" tests="1" name="WishiTests.LoginWithFacbookTests" time="8.672" errors="0" timestamp="06 Aug 2018 17:36:08 GMT" skipped="0">
  <testcase classname="WishiTests.LoginWithFacbookTests" name="LoginWithFacbookWrongUserName" time="8.672"/>
</testsuite> <!-- WishiTests.LoginWithFacbookTests -->
