<?xml version="1.0" encoding="UTF-8"?>
<!-- Generated by org.testng.reporters.JUnitReportReporter -->
<testsuite hostname="yinons-MBP" failures="0" tests="7" name="WishiTests.LoginTest" time="17.728" errors="0" timestamp="06 Aug 2018 17:36:08 GMT" skipped="0">
  <testcase classname="WishiTests.LoginTest" name="LoginClickable" time="2.930"/>
  <testcase classname="WishiTests.LoginTest" name="FillPasswordWithOutToFillEmail" time="1.625"/>
  <testcase classname="WishiTests.LoginTest" name="FillEmailWithOutToFillPassword" time="1.597"/>
  <testcase classname="WishiTests.LoginTest" name="ClickLoginwWithOutToFillAnyFields" time="1.484"/>
  <testcase classname="WishiTests.LoginTest" name="FillCorrectEmailWithWrongPassword" time="2.814"/>
  <testcase classname="WishiTests.LoginTest" name="FillCorrectPasswordWithWrongEmail" time="2.414"/>
  <testcase classname="WishiTests.LoginTest" name="DoLogin" time="4.864"/>
</testsuite> <!-- WishiTests.LoginTest -->
