<?xml version="1.0" encoding="UTF-8"?>
<!-- Generated by org.testng.reporters.JUnitReportReporter -->
<testsuite hostname="yinons-MBP" failures="0" tests="1" name="WishiTests.BestMatchLowFeamleTests" time="135.890" errors="0" timestamp="07 Aug 2018 11:09:40 GMT" skipped="0">
  <testcase classname="WishiTests.BestMatchLowFeamleTests" name="BMLowFeamle" time="135.890"/>
</testsuite> <!-- WishiTests.BestMatchLowFeamleTests -->
