<?xml version="1.0" encoding="UTF-8"?>
<!-- Generated by org.testng.reporters.JUnitReportReporter -->
<testsuite hostname="yinons-MBP" failures="0" tests="1" name="WishiTests.LoginWithFacbookTests" time="7.977" errors="0" timestamp="24 Jul 2018 21:18:47 GMT" skipped="0">
  <testcase classname="WishiTests.LoginWithFacbookTests" name="LoginWithFacbookWrongUserName" time="7.977"/>
</testsuite> <!-- WishiTests.LoginWithFacbookTests -->
