<?xml version="1.0" encoding="UTF-8"?>
<!-- Generated by org.testng.reporters.JUnitReportReporter -->
<testsuite hostname="yinons-MBP" failures="0" tests="5" name="WishiTests.LoginWithFacbookFailsTests" time="13.023" errors="0" timestamp="24 Jul 2018 21:18:47 GMT" skipped="0">
  <testcase classname="WishiTests.LoginWithFacbookFailsTests" name="LoginWitoutUserAndPassword" time="5.595"/>
  <testcase classname="WishiTests.LoginWithFacbookFailsTests" name="LoginWitoutUser" time="1.365"/>
  <testcase classname="WishiTests.LoginWithFacbookFailsTests" name="LoginWitoutPassword" time="1.869"/>
  <testcase classname="WishiTests.LoginWithFacbookFailsTests" name="LoginWithFacbookWrongPassword" time="1.744"/>
  <testcase classname="WishiTests.LoginWithFacbookFailsTests" name="LoginWithFacbookWrongUserName" time="2.450"/>
</testsuite> <!-- WishiTests.LoginWithFacbookFailsTests -->
