<?xml version="1.0" encoding="UTF-8"?>
<!-- Generated by org.testng.reporters.JUnitReportReporter -->
<testsuite hostname="yinons-MBP" failures="0" tests="20" name="WishiTests.CrateLookTests" time="394.463" errors="0" timestamp="06 Aug 2018 17:36:08 GMT" skipped="0">
  <testcase classname="WishiTests.CrateLookTests" name="LoginAsClient" time="6.836"/>
  <testcase classname="WishiTests.CrateLookTests" name="CheckOutSession" time="18.390"/>
  <testcase classname="WishiTests.CrateLookTests" name="LoginAsStylist" time="7.150"/>
  <testcase classname="WishiTests.CrateLookTests" name="CreateMoodBoard" time="25.925"/>
  <testcase classname="WishiTests.CrateLookTests" name="VerifyMoodBoard" time="11.845"/>
  <testcase classname="WishiTests.CrateLookTests" name="CreatePS" time="36.158"/>
  <testcase classname="WishiTests.CrateLookTests" name="AskRevise" time="12.577"/>
  <testcase classname="WishiTests.CrateLookTests" name="CreateLook1" time="37.360"/>
  <testcase classname="WishiTests.CrateLookTests" name="VerifyLook1" time="12.531"/>
  <testcase classname="WishiTests.CrateLookTests" name="CreateMoodBoard2" time="34.770"/>
  <testcase classname="WishiTests.CrateLookTests" name="VerifyMoodBoard2" time="12.578"/>
  <testcase classname="WishiTests.CrateLookTests" name="CreateLook2" time="32.509"/>
  <testcase classname="WishiTests.CrateLookTests" name="VerifyLook2" time="12.551"/>
  <testcase classname="WishiTests.CrateLookTests" name="CreateMoodBoard3" time="33.799"/>
  <testcase classname="WishiTests.CrateLookTests" name="VerifyMoodBoard3" time="14.032"/>
  <testcase classname="WishiTests.CrateLookTests" name="CreateLook3" time="33.684"/>
  <testcase classname="WishiTests.CrateLookTests" name="VerifyLook3" time="15.044"/>
  <testcase classname="WishiTests.CrateLookTests" name="AskEndSession" time="11.101"/>
  <testcase classname="WishiTests.CrateLookTests" name="ClientEndSession" time="16.861"/>
  <testcase classname="WishiTests.CrateLookTests" name="VerifyEndSession" time="8.762"/>
</testsuite> <!-- WishiTests.CrateLookTests -->
