<?xml version="1.0" encoding="UTF-8"?>
<!-- Generated by org.testng.reporters.JUnitReportReporter -->
<testsuite hostname="yinons-MBP" failures="0" tests="5" name="WishiTests.SignUpTest" time="26.947" errors="0" timestamp="06 Aug 2018 17:36:08 GMT" skipped="0">
  <testcase classname="WishiTests.SignUpTest" name="SignUpClickable" time="1.330"/>
  <testcase classname="WishiTests.SignUpTest" name="FillEmailWitoutShtudel" time="5.942"/>
  <testcase classname="WishiTests.SignUpTest" name="FillEmailWithoutDotCom" time="5.663"/>
  <testcase classname="WishiTests.SignUpTest" name="FillPsswordWithLessthan6Characters" time="5.605"/>
  <testcase classname="WishiTests.SignUpTest" name="DoSignUp" time="8.407"/>
</testsuite> <!-- WishiTests.SignUpTest -->
