<?xml version="1.0" encoding="UTF-8"?>
<!-- Generated by org.testng.reporters.JUnitReportReporter -->
<testsuite hostname="yinons-MBP" failures="0" tests="20" name="WishiTests.CrateLookTests" time="392.846" errors="0" timestamp="07 Aug 2018 19:46:05 GMT" skipped="0">
  <testcase classname="WishiTests.CrateLookTests" name="LoginAsClient" time="6.461"/>
  <testcase classname="WishiTests.CrateLookTests" name="CheckOutSession" time="19.388"/>
  <testcase classname="WishiTests.CrateLookTests" name="LoginAsStylist" time="7.122"/>
  <testcase classname="WishiTests.CrateLookTests" name="CreateMoodBoard" time="22.905"/>
  <testcase classname="WishiTests.CrateLookTests" name="VerifyMoodBoard" time="11.970"/>
  <testcase classname="WishiTests.CrateLookTests" name="CreatePS" time="36.691"/>
  <testcase classname="WishiTests.CrateLookTests" name="AskRevise" time="11.546"/>
  <testcase classname="WishiTests.CrateLookTests" name="CreateLook1" time="35.979"/>
  <testcase classname="WishiTests.CrateLookTests" name="VerifyLook1" time="11.530"/>
  <testcase classname="WishiTests.CrateLookTests" name="CreateMoodBoard2" time="34.467"/>
  <testcase classname="WishiTests.CrateLookTests" name="VerifyMoodBoard2" time="12.501"/>
  <testcase classname="WishiTests.CrateLookTests" name="CreateLook2" time="34.850"/>
  <testcase classname="WishiTests.CrateLookTests" name="VerifyLook2" time="11.070"/>
  <testcase classname="WishiTests.CrateLookTests" name="CreateMoodBoard3" time="34.861"/>
  <testcase classname="WishiTests.CrateLookTests" name="VerifyMoodBoard3" time="14.671"/>
  <testcase classname="WishiTests.CrateLookTests" name="CreateLook3" time="35.483"/>
  <testcase classname="WishiTests.CrateLookTests" name="VerifyLook3" time="15.302"/>
  <testcase classname="WishiTests.CrateLookTests" name="AskEndSession" time="10.914"/>
  <testcase classname="WishiTests.CrateLookTests" name="ClientEndSession" time="16.620"/>
  <testcase classname="WishiTests.CrateLookTests" name="VerifyEndSession" time="8.515"/>
</testsuite> <!-- WishiTests.CrateLookTests -->
