<?xml version="1.0" encoding="UTF-8"?>
<!-- Generated by org.testng.reporters.JUnitReportReporter -->
<testsuite hostname="yinons-MBP" failures="0" tests="5" name="WishiTests.LoginWithFacbookFailsTests" time="12.448" errors="0" timestamp="06 Aug 2018 17:36:08 GMT" skipped="0">
  <testcase classname="WishiTests.LoginWithFacbookFailsTests" name="LoginWitoutUserAndPassword" time="5.424"/>
  <testcase classname="WishiTests.LoginWithFacbookFailsTests" name="LoginWitoutUser" time="1.114"/>
  <testcase classname="WishiTests.LoginWithFacbookFailsTests" name="LoginWitoutPassword" time="1.553"/>
  <testcase classname="WishiTests.LoginWithFacbookFailsTests" name="LoginWithFacbookWrongPassword" time="1.955"/>
  <testcase classname="WishiTests.LoginWithFacbookFailsTests" name="LoginWithFacbookWrongUserName" time="2.402"/>
</testsuite> <!-- WishiTests.LoginWithFacbookFailsTests -->
