<?xml version="1.0" encoding="UTF-8"?>
<!-- Generated by org.testng.reporters.JUnitReportReporter -->
<testsuite hostname="yinons-MBP" failures="0" tests="3" name="WishiTests.QwizSkipedTests" time="98.417" errors="0" timestamp="06 Aug 2018 17:38:43 GMT" skipped="0">
  <testcase classname="WishiTests.QwizSkipedTests" name="DoSignUp" time="62.883"/>
  <testcase classname="WishiTests.QwizSkipedTests" name="CheckOutSessionskip" time="18.957"/>
  <testcase classname="WishiTests.QwizSkipedTests" name="ClickSkip" time="16.577"/>
</testsuite> <!-- WishiTests.QwizSkipedTests -->
