<?xml version="1.0" encoding="UTF-8"?>
<!-- Generated by org.testng.reporters.JUnitReportReporter -->
<testsuite hostname="yinons-MBP" failures="0" tests="3" name="WishiTests.BookingStylistTests" time="99.038" errors="0" timestamp="06 Aug 2018 17:36:08 GMT" skipped="0">
  <testcase classname="WishiTests.BookingStylistTests" name="DoSignUp" time="61.007"/>
  <testcase classname="WishiTests.BookingStylistTests" name="CheckOutSession" time="17.529"/>
  <testcase classname="WishiTests.BookingStylistTests" name="CheckoutUnlimited" time="20.502"/>
</testsuite> <!-- WishiTests.BookingStylistTests -->
