<?xml version="1.0" encoding="UTF-8"?>
<!-- Generated by org.testng.reporters.JUnitReportReporter -->
<testsuite hostname="yinons-MBP" failures="0" tests="3" name="WishiTests.ChatTests" time="193.205" errors="0" timestamp="26 Jul 2018 14:34:38 GMT" skipped="0">
  <testcase classname="WishiTests.ChatTests" name="LoginAsStylist" time="7.616"/>
  <testcase classname="WishiTests.ChatTests" name="SendChatToclient" time="169.955"/>
  <testcase classname="WishiTests.ChatTests" name="SendChatToStylist" time="15.634"/>
</testsuite> <!-- WishiTests.ChatTests -->
