<?xml version="1.0" encoding="UTF-8"?>
<!-- Generated by org.testng.reporters.JUnitReportReporter -->
<testsuite hostname="yinons-MBP" failures="0" tests="4" name="WishiTests.SignUpByFacbookfailes" time="17.321" errors="0" timestamp="06 Aug 2018 17:36:08 GMT" skipped="0">
  <testcase classname="WishiTests.SignUpByFacbookfailes" name="SignUpWithFacbookWrongUserName" time="7.359"/>
  <testcase classname="WishiTests.SignUpByFacbookfailes" name="SignUpWithFacbookWitOutEmail" time="2.774"/>
  <testcase classname="WishiTests.SignUpByFacbookfailes" name="SignUpWithFacbookWitOutPassword" time="3.471"/>
  <testcase classname="WishiTests.SignUpByFacbookfailes" name="SignUpWithFacbookWrongPassword" time="3.717"/>
</testsuite> <!-- WishiTests.SignUpByFacbookfailes -->
