<?xml version="1.0" encoding="UTF-8"?>
<!-- Generated by org.testng.reporters.JUnitReportReporter -->
<testsuite hostname="yinons-MBP" failures="0" tests="7" name="WishiTests.LoginTest" time="17.214" errors="0" timestamp="24 Jul 2018 21:18:47 GMT" skipped="0">
  <testcase classname="WishiTests.LoginTest" name="LoginClickable" time="2.865"/>
  <testcase classname="WishiTests.LoginTest" name="FillPasswordWithOutToFillEmail" time="1.649"/>
  <testcase classname="WishiTests.LoginTest" name="FillEmailWithOutToFillPassword" time="1.632"/>
  <testcase classname="WishiTests.LoginTest" name="ClickLoginwWithOutToFillAnyFields" time="1.498"/>
  <testcase classname="WishiTests.LoginTest" name="FillCorrectEmailWithWrongPassword" time="2.777"/>
  <testcase classname="WishiTests.LoginTest" name="FillCorrectPasswordWithWrongEmail" time="1.915"/>
  <testcase classname="WishiTests.LoginTest" name="DoLogin" time="4.878"/>
</testsuite> <!-- WishiTests.LoginTest -->
