<?xml version="1.0" encoding="UTF-8"?>
<!-- Generated by org.testng.reporters.JUnitReportReporter -->
<testsuite hostname="yinons-MBP" failures="0" tests="1" name="WishiTests.SignUpByFacbook" time="10.712" errors="0" timestamp="26 Jul 2018 23:26:16 GMT" skipped="0">
  <testcase classname="WishiTests.SignUpByFacbook" name="SignUpWithFacbook" time="10.712"/>
</testsuite> <!-- WishiTests.SignUpByFacbook -->
