<?xml version="1.0" encoding="UTF-8"?>
<!-- Generated by org.testng.reporters.JUnitReportReporter -->
<testsuite hostname="yinons-MBP" failures="0" tests="3" name="WishiTests.ChatTests" time="46.796" errors="0" timestamp="06 Aug 2018 17:36:08 GMT" skipped="0">
  <testcase classname="WishiTests.ChatTests" name="LoginAsStylist" time="6.931"/>
  <testcase classname="WishiTests.ChatTests" name="SendChatToclient" time="23.207"/>
  <testcase classname="WishiTests.ChatTests" name="SendChatToStylist" time="16.658"/>
</testsuite> <!-- WishiTests.ChatTests -->
