<?xml version="1.0" encoding="UTF-8"?>
<!-- Generated by org.testng.reporters.JUnitReportReporter -->
<testsuite skipped="0" hostname="yinons-MacBook-Pro-2.local" name="Tests.ChatTests" tests="3" failures="0" timestamp="27 Sep 2018 14:31:49 GMT" time="90.483" errors="0">
  <testcase name="LoginAsStylist" time="5.618" classname="Tests.ChatTests"/>
  <testcase name="SendChatToclient" time="51.870" classname="Tests.ChatTests"/>
  <testcase name="SendChatToStylist" time="32.995" classname="Tests.ChatTests"/>
</testsuite> <!-- Tests.ChatTests -->
