<?xml version="1.0" encoding="UTF-8"?>
<!-- Generated by org.testng.reporters.JUnitReportReporter -->
<testsuite skipped="0" hostname="yinons-MacBook-Pro-2.local" name="Tests.LoginWithFacbookTestsFail" tests="2" failures="0" timestamp="21 Nov 2018 12:45:33 GMT" time="15.044" errors="0">
  <testcase name="LoginWithFacbookWrongPassword" time="12.260" classname="Tests.LoginWithFacbookTestsFail"/>
  <testcase name="LoginWithFacbookWrongUserName" time="2.784" classname="Tests.LoginWithFacbookTestsFail"/>
</testsuite> <!-- Tests.LoginWithFacbookTestsFail -->
