<?xml version="1.0" encoding="UTF-8"?>
<!-- Generated by org.testng.reporters.JUnitReportReporter -->
<testsuite skipped="0" hostname="yinons-MBP-2" name="Tests.BookingMembershipMjorTests" tests="1" failures="0" timestamp="08 Jun 2020 08:47:32 GMT" time="289.993" errors="0">
  <testcase name="MembershipMajor" time="289.993" classname="Tests.BookingMembershipMjorTests"/>
</testsuite> <!-- Tests.BookingMembershipMjorTests -->
