<?xml version="1.0" encoding="UTF-8"?>
<!-- Generated by org.testng.reporters.JUnitReportReporter -->
<testsuite skipped="0" hostname="yinons-MBP-2" name="Tests.BookingCCTests" tests="3" failures="0" timestamp="04 Apr 2019 08:03:56 GMT" time="155.646" errors="0">
  <testcase name="DoSignUp" time="70.185" classname="Tests.BookingCCTests"/>
  <testcase name="BookMiniCreditCard" time="45.806" classname="Tests.BookingCCTests"/>
  <testcase name="BookMajorCreditCard" time="39.655" classname="Tests.BookingCCTests"/>
</testsuite> <!-- Tests.BookingCCTests -->
