<?xml version="1.0" encoding="UTF-8"?>
<!-- Generated by org.testng.reporters.JUnitReportReporter -->
<testsuite skipped="0" hostname="yinons-MacBook-Pro-2.local" name="Tests.LoginTests2" tests="7" failures="0" timestamp="21 Nov 2018 12:45:33 GMT" time="36.316" errors="0">
  <testcase name="LoginClickable" time="4.073" classname="Tests.LoginTests2"/>
  <testcase name="DoLogin" time="4.793" classname="Tests.LoginTests2"/>
  <testcase name="FillPasswordWithOutToFillEmail" time="3.696" classname="Tests.LoginTests2"/>
  <testcase name="FillEmailWithOutToFillPassword" time="6.190" classname="Tests.LoginTests2"/>
  <testcase name="ClickLoginwWithOutToFillAnyFields" time="2.866" classname="Tests.LoginTests2"/>
  <testcase name="FillCorrectEmailWithWrongPassword" time="8.634" classname="Tests.LoginTests2"/>
  <testcase name="FillCorrectPasswordWithWrongEmail" time="6.064" classname="Tests.LoginTests2"/>
</testsuite> <!-- Tests.LoginTests2 -->
