<?xml version="1.0" encoding="UTF-8"?>
<!-- Generated by org.testng.reporters.JUnitReportReporter -->
<testsuite skipped="0" hostname="yinons-MBP-2" name="Tests.qwizMaleTests" tests="8" failures="0" timestamp="04 Apr 2019 08:03:56 GMT" time="125.745" errors="0">
  <testcase name="DoSignUp" time="49.642" classname="Tests.qwizMaleTests"/>
  <testcase name="BookMajorCupon" time="36.854" classname="Tests.qwizMaleTests"/>
  <testcase name="SelectHeight" time="2.254" classname="Tests.qwizMaleTests"/>
  <testcase name="SelectColors" time="6.399" classname="Tests.qwizMaleTests"/>
  <testcase name="SelectFabrics" time="5.614" classname="Tests.qwizMaleTests"/>
  <testcase name="SelectSize" time="6.479" classname="Tests.qwizMaleTests"/>
  <testcase name="SelectComfortZone" time="9.978" classname="Tests.qwizMaleTests"/>
  <testcase name="FillNumberPhone" time="8.525" classname="Tests.qwizMaleTests"/>
</testsuite> <!-- Tests.qwizMaleTests -->
