<?xml version="1.0" encoding="UTF-8"?>
<!-- Generated by org.testng.reporters.JUnitReportReporter -->
<testsuite skipped="0" hostname="yinons-MBP-2" name="Tests.BookingCuponTests" tests="3" failures="0" timestamp="10 Apr 2019 11:43:59 GMT" time="142.095" errors="0">
  <testcase name="DoSignUp" time="70.422" classname="Tests.BookingCuponTests"/>
  <testcase name="BookMajorCupon" time="37.056" classname="Tests.BookingCuponTests"/>
  <testcase name="BookMiniCupon" time="34.617" classname="Tests.BookingCuponTests"/>
</testsuite> <!-- Tests.BookingCuponTests -->
