<?xml version="1.0" encoding="UTF-8"?>
<!-- Generated by org.testng.reporters.JUnitReportReporter -->
<testsuite skipped="0" hostname="yinons-MacBook-Pro-2.local" name="Tests.StartHereFFacbookTests" tests="2" failures="0" timestamp="28 Apr 2020 11:50:06 GMT" time="291.459" errors="0">
  <testcase name="StartHereMaleTests" time="161.433" classname="Tests.StartHereFFacbookTests"/>
  <testcase name="StartHereFemaleTests" time="130.026" classname="Tests.StartHereFFacbookTests"/>
</testsuite> <!-- Tests.StartHereFFacbookTests -->
