<?xml version="1.0" encoding="UTF-8"?>
<!-- Generated by org.testng.reporters.JUnitReportReporter -->
<testsuite skipped="0" hostname="yinons-MBP-2" name="Tests.LoginTests2" tests="7" failures="0" timestamp="04 Apr 2019 08:03:56 GMT" time="35.925" errors="0">
  <testcase name="LoginClickable" time="4.284" classname="Tests.LoginTests2"/>
  <testcase name="DoLogin" time="4.695" classname="Tests.LoginTests2"/>
  <testcase name="FillPasswordWithOutToFillEmail" time="3.882" classname="Tests.LoginTests2"/>
  <testcase name="FillEmailWithOutToFillPassword" time="6.124" classname="Tests.LoginTests2"/>
  <testcase name="ClickLoginwWithOutToFillAnyFields" time="2.673" classname="Tests.LoginTests2"/>
  <testcase name="FillCorrectEmailWithWrongPassword" time="7.987" classname="Tests.LoginTests2"/>
  <testcase name="FillCorrectPasswordWithWrongEmail" time="6.280" classname="Tests.LoginTests2"/>
</testsuite> <!-- Tests.LoginTests2 -->
