<?xml version="1.0" encoding="UTF-8"?>
<!-- Generated by org.testng.reporters.JUnitReportReporter -->
<testsuite skipped="0" hostname="yinons-MBP-2" name="Tests.StartHereFluIDTests" tests="2" failures="0" timestamp="27 Apr 2020 13:10:10 GMT" time="345.040" errors="0">
  <testcase name="StartHereFluIDBackTests" time="185.914" classname="Tests.StartHereFluIDTests"/>
  <testcase name="StartHereFluIDNoBackTests" time="159.126" classname="Tests.StartHereFluIDTests"/>
</testsuite> <!-- Tests.StartHereFluIDTests -->
