<?xml version="1.0" encoding="UTF-8"?>
<!-- Generated by org.testng.reporters.JUnitReportReporter -->
<testsuite skipped="0" hostname="yinons-MBP-2" name="Tests.StartHereHelloNoTests" tests="2" failures="0" timestamp="27 Apr 2020 15:42:58 GMT" time="359.966" errors="0">
  <testcase name="StartHereHellNoBackTests" time="190.149" classname="Tests.StartHereHelloNoTests"/>
  <testcase name="StartHereHellNoTests" time="169.817" classname="Tests.StartHereHelloNoTests"/>
</testsuite> <!-- Tests.StartHereHelloNoTests -->
