<?xml version="1.0" encoding="UTF-8"?>
<!-- Generated by org.testng.reporters.JUnitReportReporter -->
<testsuite skipped="0" hostname="yinons-MBP-2" name="Tests.BookingMembershipTests" tests="4" failures="0" timestamp="20 Apr 2020 11:00:14 GMT" time="430.228" errors="0">
  <testcase name="DoSignUp" time="72.581" classname="Tests.BookingMembershipTests"/>
  <testcase name="MembershipMini" time="155.194" classname="Tests.BookingMembershipTests"/>
  <testcase name="MembershipMajor" time="114.364" classname="Tests.BookingMembershipTests"/>
  <testcase name="CleanOut" time="88.089" classname="Tests.BookingMembershipTests"/>
</testsuite> <!-- Tests.BookingMembershipTests -->
