<?xml version="1.0" encoding="UTF-8"?>
<!-- Generated by org.testng.reporters.JUnitReportReporter -->
<testsuite skipped="0" hostname="yinons-MBP-2" name="Tests.StartHereExpensiveMaleMatchTests" tests="1" failures="0" timestamp="28 Oct 2018 16:41:27 GMT" time="136.483" errors="0">
  <testcase name="BMExpensiveMale" time="136.483" classname="Tests.StartHereExpensiveMaleMatchTests"/>
</testsuite> <!-- Tests.StartHereExpensiveMaleMatchTests -->
