<?xml version="1.0" encoding="UTF-8"?>
<!-- Generated by org.testng.reporters.JUnitReportReporter -->
<testsuite skipped="0" hostname="yinons-MacBook-Pro-2.local" name="Tests.BookingTests" tests="2" failures="0" timestamp="21 Nov 2018 12:45:33 GMT" time="85.802" errors="0">
  <testcase name="DoSignUp" time="60.412" classname="Tests.BookingTests"/>
  <testcase name="CheckOutSession" time="25.390" classname="Tests.BookingTests"/>
</testsuite> <!-- Tests.BookingTests -->
