<?xml version="1.0" encoding="UTF-8"?>
<!-- Generated by org.testng.reporters.JUnitReportReporter -->
<testsuite skipped="0" hostname="yinons-MBP-2" name="Tests.StartHereFFacbookTests" tests="1" failures="0" timestamp="31 Dec 2018 19:21:48 GMT" time="177.284" errors="0">
  <testcase name="StartHereMaleTests" time="177.284" classname="Tests.StartHereFFacbookTests"/>
</testsuite> <!-- Tests.StartHereFFacbookTests -->
