<?xml version="1.0" encoding="UTF-8"?>
<!-- Generated by org.testng.reporters.JUnitReportReporter -->
<testsuite skipped="0" hostname="yinons-MacBook-Pro-2.local" name="Tests.BestMatchNormalMaleTests" tests="1" failures="0" timestamp="27 Sep 2018 14:31:49 GMT" time="129.086" errors="0">
  <testcase name="BMNormalMale" time="129.086" classname="Tests.BestMatchNormalMaleTests"/>
</testsuite> <!-- Tests.BestMatchNormalMaleTests -->
