<?xml version="1.0" encoding="UTF-8"?>
<!-- Generated by org.testng.reporters.JUnitReportReporter -->
<testsuite skipped="0" hostname="yinons-MacBook-Pro-2.local" name="Tests.SignUpTest" tests="5" failures="0" timestamp="21 Nov 2018 12:45:33 GMT" time="39.711" errors="0">
  <testcase name="SignUpClickable" time="1.589" classname="Tests.SignUpTest"/>
  <testcase name="FillEmailWitoutShtudel" time="6.821" classname="Tests.SignUpTest"/>
  <testcase name="FillEmailWithoutDotCom" time="11.866" classname="Tests.SignUpTest"/>
  <testcase name="FillPsswordWithLessthan6Characters" time="12.164" classname="Tests.SignUpTest"/>
  <testcase name="DoSignUp" time="7.271" classname="Tests.SignUpTest"/>
</testsuite> <!-- Tests.SignUpTest -->
