<?xml version="1.0" encoding="UTF-8"?>
<!-- Generated by org.testng.reporters.JUnitReportReporter -->
<testsuite skipped="0" hostname="yinons-MBP-2" name="Tests.BookingCCTests" tests="2" failures="0" timestamp="10 Dec 2018 14:24:55 GMT" time="98.333" errors="0">
  <testcase name="DoSignUp" time="60.141" classname="Tests.BookingCCTests"/>
  <testcase name="CheckoutUnlimitedCreditCard" time="38.192" classname="Tests.BookingCCTests"/>
</testsuite> <!-- Tests.BookingCCTests -->
