<?xml version="1.0" encoding="UTF-8"?>
<!-- Generated by org.testng.reporters.JUnitReportReporter -->
<testsuite skipped="0" hostname="yinons-MacBook-Pro-2.local" name="Tests.BookingTests" tests="3" failures="0" timestamp="27 Sep 2018 15:19:52 GMT" time="144.254" errors="0">
  <testcase name="DoSignUp" time="65.838" classname="Tests.BookingTests"/>
  <testcase name="CheckOutSession" time="30.570" classname="Tests.BookingTests"/>
  <testcase name="CheckoutUnlimitedCreditCard" time="47.846" classname="Tests.BookingTests"/>
</testsuite> <!-- Tests.BookingTests -->
