<?xml version="1.0" encoding="UTF-8"?>
<!-- Generated by org.testng.reporters.JUnitReportReporter -->
<testsuite skipped="0" hostname="yinons-MBP-2" name="Tests.BestMatchMaleTest" tests="1" failures="0" timestamp="04 Apr 2019 08:03:56 GMT" time="120.053" errors="0">
  <testcase name="BMExpensiveFeamle" time="120.053" classname="Tests.BestMatchMaleTest"/>
</testsuite> <!-- Tests.BestMatchMaleTest -->
