<?xml version="1.0" encoding="UTF-8"?>
<!-- Generated by org.testng.reporters.JUnitReportReporter -->
<testsuite skipped="0" hostname="yinons-MBP-2" name="Tests.BookingCuponTests" tests="3" failures="0" timestamp="04 Apr 2019 08:03:56 GMT" time="143.795" errors="0">
  <testcase name="DoSignUp" time="71.235" classname="Tests.BookingCuponTests"/>
  <testcase name="BookMajorCupon" time="37.797" classname="Tests.BookingCuponTests"/>
  <testcase name="BookMiniCupon" time="34.763" classname="Tests.BookingCuponTests"/>
</testsuite> <!-- Tests.BookingCuponTests -->
