<?xml version="1.0" encoding="UTF-8"?>
<!-- Generated by org.testng.reporters.JUnitReportReporter -->
<testsuite skipped="0" hostname="yinons-MBP-2" name="Tests.SignUpTest" tests="5" failures="0" timestamp="04 Apr 2019 08:03:56 GMT" time="28.282" errors="0">
  <testcase name="SignUpClickable" time="1.807" classname="Tests.SignUpTest"/>
  <testcase name="FillEmailWitoutShtudel" time="7.432" classname="Tests.SignUpTest"/>
  <testcase name="FillEmailWithoutDotCom" time="6.121" classname="Tests.SignUpTest"/>
  <testcase name="FillPsswordWithLessthan6Characters" time="5.885" classname="Tests.SignUpTest"/>
  <testcase name="DoSignUp" time="7.037" classname="Tests.SignUpTest"/>
</testsuite> <!-- Tests.SignUpTest -->
