<?xml version="1.0" encoding="UTF-8"?>
<!-- Generated by org.testng.reporters.JUnitReportReporter -->
<testsuite skipped="0" hostname="yinons-MBP-2" name="Tests.StartHereFemaleTests" tests="2" failures="0" timestamp="27 Apr 2020 12:55:21 GMT" time="339.460" errors="0">
  <testcase name="StartHereFemaleBackTests" time="185.325" classname="Tests.StartHereFemaleTests"/>
  <testcase name="StartHereFemaleTests" time="154.135" classname="Tests.StartHereFemaleTests"/>
</testsuite> <!-- Tests.StartHereFemaleTests -->
