<?xml version="1.0" encoding="UTF-8"?>
<!-- Generated by org.testng.reporters.JUnitReportReporter -->
<testsuite skipped="0" hostname="yinons-MacBook-Pro-2.local" name="Tests.BestMatchNormalFeamleTests" tests="1" failures="0" timestamp="27 Sep 2018 14:31:49 GMT" time="159.783" errors="0">
  <testcase name="BMNormalFeamle" time="159.783" classname="Tests.BestMatchNormalFeamleTests"/>
</testsuite> <!-- Tests.BestMatchNormalFeamleTests -->
