<?xml version="1.0" encoding="UTF-8"?>
<!-- Generated by org.testng.reporters.JUnitReportReporter -->
<testsuite skipped="0" hostname="yinons-MacBook-Pro-2.local" name="Tests.BookingCCTests" tests="2" failures="0" timestamp="14 Nov 2018 12:17:24 GMT" time="100.659" errors="0">
  <testcase name="DoSignUp" time="60.064" classname="Tests.BookingCCTests"/>
  <testcase name="CheckoutUnlimitedCreditCard" time="40.595" classname="Tests.BookingCCTests"/>
</testsuite> <!-- Tests.BookingCCTests -->
