<?xml version="1.0" encoding="UTF-8"?>
<!-- Generated by org.testng.reporters.JUnitReportReporter -->
<testsuite skipped="0" hostname="yinons-MBP-2" name="Tests.SignUpTest" tests="5" failures="0" timestamp="10 Dec 2018 14:24:55 GMT" time="38.214" errors="0">
  <testcase name="SignUpClickable" time="1.601" classname="Tests.SignUpTest"/>
  <testcase name="FillEmailWitoutShtudel" time="6.837" classname="Tests.SignUpTest"/>
  <testcase name="FillEmailWithoutDotCom" time="11.191" classname="Tests.SignUpTest"/>
  <testcase name="FillPsswordWithLessthan6Characters" time="12.015" classname="Tests.SignUpTest"/>
  <testcase name="DoSignUp" time="6.570" classname="Tests.SignUpTest"/>
</testsuite> <!-- Tests.SignUpTest -->
