<?xml version="1.0" encoding="UTF-8"?>
<!-- Generated by org.testng.reporters.JUnitReportReporter -->
<testsuite skipped="0" hostname="yinons-MacBook-Pro-2.local" name="Tests.ChatTests" tests="3" failures="0" timestamp="21 Nov 2018 12:45:33 GMT" time="111.677" errors="0">
  <testcase name="LoginAsStylist" time="5.794" classname="Tests.ChatTests"/>
  <testcase name="SendChatToclient" time="61.126" classname="Tests.ChatTests"/>
  <testcase name="SendChatToStylist" time="44.757" classname="Tests.ChatTests"/>
</testsuite> <!-- Tests.ChatTests -->
