<?xml version="1.0" encoding="UTF-8"?>
<!-- Generated by org.testng.reporters.JUnitReportReporter -->
<testsuite skipped="0" hostname="yinons-MBP-2" name="Tests.StartHereMaleTests" tests="2" failures="0" timestamp="27 Apr 2020 13:32:38 GMT" time="272.806" errors="0">
  <testcase name="StartHereMaleBackTests" time="137.983" classname="Tests.StartHereMaleTests"/>
  <testcase name="StartHereMaleNoBackTests" time="134.823" classname="Tests.StartHereMaleTests"/>
</testsuite> <!-- Tests.StartHereMaleTests -->
