<?xml version="1.0" encoding="UTF-8"?>
<!-- Generated by org.testng.reporters.JUnitReportReporter -->
<testsuite skipped="0" hostname="yinons-MBP-2" name="Tests.StartHereFluIDTests" tests="1" failures="0" timestamp="23 Jan 2019 14:57:15 GMT" time="192.647" errors="0">
  <testcase name="StartHereFluIDTests" time="192.647" classname="Tests.StartHereFluIDTests"/>
</testsuite> <!-- Tests.StartHereFluIDTests -->
