<?xml version="1.0" encoding="UTF-8"?>
<!-- Generated by org.testng.reporters.JUnitReportReporter -->
<testsuite skipped="0" hostname="yinons-MBP-2" name="Tests.BestMatchLowFeamleTests" tests="1" failures="0" timestamp="27 Aug 2018 12:15:00 GMT" time="151.359" errors="0">
  <testcase name="BMLowFeamle" time="151.359" classname="Tests.BestMatchLowFeamleTests"/>
</testsuite> <!-- Tests.BestMatchLowFeamleTests -->
