<?xml version="1.0" encoding="UTF-8"?>
<!-- Generated by org.testng.reporters.JUnitReportReporter -->
<testsuite skipped="0" hostname="yinons-MBP-2" name="Tests.SignUpByFacbookTestsFail" tests="4" failures="0" timestamp="04 Apr 2019 08:03:56 GMT" time="19.128" errors="0">
  <testcase name="SignUpWithFacbookWitOutEmail" time="8.043" classname="Tests.SignUpByFacbookTestsFail"/>
  <testcase name="SignUpWithFacbookWitOutPassword" time="2.064" classname="Tests.SignUpByFacbookTestsFail"/>
  <testcase name="SignUpWithFacbookWrongPassword" time="4.524" classname="Tests.SignUpByFacbookTestsFail"/>
  <testcase name="SignUpWithFacbookWrongUserName" time="4.497" classname="Tests.SignUpByFacbookTestsFail"/>
</testsuite> <!-- Tests.SignUpByFacbookTestsFail -->
