<?xml version="1.0" encoding="UTF-8"?>
<!-- Generated by org.testng.reporters.JUnitReportReporter -->
<testsuite skipped="0" hostname="yinons-MacBook-Pro-2.local" name="Tests.BestMatchExpensiveFeamleTests" tests="1" failures="0" timestamp="27 Sep 2018 14:31:49 GMT" time="157.989" errors="0">
  <testcase name="BMExpensiveFeamle" time="157.989" classname="Tests.BestMatchExpensiveFeamleTests"/>
</testsuite> <!-- Tests.BestMatchExpensiveFeamleTests -->
