<?xml version="1.0" encoding="UTF-8"?>
<!-- Generated by org.testng.reporters.JUnitReportReporter -->
<testsuite skipped="0" hostname="yinons-MBP-2" name="Tests.QwizAgainTests" tests="8" failures="0" timestamp="09 Jun 2020 13:57:16 GMT" time="106.525" errors="0">
  <testcase name="DoLogin" time="31.524" classname="Tests.QwizAgainTests"/>
  <testcase name="CheckOutSession" time="29.205" classname="Tests.QwizAgainTests"/>
  <testcase name="SelectSpecificNneed" time="6.009" classname="Tests.QwizAgainTests"/>
  <testcase name="SelectCategories" time="10.433" classname="Tests.QwizAgainTests"/>
  <testcase name="SelectHIGHLIGHT" time="8.878" classname="Tests.QwizAgainTests"/>
  <testcase name="SelectCOMFORT_ZONE" time="1.900" classname="Tests.QwizAgainTests"/>
  <testcase name="SelectIcon" time="3.554" classname="Tests.QwizAgainTests"/>
  <testcase name="fillLocation" time="15.022" classname="Tests.QwizAgainTests"/>
</testsuite> <!-- Tests.QwizAgainTests -->
