<?xml version="1.0" encoding="UTF-8"?>
<!-- Generated by org.testng.reporters.JUnitReportReporter -->
<testsuite skipped="0" hostname="yinons-MacBook-Pro-2.local" name="Tests.qwizMaleTests" tests="9" failures="0" timestamp="21 Nov 2018 12:45:33 GMT" time="134.922" errors="0">
  <testcase name="DoSignUp" time="60.606" classname="Tests.qwizMaleTests"/>
  <testcase name="CheckOutSession" time="24.782" classname="Tests.qwizMaleTests"/>
  <testcase name="SelectBodyType" time="5.347" classname="Tests.qwizMaleTests"/>
  <testcase name="SelectHeight" time="5.808" classname="Tests.qwizMaleTests"/>
  <testcase name="SelectColors" time="6.410" classname="Tests.qwizMaleTests"/>
  <testcase name="SelectFabrics" time="6.038" classname="Tests.qwizMaleTests"/>
  <testcase name="SelectSize" time="6.740" classname="Tests.qwizMaleTests"/>
  <testcase name="SelectComfortZone" time="5.546" classname="Tests.qwizMaleTests"/>
  <testcase name="FillNumberPhone" time="13.645" classname="Tests.qwizMaleTests"/>
</testsuite> <!-- Tests.qwizMaleTests -->
