<?xml version="1.0" encoding="UTF-8"?>
<!-- Generated by org.testng.reporters.JUnitReportReporter -->
<testsuite skipped="0" hostname="yinons-MBP-2" name="Tests.BookingsingleCouponTests" tests="3" failures="0" timestamp="20 Apr 2020 14:00:15 GMT" time="538.407" errors="0">
  <testcase name="DoSignUp" time="70.906" classname="Tests.BookingsingleCouponTests"/>
  <testcase name="CouponMini" time="283.982" classname="Tests.BookingsingleCouponTests"/>
  <testcase name="CouponMajor" time="183.519" classname="Tests.BookingsingleCouponTests"/>
</testsuite> <!-- Tests.BookingsingleCouponTests -->
