<?xml version="1.0" encoding="UTF-8"?>
<!-- Generated by org.testng.reporters.JUnitReportReporter -->
<testsuite skipped="0" hostname="yinons-MBP" name="Tests.LoginTests2" tests="7" failures="0" timestamp="26 Jul 2018 23:21:47 GMT" time="35.735" errors="0">
  <testcase name="LoginClickable" time="3.514" classname="Tests.LoginTests2"/>
  <testcase name="DoLogin" time="3.801" classname="Tests.LoginTests2"/>
  <testcase name="FillPasswordWithOutToFillEmail" time="4.754" classname="Tests.LoginTests2"/>
  <testcase name="FillEmailWithOutToFillPassword" time="5.594" classname="Tests.LoginTests2"/>
  <testcase name="ClickLoginwWithOutToFillAnyFields" time="3.689" classname="Tests.LoginTests2"/>
  <testcase name="FillCorrectEmailWithWrongPassword" time="8.205" classname="Tests.LoginTests2"/>
  <testcase name="FillCorrectPasswordWithWrongEmail" time="6.178" classname="Tests.LoginTests2"/>
</testsuite> <!-- Tests.LoginTests2 -->
