<?xml version="1.0" encoding="UTF-8"?>
<!-- Generated by org.testng.reporters.JUnitReportReporter -->
<testsuite skipped="0" hostname="yinons-MacBook-Pro-2.local" name="Tests.BestExpensiveMaleMatchTests" tests="1" failures="0" timestamp="27 Sep 2018 14:31:49 GMT" time="126.150" errors="0">
  <testcase name="BMExpensiveMale" time="126.150" classname="Tests.BestExpensiveMaleMatchTests"/>
</testsuite> <!-- Tests.BestExpensiveMaleMatchTests -->
