<?xml version="1.0" encoding="UTF-8"?>
<!-- Generated by org.testng.reporters.JUnitReportReporter -->
<testsuite skipped="0" hostname="yinons-MBP-2" name="Tests.BestMatchFemaleTest" tests="2" failures="0" timestamp="21 Apr 2020 09:38:54 GMT" time="202.559" errors="0">
  <testcase name="BestMatchFemaleTest" time="67.763" classname="Tests.BestMatchFemaleTest"/>
  <testcase name="BestMatchFemaleTestWithBack" time="134.796" classname="Tests.BestMatchFemaleTest"/>
</testsuite> <!-- Tests.BestMatchFemaleTest -->
