<?xml version="1.0" encoding="UTF-8"?>
<!-- Generated by org.testng.reporters.JUnitReportReporter -->
<testsuite skipped="0" hostname="yinons-MBP-2" name="Tests.BestMatchFluIDTest" tests="2" failures="0" timestamp="21 Apr 2020 09:47:04 GMT" time="210.545" errors="0">
  <testcase name="BestMatchFemaleTest" time="68.656" classname="Tests.BestMatchFluIDTest"/>
  <testcase name="BestMatchFemaleTestWithBack" time="141.889" classname="Tests.BestMatchFluIDTest"/>
</testsuite> <!-- Tests.BestMatchFluIDTest -->
