<?xml version="1.0" encoding="UTF-8"?>
<!-- Generated by org.testng.reporters.JUnitReportReporter -->
<testsuite skipped="0" hostname="yinons-MBP-2" name="Tests.BestMatchNaturalTests" tests="1" failures="0" timestamp="27 Aug 2018 12:15:00 GMT" time="81.902" errors="0">
  <testcase name="BMNatural" time="81.902" classname="Tests.BestMatchNaturalTests"/>
</testsuite> <!-- Tests.BestMatchNaturalTests -->
