<?xml version="1.0" encoding="UTF-8"?>
<!-- Generated by org.testng.reporters.JUnitReportReporter -->
<testsuite skipped="0" hostname="yinons-MBP-2" name="Tests.BestMatchFemaleTest" tests="2" failures="0" timestamp="07 Apr 2020 17:21:43 GMT" time="230.654" errors="0">
  <testcase name="BestMatchFemaleTest" time="61.022" classname="Tests.BestMatchFemaleTest"/>
  <testcase name="BestMatchFemaleTestWithBack" time="169.632" classname="Tests.BestMatchFemaleTest"/>
</testsuite> <!-- Tests.BestMatchFemaleTest -->
