<?xml version="1.0" encoding="UTF-8"?>
<!-- Generated by org.testng.reporters.JUnitReportReporter -->
<testsuite skipped="0" hostname="yinons-MBP-2" name="Tests.qwizMaleTests" tests="9" failures="0" timestamp="27 Jun 2019 08:31:17 GMT" time="151.568" errors="0">
  <testcase name="DoSignUp" time="53.710" classname="Tests.qwizMaleTests"/>
  <testcase name="BookMajorCupon" time="53.757" classname="Tests.qwizMaleTests"/>
  <testcase name="SelectHeight" time="2.286" classname="Tests.qwizMaleTests"/>
  <testcase name="SelectColors" time="6.271" classname="Tests.qwizMaleTests"/>
  <testcase name="SelectFabrics" time="5.397" classname="Tests.qwizMaleTests"/>
  <testcase name="SelectSize" time="5.905" classname="Tests.qwizMaleTests"/>
  <testcase name="SelectBudget" time="6.603" classname="Tests.qwizMaleTests"/>
  <testcase name="SelectComfortZone" time="9.043" classname="Tests.qwizMaleTests"/>
  <testcase name="FillNumberPhone" time="8.596" classname="Tests.qwizMaleTests"/>
</testsuite> <!-- Tests.qwizMaleTests -->
