<?xml version="1.0" encoding="UTF-8"?>
<!-- Generated by org.testng.reporters.JUnitReportReporter -->
<testsuite skipped="0" hostname="yinons-MBP-2" name="Tests.qwizTests" tests="12" failures="0" timestamp="04 Apr 2019 08:03:56 GMT" time="167.704" errors="0">
  <testcase name="DoSignUp" time="70.009" classname="Tests.qwizTests"/>
  <testcase name="BookMajorCupon" time="36.425" classname="Tests.qwizTests"/>
  <testcase name="SelectHeight" time="2.488" classname="Tests.qwizTests"/>
  <testcase name="SelectColors" time="6.650" classname="Tests.qwizTests"/>
  <testcase name="SelectHighlight" time="5.649" classname="Tests.qwizTests"/>
  <testcase name="SelectClothingPreferences" time="5.523" classname="Tests.qwizTests"/>
  <testcase name="SelectHeels" time="5.360" classname="Tests.qwizTests"/>
  <testcase name="SelectFabrics" time="5.524" classname="Tests.qwizTests"/>
  <testcase name="SelectSize" time="6.389" classname="Tests.qwizTests"/>
  <testcase name="SelectComfortZone" time="5.411" classname="Tests.qwizTests"/>
  <testcase name="SelectJEWELRY" time="9.096" classname="Tests.qwizTests"/>
  <testcase name="FillNumberPhone" time="9.180" classname="Tests.qwizTests"/>
</testsuite> <!-- Tests.qwizTests -->
