<?xml version="1.0" encoding="UTF-8"?>
<!-- Generated by org.testng.reporters.JUnitReportReporter -->
<testsuite skipped="0" hostname="yinons-MacBook-Pro-2.local" name="Tests.LoginTests2" tests="7" failures="0" timestamp="27 Sep 2018 14:31:49 GMT" time="34.772" errors="0">
  <testcase name="LoginClickable" time="3.700" classname="Tests.LoginTests2"/>
  <testcase name="DoLogin" time="5.164" classname="Tests.LoginTests2"/>
  <testcase name="FillPasswordWithOutToFillEmail" time="4.419" classname="Tests.LoginTests2"/>
  <testcase name="FillEmailWithOutToFillPassword" time="5.107" classname="Tests.LoginTests2"/>
  <testcase name="ClickLoginwWithOutToFillAnyFields" time="3.470" classname="Tests.LoginTests2"/>
  <testcase name="FillCorrectEmailWithWrongPassword" time="7.316" classname="Tests.LoginTests2"/>
  <testcase name="FillCorrectPasswordWithWrongEmail" time="5.596" classname="Tests.LoginTests2"/>
</testsuite> <!-- Tests.LoginTests2 -->
