<?xml version="1.0" encoding="UTF-8"?>
<!-- Generated by org.testng.reporters.JUnitReportReporter -->
<testsuite skipped="0" hostname="yinons-MacBook-Pro-2.local" name="Tests.BestMatchLowFeamleTests" tests="1" failures="0" timestamp="21 Nov 2018 12:45:33 GMT" time="150.986" errors="0">
  <testcase name="BMLowFeamle" time="150.986" classname="Tests.BestMatchLowFeamleTests"/>
</testsuite> <!-- Tests.BestMatchLowFeamleTests -->
