<?xml version="1.0" encoding="UTF-8"?>
<!-- Generated by org.testng.reporters.JUnitReportReporter -->
<testsuite skipped="0" hostname="yinons-MBP-2" name="Tests.StartHereFFacbookTests" tests="1" failures="0" timestamp="04 Apr 2019 08:03:56 GMT" time="203.028" errors="0">
  <testcase name="StartHereMaleTests" time="203.028" classname="Tests.StartHereFFacbookTests"/>
</testsuite> <!-- Tests.StartHereFFacbookTests -->
