<?xml version="1.0" encoding="UTF-8"?>
<!-- Generated by org.testng.reporters.JUnitReportReporter -->
<testsuite skipped="0" hostname="yinons-MBP-2" name="Tests.BestMatchFemaleTest" tests="1" failures="0" timestamp="01 Jan 2019 10:05:19 GMT" time="191.066" errors="0">
  <testcase name="BestMatchFemaleTest" time="191.066" classname="Tests.BestMatchFemaleTest"/>
</testsuite> <!-- Tests.BestMatchFemaleTest -->
