<?xml version="1.0" encoding="UTF-8"?>
<!-- Generated by org.testng.reporters.JUnitReportReporter -->
<testsuite skipped="0" hostname="yinons-MBP-2" name="Tests.LoginWithFacbookTestsFail" tests="2" failures="0" timestamp="04 Apr 2019 08:03:56 GMT" time="14.782" errors="0">
  <testcase name="LoginWithFacbookWrongPassword" time="12.077" classname="Tests.LoginWithFacbookTestsFail"/>
  <testcase name="LoginWithFacbookWrongUserName" time="2.705" classname="Tests.LoginWithFacbookTestsFail"/>
</testsuite> <!-- Tests.LoginWithFacbookTestsFail -->
