<?xml version="1.0" encoding="UTF-8"?>
<!-- Generated by org.testng.reporters.JUnitReportReporter -->
<testsuite skipped="0" hostname="yinons-MBP-2" name="Tests.StartHereFluIDTests" tests="1" failures="0" timestamp="04 Apr 2019 08:03:56 GMT" time="192.018" errors="0">
  <testcase name="StartHereFluIDTests" time="192.018" classname="Tests.StartHereFluIDTests"/>
</testsuite> <!-- Tests.StartHereFluIDTests -->
