<?xml version="1.0" encoding="UTF-8"?>
<!-- Generated by org.testng.reporters.JUnitReportReporter -->
<testsuite skipped="0" hostname="yinons-MacBook-Pro-2.local" name="Tests.BookingCCTests" tests="2" failures="0" timestamp="21 Nov 2018 12:45:33 GMT" time="97.330" errors="0">
  <testcase name="DoSignUp" time="61.582" classname="Tests.BookingCCTests"/>
  <testcase name="CheckoutUnlimitedCreditCard" time="35.748" classname="Tests.BookingCCTests"/>
</testsuite> <!-- Tests.BookingCCTests -->
