<?xml version="1.0" encoding="UTF-8"?>
<!-- Generated by org.testng.reporters.JUnitReportReporter -->
<testsuite skipped="0" hostname="yinons-MacBook-Pro-2.local" name="Tests.qwizTests" tests="16" failures="0" timestamp="27 Sep 2018 15:23:32 GMT" time="171.894" errors="0">
  <testcase name="DoSignUp" time="69.431" classname="Tests.qwizTests"/>
  <testcase name="CheckOutSession" time="30.446" classname="Tests.qwizTests"/>
  <testcase name="SelectEvent" time="4.678" classname="Tests.qwizTests"/>
  <testcase name="SelectBodyType" time="2.043" classname="Tests.qwizTests"/>
  <testcase name="SelectHeight" time="5.041" classname="Tests.qwizTests"/>
  <testcase name="SelectColors" time="5.068" classname="Tests.qwizTests"/>
  <testcase name="SelectHighlight" time="5.023" classname="Tests.qwizTests"/>
  <testcase name="SelectClothingPreferences" time="5.012" classname="Tests.qwizTests"/>
  <testcase name="SelectHeels" time="5.163" classname="Tests.qwizTests"/>
  <testcase name="SelectFabrics" time="5.047" classname="Tests.qwizTests"/>
  <testcase name="SelectPrints" time="5.017" classname="Tests.qwizTests"/>
  <testcase name="SelectSize" time="5.986" classname="Tests.qwizTests"/>
  <testcase name="SelectComfortZone" time="4.934" classname="Tests.qwizTests"/>
  <testcase name="SelectJEWELRY" time="5.676" classname="Tests.qwizTests"/>
  <testcase name="SelectBrands" time="5.412" classname="Tests.qwizTests"/>
  <testcase name="SelectInventory" time="7.917" classname="Tests.qwizTests"/>
</testsuite> <!-- Tests.qwizTests -->
