<?xml version="1.0" encoding="UTF-8"?>
<!-- Generated by org.testng.reporters.JUnitReportReporter -->
<testsuite skipped="0" hostname="yinons-MBP-2" name="Tests.BookingCleanOutTests" tests="1" failures="0" timestamp="08 Jun 2020 09:07:51 GMT" time="260.813" errors="0">
  <testcase name="CleanOut" time="260.813" classname="Tests.BookingCleanOutTests"/>
</testsuite> <!-- Tests.BookingCleanOutTests -->
