<?xml version="1.0" encoding="UTF-8"?>
<!-- Generated by org.testng.reporters.JUnitReportReporter -->
<testsuite skipped="0" hostname="yinons-MBP-2" name="Tests.SignUpTest" tests="6" failures="0" timestamp="27 Jun 2019 08:31:17 GMT" time="21.531" errors="0">
  <testcase name="SignUpClickable" time="1.663" classname="Tests.SignUpTest"/>
  <testcase name="FillEmailWitoutShtudel" time="4.881" classname="Tests.SignUpTest"/>
  <testcase name="FillEmailWithoutDotCom" time="3.338" classname="Tests.SignUpTest"/>
  <testcase name="FillPsswordWithLessthan6Characters" time="3.349" classname="Tests.SignUpTest"/>
  <testcase name="FillNameWithWrongcarecters" time="4.203" classname="Tests.SignUpTest"/>
  <testcase name="DoSignUp" time="4.097" classname="Tests.SignUpTest"/>
</testsuite> <!-- Tests.SignUpTest -->
