<?xml version="1.0" encoding="UTF-8"?>
<!-- Generated by org.testng.reporters.JUnitReportReporter -->
<testsuite skipped="0" hostname="yinons-MBP-2" name="Tests.SignUpByFacbookTestsSucses" tests="1" failures="0" timestamp="27 Aug 2018 12:15:00 GMT" time="12.329" errors="0">
  <testcase name="SignUpWithFacbook" time="12.329" classname="Tests.SignUpByFacbookTestsSucses"/>
</testsuite> <!-- Tests.SignUpByFacbookTestsSucses -->
