<?xml version="1.0" encoding="UTF-8"?>
<!-- Generated by org.testng.reporters.JUnitReportReporter -->
<testsuite skipped="0" hostname="yinons-MBP-2" name="Tests.LoginWithFacbookTests" tests="1" failures="0" timestamp="21 Apr 2020 13:30:46 GMT" time="40.979" errors="0">
  <testcase name="LoginWithFacbookWrongUserName" time="40.979" classname="Tests.LoginWithFacbookTests"/>
</testsuite> <!-- Tests.LoginWithFacbookTests -->
