<?xml version="1.0" encoding="UTF-8"?>
<!-- Generated by org.testng.reporters.JUnitReportReporter -->
<testsuite skipped="0" hostname="yinons-MBP-2" name="Tests.BookingTests" tests="2" failures="0" timestamp="31 Dec 2018 16:25:24 GMT" time="101.939" errors="0">
  <testcase name="DoSignUp" time="74.127" classname="Tests.BookingTests"/>
  <testcase name="CheckOutSession" time="27.812" classname="Tests.BookingTests"/>
</testsuite> <!-- Tests.BookingTests -->
