<?xml version="1.0" encoding="UTF-8"?>
<!-- Generated by org.testng.reporters.JUnitReportReporter -->
<testsuite skipped="0" hostname="yinons-MBP-2" name="Tests.qwizMaleTests" tests="9" failures="0" timestamp="10 Dec 2018 14:24:55 GMT" time="133.594" errors="0">
  <testcase name="DoSignUp" time="57.704" classname="Tests.qwizMaleTests"/>
  <testcase name="CheckOutSession" time="28.114" classname="Tests.qwizMaleTests"/>
  <testcase name="SelectBodyType" time="4.064" classname="Tests.qwizMaleTests"/>
  <testcase name="SelectHeight" time="5.603" classname="Tests.qwizMaleTests"/>
  <testcase name="SelectColors" time="5.807" classname="Tests.qwizMaleTests"/>
  <testcase name="SelectFabrics" time="5.830" classname="Tests.qwizMaleTests"/>
  <testcase name="SelectSize" time="6.591" classname="Tests.qwizMaleTests"/>
  <testcase name="SelectComfortZone" time="10.332" classname="Tests.qwizMaleTests"/>
  <testcase name="FillNumberPhone" time="9.549" classname="Tests.qwizMaleTests"/>
</testsuite> <!-- Tests.qwizMaleTests -->
