<?xml version="1.0" encoding="UTF-8"?>
<!-- Generated by org.testng.reporters.JUnitReportReporter -->
<testsuite skipped="0" hostname="yinons-MBP-2" name="Tests.BestMatchMaleTest" tests="2" failures="0" timestamp="21 Apr 2020 10:51:29 GMT" time="143.681" errors="0">
  <testcase name="BestMatchMaleTestWithOutBack" time="49.808" classname="Tests.BestMatchMaleTest"/>
  <testcase name="BestMatchMaleTestWithBack" time="93.873" classname="Tests.BestMatchMaleTest"/>
</testsuite> <!-- Tests.BestMatchMaleTest -->
