<?xml version="1.0" encoding="UTF-8"?>
<!-- Generated by org.testng.reporters.JUnitReportReporter -->
<testsuite skipped="0" hostname="yinons-MacBook-Pro-2.local" name="Tests.qwizTests" tests="13" failures="0" timestamp="21 Nov 2018 12:45:33 GMT" time="161.279" errors="0">
  <testcase name="DoSignUp" time="64.770" classname="Tests.qwizTests"/>
  <testcase name="CheckOutSession" time="24.582" classname="Tests.qwizTests"/>
  <testcase name="SelectBodyType" time="4.654" classname="Tests.qwizTests"/>
  <testcase name="SelectHeight" time="6.313" classname="Tests.qwizTests"/>
  <testcase name="SelectColors" time="6.458" classname="Tests.qwizTests"/>
  <testcase name="SelectHighlight" time="6.050" classname="Tests.qwizTests"/>
  <testcase name="SelectClothingPreferences" time="5.618" classname="Tests.qwizTests"/>
  <testcase name="SelectHeels" time="5.561" classname="Tests.qwizTests"/>
  <testcase name="SelectFabrics" time="5.436" classname="Tests.qwizTests"/>
  <testcase name="SelectSize" time="6.646" classname="Tests.qwizTests"/>
  <testcase name="SelectComfortZone" time="5.680" classname="Tests.qwizTests"/>
  <testcase name="SelectJEWELRY" time="10.261" classname="Tests.qwizTests"/>
  <testcase name="FillNumberPhone" time="9.250" classname="Tests.qwizTests"/>
</testsuite> <!-- Tests.qwizTests -->
