<?xml version="1.0" encoding="UTF-8"?>
<!-- Generated by org.testng.reporters.JUnitReportReporter -->
<testsuite skipped="0" hostname="yinons-MBP-2" name="Tests.SignUpByFacbookTestsSucses" tests="1" failures="0" timestamp="04 Apr 2019 08:03:56 GMT" time="14.312" errors="0">
  <testcase name="SignUpWithFacbook" time="14.312" classname="Tests.SignUpByFacbookTestsSucses"/>
</testsuite> <!-- Tests.SignUpByFacbookTestsSucses -->
