<?xml version="1.0" encoding="UTF-8"?>
<!-- Generated by org.testng.reporters.JUnitReportReporter -->
<testsuite skipped="0" hostname="yinons-MacBook-Pro-2.local" name="Tests.SignUpByFacbookTestsSucses" tests="1" failures="0" timestamp="21 Nov 2018 12:45:33 GMT" time="14.599" errors="0">
  <testcase name="SignUpWithFacbook" time="14.599" classname="Tests.SignUpByFacbookTestsSucses"/>
</testsuite> <!-- Tests.SignUpByFacbookTestsSucses -->
