<?xml version="1.0" encoding="UTF-8"?>
<!-- Generated by org.testng.reporters.JUnitReportReporter -->
<testsuite skipped="0" hostname="yinons-MBP-2" name="Tests.BestExpensiveMaleMatchTests" tests="1" failures="0" timestamp="27 Aug 2018 12:15:00 GMT" time="126.028" errors="0">
  <testcase name="BMExpensiveMale" time="126.028" classname="Tests.BestExpensiveMaleMatchTests"/>
</testsuite> <!-- Tests.BestExpensiveMaleMatchTests -->
