<?xml version="1.0" encoding="UTF-8"?>
<!-- Generated by org.testng.reporters.JUnitReportReporter -->
<testsuite skipped="0" hostname="yinons-MBP-2" name="Tests.SignUpByFacbookTestsFail" tests="4" failures="0" timestamp="27 Jun 2019 08:31:17 GMT" time="27.937" errors="0">
  <testcase name="SignUpWithFacbookWitOutEmail" time="8.761" classname="Tests.SignUpByFacbookTestsFail"/>
  <testcase name="SignUpWithFacbookWitOutPassword" time="3.881" classname="Tests.SignUpByFacbookTestsFail"/>
  <testcase name="SignUpWithFacbookWrongPassword" time="8.547" classname="Tests.SignUpByFacbookTestsFail"/>
  <testcase name="SignUpWithFacbookWrongUserName" time="6.748" classname="Tests.SignUpByFacbookTestsFail"/>
</testsuite> <!-- Tests.SignUpByFacbookTestsFail -->
