<?xml version="1.0" encoding="UTF-8"?>
<!-- Generated by org.testng.reporters.JUnitReportReporter -->
<testsuite skipped="0" hostname="yinons-MBP-2" name="Tests.StartHereNormalFemaleMatchTests" tests="1" failures="0" timestamp="28 Oct 2018 16:34:01 GMT" time="165.618" errors="0">
  <testcase name="BMExpensiveMale" time="165.618" classname="Tests.StartHereNormalFemaleMatchTests"/>
</testsuite> <!-- Tests.StartHereNormalFemaleMatchTests -->
