<?xml version="1.0" encoding="UTF-8"?>
<!-- Generated by org.testng.reporters.JUnitReportReporter -->
<testsuite skipped="0" hostname="yinons-MBP-2" name="Tests.ChatTests" tests="3" failures="0" timestamp="04 Apr 2019 08:03:56 GMT" time="114.854" errors="0">
  <testcase name="LoginAsStylist" time="5.650" classname="Tests.ChatTests"/>
  <testcase name="SendChatToclient" time="61.542" classname="Tests.ChatTests"/>
  <testcase name="SendChatToStylist" time="47.662" classname="Tests.ChatTests"/>
</testsuite> <!-- Tests.ChatTests -->
