<?xml version="1.0" encoding="UTF-8"?>
<!-- Generated by org.testng.reporters.JUnitReportReporter -->
<testsuite skipped="0" hostname="yinons-MacBook-Pro-2.local" name="Tests.SignUpTest" tests="5" failures="0" timestamp="27 Sep 2018 14:31:49 GMT" time="28.020" errors="0">
  <testcase name="SignUpClickable" time="1.450" classname="Tests.SignUpTest"/>
  <testcase name="FillEmailWitoutShtudel" time="7.483" classname="Tests.SignUpTest"/>
  <testcase name="FillEmailWithoutDotCom" time="6.278" classname="Tests.SignUpTest"/>
  <testcase name="FillPsswordWithLessthan6Characters" time="6.136" classname="Tests.SignUpTest"/>
  <testcase name="DoSignUp" time="6.673" classname="Tests.SignUpTest"/>
</testsuite> <!-- Tests.SignUpTest -->
