<?xml version="1.0" encoding="UTF-8"?>
<!-- Generated by org.testng.reporters.JUnitReportReporter -->
<testsuite skipped="0" hostname="yinons-MBP-2" name="Tests.StartHereFemaleTests" tests="1" failures="0" timestamp="27 Jun 2019 08:31:17 GMT" time="189.407" errors="0">
  <testcase name="StartHereFemaleTests" time="189.407" classname="Tests.StartHereFemaleTests"/>
</testsuite> <!-- Tests.StartHereFemaleTests -->
