<?xml version="1.0" encoding="UTF-8"?>
<!-- Generated by org.testng.reporters.JUnitReportReporter -->
<testsuite skipped="0" hostname="yinons-MBP-2" name="Tests.BookingTests" tests="2" failures="0" timestamp="10 Dec 2018 14:24:55 GMT" time="88.122" errors="0">
  <testcase name="DoSignUp" time="60.868" classname="Tests.BookingTests"/>
  <testcase name="CheckOutSession" time="27.254" classname="Tests.BookingTests"/>
</testsuite> <!-- Tests.BookingTests -->
