<?xml version="1.0" encoding="UTF-8"?>
<!-- Generated by org.testng.reporters.JUnitReportReporter -->
<testsuite skipped="0" hostname="yinons-MBP-2" name="Tests.BookingCCTests" tests="2" failures="0" timestamp="31 Dec 2018 16:21:04 GMT" time="129.362" errors="0">
  <testcase name="DoSignUp" time="91.291" classname="Tests.BookingCCTests"/>
  <testcase name="CheckoutUnlimitedCreditCard" time="38.071" classname="Tests.BookingCCTests"/>
</testsuite> <!-- Tests.BookingCCTests -->
