<?xml version="1.0" encoding="UTF-8"?>
<!-- Generated by org.testng.reporters.JUnitReportReporter -->
<testsuite skipped="0" hostname="yinons-MBP-2" name="Tests.SignUpTest" tests="5" failures="0" timestamp="30 Apr 2020 12:54:30 GMT" time="77.656" errors="0">
  <testcase name="FillEmailWitoutShtudel" time="15.765" classname="Tests.SignUpTest"/>
  <testcase name="FillEmailWithoutDotCom" time="15.458" classname="Tests.SignUpTest"/>
  <testcase name="FillPsswordWithLessthan6Characters" time="14.037" classname="Tests.SignUpTest"/>
  <testcase name="FillNameWithWrongcarecters" time="14.451" classname="Tests.SignUpTest"/>
  <testcase name="DoSignUp" time="17.945" classname="Tests.SignUpTest"/>
</testsuite> <!-- Tests.SignUpTest -->
