<?xml version="1.0" encoding="UTF-8"?>
<!-- Generated by org.testng.reporters.JUnitReportReporter -->
<testsuite skipped="0" hostname="yinons-MBP-2" name="Tests.LoginWithFacbookTestsFail" tests="2" failures="0" timestamp="27 Aug 2018 12:15:00 GMT" time="16.838" errors="0">
  <testcase name="LoginWithFacbookWrongPassword" time="14.397" classname="Tests.LoginWithFacbookTestsFail"/>
  <testcase name="LoginWithFacbookWrongUserName" time="2.441" classname="Tests.LoginWithFacbookTestsFail"/>
</testsuite> <!-- Tests.LoginWithFacbookTestsFail -->
