<?xml version="1.0" encoding="UTF-8"?>
<!-- Generated by org.testng.reporters.JUnitReportReporter -->
<testsuite skipped="0" hostname="yinons-MBP-2" name="Tests.BestMatchFluIDTest" tests="1" failures="0" timestamp="23 Jan 2019 15:02:31 GMT" time="187.035" errors="0">
  <testcase name="BestMatchFemaleTest" time="187.035" classname="Tests.BestMatchFluIDTest"/>
</testsuite> <!-- Tests.BestMatchFluIDTest -->
