<?xml version="1.0" encoding="UTF-8"?>
<!-- Generated by org.testng.reporters.JUnitReportReporter -->
<testsuite skipped="0" hostname="yinons-MBP-2" name="Tests.qwizTests" tests="26" failures="0" timestamp="08 Jun 2020 14:51:55 GMT" time="272.332" errors="0">
  <testcase name="DoSignUp" time="75.833" classname="Tests.qwizTests"/>
  <testcase name="CheckOutSession" time="50.133" classname="Tests.qwizTests"/>
  <testcase name="HowDidYouHear" time="5.155" classname="Tests.qwizTests"/>
  <testcase name="SelectBirthday" time="7.736" classname="Tests.qwizTests"/>
  <testcase name="SelectSpecificNneed" time="7.216" classname="Tests.qwizTests"/>
  <testcase name="SelectCategories" time="13.255" classname="Tests.qwizTests"/>
  <testcase name="SelectColors" time="1.820" classname="Tests.qwizTests"/>
  <testcase name="SelectHeight" time="2.351" classname="Tests.qwizTests"/>
  <testcase name="SelectSize" time="8.601" classname="Tests.qwizTests"/>
  <testcase name="SelectBudget" time="11.129" classname="Tests.qwizTests"/>
  <testcase name="SelectJeans" time="3.095" classname="Tests.qwizTests"/>
  <testcase name="SelectHIGHLIGHT" time="9.021" classname="Tests.qwizTests"/>
  <testcase name="SelectFitTop" time="8.673" classname="Tests.qwizTests"/>
  <testcase name="SelectFIT_BOTTOM" time="8.626" classname="Tests.qwizTests"/>
  <testcase name="SelectFABRICS" time="8.759" classname="Tests.qwizTests"/>
  <testcase name="FillHeels" time="2.300" classname="Tests.qwizTests"/>
  <testcase name="SelectCLOTHING_PREFERENCES" time="2.138" classname="Tests.qwizTests"/>
  <testcase name="SelectCOMFORT_ZONE" time="2.155" classname="Tests.qwizTests"/>
  <testcase name="SelectJewelry" time="2.889" classname="Tests.qwizTests"/>
  <testcase name="SelectWHAT_MATTERS" time="4.551" classname="Tests.qwizTests"/>
  <testcase name="SelectIcon" time="2.197" classname="Tests.qwizTests"/>
  <testcase name="FillInstegram" time="6.153" classname="Tests.qwizTests"/>
  <testcase name="AddPhoto" time="1.998" classname="Tests.qwizTests"/>
  <testcase name="fillphone" time="6.449" classname="Tests.qwizTests"/>
  <testcase name="fillLocation" time="4.679" classname="Tests.qwizTests"/>
  <testcase name="FinishQuiz" time="15.420" classname="Tests.qwizTests"/>
</testsuite> <!-- Tests.qwizTests -->
