<?xml version="1.0" encoding="UTF-8"?>
<!-- Generated by org.testng.reporters.JUnitReportReporter -->
<testsuite skipped="0" hostname="yinons-MBP-2" name="Tests.ChatTests" tests="3" failures="0" timestamp="27 Jun 2019 08:31:17 GMT" time="101.118" errors="0">
  <testcase name="LoginAsStylist" time="4.889" classname="Tests.ChatTests"/>
  <testcase name="SendChatToclient" time="50.738" classname="Tests.ChatTests"/>
  <testcase name="SendChatToStylist" time="45.491" classname="Tests.ChatTests"/>
</testsuite> <!-- Tests.ChatTests -->
