<?xml version="1.0" encoding="UTF-8"?>
<!-- Generated by org.testng.reporters.JUnitReportReporter -->
<testsuite skipped="0" hostname="yinons-MBP-2" name="Tests.BestMatchHellowNoTests" tests="1" failures="0" timestamp="23 Jan 2019 14:57:15 GMT" time="187.381" errors="0">
  <testcase name="BestMatchHelloNo" time="187.381" classname="Tests.BestMatchHellowNoTests"/>
</testsuite> <!-- Tests.BestMatchHellowNoTests -->
