<?xml version="1.0" encoding="UTF-8"?>
<!-- Generated by org.testng.reporters.JUnitReportReporter -->
<testsuite skipped="0" hostname="yinons-MBP-2" name="Tests.BookingCouponMajorTests" tests="1" failures="0" timestamp="02 Jun 2020 14:40:18 GMT" time="183.384" errors="0">
  <testcase name="CouponMajor" time="183.384" classname="Tests.BookingCouponMajorTests"/>
</testsuite> <!-- Tests.BookingCouponMajorTests -->
