<?xml version="1.0" encoding="UTF-8"?>
<!-- Generated by org.testng.reporters.JUnitReportReporter -->
<testsuite skipped="0" hostname="yinons-MBP-2" name="Tests.StartHereFemaleTests" tests="1" failures="0" timestamp="04 Apr 2019 08:03:56 GMT" time="193.503" errors="0">
  <testcase name="StartHereFemaleTests" time="193.503" classname="Tests.StartHereFemaleTests"/>
</testsuite> <!-- Tests.StartHereFemaleTests -->
