<?xml version="1.0" encoding="UTF-8"?>
<!-- Generated by org.testng.reporters.JUnitReportReporter -->
<testsuite skipped="0" hostname="yinons-MBP" name="Tests.SignUpByFacbookTestsFail" tests="4" failures="0" timestamp="26 Jul 2018 23:21:47 GMT" time="18.198" errors="0">
  <testcase name="SignUpWithFacbookWitOutEmail" time="5.714" classname="Tests.SignUpByFacbookTestsFail"/>
  <testcase name="SignUpWithFacbookWitOutPassword" time="1.975" classname="Tests.SignUpByFacbookTestsFail"/>
  <testcase name="SignUpWithFacbookWrongPassword" time="5.258" classname="Tests.SignUpByFacbookTestsFail"/>
  <testcase name="SignUpWithFacbookWrongUserName" time="5.251" classname="Tests.SignUpByFacbookTestsFail"/>
</testsuite> <!-- Tests.SignUpByFacbookTestsFail -->
