<?xml version="1.0" encoding="UTF-8"?>
<!-- Generated by org.testng.reporters.JUnitReportReporter -->
<testsuite skipped="0" hostname="yinons-MBP-2" name="Tests.BestMatchHellowNoTests" tests="2" failures="0" timestamp="21 Apr 2020 10:19:58 GMT" time="213.465" errors="0">
  <testcase name="BestMatchHelloNo" time="72.597" classname="Tests.BestMatchHellowNoTests"/>
  <testcase name="BestMatchFemaleTestWithBack" time="140.868" classname="Tests.BestMatchHellowNoTests"/>
</testsuite> <!-- Tests.BestMatchHellowNoTests -->
