<?xml version="1.0" encoding="UTF-8"?>
<!-- Generated by org.testng.reporters.JUnitReportReporter -->
<testsuite skipped="0" hostname="yinons-MBP-2" name="Tests.SignUpTest" tests="5" failures="0" timestamp="27 Aug 2018 12:15:00 GMT" time="25.562" errors="0">
  <testcase name="SignUpClickable" time="1.376" classname="Tests.SignUpTest"/>
  <testcase name="FillEmailWitoutShtudel" time="4.777" classname="Tests.SignUpTest"/>
  <testcase name="FillEmailWithoutDotCom" time="6.121" classname="Tests.SignUpTest"/>
  <testcase name="FillPsswordWithLessthan6Characters" time="6.237" classname="Tests.SignUpTest"/>
  <testcase name="DoSignUp" time="7.051" classname="Tests.SignUpTest"/>
</testsuite> <!-- Tests.SignUpTest -->
