<?xml version="1.0" encoding="UTF-8"?>
<!-- Generated by org.testng.reporters.JUnitReportReporter -->
<testsuite skipped="0" hostname="yinons-MBP-2" name="Tests.qwizMaleTests" tests="9" failures="0" timestamp="15 Nov 2018 11:32:22 GMT" time="120.357" errors="0">
  <testcase name="DoSignUp" time="54.728" classname="Tests.qwizMaleTests"/>
  <testcase name="CheckOutSession" time="22.321" classname="Tests.qwizMaleTests"/>
  <testcase name="SelectBodyType" time="4.308" classname="Tests.qwizMaleTests"/>
  <testcase name="SelectHeight" time="5.482" classname="Tests.qwizMaleTests"/>
  <testcase name="SelectColors" time="5.965" classname="Tests.qwizMaleTests"/>
  <testcase name="SelectFabrics" time="5.352" classname="Tests.qwizMaleTests"/>
  <testcase name="SelectSize" time="6.362" classname="Tests.qwizMaleTests"/>
  <testcase name="SelectComfortZone" time="7.882" classname="Tests.qwizMaleTests"/>
  <testcase name="FillNumberPhone" time="7.957" classname="Tests.qwizMaleTests"/>
</testsuite> <!-- Tests.qwizMaleTests -->
