<?xml version="1.0" encoding="UTF-8"?>
<!-- Generated by org.testng.reporters.JUnitReportReporter -->
<testsuite skipped="0" hostname="yinons-MBP-2" name="Tests.BookingsingleTests" tests="3" failures="0" timestamp="20 Apr 2020 12:41:15 GMT" time="332.902" errors="0">
  <testcase name="DoSignUp" time="72.042" classname="Tests.BookingsingleTests"/>
  <testcase name="SingleMini" time="138.858" classname="Tests.BookingsingleTests"/>
  <testcase name="SingleMajor" time="122.002" classname="Tests.BookingsingleTests"/>
</testsuite> <!-- Tests.BookingsingleTests -->
