<?xml version="1.0" encoding="UTF-8"?>
<!-- Generated by org.testng.reporters.JUnitReportReporter -->
<testsuite skipped="0" hostname="yinons-MacBook-Pro-2.local" name="Tests.BestMatchLowMaleTests" tests="1" failures="0" timestamp="27 Sep 2018 14:31:49 GMT" time="128.294" errors="0">
  <testcase name="BMLowMale" time="128.294" classname="Tests.BestMatchLowMaleTests"/>
</testsuite> <!-- Tests.BestMatchLowMaleTests -->
