<?xml version="1.0" encoding="UTF-8"?>
<!-- Generated by org.testng.reporters.JUnitReportReporter -->
<testsuite skipped="0" hostname="yinons-MBP-2" name="Tests.StartHereFemaleTests" tests="1" failures="0" timestamp="23 Jan 2019 14:57:15 GMT" time="192.140" errors="0">
  <testcase name="StartHereFemaleTests" time="192.140" classname="Tests.StartHereFemaleTests"/>
</testsuite> <!-- Tests.StartHereFemaleTests -->
