<?xml version="1.0" encoding="UTF-8"?>
<!-- Generated by org.testng.reporters.JUnitReportReporter -->
<testsuite skipped="0" hostname="yinons-MacBook-Pro-2.local" name="Tests.LoginWithFacbookTestsFail" tests="2" failures="0" timestamp="27 Sep 2018 14:31:49 GMT" time="14.465" errors="0">
  <testcase name="LoginWithFacbookWrongPassword" time="11.623" classname="Tests.LoginWithFacbookTestsFail"/>
  <testcase name="LoginWithFacbookWrongUserName" time="2.842" classname="Tests.LoginWithFacbookTestsFail"/>
</testsuite> <!-- Tests.LoginWithFacbookTestsFail -->
