<?xml version="1.0" encoding="UTF-8"?>
<!-- Generated by org.testng.reporters.JUnitReportReporter -->
<testsuite skipped="0" hostname="yinons-MBP-2" name="Tests.BookingCCTests" tests="3" failures="0" timestamp="20 Feb 2019 20:13:23 GMT" time="156.305" errors="0">
  <testcase name="DoSignUp" time="69.907" classname="Tests.BookingCCTests"/>
  <testcase name="CheckoutUnlimitedCreditCard" time="44.629" classname="Tests.BookingCCTests"/>
  <testcase name="CheckoutByCreditCard" time="41.769" classname="Tests.BookingCCTests"/>
</testsuite> <!-- Tests.BookingCCTests -->
