<?xml version="1.0" encoding="UTF-8"?>
<!-- Generated by org.testng.reporters.JUnitReportReporter -->
<testsuite skipped="0" hostname="yinons-MBP-2" name="Tests.ChatTests" tests="3" failures="0" timestamp="27 Aug 2018 12:15:00 GMT" time="85.552" errors="0">
  <testcase name="LoginAsStylist" time="5.831" classname="Tests.ChatTests"/>
  <testcase name="SendChatToclient" time="48.327" classname="Tests.ChatTests"/>
  <testcase name="SendChatToStylist" time="31.394" classname="Tests.ChatTests"/>
</testsuite> <!-- Tests.ChatTests -->
