<?xml version="1.0" encoding="UTF-8"?>
<!-- Generated by org.testng.reporters.JUnitReportReporter -->
<testsuite skipped="0" hostname="yinons-MBP-2" name="Tests.LoginTests2" tests="7" failures="0" timestamp="27 Aug 2018 12:15:00 GMT" time="29.571" errors="0">
  <testcase name="LoginClickable" time="2.645" classname="Tests.LoginTests2"/>
  <testcase name="DoLogin" time="4.090" classname="Tests.LoginTests2"/>
  <testcase name="FillPasswordWithOutToFillEmail" time="4.737" classname="Tests.LoginTests2"/>
  <testcase name="FillEmailWithOutToFillPassword" time="5.476" classname="Tests.LoginTests2"/>
  <testcase name="ClickLoginwWithOutToFillAnyFields" time="2.524" classname="Tests.LoginTests2"/>
  <testcase name="FillCorrectEmailWithWrongPassword" time="6.144" classname="Tests.LoginTests2"/>
  <testcase name="FillCorrectPasswordWithWrongEmail" time="3.955" classname="Tests.LoginTests2"/>
</testsuite> <!-- Tests.LoginTests2 -->
