<?xml version="1.0" encoding="UTF-8"?>
<!-- Generated by org.testng.reporters.JUnitReportReporter -->
<testsuite skipped="0" hostname="yinons-MBP-2" name="Tests.StartHereLowMaleMatchTests" tests="1" failures="0" timestamp="10 Dec 2018 14:24:55 GMT" time="121.494" errors="0">
  <testcase name="BMExpensiveMale" time="121.494" classname="Tests.StartHereLowMaleMatchTests"/>
</testsuite> <!-- Tests.StartHereLowMaleMatchTests -->
