<?xml version="1.0" encoding="UTF-8"?>
<!-- Generated by org.testng.reporters.JUnitReportReporter -->
<testsuite skipped="0" hostname="yinons-MBP" name="Tests.LoginWithFacbookTestsFail" tests="2" failures="0" timestamp="26 Jul 2018 23:21:47 GMT" time="13.195" errors="0">
  <testcase name="LoginWithFacbookWrongPassword" time="10.425" classname="Tests.LoginWithFacbookTestsFail"/>
  <testcase name="LoginWithFacbookWrongUserName" time="2.770" classname="Tests.LoginWithFacbookTestsFail"/>
</testsuite> <!-- Tests.LoginWithFacbookTestsFail -->
