<?xml version="1.0" encoding="UTF-8"?>
<!-- Generated by org.testng.reporters.JUnitReportReporter -->
<testsuite skipped="0" hostname="yinons-MBP-2" name="Tests.BookingMembershipMiniTests" tests="1" failures="0" timestamp="08 Jun 2020 08:51:49 GMT" time="175.767" errors="0">
  <testcase name="MembershipMini" time="175.767" classname="Tests.BookingMembershipMiniTests"/>
</testsuite> <!-- Tests.BookingMembershipMiniTests -->
