<?xml version="1.0" encoding="UTF-8"?>
<!-- Generated by org.testng.reporters.JUnitReportReporter -->
<testsuite hostname="yinons-MacBook-Pro.local" failures="0" tests="5" name="WishiTests.SignUpTest" time="5.670" errors="0" timestamp="30 Jan 2018 14:24:58 GMT" skipped="0">
  <testcase classname="WishiTests.SignUpTest" name="SignUpClickable" time="0.277"/>
  <testcase classname="WishiTests.SignUpTest" name="FillEmailWitoutShtudel" time="0.890"/>
  <testcase classname="WishiTests.SignUpTest" name="FillEmailWithoutDotCom" time="0.465"/>
  <testcase classname="WishiTests.SignUpTest" name="FillPsswordWithLessthan6Characters" time="0.469"/>
  <testcase classname="WishiTests.SignUpTest" name="DoSignUp" time="3.569"/>
</testsuite> <!-- WishiTests.SignUpTest -->
