<?xml version="1.0" encoding="UTF-8"?>
<!-- Generated by org.testng.reporters.JUnitReportReporter -->
<testsuite hostname="yinons-MacBook-Pro.local" failures="0" tests="3" name="WishiTests.QwizSkipedTests" time="34.297" errors="0" timestamp="30 Jan 2018 14:24:58 GMT" skipped="0">
  <testcase classname="WishiTests.QwizSkipedTests" name="DoSignUp2" time="1.202"/>
  <testcase classname="WishiTests.QwizSkipedTests" name="CheckOutSessionskip" time="17.081"/>
  <testcase classname="WishiTests.QwizSkipedTests" name="ClickSkip" time="16.014"/>
</testsuite> <!-- WishiTests.QwizSkipedTests -->
