<?xml version="1.0" encoding="UTF-8"?>
<!-- Generated by org.testng.reporters.JUnitReportReporter -->
<testsuite hostname="yinons-MacBook-Pro.local" failures="0" tests="8" name="WishiTests.OnBoadingTests" time="18.969" errors="0" timestamp="25 Dec 2017 16:24:54 GMT" skipped="0">
  <testcase classname="WishiTests.OnBoadingTests" name="DoSignUp" time="6.478"/>
  <testcase classname="WishiTests.OnBoadingTests" name="FillPersonalInformation" time="3.094"/>
  <testcase classname="WishiTests.OnBoadingTests" name="SelectStyle" time="0.525"/>
  <testcase classname="WishiTests.OnBoadingTests" name="SelectStyleGoal" time="0.960"/>
  <testcase classname="WishiTests.OnBoadingTests" name="SelectInspiration" time="5.516"/>
  <testcase classname="WishiTests.OnBoadingTests" name="SelectLocation" time="0.539"/>
  <testcase classname="WishiTests.OnBoadingTests" name="SelectBrands" time="0.424"/>
  <testcase classname="WishiTests.OnBoadingTests" name="SelectLevel" time="1.433"/>
</testsuite> <!-- WishiTests.OnBoadingTests -->
