<?xml version="1.0" encoding="UTF-8"?>
<!-- Generated by org.testng.reporters.JUnitReportReporter -->
<testsuite skipped="0" hostname="LAPTOP-2ER69HLS" name="WishiTests.QwizTests" tests="16" failures="0" timestamp="20 Dec 2017 15:57:58 GMT" time="81.357" errors="0">
  <testcase name="DoSignUp" time="5.356" classname="WishiTests.QwizTests"/>
  <testcase name="CheckOutSession" time="25.340" classname="WishiTests.QwizTests"/>
  <testcase name="SelectEvent" time="2.520" classname="WishiTests.QwizTests"/>
  <testcase name="SelectBodyType" time="1.368" classname="WishiTests.QwizTests"/>
  <testcase name="SelectHeight" time="3.853" classname="WishiTests.QwizTests"/>
  <testcase name="SelectColors" time="3.767" classname="WishiTests.QwizTests"/>
  <testcase name="SelectHighlight" time="3.683" classname="WishiTests.QwizTests"/>
  <testcase name="SelectClothingPreferences" time="3.749" classname="WishiTests.QwizTests"/>
  <testcase name="SelectHeels" time="3.747" classname="WishiTests.QwizTests"/>
  <testcase name="SelectFabrics" time="3.677" classname="WishiTests.QwizTests"/>
  <testcase name="SelectPrints" time="3.756" classname="WishiTests.QwizTests"/>
  <testcase name="SelectSize" time="4.127" classname="WishiTests.QwizTests"/>
  <testcase name="SelectComfortZone" time="3.631" classname="WishiTests.QwizTests"/>
  <testcase name="SelectJEWELRY" time="4.532" classname="WishiTests.QwizTests"/>
  <testcase name="SelectBrands" time="4.226" classname="WishiTests.QwizTests"/>
  <testcase name="SelectInventory" time="4.025" classname="WishiTests.QwizTests"/>
</testsuite> <!-- WishiTests.QwizTests -->
