<?xml version="1.0" encoding="UTF-8"?>
<!-- Generated by org.testng.reporters.JUnitReportReporter -->
<testsuite hostname="yinons-MacBook-Pro.local" failures="0" tests="1" name="Tests.test" time="1.338" errors="0" timestamp="27 Dec 2017 09:45:33 GMT" skipped="0">
  <testcase classname="Tests.test" name="test1" time="1.338"/>
</testsuite> <!-- Tests.test -->
