<?xml version="1.0" encoding="UTF-8"?>
<!-- Generated by org.testng.reporters.JUnitReportReporter -->
<testsuite skipped="0" hostname="LAPTOP-2ER69HLS" name="WishiTests.OnBoadingTests" tests="8" failures="0" timestamp="20 Dec 2017 15:57:58 GMT" time="20.347" errors="0">
  <testcase name="DoSignUp" time="5.351" classname="WishiTests.OnBoadingTests"/>
  <testcase name="FillPersonalInformation" time="4.967" classname="WishiTests.OnBoadingTests"/>
  <testcase name="SelectStyle" time="0.639" classname="WishiTests.OnBoadingTests"/>
  <testcase name="SelectStyleGoal" time="1.172" classname="WishiTests.OnBoadingTests"/>
  <testcase name="SelectInspiration" time="5.662" classname="WishiTests.OnBoadingTests"/>
  <testcase name="SelectLocation" time="0.611" classname="WishiTests.OnBoadingTests"/>
  <testcase name="SelectBrands" time="0.541" classname="WishiTests.OnBoadingTests"/>
  <testcase name="SelectLevel" time="1.404" classname="WishiTests.OnBoadingTests"/>
</testsuite> <!-- WishiTests.OnBoadingTests -->
