<?xml version="1.0" encoding="UTF-8"?>
<!-- Generated by org.testng.reporters.JUnitReportReporter -->
<testsuite skipped="0" hostname="LAPTOP-2ER69HLS" name="WishiTests.UploadItemTest" tests="2" failures="0" timestamp="20 Dec 2017 15:57:59 GMT" time="12.692" errors="0">
  <testcase name="DoLogin" time="4.087" classname="WishiTests.UploadItemTest"/>
  <testcase name="Uploaditem" time="8.605" classname="WishiTests.UploadItemTest"/>
</testsuite> <!-- WishiTests.UploadItemTest -->
