<?xml version="1.0" encoding="UTF-8"?>
<!-- Generated by org.testng.reporters.JUnitReportReporter -->
<testsuite skipped="0" hostname="LAPTOP-2ER69HLS" name="WishiTests.UploadItemTest" tests="2" failures="0" timestamp="18 Dec 2017 14:47:29 GMT" time="9.045" errors="0">
  <testcase name="DoLogin" time="3.466" classname="WishiTests.UploadItemTest"/>
  <testcase name="Uploaditem" time="5.579" classname="WishiTests.UploadItemTest"/>
</testsuite> <!-- WishiTests.UploadItemTest -->
