<?xml version="1.0" encoding="UTF-8"?>
<!-- Generated by org.testng.reporters.JUnitReportReporter -->
<testsuite skipped="0" hostname="LAPTOP-2ER69HLS" name="WishiTests.OnBoadingTests" tests="8" failures="0" timestamp="18 Dec 2017 09:26:32 GMT" time="21.146" errors="0">
  <testcase name="DoSignUp" time="4.734" classname="WishiTests.OnBoadingTests"/>
  <testcase name="FillPersonalInformation" time="5.751" classname="WishiTests.OnBoadingTests"/>
  <testcase name="SelectStyle" time="0.801" classname="WishiTests.OnBoadingTests"/>
  <testcase name="SelectStyleGoal" time="1.136" classname="WishiTests.OnBoadingTests"/>
  <testcase name="SelectInspiration" time="5.842" classname="WishiTests.OnBoadingTests"/>
  <testcase name="SelectLocation" time="0.736" classname="WishiTests.OnBoadingTests"/>
  <testcase name="SelectBrands" time="0.619" classname="WishiTests.OnBoadingTests"/>
  <testcase name="SelectLevel" time="1.527" classname="WishiTests.OnBoadingTests"/>
</testsuite> <!-- WishiTests.OnBoadingTests -->
