<?xml version="1.0" encoding="UTF-8"?>
<!-- Generated by org.testng.reporters.JUnitReportReporter -->
<testsuite skipped="0" hostname="LAPTOP-2ER69HLS" name="WishiTests.ChatTests" tests="3" failures="0" timestamp="18 Dec 2017 14:11:37 GMT" time="39.893" errors="0">
  <testcase name="LoginAsStylist" time="1.520" classname="WishiTests.ChatTests"/>
  <testcase name="SendChatToclient" time="23.008" classname="WishiTests.ChatTests"/>
  <testcase name="SendChatToStylist" time="15.365" classname="WishiTests.ChatTests"/>
</testsuite> <!-- WishiTests.ChatTests -->
