<?xml version="1.0" encoding="UTF-8"?>
<!-- Generated by org.testng.reporters.JUnitReportReporter -->
<testsuite skipped="0" hostname="LAPTOP-2ER69HLS" name="WishiTests.SignUpByFacbook" tests="5" failures="0" timestamp="18 Dec 2017 09:26:32 GMT" time="12.902" errors="0">
  <testcase name="SignUpWithFacbookWrongUserName" time="5.471" classname="WishiTests.SignUpByFacbook"/>
  <testcase name="SignUpWithFacbookWitOutEmail" time="0.862" classname="WishiTests.SignUpByFacbook"/>
  <testcase name="SignUpWithFacbookWitOutPassword" time="1.632" classname="WishiTests.SignUpByFacbook"/>
  <testcase name="SignUpWithFacbookWrongPassword" time="1.813" classname="WishiTests.SignUpByFacbook"/>
  <testcase name="SignUpWithFacbook" time="3.124" classname="WishiTests.SignUpByFacbook"/>
</testsuite> <!-- WishiTests.SignUpByFacbook -->
