<?xml version="1.0" encoding="UTF-8"?>
<!-- Generated by org.testng.reporters.JUnitReportReporter -->
<testsuite skipped="0" hostname="LAPTOP-2ER69HLS" name="WishiTests.LoginTest" tests="7" failures="0" timestamp="18 Dec 2017 09:26:32 GMT" time="11.151" errors="0">
  <testcase name="LoginClickable" time="1.847" classname="WishiTests.LoginTest"/>
  <testcase name="DoLogin" time="1.593" classname="WishiTests.LoginTest"/>
  <testcase name="FillPasswordWithOutToFillEmail" time="1.211" classname="WishiTests.LoginTest"/>
  <testcase name="FillEmailWithOutToFillPassword" time="1.236" classname="WishiTests.LoginTest"/>
  <testcase name="ClickLoginwWithOutToFillAnyFields" time="1.205" classname="WishiTests.LoginTest"/>
  <testcase name="FillCorrectEmailWithWrongPassword" time="2.644" classname="WishiTests.LoginTest"/>
  <testcase name="FillCorrectPasswordWithWrongEmail" time="1.415" classname="WishiTests.LoginTest"/>
</testsuite> <!-- WishiTests.LoginTest -->
