<?xml version="1.0" encoding="UTF-8"?>
<!-- Generated by org.testng.reporters.JUnitReportReporter -->
<testsuite skipped="0" hostname="LAPTOP-2ER69HLS" name="WishiTests.CrateLookTests" tests="3" failures="0" timestamp="18 Dec 2017 14:32:29 GMT" time="41.515" errors="0">
  <testcase name="LoginAsStylist" time="1.497" classname="WishiTests.CrateLookTests"/>
  <testcase name="CrateRegularLook" time="24.765" classname="WishiTests.CrateLookTests"/>
  <testcase name="PersonalShopping" time="15.253" classname="WishiTests.CrateLookTests"/>
</testsuite> <!-- WishiTests.CrateLookTests -->
