<?xml version="1.0" encoding="UTF-8"?>
<!-- Generated by org.testng.reporters.JUnitReportReporter -->
<testsuite hostname="yinons-MacBook-Pro.local" failures="0" tests="3" name="WishiTests.QwizSkipedTests" time="39.797" errors="0" timestamp="25 Dec 2017 16:24:54 GMT" skipped="0">
  <testcase classname="WishiTests.QwizSkipedTests" name="DoSignUp2" time="1.408"/>
  <testcase classname="WishiTests.QwizSkipedTests" name="CheckOutSessionskip" time="17.134"/>
  <testcase classname="WishiTests.QwizSkipedTests" name="ClickSkip" time="21.255"/>
</testsuite> <!-- WishiTests.QwizSkipedTests -->
