<?xml version="1.0" encoding="UTF-8"?>
<!-- Generated by org.testng.reporters.JUnitReportReporter -->
<testsuite skipped="0" hostname="LAPTOP-2ER69HLS" name="WishiTests.SignUpTest" tests="5" failures="0" timestamp="18 Dec 2017 09:26:32 GMT" time="10.141" errors="0">
  <testcase name="SignUpClickable" time="0.359" classname="WishiTests.SignUpTest"/>
  <testcase name="FillEmailWitoutShtudel" time="1.942" classname="WishiTests.SignUpTest"/>
  <testcase name="FillEmailWithoutDotCom" time="0.796" classname="WishiTests.SignUpTest"/>
  <testcase name="FillPsswordWithLessthan6Characters" time="0.844" classname="WishiTests.SignUpTest"/>
  <testcase name="DoSignUp" time="6.200" classname="WishiTests.SignUpTest"/>
</testsuite> <!-- WishiTests.SignUpTest -->
