<?xml version="1.0" encoding="UTF-8"?>
<!-- Generated by org.testng.reporters.JUnitReportReporter -->
<testsuite skipped="0" hostname="LAPTOP-2ER69HLS" name="WishiTests.QwizSkipedTests" tests="3" failures="0" timestamp="18 Dec 2017 09:29:46 GMT" time="42.508" errors="0">
  <testcase name="DoSignUp2" time="2.450" classname="WishiTests.QwizSkipedTests"/>
  <testcase name="CheckOutSessionskip" time="22.629" classname="WishiTests.QwizSkipedTests"/>
  <testcase name="ClickSkip" time="17.429" classname="WishiTests.QwizSkipedTests"/>
</testsuite> <!-- WishiTests.QwizSkipedTests -->
