<?xml version="1.0" encoding="UTF-8"?>
<!-- Generated by org.testng.reporters.JUnitReportReporter -->
<testsuite skipped="0" hostname="LAPTOP-2ER69HLS" name="WishiTests.LoginWithFacbookTests" tests="3" failures="0" timestamp="18 Dec 2017 09:26:32 GMT" time="12.259" errors="0">
  <testcase name="LoginWithFacbookWrongUserName" time="6.312" classname="WishiTests.LoginWithFacbookTests"/>
  <testcase name="LoginWithFacbookWrongPassword" time="2.428" classname="WishiTests.LoginWithFacbookTests"/>
  <testcase name="LoginWithFacbook" time="3.519" classname="WishiTests.LoginWithFacbookTests"/>
</testsuite> <!-- WishiTests.LoginWithFacbookTests -->
