<?xml version="1.0" encoding="UTF-8"?>
<!-- Generated by org.testng.reporters.JUnitReportReporter -->
<testsuite skipped="0" hostname="LAPTOP-2ER69HLS" name="WishiTests.CrateLookTests" tests="3" failures="0" timestamp="20 Dec 2017 15:57:58 GMT" time="35.129" errors="0">
  <testcase name="LoginAsStylist" time="1.585" classname="WishiTests.CrateLookTests"/>
  <testcase name="CrateRegularLook" time="20.450" classname="WishiTests.CrateLookTests"/>
  <testcase name="PersonalShopping" time="13.094" classname="WishiTests.CrateLookTests"/>
</testsuite> <!-- WishiTests.CrateLookTests -->
