<?xml version="1.0" encoding="UTF-8"?>
<!-- Generated by org.testng.reporters.JUnitReportReporter -->
<testsuite hostname="yinons-MacBook-Pro.local" failures="0" tests="16" name="WishiTests.QwizTests" time="78.059" errors="0" timestamp="21 Jan 2018 13:16:08 GMT" skipped="0">
  <testcase classname="WishiTests.QwizTests" name="DoSignUp" time="18.158"/>
  <testcase classname="WishiTests.QwizTests" name="CheckOutSession" time="15.547"/>
  <testcase classname="WishiTests.QwizTests" name="SelectEvent" time="2.310"/>
  <testcase classname="WishiTests.QwizTests" name="SelectBodyType" time="1.216"/>
  <testcase classname="WishiTests.QwizTests" name="SelectHeight" time="3.327"/>
  <testcase classname="WishiTests.QwizTests" name="SelectColors" time="3.482"/>
  <testcase classname="WishiTests.QwizTests" name="SelectHighlight" time="3.336"/>
  <testcase classname="WishiTests.QwizTests" name="SelectClothingPreferences" time="3.360"/>
  <testcase classname="WishiTests.QwizTests" name="SelectHeels" time="3.303"/>
  <testcase classname="WishiTests.QwizTests" name="SelectFabrics" time="3.314"/>
  <testcase classname="WishiTests.QwizTests" name="SelectPrints" time="3.318"/>
  <testcase classname="WishiTests.QwizTests" name="SelectSize" time="3.466"/>
  <testcase classname="WishiTests.QwizTests" name="SelectComfortZone" time="3.307"/>
  <testcase classname="WishiTests.QwizTests" name="SelectJEWELRY" time="3.356"/>
  <testcase classname="WishiTests.QwizTests" name="SelectBrands" time="3.469"/>
  <testcase classname="WishiTests.QwizTests" name="SelectInventory" time="3.790"/>
</testsuite> <!-- WishiTests.QwizTests -->
