<?xml version="1.0" encoding="UTF-8"?>
<!-- Generated by org.testng.reporters.JUnitReportReporter -->
<testsuite hostname="yinons-MBP-2" failures="0" tests="2" name="WishiTests.UploadItemTest" time="15.045" errors="0" timestamp="10 Aug 2018 11:12:44 GMT" skipped="0">
  <testcase classname="WishiTests.UploadItemTest" name="DoLogin" time="8.719"/>
  <testcase classname="WishiTests.UploadItemTest" name="Uploaditem" time="6.326"/>
</testsuite> <!-- WishiTests.UploadItemTest -->
