<?xml version="1.0" encoding="UTF-8"?>
<!-- Generated by org.testng.reporters.JUnitReportReporter -->
<testsuite skipped="0" hostname="yinons-MBP" name="Tests.BestMatchExpensiveFeamleTests" tests="1" failures="0" timestamp="07 Aug 2018 12:11:32 GMT" time="164.157" errors="0">
  <testcase name="BMExpensiveFeamle" time="164.157" classname="Tests.BestMatchExpensiveFeamleTests"/>
</testsuite> <!-- Tests.BestMatchExpensiveFeamleTests -->
