<?xml version="1.0" encoding="UTF-8"?>
<!-- Generated by org.testng.reporters.JUnitReportReporter -->
<testsuite skipped="0" hostname="yinons-MBP" name="Tests.LoginWithFacbookTests" tests="1" failures="0" timestamp="26 Jul 2018 23:21:47 GMT" time="12.560" errors="0">
  <testcase name="LoginWithFacbook" time="12.560" classname="Tests.LoginWithFacbookTests"/>
</testsuite> <!-- Tests.LoginWithFacbookTests -->
