<?xml version="1.0" encoding="UTF-8"?>
<!-- Generated by org.testng.reporters.JUnitReportReporter -->
<testsuite skipped="0" hostname="LAPTOP-2ER69HLS" name="Tests.basics" tests="1" failures="0" timestamp="07 Dec 2017 16:03:26 GMT" time="42.103" errors="0">
  <testcase name="Login" time="42.103" classname="Tests.basics"/>
</testsuite> <!-- Tests.basics -->
