<?xml version="1.0" encoding="UTF-8"?>
<!-- Generated by org.testng.reporters.JUnitReportReporter -->
<testsuite hostname="yinons-MacBook-Pro.local" failures="0" tests="4" name="Tests.SignUpTest" time="184.290" errors="0" timestamp="14 Jan 2018 11:35:48 GMT" skipped="0">
  <testcase classname="Tests.SignUpTest" name="Signupwithoutshtudel" time="27.694"/>
  <testcase classname="Tests.SignUpTest" name="SignupwithoutDotCom" time="51.051"/>
  <testcase classname="Tests.SignUpTest" name="FillPsswordWithLessthan6Characters" time="50.106"/>
  <testcase classname="Tests.SignUpTest" name="DoSignUp" time="55.439"/>
</testsuite> <!-- Tests.SignUpTest -->
