<?xml version="1.0" encoding="UTF-8"?>
<!-- Generated by org.testng.reporters.JUnitReportReporter -->
<testsuite hostname="yinons-MacBook-Pro.local" failures="0" tests="6" name="Tests.LoginTests" time="119.423" errors="0" timestamp="14 Jan 2018 11:35:48 GMT" skipped="0">
  <testcase classname="Tests.LoginTests" name="FillPasswordWithOutToFillEmail" time="10.591"/>
  <testcase classname="Tests.LoginTests" name="FillPasswordWithOutToFillPassword" time="12.149"/>
  <testcase classname="Tests.LoginTests" name="FillPasswordWithWrongEmail" time="27.399"/>
  <testcase classname="Tests.LoginTests" name="FillPasswordWithWrongPassword" time="20.056"/>
  <testcase classname="Tests.LoginTests" name="ClickLoginwWithOutToFillAnyFields" time="13.593"/>
  <testcase classname="Tests.LoginTests" name="DoLogin" time="35.635"/>
</testsuite> <!-- Tests.LoginTests -->
