<?xml version="1.0" encoding="UTF-8"?>
<!-- Generated by org.testng.reporters.JUnitReportReporter -->
<testsuite hostname="yinons-MacBook-Pro.local" failures="0" tests="6" name="Tests.LoginTests" time="132.515" errors="0" timestamp="18 Jan 2018 15:17:08 GMT" skipped="0">
  <testcase classname="Tests.LoginTests" name="FillPasswordWithOutToFillEmail" time="10.639"/>
  <testcase classname="Tests.LoginTests" name="FillPasswordWithOutToFillPassword" time="13.516"/>
  <testcase classname="Tests.LoginTests" name="FillPasswordWithWrongEmail" time="24.764"/>
  <testcase classname="Tests.LoginTests" name="FillPasswordWithWrongPassword" time="22.145"/>
  <testcase classname="Tests.LoginTests" name="ClickLoginwWithOutToFillAnyFields" time="14.937"/>
  <testcase classname="Tests.LoginTests" name="DoLogin" time="46.514"/>
</testsuite> <!-- Tests.LoginTests -->
