<?xml version="1.0" encoding="UTF-8"?>
<!-- Generated by org.testng.reporters.JUnitReportReporter -->
<testsuite hostname="yinons-MacBook-Pro.local" failures="0" tests="5" name="Tests.LoginWithFacbookTest" time="51.604" errors="0" timestamp="09 Jan 2018 11:04:41 GMT" skipped="0">
  <testcase classname="Tests.LoginWithFacbookTest" name="LoginWithFacbookWrongUserName" time="18.383"/>
  <testcase classname="Tests.LoginWithFacbookTest" name="LoginWithFacbookWrongPassword" time="9.435"/>
  <testcase classname="Tests.LoginWithFacbookTest" name="LoginWithFacbookWithoutUser" time="8.650"/>
  <testcase classname="Tests.LoginWithFacbookTest" name="LoginWithFacbookWithoutPassword" time="7.895"/>
  <testcase classname="Tests.LoginWithFacbookTest" name="DoLoginWithFacbook" time="7.241"/>
</testsuite> <!-- Tests.LoginWithFacbookTest -->
