<?xml version="1.0" encoding="UTF-8"?>
<!-- Generated by org.testng.reporters.JUnitReportReporter -->
<testsuite skipped="0" hostname="yinons-MBP-2" name="WishiTests.BookMajotSubTests" tests="20" failures="0" timestamp="20 Jun 2019 13:42:18 GMT" time="575.218" errors="0">
  <testcase name="LoginAsClient" time="10.530" classname="WishiTests.BookMajotSubTests"/>
  <testcase name="CheckOutSession" time="37.848" classname="WishiTests.BookMajotSubTests"/>
  <testcase name="LoginAsStylist" time="13.159" classname="WishiTests.BookMajotSubTests"/>
  <testcase name="CreateMoodBoard" time="37.369" classname="WishiTests.BookMajotSubTests"/>
  <testcase name="VerifyMoodBoard" time="15.589" classname="WishiTests.BookMajotSubTests"/>
  <testcase name="CreatePS" time="49.057" classname="WishiTests.BookMajotSubTests"/>
  <testcase name="AskRevise" time="18.106" classname="WishiTests.BookMajotSubTests"/>
  <testcase name="CreateLook1" time="54.607" classname="WishiTests.BookMajotSubTests"/>
  <testcase name="VerifyLook1" time="18.831" classname="WishiTests.BookMajotSubTests"/>
  <testcase name="CreateLook2" time="48.716" classname="WishiTests.BookMajotSubTests"/>
  <testcase name="VerifyLook2" time="15.688" classname="WishiTests.BookMajotSubTests"/>
  <testcase name="CreateLook3" time="49.939" classname="WishiTests.BookMajotSubTests"/>
  <testcase name="VerifyLook3" time="18.489" classname="WishiTests.BookMajotSubTests"/>
  <testcase name="CreateLook4" time="49.787" classname="WishiTests.BookMajotSubTests"/>
  <testcase name="VerifyLook4" time="16.943" classname="WishiTests.BookMajotSubTests"/>
  <testcase name="CreateLook5" time="49.911" classname="WishiTests.BookMajotSubTests"/>
  <testcase name="VerifyLook5" time="18.891" classname="WishiTests.BookMajotSubTests"/>
  <testcase name="AskEndSession" time="14.892" classname="WishiTests.BookMajotSubTests"/>
  <testcase name="ClientEndSession" time="25.112" classname="WishiTests.BookMajotSubTests"/>
  <testcase name="VerifyEndSession" time="11.754" classname="WishiTests.BookMajotSubTests"/>
</testsuite> <!-- WishiTests.BookMajotSubTests -->
