<?xml version="1.0" encoding="UTF-8"?>
<!-- Generated by org.testng.reporters.JUnitReportReporter -->
<testsuite skipped="0" hostname="yinons-MBP-2" name="WishiTests.StartHereHelloNoTests" tests="1" failures="0" timestamp="20 Jun 2019 13:42:18 GMT" time="138.845" errors="0">
  <testcase name="StartHereHelloNoTests" time="138.845" classname="WishiTests.StartHereHelloNoTests"/>
</testsuite> <!-- WishiTests.StartHereHelloNoTests -->
