<?xml version="1.0" encoding="UTF-8"?>
<!-- Generated by org.testng.reporters.JUnitReportReporter -->
<testsuite skipped="0" hostname="yinons-MBP-2" name="WishiTests.CrateLookTests" tests="20" failures="0" timestamp="21 Feb 2019 10:35:53 GMT" time="503.796" errors="0">
  <testcase name="LoginAsClient" time="9.266" classname="WishiTests.CrateLookTests"/>
  <testcase name="CheckOutSession" time="29.832" classname="WishiTests.CrateLookTests"/>
  <testcase name="LoginAsStylist" time="10.625" classname="WishiTests.CrateLookTests"/>
  <testcase name="CreateMoodBoard" time="34.974" classname="WishiTests.CrateLookTests"/>
  <testcase name="VerifyMoodBoard" time="13.401" classname="WishiTests.CrateLookTests"/>
  <testcase name="CreatePS" time="47.300" classname="WishiTests.CrateLookTests"/>
  <testcase name="AskRevise" time="14.915" classname="WishiTests.CrateLookTests"/>
  <testcase name="CreateLook1" time="47.050" classname="WishiTests.CrateLookTests"/>
  <testcase name="VerifyLook1" time="12.332" classname="WishiTests.CrateLookTests"/>
  <testcase name="CreateLook2" time="44.571" classname="WishiTests.CrateLookTests"/>
  <testcase name="VerifyLook2" time="13.520" classname="WishiTests.CrateLookTests"/>
  <testcase name="CreateLook3" time="44.653" classname="WishiTests.CrateLookTests"/>
  <testcase name="VerifyLook3" time="15.205" classname="WishiTests.CrateLookTests"/>
  <testcase name="CreateLook4" time="47.074" classname="WishiTests.CrateLookTests"/>
  <testcase name="VerifyLook4" time="13.123" classname="WishiTests.CrateLookTests"/>
  <testcase name="CreateLook5" time="46.770" classname="WishiTests.CrateLookTests"/>
  <testcase name="VerifyLook5" time="13.522" classname="WishiTests.CrateLookTests"/>
  <testcase name="AskEndSession" time="12.680" classname="WishiTests.CrateLookTests"/>
  <testcase name="ClientEndSession" time="23.036" classname="WishiTests.CrateLookTests"/>
  <testcase name="VerifyEndSession" time="9.947" classname="WishiTests.CrateLookTests"/>
</testsuite> <!-- WishiTests.CrateLookTests -->
