<?xml version="1.0" encoding="UTF-8"?>
<!-- Generated by org.testng.reporters.JUnitReportReporter -->
<testsuite hostname="yinons-MBP-2" failures="0" tests="4" name="WishiTests.SignUpByFacbookfailes" time="34.954" errors="0" timestamp="10 Aug 2018 11:12:44 GMT" skipped="0">
  <testcase classname="WishiTests.SignUpByFacbookfailes" name="SignUpWithFacbookWrongUserName" time="8.045"/>
  <testcase classname="WishiTests.SignUpByFacbookfailes" name="SignUpWithFacbookWitOutEmail" time="8.011"/>
  <testcase classname="WishiTests.SignUpByFacbookfailes" name="SignUpWithFacbookWitOutPassword" time="9.443"/>
  <testcase classname="WishiTests.SignUpByFacbookfailes" name="SignUpWithFacbookWrongPassword" time="9.455"/>
</testsuite> <!-- WishiTests.SignUpByFacbookfailes -->
