<?xml version="1.0" encoding="UTF-8"?>
<!-- Generated by org.testng.reporters.JUnitReportReporter -->
<testsuite skipped="0" hostname="yinons-MBP-2" name="WishiTests.RetakeMatchMaleTest" tests="1" failures="0" timestamp="02 Apr 2020 10:02:05 GMT" time="79.202" errors="0">
  <testcase name="RetakeMatchMaleTest" time="79.202" classname="WishiTests.RetakeMatchMaleTest"/>
</testsuite> <!-- WishiTests.RetakeMatchMaleTest -->
