<?xml version="1.0" encoding="UTF-8"?>
<!-- Generated by org.testng.reporters.JUnitReportReporter -->
<testsuite skipped="0" hostname="yinons-MBP-2" name="WishiTests.RetakeMatchFamleTest" tests="1" failures="0" timestamp="04 Apr 2019 11:54:29 GMT" time="64.166" errors="0">
  <testcase name="RetakeMatchFamleTest" time="64.166" classname="WishiTests.RetakeMatchFamleTest"/>
</testsuite> <!-- WishiTests.RetakeMatchFamleTest -->
