<?xml version="1.0" encoding="UTF-8"?>
<!-- Generated by org.testng.reporters.JUnitReportReporter -->
<testsuite skipped="0" hostname="yinons-MacBook-Pro-2.local" name="WishiTests.BestMatchExpensiveFeamleTests" tests="1" failures="0" timestamp="14 Nov 2018 07:54:58 GMT" time="70.076" errors="0">
  <testcase name="BMExpensiveFeamle" time="70.076" classname="WishiTests.BestMatchExpensiveFeamleTests"/>
</testsuite> <!-- WishiTests.BestMatchExpensiveFeamleTests -->
