<?xml version="1.0" encoding="UTF-8"?>
<!-- Generated by org.testng.reporters.JUnitReportReporter -->
<testsuite skipped="0" hostname="yinons-MBP-2" name="WishiTests.RetakeMatchNaturalTest" tests="1" failures="0" timestamp="23 Jan 2019 14:31:10 GMT" time="62.592" errors="0">
  <testcase name="RetakeMatchNaturalTest" time="62.592" classname="WishiTests.RetakeMatchNaturalTest"/>
</testsuite> <!-- WishiTests.RetakeMatchNaturalTest -->
