<?xml version="1.0" encoding="UTF-8"?>
<!-- Generated by org.testng.reporters.JUnitReportReporter -->
<testsuite skipped="0" hostname="yinons-MBP-2" name="WishiTests.RetakeMatchMaleTest" tests="1" failures="0" timestamp="20 Jun 2019 13:42:18 GMT" time="174.112" errors="0">
  <testcase name="RetakeMatchMaleTest" time="174.112" classname="WishiTests.RetakeMatchMaleTest"/>
</testsuite> <!-- WishiTests.RetakeMatchMaleTest -->
