<?xml version="1.0" encoding="UTF-8"?>
<!-- Generated by org.testng.reporters.JUnitReportReporter -->
<testsuite skipped="0" hostname="yinons-MacBook-Pro-2.local" name="WishiTests.QwizSkipedTests" tests="3" failures="0" timestamp="26 Nov 2018 17:40:49 GMT" time="81.118" errors="0">
  <testcase name="DoSignUp" time="36.945" classname="WishiTests.QwizSkipedTests"/>
  <testcase name="CheckOutSessionskip" time="25.159" classname="WishiTests.QwizSkipedTests"/>
  <testcase name="ClickSkip" time="19.014" classname="WishiTests.QwizSkipedTests"/>
</testsuite> <!-- WishiTests.QwizSkipedTests -->
