<?xml version="1.0" encoding="UTF-8"?>
<!-- Generated by org.testng.reporters.JUnitReportReporter -->
<testsuite skipped="0" hostname="yinons-MBP-2" name="WishiTests.BookMajotSubTests" tests="20" failures="0" timestamp="04 Apr 2019 11:54:29 GMT" time="552.331" errors="0">
  <testcase name="LoginAsClient" time="10.723" classname="WishiTests.BookMajotSubTests"/>
  <testcase name="CheckOutSession" time="36.988" classname="WishiTests.BookMajotSubTests"/>
  <testcase name="LoginAsStylist" time="13.086" classname="WishiTests.BookMajotSubTests"/>
  <testcase name="CreateMoodBoard" time="35.018" classname="WishiTests.BookMajotSubTests"/>
  <testcase name="VerifyMoodBoard" time="15.779" classname="WishiTests.BookMajotSubTests"/>
  <testcase name="CreatePS" time="49.134" classname="WishiTests.BookMajotSubTests"/>
  <testcase name="AskRevise" time="15.348" classname="WishiTests.BookMajotSubTests"/>
  <testcase name="CreateLook1" time="49.305" classname="WishiTests.BookMajotSubTests"/>
  <testcase name="VerifyLook1" time="15.048" classname="WishiTests.BookMajotSubTests"/>
  <testcase name="CreateLook2" time="47.355" classname="WishiTests.BookMajotSubTests"/>
  <testcase name="VerifyLook2" time="15.171" classname="WishiTests.BookMajotSubTests"/>
  <testcase name="CreateLook3" time="46.920" classname="WishiTests.BookMajotSubTests"/>
  <testcase name="VerifyLook3" time="17.552" classname="WishiTests.BookMajotSubTests"/>
  <testcase name="CreateLook4" time="48.886" classname="WishiTests.BookMajotSubTests"/>
  <testcase name="VerifyLook4" time="16.398" classname="WishiTests.BookMajotSubTests"/>
  <testcase name="CreateLook5" time="49.746" classname="WishiTests.BookMajotSubTests"/>
  <testcase name="VerifyLook5" time="16.041" classname="WishiTests.BookMajotSubTests"/>
  <testcase name="AskEndSession" time="15.301" classname="WishiTests.BookMajotSubTests"/>
  <testcase name="ClientEndSession" time="26.102" classname="WishiTests.BookMajotSubTests"/>
  <testcase name="VerifyEndSession" time="12.430" classname="WishiTests.BookMajotSubTests"/>
</testsuite> <!-- WishiTests.BookMajotSubTests -->
