<?xml version="1.0" encoding="UTF-8"?>
<!-- Generated by org.testng.reporters.JUnitReportReporter -->
<testsuite skipped="0" hostname="yinons-MacBook-Pro-2.local" name="WishiTests.UploadItemTest" tests="2" failures="0" timestamp="27 Sep 2018 11:42:27 GMT" time="19.598" errors="0">
  <testcase name="DoLogin" time="9.928" classname="WishiTests.UploadItemTest"/>
  <testcase name="Uploaditem" time="9.670" classname="WishiTests.UploadItemTest"/>
</testsuite> <!-- WishiTests.UploadItemTest -->
