<?xml version="1.0" encoding="UTF-8"?>
<!-- Generated by org.testng.reporters.JUnitReportReporter -->
<testsuite hostname="yinons-MBP-2" failures="0" tests="3" name="WishiTests.BookingStylistTests" time="99.225" errors="0" timestamp="10 Aug 2018 11:41:31 GMT" skipped="0">
  <testcase classname="WishiTests.BookingStylistTests" name="DoSignUp" time="60.918"/>
  <testcase classname="WishiTests.BookingStylistTests" name="CheckOutSession" time="17.261"/>
  <testcase classname="WishiTests.BookingStylistTests" name="CheckoutUnlimited" time="21.046"/>
</testsuite> <!-- WishiTests.BookingStylistTests -->
