<?xml version="1.0" encoding="UTF-8"?>
<!-- Generated by org.testng.reporters.JUnitReportReporter -->
<testsuite skipped="0" hostname="yinons-MBP-2" name="WishiTests.RetakeMatchNaturalTest" tests="1" failures="0" timestamp="04 Apr 2019 11:54:29 GMT" time="65.066" errors="0">
  <testcase name="RetakeMatchNaturalTest" time="65.066" classname="WishiTests.RetakeMatchNaturalTest"/>
</testsuite> <!-- WishiTests.RetakeMatchNaturalTest -->
