<?xml version="1.0" encoding="UTF-8"?>
<!-- Generated by org.testng.reporters.JUnitReportReporter -->
<testsuite skipped="0" hostname="yinons-MBP-2" name="WishiTests.BookingsingleTests" tests="2" failures="0" timestamp="30 Aug 2018 12:17:39 GMT" time="38.194" errors="0">
  <testcase name="DoLogin" time="10.334" classname="WishiTests.BookingsingleTests"/>
  <testcase name="CheckOutSession" time="27.860" classname="WishiTests.BookingsingleTests"/>
</testsuite> <!-- WishiTests.BookingsingleTests -->
