<?xml version="1.0" encoding="UTF-8"?>
<!-- Generated by org.testng.reporters.JUnitReportReporter -->
<testsuite skipped="0" hostname="yinons-MBP-2" name="WishiTests.SignUpByFacbook" tests="1" failures="0" timestamp="27 Aug 2018 08:08:02 GMT" time="12.368" errors="0">
  <testcase name="SignUpWithFacbook" time="12.368" classname="WishiTests.SignUpByFacbook"/>
</testsuite> <!-- WishiTests.SignUpByFacbook -->
