<?xml version="1.0" encoding="UTF-8"?>
<!-- Generated by org.testng.reporters.JUnitReportReporter -->
<testsuite skipped="0" hostname="yinons-MacBook-Pro-2.local" name="WishiTests.QwizTests" tests="15" failures="0" timestamp="14 Nov 2018 07:54:58 GMT" time="121.568" errors="0">
  <testcase name="DoSignUp" time="36.744" classname="WishiTests.QwizTests"/>
  <testcase name="CheckOutSession" time="31.672" classname="WishiTests.QwizTests"/>
  <testcase name="SelectBodyType" time="2.193" classname="WishiTests.QwizTests"/>
  <testcase name="SelectHeight" time="3.352" classname="WishiTests.QwizTests"/>
  <testcase name="SelectColors" time="3.489" classname="WishiTests.QwizTests"/>
  <testcase name="SelectHighlight" time="3.338" classname="WishiTests.QwizTests"/>
  <testcase name="SelectClothingPreferences" time="3.335" classname="WishiTests.QwizTests"/>
  <testcase name="SelectHeels" time="3.329" classname="WishiTests.QwizTests"/>
  <testcase name="SelectFabrics" time="3.427" classname="WishiTests.QwizTests"/>
  <testcase name="SelectPrints" time="3.338" classname="WishiTests.QwizTests"/>
  <testcase name="SelectSize" time="6.054" classname="WishiTests.QwizTests"/>
  <testcase name="SelectComfortZone" time="3.333" classname="WishiTests.QwizTests"/>
  <testcase name="SelectJEWELRY" time="3.388" classname="WishiTests.QwizTests"/>
  <testcase name="SelectBrands" time="3.391" classname="WishiTests.QwizTests"/>
  <testcase name="SelectInventory" time="11.185" classname="WishiTests.QwizTests"/>
</testsuite> <!-- WishiTests.QwizTests -->
