<?xml version="1.0" encoding="UTF-8"?>
<!-- Generated by org.testng.reporters.JUnitReportReporter -->
<testsuite skipped="0" hostname="yinons-MacBook-Pro-2.local" name="WishiTests.LoginWithFacbookTests" tests="1" failures="0" timestamp="27 Sep 2018 11:42:27 GMT" time="12.683" errors="0">
  <testcase name="LoginWithFacbookWrongUserName" time="12.683" classname="WishiTests.LoginWithFacbookTests"/>
</testsuite> <!-- WishiTests.LoginWithFacbookTests -->
