<?xml version="1.0" encoding="UTF-8"?>
<!-- Generated by org.testng.reporters.JUnitReportReporter -->
<testsuite skipped="0" hostname="yinons-MacBook-Pro-2.local" name="WishiTests.StartHereLowFemaleMatchTests" tests="1" failures="0" timestamp="14 Nov 2018 07:54:58 GMT" time="75.340" errors="0">
  <testcase name="BMExpensiveMale" time="75.340" classname="WishiTests.StartHereLowFemaleMatchTests"/>
</testsuite> <!-- WishiTests.StartHereLowFemaleMatchTests -->
