<?xml version="1.0" encoding="UTF-8"?>
<!-- Generated by org.testng.reporters.JUnitReportReporter -->
<testsuite skipped="0" hostname="yinons-MBP-2" name="WishiTests.BestMatchFluIDTest" tests="2" failures="0" timestamp="16 Mar 2020 15:05:08 GMT" time="196.565" errors="0">
  <testcase name="BestMatchNaturalTest" time="60.887" classname="WishiTests.BestMatchFluIDTest"/>
  <testcase name="BestMatchNaturalBackTest" time="135.678" classname="WishiTests.BestMatchFluIDTest"/>
</testsuite> <!-- WishiTests.BestMatchFluIDTest -->
