<?xml version="1.0" encoding="UTF-8"?>
<!-- Generated by org.testng.reporters.JUnitReportReporter -->
<testsuite hostname="yinons-MBP-2" failures="0" tests="3" name="WishiTests.ChatTests" time="49.148" errors="0" timestamp="10 Aug 2018 11:12:44 GMT" skipped="0">
  <testcase classname="WishiTests.ChatTests" name="LoginAsStylist" time="8.236"/>
  <testcase classname="WishiTests.ChatTests" name="SendChatToclient" time="23.568"/>
  <testcase classname="WishiTests.ChatTests" name="SendChatToStylist" time="17.344"/>
</testsuite> <!-- WishiTests.ChatTests -->
