<?xml version="1.0" encoding="UTF-8"?>
<!-- Generated by org.testng.reporters.JUnitReportReporter -->
<testsuite skipped="0" hostname="yinons-MBP-2" name="WishiTests.UploadItemTest" tests="2" failures="0" timestamp="11 Dec 2018 10:36:12 GMT" time="20.620" errors="0">
  <testcase name="DoLogin" time="9.921" classname="WishiTests.UploadItemTest"/>
  <testcase name="Uploaditem" time="10.699" classname="WishiTests.UploadItemTest"/>
</testsuite> <!-- WishiTests.UploadItemTest -->
