<?xml version="1.0" encoding="UTF-8"?>
<!-- Generated by org.testng.reporters.JUnitReportReporter -->
<testsuite skipped="0" hostname="yinons-MBP-2" name="WishiTests.BookingsingleCouponTests" tests="3" failures="0" timestamp="11 Mar 2020 13:13:23 GMT" time="123.758" errors="0">
  <testcase name="DoSignUp" time="63.488" classname="WishiTests.BookingsingleCouponTests"/>
  <testcase name="BookStylist" time="30.367" classname="WishiTests.BookingsingleCouponTests"/>
  <testcase name="MembershipMajor" time="29.903" classname="WishiTests.BookingsingleCouponTests"/>
</testsuite> <!-- WishiTests.BookingsingleCouponTests -->
