<?xml version="1.0" encoding="UTF-8"?>
<!-- Generated by org.testng.reporters.JUnitReportReporter -->
<testsuite skipped="0" hostname="yinons-MBP-2" name="WishiTests.BookMajorSingleTests" tests="20" failures="0" timestamp="20 Jun 2019 14:24:21 GMT" time="559.987" errors="0">
  <testcase name="LoginAsClient" time="10.610" classname="WishiTests.BookMajorSingleTests"/>
  <testcase name="CheckOutSession" time="30.132" classname="WishiTests.BookMajorSingleTests"/>
  <testcase name="LoginAsStylist" time="13.139" classname="WishiTests.BookMajorSingleTests"/>
  <testcase name="CreateMoodBoard" time="35.825" classname="WishiTests.BookMajorSingleTests"/>
  <testcase name="VerifyMoodBoard" time="15.470" classname="WishiTests.BookMajorSingleTests"/>
  <testcase name="CreatePS" time="49.674" classname="WishiTests.BookMajorSingleTests"/>
  <testcase name="AskRevise" time="16.697" classname="WishiTests.BookMajorSingleTests"/>
  <testcase name="CreateLook1" time="49.902" classname="WishiTests.BookMajorSingleTests"/>
  <testcase name="VerifyLook1" time="17.199" classname="WishiTests.BookMajorSingleTests"/>
  <testcase name="CreateLook2" time="49.799" classname="WishiTests.BookMajorSingleTests"/>
  <testcase name="VerifyLook2" time="15.523" classname="WishiTests.BookMajorSingleTests"/>
  <testcase name="CreateLook3" time="49.384" classname="WishiTests.BookMajorSingleTests"/>
  <testcase name="VerifyLook3" time="17.274" classname="WishiTests.BookMajorSingleTests"/>
  <testcase name="CreateLook4" time="52.145" classname="WishiTests.BookMajorSingleTests"/>
  <testcase name="VerifyLook4" time="17.178" classname="WishiTests.BookMajorSingleTests"/>
  <testcase name="CreateLook5" time="50.925" classname="WishiTests.BookMajorSingleTests"/>
  <testcase name="VerifyLook5" time="16.887" classname="WishiTests.BookMajorSingleTests"/>
  <testcase name="AskEndSession" time="14.395" classname="WishiTests.BookMajorSingleTests"/>
  <testcase name="ClientEndSession" time="25.825" classname="WishiTests.BookMajorSingleTests"/>
  <testcase name="VerifyEndSession" time="12.004" classname="WishiTests.BookMajorSingleTests"/>
</testsuite> <!-- WishiTests.BookMajorSingleTests -->
