<?xml version="1.0" encoding="UTF-8"?>
<!-- Generated by org.testng.reporters.JUnitReportReporter -->
<testsuite skipped="0" hostname="yinons-MBP-2" name="WishiTests.StartHereFFacbookTests" tests="1" failures="0" timestamp="31 Dec 2018 12:33:53 GMT" time="138.465" errors="0">
  <testcase name="StartHereMaleTests" time="138.465" classname="WishiTests.StartHereFFacbookTests"/>
</testsuite> <!-- WishiTests.StartHereFFacbookTests -->
