<?xml version="1.0" encoding="UTF-8"?>
<!-- Generated by org.testng.reporters.JUnitReportReporter -->
<testsuite skipped="0" hostname="yinons-MBP-2" name="WishiTests.QwizSkipedTests" tests="3" failures="0" timestamp="27 Aug 2018 08:08:02 GMT" time="95.588" errors="0">
  <testcase name="DoSignUp" time="60.875" classname="WishiTests.QwizSkipedTests"/>
  <testcase name="CheckOutSessionskip" time="18.446" classname="WishiTests.QwizSkipedTests"/>
  <testcase name="ClickSkip" time="16.267" classname="WishiTests.QwizSkipedTests"/>
</testsuite> <!-- WishiTests.QwizSkipedTests -->
