<?xml version="1.0" encoding="UTF-8"?>
<!-- Generated by org.testng.reporters.JUnitReportReporter -->
<testsuite skipped="0" hostname="yinons-MBP-2" name="WishiTests.BookingMembershipTests" tests="3" failures="0" timestamp="10 Mar 2020 17:19:54 GMT" time="129.073" errors="0">
  <testcase name="DoSignUp" time="63.504" classname="WishiTests.BookingMembershipTests"/>
  <testcase name="BookStylist" time="38.171" classname="WishiTests.BookingMembershipTests"/>
  <testcase name="MembershipMajor" time="27.398" classname="WishiTests.BookingMembershipTests"/>
</testsuite> <!-- WishiTests.BookingMembershipTests -->
