<?xml version="1.0" encoding="UTF-8"?>
<!-- Generated by org.testng.reporters.JUnitReportReporter -->
<testsuite skipped="0" hostname="yinons-MBP-2" name="WishiTests.QwizMaleTests" tests="8" failures="0" timestamp="04 Apr 2019 11:54:29 GMT" time="96.752" errors="0">
  <testcase name="DoSignUp" time="43.993" classname="WishiTests.QwizMaleTests"/>
  <testcase name="CheckOutSession" time="26.774" classname="WishiTests.QwizMaleTests"/>
  <testcase name="SelectHeight" time="3.195" classname="WishiTests.QwizMaleTests"/>
  <testcase name="SelectColors" time="3.538" classname="WishiTests.QwizMaleTests"/>
  <testcase name="SelectFabrics" time="3.350" classname="WishiTests.QwizMaleTests"/>
  <testcase name="SelectSize" time="6.002" classname="WishiTests.QwizMaleTests"/>
  <testcase name="SelectComfortZone" time="3.783" classname="WishiTests.QwizMaleTests"/>
  <testcase name="FillNumberPhone" time="6.117" classname="WishiTests.QwizMaleTests"/>
</testsuite> <!-- WishiTests.QwizMaleTests -->
