<?xml version="1.0" encoding="UTF-8"?>
<!-- Generated by org.testng.reporters.JUnitReportReporter -->
<testsuite skipped="0" hostname="yinons-MacBook-Pro-2.local" name="WishiTests.SignUpTest" tests="5" failures="0" timestamp="26 Nov 2018 17:40:49 GMT" time="51.657" errors="0">
  <testcase name="SignUpClickable" time="1.286" classname="WishiTests.SignUpTest"/>
  <testcase name="FillEmailWitoutShtudel" time="11.117" classname="WishiTests.SignUpTest"/>
  <testcase name="FillEmailWithoutDotCom" time="10.795" classname="WishiTests.SignUpTest"/>
  <testcase name="FillPsswordWithLessthan6Characters" time="10.776" classname="WishiTests.SignUpTest"/>
  <testcase name="DoSignUp" time="17.683" classname="WishiTests.SignUpTest"/>
</testsuite> <!-- WishiTests.SignUpTest -->
