<?xml version="1.0" encoding="UTF-8"?>
<!-- Generated by org.testng.reporters.JUnitReportReporter -->
<testsuite skipped="0" hostname="yinons-MBP-2" name="WishiTests.LoginWithFacbookTests" tests="1" failures="0" timestamp="03 Jul 2019 08:46:10 GMT" time="18.325" errors="0">
  <testcase name="LoginWithFacbookWrongUserName" time="18.325" classname="WishiTests.LoginWithFacbookTests"/>
</testsuite> <!-- WishiTests.LoginWithFacbookTests -->
