<?xml version="1.0" encoding="UTF-8"?>
<!-- Generated by org.testng.reporters.JUnitReportReporter -->
<testsuite skipped="0" hostname="yinons-MacBook-Pro-2.local" name="WishiTests.SignUpByFacbookfailes" tests="4" failures="0" timestamp="14 Nov 2018 07:54:58 GMT" time="39.035" errors="0">
  <testcase name="SignUpWithFacbookWrongUserName" time="15.482" classname="WishiTests.SignUpByFacbookfailes"/>
  <testcase name="SignUpWithFacbookWitOutEmail" time="12.066" classname="WishiTests.SignUpByFacbookfailes"/>
  <testcase name="SignUpWithFacbookWitOutPassword" time="3.226" classname="WishiTests.SignUpByFacbookfailes"/>
  <testcase name="SignUpWithFacbookWrongPassword" time="8.261" classname="WishiTests.SignUpByFacbookfailes"/>
</testsuite> <!-- WishiTests.SignUpByFacbookfailes -->
