<?xml version="1.0" encoding="UTF-8"?>
<!-- Generated by org.testng.reporters.JUnitReportReporter -->
<testsuite skipped="0" hostname="yinons-MBP-2" name="WishiTests.QwizTests" tests="13" failures="0" timestamp="11 Dec 2018 10:36:12 GMT" time="106.705" errors="0">
  <testcase name="DoSignUp" time="36.498" classname="WishiTests.QwizTests"/>
  <testcase name="CheckOutSession" time="24.626" classname="WishiTests.QwizTests"/>
  <testcase name="SelectBodyType" time="3.131" classname="WishiTests.QwizTests"/>
  <testcase name="SelectHeight" time="3.378" classname="WishiTests.QwizTests"/>
  <testcase name="SelectColors" time="3.477" classname="WishiTests.QwizTests"/>
  <testcase name="SelectHighlight" time="3.371" classname="WishiTests.QwizTests"/>
  <testcase name="SelectClothingPreferences" time="3.354" classname="WishiTests.QwizTests"/>
  <testcase name="SelectHeels" time="3.373" classname="WishiTests.QwizTests"/>
  <testcase name="SelectFabrics" time="3.406" classname="WishiTests.QwizTests"/>
  <testcase name="SelectSize" time="6.045" classname="WishiTests.QwizTests"/>
  <testcase name="SelectComfortZone" time="3.400" classname="WishiTests.QwizTests"/>
  <testcase name="SelectJEWELRY" time="6.719" classname="WishiTests.QwizTests"/>
  <testcase name="FillNumberPhone" time="5.927" classname="WishiTests.QwizTests"/>
</testsuite> <!-- WishiTests.QwizTests -->
