<?xml version="1.0" encoding="UTF-8"?>
<!-- Generated by org.testng.reporters.JUnitReportReporter -->
<testsuite skipped="0" hostname="yinons-MBP-2" name="WishiTests.QwizSkipedTests" tests="3" failures="0" timestamp="20 Jun 2019 13:42:18 GMT" time="112.109" errors="0">
  <testcase name="DoSignUp" time="66.494" classname="WishiTests.QwizSkipedTests"/>
  <testcase name="CheckOutSessionskip" time="26.895" classname="WishiTests.QwizSkipedTests"/>
  <testcase name="ClickSkip" time="18.720" classname="WishiTests.QwizSkipedTests"/>
</testsuite> <!-- WishiTests.QwizSkipedTests -->
