<?xml version="1.0" encoding="UTF-8"?>
<!-- Generated by org.testng.reporters.JUnitReportReporter -->
<testsuite skipped="0" hostname="yinons-MBP-2" name="WishiTests.StartHereFemaleTests" tests="2" failures="0" timestamp="16 Mar 2020 16:22:37 GMT" time="206.836" errors="0">
  <testcase name="StartHereFemaleTests" time="68.313" classname="WishiTests.StartHereFemaleTests"/>
  <testcase name="StartHereFemaleBackTests" time="138.523" classname="WishiTests.StartHereFemaleTests"/>
</testsuite> <!-- WishiTests.StartHereFemaleTests -->
