<?xml version="1.0" encoding="UTF-8"?>
<!-- Generated by org.testng.reporters.JUnitReportReporter -->
<testsuite skipped="0" hostname="yinons-MacBook-Pro-2.local" name="WishiTests.QwizTests" tests="13" failures="0" timestamp="26 Nov 2018 17:40:49 GMT" time="107.226" errors="0">
  <testcase name="DoSignUp" time="36.877" classname="WishiTests.QwizTests"/>
  <testcase name="CheckOutSession" time="24.718" classname="WishiTests.QwizTests"/>
  <testcase name="SelectBodyType" time="3.089" classname="WishiTests.QwizTests"/>
  <testcase name="SelectHeight" time="3.368" classname="WishiTests.QwizTests"/>
  <testcase name="SelectColors" time="3.510" classname="WishiTests.QwizTests"/>
  <testcase name="SelectHighlight" time="3.384" classname="WishiTests.QwizTests"/>
  <testcase name="SelectClothingPreferences" time="3.373" classname="WishiTests.QwizTests"/>
  <testcase name="SelectHeels" time="3.361" classname="WishiTests.QwizTests"/>
  <testcase name="SelectFabrics" time="3.348" classname="WishiTests.QwizTests"/>
  <testcase name="SelectSize" time="6.075" classname="WishiTests.QwizTests"/>
  <testcase name="SelectComfortZone" time="3.361" classname="WishiTests.QwizTests"/>
  <testcase name="SelectJEWELRY" time="6.850" classname="WishiTests.QwizTests"/>
  <testcase name="FillNumberPhone" time="5.912" classname="WishiTests.QwizTests"/>
</testsuite> <!-- WishiTests.QwizTests -->
