<?xml version="1.0" encoding="UTF-8"?>
<!-- Generated by org.testng.reporters.JUnitReportReporter -->
<testsuite skipped="0" hostname="yinons-MBP-2" name="WishiTests.ChatQwizMaleTests" tests="9" failures="0" timestamp="26 Sep 2019 17:10:37 GMT" time="105.879" errors="0">
  <testcase name="DoSignUp" time="43.973" classname="WishiTests.ChatQwizMaleTests"/>
  <testcase name="CheckOutSession" time="26.964" classname="WishiTests.ChatQwizMaleTests"/>
  <testcase name="FillBirthday" time="9.472" classname="WishiTests.ChatQwizMaleTests"/>
  <testcase name="FillNumberPhone" time="3.064" classname="WishiTests.ChatQwizMaleTests"/>
  <testcase name="Selectheight" time="0.882" classname="WishiTests.ChatQwizMaleTests"/>
  <testcase name="Selectategory" time="1.241" classname="WishiTests.ChatQwizMaleTests"/>
  <testcase name="SelectSize" time="7.533" classname="WishiTests.ChatQwizMaleTests"/>
  <testcase name="SelectBudget" time="7.817" classname="WishiTests.ChatQwizMaleTests"/>
  <testcase name="SelectEvent" time="4.933" classname="WishiTests.ChatQwizMaleTests"/>
</testsuite> <!-- WishiTests.ChatQwizMaleTests -->
