<?xml version="1.0" encoding="UTF-8"?>
<!-- Generated by org.testng.reporters.JUnitReportReporter -->
<testsuite skipped="0" hostname="yinons-MBP-2" name="WishiTests.StartHereFFacbookTests" tests="2" failures="0" timestamp="02 Apr 2020 10:51:28 GMT" time="218.591" errors="0">
  <testcase name="StartHereMaleTests" time="62.858" classname="WishiTests.StartHereFFacbookTests"/>
  <testcase name="StartHereMaleBackTests" time="155.733" classname="WishiTests.StartHereFFacbookTests"/>
</testsuite> <!-- WishiTests.StartHereFFacbookTests -->
