<?xml version="1.0" encoding="UTF-8"?>
<!-- Generated by org.testng.reporters.JUnitReportReporter -->
<testsuite skipped="0" hostname="yinons-MBP-2" name="WishiTests.BestMatchLowFeamleTests" tests="1" failures="0" timestamp="22 Aug 2018 18:19:38 GMT" time="137.298" errors="0">
  <testcase name="BMLowFeamle" time="137.298" classname="WishiTests.BestMatchLowFeamleTests"/>
</testsuite> <!-- WishiTests.BestMatchLowFeamleTests -->
