<?xml version="1.0" encoding="UTF-8"?>
<!-- Generated by org.testng.reporters.JUnitReportReporter -->
<testsuite skipped="0" hostname="yinons-MBP-2" name="WishiTests.SignUpByFacbook" tests="1" failures="0" timestamp="19 Dec 2018 13:36:36 GMT" time="16.876" errors="0">
  <testcase name="SignUpWithFacbook" time="16.876" classname="WishiTests.SignUpByFacbook"/>
</testsuite> <!-- WishiTests.SignUpByFacbook -->
