<?xml version="1.0" encoding="UTF-8"?>
<!-- Generated by org.testng.reporters.JUnitReportReporter -->
<testsuite skipped="0" hostname="yinons-MBP-2" name="WishiTests.BookingMembershipTests" tests="3" failures="0" timestamp="20 Jun 2019 13:42:18 GMT" time="153.896" errors="0">
  <testcase name="DoSignUp" time="69.794" classname="WishiTests.BookingMembershipTests"/>
  <testcase name="MembershipMini" time="40.666" classname="WishiTests.BookingMembershipTests"/>
  <testcase name="MembershipMajor" time="43.436" classname="WishiTests.BookingMembershipTests"/>
</testsuite> <!-- WishiTests.BookingMembershipTests -->
