<?xml version="1.0" encoding="UTF-8"?>
<!-- Generated by org.testng.reporters.JUnitReportReporter -->
<testsuite skipped="0" hostname="yinons-MBP-2" name="WishiTests.QwizTests" tests="12" failures="0" timestamp="04 Apr 2019 11:54:29 GMT" time="127.942" errors="0">
  <testcase name="DoSignUp" time="58.678" classname="WishiTests.QwizTests"/>
  <testcase name="CheckOutSession" time="26.731" classname="WishiTests.QwizTests"/>
  <testcase name="SelectHeight" time="3.361" classname="WishiTests.QwizTests"/>
  <testcase name="SelectColors" time="3.495" classname="WishiTests.QwizTests"/>
  <testcase name="SelectHighlight" time="3.356" classname="WishiTests.QwizTests"/>
  <testcase name="SelectClothingPreferences" time="3.409" classname="WishiTests.QwizTests"/>
  <testcase name="SelectHeels" time="3.369" classname="WishiTests.QwizTests"/>
  <testcase name="SelectFabrics" time="3.399" classname="WishiTests.QwizTests"/>
  <testcase name="SelectSize" time="6.005" classname="WishiTests.QwizTests"/>
  <testcase name="SelectComfortZone" time="3.347" classname="WishiTests.QwizTests"/>
  <testcase name="SelectJEWELRY" time="6.808" classname="WishiTests.QwizTests"/>
  <testcase name="FillNumberPhone" time="5.984" classname="WishiTests.QwizTests"/>
</testsuite> <!-- WishiTests.QwizTests -->
