<?xml version="1.0" encoding="UTF-8"?>
<!-- Generated by org.testng.reporters.JUnitReportReporter -->
<testsuite skipped="0" hostname="yinons-MBP-2" name="WishiTests.RetakeMatchLowFeamleTests" tests="1" failures="0" timestamp="11 Dec 2018 10:36:12 GMT" time="68.645" errors="0">
  <testcase name="BMLowFeamle" time="68.645" classname="WishiTests.RetakeMatchLowFeamleTests"/>
</testsuite> <!-- WishiTests.RetakeMatchLowFeamleTests -->
