<?xml version="1.0" encoding="UTF-8"?>
<!-- Generated by org.testng.reporters.JUnitReportReporter -->
<testsuite skipped="0" hostname="yinons-MBP-2" name="WishiTests.BookingsingleTests" tests="2" failures="0" timestamp="01 Jun 2020 15:29:47 GMT" time="332.736" errors="0">
  <testcase name="SingleMini" time="147.783" classname="WishiTests.BookingsingleTests"/>
  <testcase name="SingleMajor" time="184.953" classname="WishiTests.BookingsingleTests"/>
</testsuite> <!-- WishiTests.BookingsingleTests -->
