<?xml version="1.0" encoding="UTF-8"?>
<!-- Generated by org.testng.reporters.JUnitReportReporter -->
<testsuite skipped="0" hostname="yinons-MBP-2" name="WishiTests.BookingMembershipTests" tests="2" failures="0" timestamp="02 Sep 2018 08:49:59 GMT" time="93.106" errors="0">
  <testcase name="DoSignUp" time="64.009" classname="WishiTests.BookingMembershipTests"/>
  <testcase name="CheckOutSession" time="29.097" classname="WishiTests.BookingMembershipTests"/>
</testsuite> <!-- WishiTests.BookingMembershipTests -->
