<?xml version="1.0" encoding="UTF-8"?>
<!-- Generated by org.testng.reporters.JUnitReportReporter -->
<testsuite skipped="0" hostname="yinons-MBP-2" name="WishiTests.QwizMaleTests" tests="17" failures="0" timestamp="27 May 2020 10:50:02 GMT" time="108.399" errors="0">
  <testcase name="DoSignUp" time="50.117" classname="WishiTests.QwizMaleTests"/>
  <testcase name="CheckOutSession" time="26.587" classname="WishiTests.QwizMaleTests"/>
  <testcase name="HowDidYouHear" time="2.350" classname="WishiTests.QwizMaleTests"/>
  <testcase name="SelectBirthday" time="2.710" classname="WishiTests.QwizMaleTests"/>
  <testcase name="SelectSpecificNneed" time="2.294" classname="WishiTests.QwizMaleTests"/>
  <testcase name="SelectCategories" time="1.774" classname="WishiTests.QwizMaleTests"/>
  <testcase name="SelectColors" time="0.463" classname="WishiTests.QwizMaleTests"/>
  <testcase name="SelectHeight" time="0.999" classname="WishiTests.QwizMaleTests"/>
  <testcase name="SelectSize" time="2.670" classname="WishiTests.QwizMaleTests"/>
  <testcase name="SelectBudget" time="1.042" classname="WishiTests.QwizMaleTests"/>
  <testcase name="SelectWHAT_MATTERS" time="0.717" classname="WishiTests.QwizMaleTests"/>
  <testcase name="SelectIcon" time="0.612" classname="WishiTests.QwizMaleTests"/>
  <testcase name="FillInstegram" time="0.658" classname="WishiTests.QwizMaleTests"/>
  <testcase name="AddPhoto" time="0.398" classname="WishiTests.QwizMaleTests"/>
  <testcase name="fillphone" time="3.575" classname="WishiTests.QwizMaleTests"/>
  <testcase name="fillLocation" time="0.722" classname="WishiTests.QwizMaleTests"/>
  <testcase name="FinishQuiz" time="10.711" classname="WishiTests.QwizMaleTests"/>
</testsuite> <!-- WishiTests.QwizMaleTests -->
