<?xml version="1.0" encoding="UTF-8"?>
<!-- Generated by org.testng.reporters.JUnitReportReporter -->
<testsuite skipped="0" hostname="yinons-MBP-2" name="WishiTests.BookMiniSubTests" tests="14" failures="0" timestamp="04 Apr 2019 11:54:29 GMT" time="357.868" errors="0">
  <testcase name="LoginAsClient" time="10.026" classname="WishiTests.BookMiniSubTests"/>
  <testcase name="CheckOutSession" time="36.916" classname="WishiTests.BookMiniSubTests"/>
  <testcase name="LoginAsStylist" time="13.054" classname="WishiTests.BookMiniSubTests"/>
  <testcase name="CreateMoodBoard" time="34.443" classname="WishiTests.BookMiniSubTests"/>
  <testcase name="VerifyMoodBoard" time="15.805" classname="WishiTests.BookMiniSubTests"/>
  <testcase name="CreatePS" time="49.474" classname="WishiTests.BookMiniSubTests"/>
  <testcase name="AskRevise" time="15.531" classname="WishiTests.BookMiniSubTests"/>
  <testcase name="CreateLook1" time="49.089" classname="WishiTests.BookMiniSubTests"/>
  <testcase name="VerifyLook1" time="16.684" classname="WishiTests.BookMiniSubTests"/>
  <testcase name="CreateLook2" time="48.133" classname="WishiTests.BookMiniSubTests"/>
  <testcase name="VerifyLook2" time="15.313" classname="WishiTests.BookMiniSubTests"/>
  <testcase name="AskEndSession" time="15.345" classname="WishiTests.BookMiniSubTests"/>
  <testcase name="ClientEndSession" time="25.878" classname="WishiTests.BookMiniSubTests"/>
  <testcase name="VerifyEndSession" time="12.177" classname="WishiTests.BookMiniSubTests"/>
</testsuite> <!-- WishiTests.BookMiniSubTests -->
