<?xml version="1.0" encoding="UTF-8"?>
<!-- Generated by org.testng.reporters.JUnitReportReporter -->
<testsuite skipped="0" hostname="yinons-MBP-2" name="WishiTests.SignUpTest" tests="5" failures="0" timestamp="01 Mar 2020 16:28:05 GMT" time="44.723" errors="0">
  <testcase name="FillEmailWitoutShtudel" time="7.153" classname="WishiTests.SignUpTest"/>
  <testcase name="FillEmailWithoutDotCom" time="9.339" classname="WishiTests.SignUpTest"/>
  <testcase name="FillPsswordWithLessthan6Characters" time="8.324" classname="WishiTests.SignUpTest"/>
  <testcase name="FillNameWithWrongcarecters" time="8.231" classname="WishiTests.SignUpTest"/>
  <testcase name="DoSignUp" time="11.676" classname="WishiTests.SignUpTest"/>
</testsuite> <!-- WishiTests.SignUpTest -->
