<?xml version="1.0" encoding="UTF-8"?>
<!-- Generated by org.testng.reporters.JUnitReportReporter -->
<testsuite skipped="0" hostname="yinons-MBP-2" name="WishiTests.BookMiniSingleTests" tests="14" failures="0" timestamp="21 Feb 2019 12:37:32 GMT" time="324.451" errors="0">
  <testcase name="LoginAsClient" time="7.983" classname="WishiTests.BookMiniSingleTests"/>
  <testcase name="CheckOutSession" time="29.361" classname="WishiTests.BookMiniSingleTests"/>
  <testcase name="LoginAsStylist" time="10.609" classname="WishiTests.BookMiniSingleTests"/>
  <testcase name="CreateMoodBoard" time="34.864" classname="WishiTests.BookMiniSingleTests"/>
  <testcase name="VerifyMoodBoard" time="12.680" classname="WishiTests.BookMiniSingleTests"/>
  <testcase name="CreatePS" time="47.468" classname="WishiTests.BookMiniSingleTests"/>
  <testcase name="AskRevise" time="13.292" classname="WishiTests.BookMiniSingleTests"/>
  <testcase name="CreateLook1" time="47.296" classname="WishiTests.BookMiniSingleTests"/>
  <testcase name="VerifyLook1" time="13.472" classname="WishiTests.BookMiniSingleTests"/>
  <testcase name="CreateLook2" time="45.896" classname="WishiTests.BookMiniSingleTests"/>
  <testcase name="VerifyLook2" time="13.549" classname="WishiTests.BookMiniSingleTests"/>
  <testcase name="AskEndSession" time="12.539" classname="WishiTests.BookMiniSingleTests"/>
  <testcase name="ClientEndSession" time="24.471" classname="WishiTests.BookMiniSingleTests"/>
  <testcase name="VerifyEndSession" time="10.971" classname="WishiTests.BookMiniSingleTests"/>
</testsuite> <!-- WishiTests.BookMiniSingleTests -->
