<?xml version="1.0" encoding="UTF-8"?>
<!-- Generated by org.testng.reporters.JUnitReportReporter -->
<testsuite skipped="0" hostname="yinons-MBP-2" name="WishiTests.BookMiniSubTests" tests="14" failures="0" timestamp="20 Jun 2019 13:42:18 GMT" time="367.250" errors="0">
  <testcase name="LoginAsClient" time="10.049" classname="WishiTests.BookMiniSubTests"/>
  <testcase name="CheckOutSession" time="37.465" classname="WishiTests.BookMiniSubTests"/>
  <testcase name="LoginAsStylist" time="13.150" classname="WishiTests.BookMiniSubTests"/>
  <testcase name="CreateMoodBoard" time="37.274" classname="WishiTests.BookMiniSubTests"/>
  <testcase name="VerifyMoodBoard" time="16.821" classname="WishiTests.BookMiniSubTests"/>
  <testcase name="CreatePS" time="49.647" classname="WishiTests.BookMiniSubTests"/>
  <testcase name="AskRevise" time="16.787" classname="WishiTests.BookMiniSubTests"/>
  <testcase name="CreateLook1" time="51.134" classname="WishiTests.BookMiniSubTests"/>
  <testcase name="VerifyLook1" time="16.717" classname="WishiTests.BookMiniSubTests"/>
  <testcase name="CreateLook2" time="48.576" classname="WishiTests.BookMiniSubTests"/>
  <testcase name="VerifyLook2" time="15.593" classname="WishiTests.BookMiniSubTests"/>
  <testcase name="AskEndSession" time="15.194" classname="WishiTests.BookMiniSubTests"/>
  <testcase name="ClientEndSession" time="26.485" classname="WishiTests.BookMiniSubTests"/>
  <testcase name="VerifyEndSession" time="12.358" classname="WishiTests.BookMiniSubTests"/>
</testsuite> <!-- WishiTests.BookMiniSubTests -->
