<?xml version="1.0" encoding="UTF-8"?>
<!-- Generated by org.testng.reporters.JUnitReportReporter -->
<testsuite skipped="0" hostname="yinons-MBP-2" name="WishiTests.SignUpTest" tests="6" failures="0" timestamp="03 Jul 2019 08:58:07 GMT" time="41.969" errors="0">
  <testcase name="SignUpClickable" time="2.171" classname="WishiTests.SignUpTest"/>
  <testcase name="FillEmailWitoutShtudel" time="6.748" classname="WishiTests.SignUpTest"/>
  <testcase name="FillEmailWithoutDotCom" time="6.697" classname="WishiTests.SignUpTest"/>
  <testcase name="FillPsswordWithLessthan6Characters" time="6.706" classname="WishiTests.SignUpTest"/>
  <testcase name="FillNameWithWrongcarecters" time="6.751" classname="WishiTests.SignUpTest"/>
  <testcase name="DoSignUp" time="12.896" classname="WishiTests.SignUpTest"/>
</testsuite> <!-- WishiTests.SignUpTest -->
