<?xml version="1.0" encoding="UTF-8"?>
<!-- Generated by org.testng.reporters.JUnitReportReporter -->
<testsuite skipped="0" hostname="yinons-MBP-2" name="WishiTests.QwizSkipedTests" tests="3" failures="0" timestamp="31 Dec 2018 12:56:45 GMT" time="117.608" errors="0">
  <testcase name="DoSignUp" time="73.927" classname="WishiTests.QwizSkipedTests"/>
  <testcase name="CheckOutSessionskip" time="25.042" classname="WishiTests.QwizSkipedTests"/>
  <testcase name="ClickSkip" time="18.639" classname="WishiTests.QwizSkipedTests"/>
</testsuite> <!-- WishiTests.QwizSkipedTests -->
