<?xml version="1.0" encoding="UTF-8"?>
<!-- Generated by org.testng.reporters.JUnitReportReporter -->
<testsuite skipped="0" hostname="yinons-MacBook-Pro-2.local" name="WishiTests.BestMatchLowFeamleTests" tests="1" failures="0" timestamp="27 Sep 2018 11:42:27 GMT" time="142.251" errors="0">
  <testcase name="BMLowFeamle" time="142.251" classname="WishiTests.BestMatchLowFeamleTests"/>
</testsuite> <!-- WishiTests.BestMatchLowFeamleTests -->
