<?xml version="1.0" encoding="UTF-8"?>
<!-- Generated by org.testng.reporters.JUnitReportReporter -->
<testsuite skipped="0" hostname="yinons-MBP-2" name="WishiTests.BookMiniSingleTests" tests="14" failures="0" timestamp="04 Apr 2019 11:54:29 GMT" time="348.882" errors="0">
  <testcase name="LoginAsClient" time="10.806" classname="WishiTests.BookMiniSingleTests"/>
  <testcase name="CheckOutSession" time="29.458" classname="WishiTests.BookMiniSingleTests"/>
  <testcase name="LoginAsStylist" time="13.135" classname="WishiTests.BookMiniSingleTests"/>
  <testcase name="CreateMoodBoard" time="35.301" classname="WishiTests.BookMiniSingleTests"/>
  <testcase name="VerifyMoodBoard" time="15.298" classname="WishiTests.BookMiniSingleTests"/>
  <testcase name="CreatePS" time="49.228" classname="WishiTests.BookMiniSingleTests"/>
  <testcase name="AskRevise" time="15.495" classname="WishiTests.BookMiniSingleTests"/>
  <testcase name="CreateLook1" time="49.398" classname="WishiTests.BookMiniSingleTests"/>
  <testcase name="VerifyLook1" time="15.418" classname="WishiTests.BookMiniSingleTests"/>
  <testcase name="CreateLook2" time="47.760" classname="WishiTests.BookMiniSingleTests"/>
  <testcase name="VerifyLook2" time="15.788" classname="WishiTests.BookMiniSingleTests"/>
  <testcase name="AskEndSession" time="14.806" classname="WishiTests.BookMiniSingleTests"/>
  <testcase name="ClientEndSession" time="25.011" classname="WishiTests.BookMiniSingleTests"/>
  <testcase name="VerifyEndSession" time="11.980" classname="WishiTests.BookMiniSingleTests"/>
</testsuite> <!-- WishiTests.BookMiniSingleTests -->
