<?xml version="1.0" encoding="UTF-8"?>
<!-- Generated by org.testng.reporters.JUnitReportReporter -->
<testsuite skipped="0" hostname="yinons-MBP-2" name="WishiTests.SignUpTest" tests="5" failures="0" timestamp="04 Apr 2019 11:54:29 GMT" time="49.664" errors="0">
  <testcase name="SignUpClickable" time="2.119" classname="WishiTests.SignUpTest"/>
  <testcase name="FillEmailWitoutShtudel" time="10.853" classname="WishiTests.SignUpTest"/>
  <testcase name="FillEmailWithoutDotCom" time="10.714" classname="WishiTests.SignUpTest"/>
  <testcase name="FillPsswordWithLessthan6Characters" time="10.709" classname="WishiTests.SignUpTest"/>
  <testcase name="DoSignUp" time="15.269" classname="WishiTests.SignUpTest"/>
</testsuite> <!-- WishiTests.SignUpTest -->
