<?xml version="1.0" encoding="UTF-8"?>
<!-- Generated by org.testng.reporters.JUnitReportReporter -->
<testsuite skipped="0" hostname="yinons-MBP-2" name="WishiTests.BookingMembershipTests" tests="2" failures="0" timestamp="28 Nov 2018 10:29:02 GMT" time="197.506" errors="0">
  <testcase name="DoSignUp" time="42.958" classname="WishiTests.BookingMembershipTests"/>
  <testcase name="CheckOutSession" time="154.548" classname="WishiTests.BookingMembershipTests"/>
</testsuite> <!-- WishiTests.BookingMembershipTests -->
