<?xml version="1.0" encoding="UTF-8"?>
<!-- Generated by org.testng.reporters.JUnitReportReporter -->
<testsuite skipped="0" hostname="yinons-MBP-2" name="WishiTests.CrateLookTests" tests="1" failures="0" timestamp="21 Aug 2018 18:21:51 GMT" time="11.564" errors="0">
  <testcase name="AskRevise" time="11.564" classname="WishiTests.CrateLookTests"/>
</testsuite> <!-- WishiTests.CrateLookTests -->
