<?xml version="1.0" encoding="UTF-8"?>
<!-- Generated by org.testng.reporters.JUnitReportReporter -->
<testsuite skipped="0" hostname="yinons-MacBook-Pro-2.local" name="WishiTests.BookingMembershipTests" tests="2" failures="0" timestamp="01 Jan 2019 13:58:00 GMT" time="119.756" errors="0">
  <testcase name="DoSignUp" time="64.793" classname="WishiTests.BookingMembershipTests"/>
  <testcase name="CheckOutSession" time="54.963" classname="WishiTests.BookingMembershipTests"/>
</testsuite> <!-- WishiTests.BookingMembershipTests -->
