<?xml version="1.0" encoding="UTF-8"?>
<!-- Generated by org.testng.reporters.JUnitReportReporter -->
<testsuite skipped="0" hostname="yinons-MBP-2" name="WishiTests.BestMatchFemaleTest" tests="2" failures="0" timestamp="16 Mar 2020 14:37:04 GMT" time="203.821" errors="0">
  <testcase name="BestMatchFemaleTest" time="61.928" classname="WishiTests.BestMatchFemaleTest"/>
  <testcase name="BestMatchFemaleTestWithBack" time="141.893" classname="WishiTests.BestMatchFemaleTest"/>
</testsuite> <!-- WishiTests.BestMatchFemaleTest -->
