<?xml version="1.0" encoding="UTF-8"?>
<!-- Generated by org.testng.reporters.JUnitReportReporter -->
<testsuite skipped="0" hostname="yinons-MBP-2" name="WishiTests.BestMatchMaleTest" tests="2" failures="0" timestamp="16 Mar 2020 16:07:20 GMT" time="138.417" errors="0">
  <testcase name="BestMatchMale" time="45.763" classname="WishiTests.BestMatchMaleTest"/>
  <testcase name="BestMatchMaleBack" time="92.654" classname="WishiTests.BestMatchMaleTest"/>
</testsuite> <!-- WishiTests.BestMatchMaleTest -->
