<?xml version="1.0" encoding="UTF-8"?>
<!-- Generated by org.testng.reporters.JUnitReportReporter -->
<testsuite skipped="0" hostname="yinons-MBP-2" name="WishiTests.LoginWithFacbookFailsTests" tests="4" failures="0" timestamp="20 Jun 2019 13:42:18 GMT" time="11.628" errors="0">
  <testcase name="LoginWitoutUserAndPassword" time="5.607" classname="WishiTests.LoginWithFacbookFailsTests"/>
  <testcase name="LoginWitoutUser" time="1.815" classname="WishiTests.LoginWithFacbookFailsTests"/>
  <testcase name="LoginWitoutPassword" time="2.205" classname="WishiTests.LoginWithFacbookFailsTests"/>
  <testcase name="LoginWithFacbookWrongPassword" time="2.001" classname="WishiTests.LoginWithFacbookFailsTests"/>
</testsuite> <!-- WishiTests.LoginWithFacbookFailsTests -->
