<?xml version="1.0" encoding="UTF-8"?>
<!-- Generated by org.testng.reporters.JUnitReportReporter -->
<testsuite skipped="0" hostname="yinons-MacBook-Pro-2.local" name="WishiTests.RetakeMatchNormalMaleTests" tests="1" failures="0" timestamp="14 Nov 2018 10:32:26 GMT" time="54.917" errors="0">
  <testcase name="BMNormalMale" time="54.917" classname="WishiTests.RetakeMatchNormalMaleTests"/>
</testsuite> <!-- WishiTests.RetakeMatchNormalMaleTests -->
