<?xml version="1.0" encoding="UTF-8"?>
<!-- Generated by org.testng.reporters.JUnitReportReporter -->
<testsuite skipped="0" hostname="yinons-MBP-2" name="WishiTests.LoginWithFacbookFailsTests" tests="5" failures="0" timestamp="22 Aug 2018 18:05:46 GMT" time="13.330" errors="0">
  <testcase name="LoginWitoutUserAndPassword" time="5.616" classname="WishiTests.LoginWithFacbookFailsTests"/>
  <testcase name="LoginWitoutUser" time="1.435" classname="WishiTests.LoginWithFacbookFailsTests"/>
  <testcase name="LoginWitoutPassword" time="1.868" classname="WishiTests.LoginWithFacbookFailsTests"/>
  <testcase name="LoginWithFacbookWrongPassword" time="1.979" classname="WishiTests.LoginWithFacbookFailsTests"/>
  <testcase name="LoginWithFacbookWrongUserName" time="2.432" classname="WishiTests.LoginWithFacbookFailsTests"/>
</testsuite> <!-- WishiTests.LoginWithFacbookFailsTests -->
