<?xml version="1.0" encoding="UTF-8"?>
<!-- Generated by org.testng.reporters.JUnitReportReporter -->
<testsuite skipped="0" hostname="yinons-MacBook-Pro-2.local" name="WishiTests.BestMatchLowFeamleTests" tests="1" failures="0" timestamp="26 Nov 2018 17:40:49 GMT" time="71.874" errors="0">
  <testcase name="BMLowFeamle" time="71.874" classname="WishiTests.BestMatchLowFeamleTests"/>
</testsuite> <!-- WishiTests.BestMatchLowFeamleTests -->
