<?xml version="1.0" encoding="UTF-8"?>
<!-- Generated by org.testng.reporters.JUnitReportReporter -->
<testsuite skipped="0" hostname="yinons-MBP-2" name="WishiTests.SignUpByFacbookfailes" tests="4" failures="0" timestamp="23 Aug 2018 08:13:29 GMT" time="17.308" errors="0">
  <testcase name="SignUpWithFacbookWrongUserName" time="7.671" classname="WishiTests.SignUpByFacbookfailes"/>
  <testcase name="SignUpWithFacbookWitOutEmail" time="2.624" classname="WishiTests.SignUpByFacbookfailes"/>
  <testcase name="SignUpWithFacbookWitOutPassword" time="3.218" classname="WishiTests.SignUpByFacbookfailes"/>
  <testcase name="SignUpWithFacbookWrongPassword" time="3.795" classname="WishiTests.SignUpByFacbookfailes"/>
</testsuite> <!-- WishiTests.SignUpByFacbookfailes -->
