<?xml version="1.0" encoding="UTF-8"?>
<!-- Generated by org.testng.reporters.JUnitReportReporter -->
<testsuite skipped="0" hostname="yinons-MBP-2" name="WishiTests.BestMatchHelloNo" tests="1" failures="0" timestamp="01 Jan 2019 11:05:26 GMT" time="241.307" errors="0">
  <testcase name="BestMatchHelloNo" time="241.307" classname="WishiTests.BestMatchHelloNo"/>
</testsuite> <!-- WishiTests.BestMatchHelloNo -->
