<?xml version="1.0" encoding="UTF-8"?>
<!-- Generated by org.testng.reporters.JUnitReportReporter -->
<testsuite skipped="0" hostname="yinons-MBP-2" name="WishiTests.BookingMembershipTests" tests="2" failures="0" timestamp="15 Nov 2018 15:07:51 GMT" time="76.863" errors="0">
  <testcase name="DoSignUp" time="36.782" classname="WishiTests.BookingMembershipTests"/>
  <testcase name="CheckOutSession" time="40.081" classname="WishiTests.BookingMembershipTests"/>
</testsuite> <!-- WishiTests.BookingMembershipTests -->
