<?xml version="1.0" encoding="UTF-8"?>
<!-- Generated by org.testng.reporters.JUnitReportReporter -->
<testsuite skipped="0" hostname="yinons-MBP-2" name="WishiTests.StartHereLowFemaleMatchTests" tests="1" failures="0" timestamp="11 Dec 2018 10:41:30 GMT" time="75.836" errors="0">
  <testcase name="BMExpensiveMale" time="75.836" classname="WishiTests.StartHereLowFemaleMatchTests"/>
</testsuite> <!-- WishiTests.StartHereLowFemaleMatchTests -->
