<?xml version="1.0" encoding="UTF-8"?>
<!-- Generated by org.testng.reporters.JUnitReportReporter -->
<testsuite skipped="0" hostname="yinons-MBP-2" name="WishiTests.BestMatchLowMaleTests" tests="1" failures="0" timestamp="11 Dec 2018 10:36:12 GMT" time="58.026" errors="0">
  <testcase name="BMLowMale" time="58.026" classname="WishiTests.BestMatchLowMaleTests"/>
</testsuite> <!-- WishiTests.BestMatchLowMaleTests -->
