<?xml version="1.0" encoding="UTF-8"?>
<!-- Generated by org.testng.reporters.JUnitReportReporter -->
<testsuite skipped="0" hostname="yinons-MacBook-Pro-2.local" name="WishiTests.StartHereLowMaleMatchTests" tests="1" failures="0" timestamp="14 Nov 2018 07:54:58 GMT" time="62.207" errors="0">
  <testcase name="BMExpensiveMale" time="62.207" classname="WishiTests.StartHereLowMaleMatchTests"/>
</testsuite> <!-- WishiTests.StartHereLowMaleMatchTests -->
