<?xml version="1.0" encoding="UTF-8"?>
<!-- Generated by org.testng.reporters.JUnitReportReporter -->
<testsuite skipped="0" hostname="yinons-MBP-2" name="WishiTests.BestExpensiveMaleMatchTests" tests="1" failures="0" timestamp="27 Aug 2018 08:08:02 GMT" time="108.846" errors="0">
  <testcase name="BMExpensiveMale" time="108.846" classname="WishiTests.BestExpensiveMaleMatchTests"/>
</testsuite> <!-- WishiTests.BestExpensiveMaleMatchTests -->
