<?xml version="1.0" encoding="UTF-8"?>
<!-- Generated by org.testng.reporters.JUnitReportReporter -->
<testsuite skipped="0" hostname="yinons-MBP-2" name="WishiTests.BookMiniSingleTests" tests="14" failures="0" timestamp="03 Jul 2019 09:25:35 GMT" time="505.210" errors="0">
  <testcase name="LoginAsClient" time="10.623" classname="WishiTests.BookMiniSingleTests"/>
  <testcase name="CheckOutSession" time="31.184" classname="WishiTests.BookMiniSingleTests"/>
  <testcase name="LoginAsStylist" time="42.831" classname="WishiTests.BookMiniSingleTests"/>
  <testcase name="CreateMoodBoard" time="39.797" classname="WishiTests.BookMiniSingleTests"/>
  <testcase name="VerifyMoodBoard" time="17.410" classname="WishiTests.BookMiniSingleTests"/>
  <testcase name="CreatePS" time="52.446" classname="WishiTests.BookMiniSingleTests"/>
  <testcase name="AskRevise" time="18.273" classname="WishiTests.BookMiniSingleTests"/>
  <testcase name="CreateLook1" time="68.188" classname="WishiTests.BookMiniSingleTests"/>
  <testcase name="VerifyLook1" time="19.057" classname="WishiTests.BookMiniSingleTests"/>
  <testcase name="CreateLook2" time="64.299" classname="WishiTests.BookMiniSingleTests"/>
  <testcase name="VerifyLook2" time="16.269" classname="WishiTests.BookMiniSingleTests"/>
  <testcase name="AskEndSession" time="21.267" classname="WishiTests.BookMiniSingleTests"/>
  <testcase name="ClientEndSession" time="80.952" classname="WishiTests.BookMiniSingleTests"/>
  <testcase name="VerifyEndSession" time="22.614" classname="WishiTests.BookMiniSingleTests"/>
</testsuite> <!-- WishiTests.BookMiniSingleTests -->
