<?xml version="1.0" encoding="UTF-8"?>
<!-- Generated by org.testng.reporters.JUnitReportReporter -->
<testsuite skipped="0" hostname="yinons-MBP-2" name="WishiTests.RetakeMatchNaturalTest" tests="1" failures="0" timestamp="20 Jun 2019 13:42:18 GMT" time="74.714" errors="0">
  <testcase name="RetakeMatchNaturalTest" time="74.714" classname="WishiTests.RetakeMatchNaturalTest"/>
</testsuite> <!-- WishiTests.RetakeMatchNaturalTest -->
