<?xml version="1.0" encoding="UTF-8"?>
<!-- Generated by org.testng.reporters.JUnitReportReporter -->
<testsuite skipped="0" hostname="yinons-MacBook-Pro-2.local" name="WishiTests.LoginTest" tests="7" failures="0" timestamp="26 Nov 2018 17:40:49 GMT" time="23.948" errors="0">
  <testcase name="LoginClickable" time="2.833" classname="WishiTests.LoginTest"/>
  <testcase name="FillPasswordWithOutToFillEmail" time="1.601" classname="WishiTests.LoginTest"/>
  <testcase name="FillEmailWithOutToFillPassword" time="1.624" classname="WishiTests.LoginTest"/>
  <testcase name="ClickLoginwWithOutToFillAnyFields" time="1.456" classname="WishiTests.LoginTest"/>
  <testcase name="FillCorrectEmailWithWrongPassword" time="2.797" classname="WishiTests.LoginTest"/>
  <testcase name="FillCorrectPasswordWithWrongEmail" time="2.420" classname="WishiTests.LoginTest"/>
  <testcase name="DoLogin" time="11.217" classname="WishiTests.LoginTest"/>
</testsuite> <!-- WishiTests.LoginTest -->
