<?xml version="1.0" encoding="UTF-8"?>
<!-- Generated by org.testng.reporters.JUnitReportReporter -->
<testsuite skipped="0" hostname="yinons-MacBook-Pro-2.local" name="WishiTests.QwizSkipedTests" tests="3" failures="0" timestamp="27 Sep 2018 11:42:27 GMT" time="107.350" errors="0">
  <testcase name="DoSignUp" time="64.679" classname="WishiTests.QwizSkipedTests"/>
  <testcase name="CheckOutSessionskip" time="21.872" classname="WishiTests.QwizSkipedTests"/>
  <testcase name="ClickSkip" time="20.799" classname="WishiTests.QwizSkipedTests"/>
</testsuite> <!-- WishiTests.QwizSkipedTests -->
