<?xml version="1.0" encoding="UTF-8"?>
<!-- Generated by org.testng.reporters.JUnitReportReporter -->
<testsuite skipped="0" hostname="yinons-MBP-2" name="WishiTests.SignUpByFacbookfailes" tests="4" failures="0" timestamp="20 Jun 2019 13:42:18 GMT" time="39.379" errors="0">
  <testcase name="SignUpWithFacbookWrongUserName" time="17.003" classname="WishiTests.SignUpByFacbookfailes"/>
  <testcase name="SignUpWithFacbookWitOutEmail" time="10.637" classname="WishiTests.SignUpByFacbookfailes"/>
  <testcase name="SignUpWithFacbookWitOutPassword" time="3.325" classname="WishiTests.SignUpByFacbookfailes"/>
  <testcase name="SignUpWithFacbookWrongPassword" time="8.414" classname="WishiTests.SignUpByFacbookfailes"/>
</testsuite> <!-- WishiTests.SignUpByFacbookfailes -->
