<?xml version="1.0" encoding="UTF-8"?>
<!-- Generated by org.testng.reporters.JUnitReportReporter -->
<testsuite skipped="0" hostname="yinons-MBP-2" name="WishiTests.StartHereMaleTests" tests="1" failures="0" timestamp="01 Jan 2019 11:05:26 GMT" time="114.216" errors="0">
  <testcase name="StartHereMaleTests" time="114.216" classname="WishiTests.StartHereMaleTests"/>
</testsuite> <!-- WishiTests.StartHereMaleTests -->
