<?xml version="1.0" encoding="UTF-8"?>
<!-- Generated by org.testng.reporters.JUnitReportReporter -->
<testsuite skipped="0" hostname="yinons-MacBook-Pro-2.local" name="WishiTests.LoginTest" tests="7" failures="0" timestamp="14 Nov 2018 07:54:58 GMT" time="23.652" errors="0">
  <testcase name="LoginClickable" time="2.398" classname="WishiTests.LoginTest"/>
  <testcase name="FillPasswordWithOutToFillEmail" time="1.651" classname="WishiTests.LoginTest"/>
  <testcase name="FillEmailWithOutToFillPassword" time="1.666" classname="WishiTests.LoginTest"/>
  <testcase name="ClickLoginwWithOutToFillAnyFields" time="1.492" classname="WishiTests.LoginTest"/>
  <testcase name="FillCorrectEmailWithWrongPassword" time="2.903" classname="WishiTests.LoginTest"/>
  <testcase name="FillCorrectPasswordWithWrongEmail" time="2.295" classname="WishiTests.LoginTest"/>
  <testcase name="DoLogin" time="11.247" classname="WishiTests.LoginTest"/>
</testsuite> <!-- WishiTests.LoginTest -->
