<?xml version="1.0" encoding="UTF-8"?>
<!-- Generated by org.testng.reporters.JUnitReportReporter -->
<testsuite skipped="0" hostname="yinons-MacBook-Pro-2.local" name="WishiTests.BookingMembershipTests" tests="2" failures="0" timestamp="27 Sep 2018 11:42:27 GMT" time="98.330" errors="0">
  <testcase name="DoSignUp" time="65.036" classname="WishiTests.BookingMembershipTests"/>
  <testcase name="CheckOutSession" time="33.294" classname="WishiTests.BookingMembershipTests"/>
</testsuite> <!-- WishiTests.BookingMembershipTests -->
