<?xml version="1.0" encoding="UTF-8"?>
<!-- Generated by org.testng.reporters.JUnitReportReporter -->
<testsuite skipped="0" hostname="yinons-MBP-2" name="WishiTests.BookingsingleTests" tests="2" failures="0" timestamp="11 Dec 2018 10:36:12 GMT" time="80.003" errors="0">
  <testcase name="DoSignUp" time="43.365" classname="WishiTests.BookingsingleTests"/>
  <testcase name="CheckOutSession" time="36.638" classname="WishiTests.BookingsingleTests"/>
</testsuite> <!-- WishiTests.BookingsingleTests -->
