<?xml version="1.0" encoding="UTF-8"?>
<!-- Generated by org.testng.reporters.JUnitReportReporter -->
<testsuite skipped="0" hostname="yinons-MacBook-Pro-2.local" name="WishiTests.BookingsingleTests" tests="2" failures="0" timestamp="27 Sep 2018 11:42:27 GMT" time="95.891" errors="0">
  <testcase name="DoSignUp" time="65.572" classname="WishiTests.BookingsingleTests"/>
  <testcase name="CheckOutSession" time="30.319" classname="WishiTests.BookingsingleTests"/>
</testsuite> <!-- WishiTests.BookingsingleTests -->
