<?xml version="1.0" encoding="UTF-8"?>
<!-- Generated by org.testng.reporters.JUnitReportReporter -->
<testsuite skipped="0" hostname="yinons-MBP-2" name="WishiTests.RetakeExpensiveMaleMatchTests" tests="1" failures="0" timestamp="15 Nov 2018 14:20:48 GMT" time="53.948" errors="0">
  <testcase name="BMExpensiveMale" time="53.948" classname="WishiTests.RetakeExpensiveMaleMatchTests"/>
</testsuite> <!-- WishiTests.RetakeExpensiveMaleMatchTests -->
