<?xml version="1.0" encoding="UTF-8"?>
<!-- Generated by org.testng.reporters.JUnitReportReporter -->
<testsuite skipped="0" hostname="yinons-MacBook-Pro-2.local" name="WishiTests.SignUpTest" tests="5" failures="0" timestamp="14 Nov 2018 07:54:58 GMT" time="51.267" errors="0">
  <testcase name="SignUpClickable" time="1.310" classname="WishiTests.SignUpTest"/>
  <testcase name="FillEmailWitoutShtudel" time="11.000" classname="WishiTests.SignUpTest"/>
  <testcase name="FillEmailWithoutDotCom" time="10.681" classname="WishiTests.SignUpTest"/>
  <testcase name="FillPsswordWithLessthan6Characters" time="10.651" classname="WishiTests.SignUpTest"/>
  <testcase name="DoSignUp" time="17.625" classname="WishiTests.SignUpTest"/>
</testsuite> <!-- WishiTests.SignUpTest -->
