<?xml version="1.0" encoding="UTF-8"?>
<!-- Generated by org.testng.reporters.JUnitReportReporter -->
<testsuite skipped="0" hostname="yinons-MBP-2" name="WishiTests.BookingsingleTests" tests="2" failures="0" timestamp="28 Nov 2018 10:51:18 GMT" time="81.568" errors="0">
  <testcase name="DoSignUp" time="45.845" classname="WishiTests.BookingsingleTests"/>
  <testcase name="CheckOutSession" time="35.723" classname="WishiTests.BookingsingleTests"/>
</testsuite> <!-- WishiTests.BookingsingleTests -->
