<?xml version="1.0" encoding="UTF-8"?>
<!-- Generated by org.testng.reporters.JUnitReportReporter -->
<testsuite skipped="0" hostname="yinons-MBP-2" name="WishiTests.BestMatchFluIDTest" tests="1" failures="0" timestamp="23 Jan 2019 14:31:10 GMT" time="119.593" errors="0">
  <testcase name="BestMatchFemaleTest" time="119.593" classname="WishiTests.BestMatchFluIDTest"/>
</testsuite> <!-- WishiTests.BestMatchFluIDTest -->
