<?xml version="1.0" encoding="UTF-8"?>
<!-- Generated by org.testng.reporters.JUnitReportReporter -->
<testsuite skipped="0" hostname="yinons-MacBook-Pro-2.local" name="WishiTests.RetakeExpensiveMaleMatchTests2" tests="1" failures="0" timestamp="12 Nov 2018 10:04:23 GMT" time="111.145" errors="0">
  <testcase name="BMExpensiveMale" time="111.145" classname="WishiTests.RetakeExpensiveMaleMatchTests2"/>
</testsuite> <!-- WishiTests.RetakeExpensiveMaleMatchTests2 -->
