<?xml version="1.0" encoding="UTF-8"?>
<!-- Generated by org.testng.reporters.JUnitReportReporter -->
<testsuite skipped="0" hostname="yinons-MacBook-Pro-2.local" name="WishiTests.StartHereExpensiveFemaleMatchTests" tests="1" failures="0" timestamp="26 Nov 2018 17:40:49 GMT" time="74.315" errors="0">
  <testcase name="BMExpensiveMale" time="74.315" classname="WishiTests.StartHereExpensiveFemaleMatchTests"/>
</testsuite> <!-- WishiTests.StartHereExpensiveFemaleMatchTests -->
