<?xml version="1.0" encoding="UTF-8"?>
<!-- Generated by org.testng.reporters.JUnitReportReporter -->
<testsuite skipped="0" hostname="yinons-MBP-2" name="WishiTests.RetakeMatchNaturalTest" tests="1" failures="0" timestamp="02 Apr 2020 10:04:05 GMT" time="81.731" errors="0">
  <testcase name="RetakeMatchNaturalTest" time="81.731" classname="WishiTests.RetakeMatchNaturalTest"/>
</testsuite> <!-- WishiTests.RetakeMatchNaturalTest -->
