<?xml version="1.0" encoding="UTF-8"?>
<!-- Generated by org.testng.reporters.JUnitReportReporter -->
<testsuite skipped="0" hostname="yinons-MBP-2" name="WishiTests.LoginTest" tests="6" failures="0" timestamp="27 May 2020 12:27:10 GMT" time="21.045" errors="0">
  <testcase name="FillPasswordWithOutToFillEmail" time="0.703" classname="WishiTests.LoginTest"/>
  <testcase name="FillEmailWithOutToFillPassword" time="0.790" classname="WishiTests.LoginTest"/>
  <testcase name="ClickLoginwWithOutToFillAnyFields" time="0.577" classname="WishiTests.LoginTest"/>
  <testcase name="FillCorrectEmailWithWrongPassword" time="1.843" classname="WishiTests.LoginTest"/>
  <testcase name="FillCorrectPasswordWithWrongEmail" time="0.839" classname="WishiTests.LoginTest"/>
  <testcase name="DoLogin" time="16.293" classname="WishiTests.LoginTest"/>
</testsuite> <!-- WishiTests.LoginTest -->
