<?xml version="1.0" encoding="UTF-8"?>
<!-- Generated by org.testng.reporters.JUnitReportReporter -->
<testsuite skipped="0" hostname="yinons-MBP-2" name="WishiTests.BestMatchFluIDTest" tests="1" failures="0" timestamp="08 Mar 2020 10:45:18 GMT" time="58.026" errors="0">
  <testcase name="BestMatchNaturalTest" time="58.026" classname="WishiTests.BestMatchFluIDTest"/>
</testsuite> <!-- WishiTests.BestMatchFluIDTest -->
