<?xml version="1.0" encoding="UTF-8"?>
<!-- Generated by org.testng.reporters.JUnitReportReporter -->
<testsuite skipped="0" hostname="yinons-MacBook-Pro-2.local" name="WishiTests.BestMatchNormalMaleTests" tests="1" failures="0" timestamp="27 Sep 2018 11:42:27 GMT" time="113.278" errors="0">
  <testcase name="BMNormalMale" time="113.278" classname="WishiTests.BestMatchNormalMaleTests"/>
</testsuite> <!-- WishiTests.BestMatchNormalMaleTests -->
