<?xml version="1.0" encoding="UTF-8"?>
<!-- Generated by org.testng.reporters.JUnitReportReporter -->
<testsuite skipped="0" hostname="yinons-MBP-2" name="WishiTests.LoginWithFacbookTests" tests="1" failures="0" timestamp="27 Aug 2018 08:08:02 GMT" time="8.178" errors="0">
  <testcase name="LoginWithFacbookWrongUserName" time="8.178" classname="WishiTests.LoginWithFacbookTests"/>
</testsuite> <!-- WishiTests.LoginWithFacbookTests -->
