<?xml version="1.0" encoding="UTF-8"?>
<!-- Generated by org.testng.reporters.JUnitReportReporter -->
<testsuite skipped="0" hostname="yinons-MBP-2" name="WishiTests.StartHereHelloNoTests" tests="1" failures="0" timestamp="04 Apr 2019 11:54:29 GMT" time="120.798" errors="0">
  <testcase name="StartHereHelloNoTests" time="120.798" classname="WishiTests.StartHereHelloNoTests"/>
</testsuite> <!-- WishiTests.StartHereHelloNoTests -->
