<?xml version="1.0" encoding="UTF-8"?>
<!-- Generated by org.testng.reporters.JUnitReportReporter -->
<testsuite skipped="0" hostname="yinons-MacBook-Pro-2.local" name="WishiTests.BookingsingleTests" tests="2" failures="0" timestamp="26 Nov 2018 17:40:49 GMT" time="78.566" errors="0">
  <testcase name="DoSignUp" time="43.601" classname="WishiTests.BookingsingleTests"/>
  <testcase name="CheckOutSession" time="34.965" classname="WishiTests.BookingsingleTests"/>
</testsuite> <!-- WishiTests.BookingsingleTests -->
