<?xml version="1.0" encoding="UTF-8"?>
<!-- Generated by org.testng.reporters.JUnitReportReporter -->
<testsuite skipped="0" hostname="yinons-MacBook-Pro-2.local" name="WishiTests.BestMatchExpensiveFeamleTests" tests="1" failures="0" timestamp="27 Sep 2018 13:38:13 GMT" time="139.565" errors="0">
  <testcase name="BMExpensiveFeamle" time="139.565" classname="WishiTests.BestMatchExpensiveFeamleTests"/>
</testsuite> <!-- WishiTests.BestMatchExpensiveFeamleTests -->
