<?xml version="1.0" encoding="UTF-8"?>
<!-- Generated by org.testng.reporters.JUnitReportReporter -->
<testsuite skipped="0" hostname="yinons-MBP-2" name="WishiTests.RetakeMatchExpensiveFeamleTests" tests="1" failures="0" timestamp="15 Nov 2018 14:20:48 GMT" time="66.559" errors="0">
  <testcase name="BMExpensiveFeamle" time="66.559" classname="WishiTests.RetakeMatchExpensiveFeamleTests"/>
</testsuite> <!-- WishiTests.RetakeMatchExpensiveFeamleTests -->
