<?xml version="1.0" encoding="UTF-8"?>
<!-- Generated by org.testng.reporters.JUnitReportReporter -->
<testsuite skipped="0" hostname="yinons-MBP-2" name="WishiTests.SignUpTest" tests="5" failures="0" timestamp="27 Aug 2018 08:08:02 GMT" time="26.522" errors="0">
  <testcase name="SignUpClickable" time="1.292" classname="WishiTests.SignUpTest"/>
  <testcase name="FillEmailWitoutShtudel" time="5.966" classname="WishiTests.SignUpTest"/>
  <testcase name="FillEmailWithoutDotCom" time="5.646" classname="WishiTests.SignUpTest"/>
  <testcase name="FillPsswordWithLessthan6Characters" time="5.537" classname="WishiTests.SignUpTest"/>
  <testcase name="DoSignUp" time="8.081" classname="WishiTests.SignUpTest"/>
</testsuite> <!-- WishiTests.SignUpTest -->
