<?xml version="1.0" encoding="UTF-8"?>
<!-- Generated by org.testng.reporters.JUnitReportReporter -->
<testsuite skipped="0" hostname="yinons-MacBook-Pro-2.local" name="WishiTests.BestMatchNormalFeamleTests" tests="1" failures="0" timestamp="26 Nov 2018 19:07:02 GMT" time="72.445" errors="0">
  <testcase name="BMNormalFeamle" time="72.445" classname="WishiTests.BestMatchNormalFeamleTests"/>
</testsuite> <!-- WishiTests.BestMatchNormalFeamleTests -->
