<?xml version="1.0" encoding="UTF-8"?>
<!-- Generated by org.testng.reporters.JUnitReportReporter -->
<testsuite hostname="yinons-MBP-2" failures="0" tests="3" name="WishiTests.QwizSkipedTests" time="98.658" errors="0" timestamp="10 Aug 2018 11:12:44 GMT" skipped="0">
  <testcase classname="WishiTests.QwizSkipedTests" name="DoSignUp" time="61.949"/>
  <testcase classname="WishiTests.QwizSkipedTests" name="CheckOutSessionskip" time="19.363"/>
  <testcase classname="WishiTests.QwizSkipedTests" name="ClickSkip" time="17.346"/>
</testsuite> <!-- WishiTests.QwizSkipedTests -->
