<?xml version="1.0" encoding="UTF-8"?>
<!-- Generated by org.testng.reporters.JUnitReportReporter -->
<testsuite skipped="0" hostname="yinons-MacBook-Pro-2.local" name="WishiTests.UploadItemTest" tests="2" failures="0" timestamp="14 Nov 2018 07:54:58 GMT" time="19.080" errors="0">
  <testcase name="DoLogin" time="9.911" classname="WishiTests.UploadItemTest"/>
  <testcase name="Uploaditem" time="9.169" classname="WishiTests.UploadItemTest"/>
</testsuite> <!-- WishiTests.UploadItemTest -->
