<?xml version="1.0" encoding="UTF-8"?>
<!-- Generated by org.testng.reporters.JUnitReportReporter -->
<testsuite hostname="yinons-MBP-2" failures="0" tests="5" name="WishiTests.SignUpTest" time="27.299" errors="0" timestamp="10 Aug 2018 11:12:44 GMT" skipped="0">
  <testcase classname="WishiTests.SignUpTest" name="SignUpClickable" time="1.315"/>
  <testcase classname="WishiTests.SignUpTest" name="FillEmailWitoutShtudel" time="6.006"/>
  <testcase classname="WishiTests.SignUpTest" name="FillEmailWithoutDotCom" time="5.649"/>
  <testcase classname="WishiTests.SignUpTest" name="FillPsswordWithLessthan6Characters" time="5.584"/>
  <testcase classname="WishiTests.SignUpTest" name="DoSignUp" time="8.745"/>
</testsuite> <!-- WishiTests.SignUpTest -->
