<?xml version="1.0" encoding="UTF-8"?>
<!-- Generated by org.testng.reporters.JUnitReportReporter -->
<testsuite skipped="0" hostname="yinons-MBP-2" name="WishiTests.StartHereHelloNoTests" tests="2" failures="0" timestamp="02 Apr 2020 12:49:43 GMT" time="178.722" errors="0">
  <testcase name="StartHereHelloNoBackTests" time="101.707" classname="WishiTests.StartHereHelloNoTests"/>
  <testcase name="StartHereHelloNoTests" time="77.015" classname="WishiTests.StartHereHelloNoTests"/>
</testsuite> <!-- WishiTests.StartHereHelloNoTests -->
