<?xml version="1.0" encoding="UTF-8"?>
<!-- Generated by org.testng.reporters.JUnitReportReporter -->
<testsuite hostname="yinons-MBP-2" failures="0" tests="5" name="WishiTests.LoginWithFacbookFailsTests" time="13.322" errors="0" timestamp="10 Aug 2018 11:12:44 GMT" skipped="0">
  <testcase classname="WishiTests.LoginWithFacbookFailsTests" name="LoginWitoutUserAndPassword" time="5.624"/>
  <testcase classname="WishiTests.LoginWithFacbookFailsTests" name="LoginWitoutUser" time="1.214"/>
  <testcase classname="WishiTests.LoginWithFacbookFailsTests" name="LoginWitoutPassword" time="2.268"/>
  <testcase classname="WishiTests.LoginWithFacbookFailsTests" name="LoginWithFacbookWrongPassword" time="1.976"/>
  <testcase classname="WishiTests.LoginWithFacbookFailsTests" name="LoginWithFacbookWrongUserName" time="2.240"/>
</testsuite> <!-- WishiTests.LoginWithFacbookFailsTests -->
