<?xml version="1.0" encoding="UTF-8"?>
<!-- Generated by org.testng.reporters.JUnitReportReporter -->
<testsuite skipped="0" hostname="yinons-MacBook-Pro-2.local" name="WishiTests.QwizMaleTests" tests="9" failures="0" timestamp="26 Nov 2018 17:40:49 GMT" time="87.003" errors="0">
  <testcase name="DoSignUp" time="33.574" classname="WishiTests.QwizMaleTests"/>
  <testcase name="CheckOutSession" time="24.076" classname="WishiTests.QwizMaleTests"/>
  <testcase name="SelectBodyType" time="3.122" classname="WishiTests.QwizMaleTests"/>
  <testcase name="SelectHeight" time="3.400" classname="WishiTests.QwizMaleTests"/>
  <testcase name="SelectColors" time="3.569" classname="WishiTests.QwizMaleTests"/>
  <testcase name="SelectFabrics" time="3.399" classname="WishiTests.QwizMaleTests"/>
  <testcase name="SelectSize" time="6.061" classname="WishiTests.QwizMaleTests"/>
  <testcase name="SelectComfortZone" time="3.880" classname="WishiTests.QwizMaleTests"/>
  <testcase name="FillNumberPhone" time="5.922" classname="WishiTests.QwizMaleTests"/>
</testsuite> <!-- WishiTests.QwizMaleTests -->
