<?xml version="1.0" encoding="UTF-8"?>
<!-- Generated by org.testng.reporters.JUnitReportReporter -->
<testsuite skipped="0" hostname="yinons-MBP-2" name="WishiTests.RetakeMatchFamleTest" tests="1" failures="0" timestamp="23 Jan 2019 14:31:10 GMT" time="62.691" errors="0">
  <testcase name="RetakeMatchFamleTest" time="62.691" classname="WishiTests.RetakeMatchFamleTest"/>
</testsuite> <!-- WishiTests.RetakeMatchFamleTest -->
