<?xml version="1.0" encoding="UTF-8"?>
<!-- Generated by org.testng.reporters.JUnitReportReporter -->
<testsuite skipped="0" hostname="yinons-MBP-2" name="WishiTests.BookingsingleTests" tests="3" failures="0" timestamp="20 Jun 2019 13:42:18 GMT" time="140.176" errors="0">
  <testcase name="DoSignUp" time="70.140" classname="WishiTests.BookingsingleTests"/>
  <testcase name="SingleMini" time="34.967" classname="WishiTests.BookingsingleTests"/>
  <testcase name="SingleMajor" time="35.069" classname="WishiTests.BookingsingleTests"/>
</testsuite> <!-- WishiTests.BookingsingleTests -->
