<?xml version="1.0" encoding="UTF-8"?>
<!-- Generated by org.testng.reporters.JUnitReportReporter -->
<testsuite skipped="0" hostname="yinons-MBP-2" name="WishiTests.BookingMembershipTests" tests="2" failures="0" timestamp="30 Aug 2018 12:24:59 GMT" time="44.129" errors="0">
  <testcase name="DoLogin" time="12.336" classname="WishiTests.BookingMembershipTests"/>
  <testcase name="CheckOutSession" time="31.793" classname="WishiTests.BookingMembershipTests"/>
</testsuite> <!-- WishiTests.BookingMembershipTests -->
