<?xml version="1.0" encoding="UTF-8"?>
<!-- Generated by org.testng.reporters.JUnitReportReporter -->
<testsuite skipped="0" hostname="yinons-MBP-2" name="WishiTests.LoginTest" tests="7" failures="0" timestamp="27 Aug 2018 08:08:02 GMT" time="19.169" errors="0">
  <testcase name="LoginClickable" time="2.859" classname="WishiTests.LoginTest"/>
  <testcase name="FillPasswordWithOutToFillEmail" time="1.621" classname="WishiTests.LoginTest"/>
  <testcase name="FillEmailWithOutToFillPassword" time="1.631" classname="WishiTests.LoginTest"/>
  <testcase name="ClickLoginwWithOutToFillAnyFields" time="1.488" classname="WishiTests.LoginTest"/>
  <testcase name="FillCorrectEmailWithWrongPassword" time="2.760" classname="WishiTests.LoginTest"/>
  <testcase name="FillCorrectPasswordWithWrongEmail" time="2.456" classname="WishiTests.LoginTest"/>
  <testcase name="DoLogin" time="6.354" classname="WishiTests.LoginTest"/>
</testsuite> <!-- WishiTests.LoginTest -->
