<?xml version="1.0" encoding="UTF-8"?>
<!-- Generated by org.testng.reporters.JUnitReportReporter -->
<testsuite skipped="0" hostname="yinons-MBP-2" name="WishiTests.QwizTests" tests="13" failures="0" timestamp="20 Jun 2019 13:42:18 GMT" time="141.109" errors="0">
  <testcase name="DoSignUp" time="65.714" classname="WishiTests.QwizTests"/>
  <testcase name="CheckOutSession" time="26.903" classname="WishiTests.QwizTests"/>
  <testcase name="SelectHeight" time="3.397" classname="WishiTests.QwizTests"/>
  <testcase name="SelectColors" time="3.507" classname="WishiTests.QwizTests"/>
  <testcase name="SelectHighlight" time="3.460" classname="WishiTests.QwizTests"/>
  <testcase name="SelectClothingPreferences" time="3.368" classname="WishiTests.QwizTests"/>
  <testcase name="SelectHeels" time="3.372" classname="WishiTests.QwizTests"/>
  <testcase name="SelectFabrics" time="3.361" classname="WishiTests.QwizTests"/>
  <testcase name="SelectSize" time="6.047" classname="WishiTests.QwizTests"/>
  <testcase name="SelectBudget" time="6.062" classname="WishiTests.QwizTests"/>
  <testcase name="SelectComfortZone" time="3.409" classname="WishiTests.QwizTests"/>
  <testcase name="SelectJEWELRY" time="6.616" classname="WishiTests.QwizTests"/>
  <testcase name="FillNumberPhone" time="5.893" classname="WishiTests.QwizTests"/>
</testsuite> <!-- WishiTests.QwizTests -->
