<?xml version="1.0" encoding="UTF-8"?>
<!-- Generated by org.testng.reporters.JUnitReportReporter -->
<testsuite skipped="0" hostname="yinons-MacBook-Pro-2.local" name="WishiTests.BestMatchNormalMaleTests" tests="1" failures="0" timestamp="26 Nov 2018 17:40:49 GMT" time="58.234" errors="0">
  <testcase name="BMNormalMale" time="58.234" classname="WishiTests.BestMatchNormalMaleTests"/>
</testsuite> <!-- WishiTests.BestMatchNormalMaleTests -->
