<?xml version="1.0" encoding="UTF-8"?>
<!-- Generated by org.testng.reporters.JUnitReportReporter -->
<testsuite skipped="0" hostname="yinons-MacBook-Pro-2.local" name="WishiTests.BestMatchLowFeamleTests" tests="1" failures="0" timestamp="14 Nov 2018 07:54:58 GMT" time="71.544" errors="0">
  <testcase name="BMLowFeamle" time="71.544" classname="WishiTests.BestMatchLowFeamleTests"/>
</testsuite> <!-- WishiTests.BestMatchLowFeamleTests -->
