<?xml version="1.0" encoding="UTF-8"?>
<!-- Generated by org.testng.reporters.JUnitReportReporter -->
<testsuite skipped="0" hostname="yinons-MacBook-Pro-2.local" name="WishiTests.RetakeMatchLowMaleTests" tests="1" failures="0" timestamp="14 Nov 2018 10:32:26 GMT" time="55.247" errors="0">
  <testcase name="BMLowMale" time="55.247" classname="WishiTests.RetakeMatchLowMaleTests"/>
</testsuite> <!-- WishiTests.RetakeMatchLowMaleTests -->
