<?xml version="1.0" encoding="UTF-8"?>
<!-- Generated by org.testng.reporters.JUnitReportReporter -->
<testsuite skipped="0" hostname="yinons-MBP-2" name="WishiTests.StartHereExpensiveFmaleMatchTests" tests="1" failures="0" timestamp="28 Oct 2018 15:52:14 GMT" time="117.278" errors="0">
  <testcase name="BMExpensiveMale" time="117.278" classname="WishiTests.StartHereExpensiveFmaleMatchTests"/>
</testsuite> <!-- WishiTests.StartHereExpensiveFmaleMatchTests -->
