<?xml version="1.0" encoding="UTF-8"?>
<!-- Generated by org.testng.reporters.JUnitReportReporter -->
<testsuite skipped="0" hostname="yinons-MacBook-Pro-2.local" name="WishiTests.BookingMembershipTests" tests="2" failures="0" timestamp="14 Nov 2018 07:54:58 GMT" time="76.581" errors="0">
  <testcase name="DoSignUp" time="36.647" classname="WishiTests.BookingMembershipTests"/>
  <testcase name="CheckOutSession" time="39.934" classname="WishiTests.BookingMembershipTests"/>
</testsuite> <!-- WishiTests.BookingMembershipTests -->
