<?xml version="1.0" encoding="UTF-8"?>
<!-- Generated by org.testng.reporters.JUnitReportReporter -->
<testsuite skipped="0" hostname="yinons-MBP-2" name="WishiTests.CrateLookTests" tests="16" failures="0" timestamp="28 Nov 2018 11:30:47 GMT" time="425.125" errors="0">
  <testcase name="LoginAsClient" time="8.098" classname="WishiTests.CrateLookTests"/>
  <testcase name="CheckOutSession" time="27.850" classname="WishiTests.CrateLookTests"/>
  <testcase name="LoginAsStylist" time="8.710" classname="WishiTests.CrateLookTests"/>
  <testcase name="CreateMoodBoard" time="47.543" classname="WishiTests.CrateLookTests"/>
  <testcase name="VerifyMoodBoard" time="14.420" classname="WishiTests.CrateLookTests"/>
  <testcase name="CreatePS" time="51.834" classname="WishiTests.CrateLookTests"/>
  <testcase name="AskRevise" time="15.177" classname="WishiTests.CrateLookTests"/>
  <testcase name="CreateLook1" time="51.452" classname="WishiTests.CrateLookTests"/>
  <testcase name="VerifyLook1" time="15.475" classname="WishiTests.CrateLookTests"/>
  <testcase name="CreateLook2" time="53.754" classname="WishiTests.CrateLookTests"/>
  <testcase name="VerifyLook2" time="14.315" classname="WishiTests.CrateLookTests"/>
  <testcase name="CreateLook3" time="56.815" classname="WishiTests.CrateLookTests"/>
  <testcase name="VerifyLook3" time="15.828" classname="WishiTests.CrateLookTests"/>
  <testcase name="AskEndSession" time="13.796" classname="WishiTests.CrateLookTests"/>
  <testcase name="ClientEndSession" time="18.873" classname="WishiTests.CrateLookTests"/>
  <testcase name="VerifyEndSession" time="11.185" classname="WishiTests.CrateLookTests"/>
</testsuite> <!-- WishiTests.CrateLookTests -->
