<?xml version="1.0" encoding="UTF-8"?>
<!-- Generated by org.testng.reporters.JUnitReportReporter -->
<testsuite skipped="0" hostname="yinons-MBP-2" name="WishiTests.StartHereNormalFemaleMatchTests" tests="1" failures="0" timestamp="11 Dec 2018 10:36:13 GMT" time="73.956" errors="0">
  <testcase name="BMExpensiveMale" time="73.956" classname="WishiTests.StartHereNormalFemaleMatchTests"/>
</testsuite> <!-- WishiTests.StartHereNormalFemaleMatchTests -->
