<?xml version="1.0" encoding="UTF-8"?>
<!-- Generated by org.testng.reporters.JUnitReportReporter -->
<testsuite skipped="0" hostname="yinons-MBP-2" name="WishiTests.LoginWithFacbookTests" tests="1" failures="0" timestamp="01 Jan 2019 11:33:56 GMT" time="14.052" errors="0">
  <testcase name="LoginWithFacbookWrongUserName" time="14.052" classname="WishiTests.LoginWithFacbookTests"/>
</testsuite> <!-- WishiTests.LoginWithFacbookTests -->
