<?xml version="1.0" encoding="UTF-8"?>
<!-- Generated by org.testng.reporters.JUnitReportReporter -->
<testsuite skipped="0" hostname="yinons-MBP-2" name="WishiTests.SignUpTest" tests="5" failures="0" timestamp="11 Dec 2018 10:36:12 GMT" time="52.457" errors="0">
  <testcase name="SignUpClickable" time="1.304" classname="WishiTests.SignUpTest"/>
  <testcase name="FillEmailWitoutShtudel" time="11.085" classname="WishiTests.SignUpTest"/>
  <testcase name="FillEmailWithoutDotCom" time="10.831" classname="WishiTests.SignUpTest"/>
  <testcase name="FillPsswordWithLessthan6Characters" time="10.785" classname="WishiTests.SignUpTest"/>
  <testcase name="DoSignUp" time="18.452" classname="WishiTests.SignUpTest"/>
</testsuite> <!-- WishiTests.SignUpTest -->
