<?xml version="1.0" encoding="UTF-8"?>
<!-- Generated by org.testng.reporters.JUnitReportReporter -->
<testsuite skipped="0" hostname="yinons-MacBook-Pro-2.local" name="WishiTests.CrateLookTests" tests="16" failures="0" timestamp="26 Nov 2018 17:40:49 GMT" time="385.436" errors="0">
  <testcase name="LoginAsClient" time="7.998" classname="WishiTests.CrateLookTests"/>
  <testcase name="CheckOutSession" time="25.781" classname="WishiTests.CrateLookTests"/>
  <testcase name="LoginAsStylist" time="8.768" classname="WishiTests.CrateLookTests"/>
  <testcase name="CreateMoodBoard" time="36.873" classname="WishiTests.CrateLookTests"/>
  <testcase name="VerifyMoodBoard" time="13.409" classname="WishiTests.CrateLookTests"/>
  <testcase name="CreatePS" time="48.976" classname="WishiTests.CrateLookTests"/>
  <testcase name="AskRevise" time="13.448" classname="WishiTests.CrateLookTests"/>
  <testcase name="CreateLook1" time="50.938" classname="WishiTests.CrateLookTests"/>
  <testcase name="VerifyLook1" time="12.943" classname="WishiTests.CrateLookTests"/>
  <testcase name="CreateLook2" time="49.385" classname="WishiTests.CrateLookTests"/>
  <testcase name="VerifyLook2" time="13.187" classname="WishiTests.CrateLookTests"/>
  <testcase name="CreateLook3" time="46.335" classname="WishiTests.CrateLookTests"/>
  <testcase name="VerifyLook3" time="14.978" classname="WishiTests.CrateLookTests"/>
  <testcase name="AskEndSession" time="13.210" classname="WishiTests.CrateLookTests"/>
  <testcase name="ClientEndSession" time="18.980" classname="WishiTests.CrateLookTests"/>
  <testcase name="VerifyEndSession" time="10.227" classname="WishiTests.CrateLookTests"/>
</testsuite> <!-- WishiTests.CrateLookTests -->
