<?xml version="1.0" encoding="UTF-8"?>
<!-- Generated by org.testng.reporters.JUnitReportReporter -->
<testsuite skipped="0" hostname="yinons-MBP-2" name="WishiTests.ChatTests" tests="3" failures="0" timestamp="27 Aug 2018 08:08:02 GMT" time="49.119" errors="0">
  <testcase name="LoginAsStylist" time="8.368" classname="WishiTests.ChatTests"/>
  <testcase name="SendChatToclient" time="23.075" classname="WishiTests.ChatTests"/>
  <testcase name="SendChatToStylist" time="17.676" classname="WishiTests.ChatTests"/>
</testsuite> <!-- WishiTests.ChatTests -->
