<?xml version="1.0" encoding="UTF-8"?>
<!-- Generated by org.testng.reporters.JUnitReportReporter -->
<testsuite skipped="0" hostname="yinons-MBP-2" name="WishiTests.BookingMembershipTests" tests="4" failures="0" timestamp="01 Apr 2020 18:23:03 GMT" time="211.741" errors="0">
  <testcase name="DoSignUp" time="59.121" classname="WishiTests.BookingMembershipTests"/>
  <testcase name="MembershipMini" time="52.895" classname="WishiTests.BookingMembershipTests"/>
  <testcase name="MembershipMajor" time="48.979" classname="WishiTests.BookingMembershipTests"/>
  <testcase name="CleanOut" time="50.746" classname="WishiTests.BookingMembershipTests"/>
</testsuite> <!-- WishiTests.BookingMembershipTests -->
