<?xml version="1.0" encoding="UTF-8"?>
<!-- Generated by org.testng.reporters.JUnitReportReporter -->
<testsuite skipped="0" hostname="yinons-MacBook-Pro-2.local" name="WishiTests.ChatTests" tests="3" failures="0" timestamp="14 Nov 2018 07:54:57 GMT" time="55.454" errors="0">
  <testcase name="LoginAsStylist" time="8.154" classname="WishiTests.ChatTests"/>
  <testcase name="SendChatToclient" time="25.654" classname="WishiTests.ChatTests"/>
  <testcase name="SendChatToStylist" time="21.646" classname="WishiTests.ChatTests"/>
</testsuite> <!-- WishiTests.ChatTests -->
