<?xml version="1.0" encoding="UTF-8"?>
<!-- Generated by org.testng.reporters.JUnitReportReporter -->
<testsuite skipped="0" hostname="yinons-MacBook-Pro-2.local" name="WishiTests.StartHereMaleTests" tests="1" failures="0" timestamp="20 Jun 2019 15:24:15 GMT" time="85.368" errors="0">
  <testcase name="StartHereMaleTests" time="85.368" classname="WishiTests.StartHereMaleTests"/>
</testsuite> <!-- WishiTests.StartHereMaleTests -->
