<?xml version="1.0" encoding="UTF-8"?>
<!-- Generated by org.testng.reporters.JUnitReportReporter -->
<testsuite skipped="0" hostname="yinons-MBP-2" name="WishiTests.SignUpByFacbook" tests="1" failures="0" timestamp="04 Apr 2019 11:54:29 GMT" time="16.089" errors="0">
  <testcase name="SignUpWithFacbook" time="16.089" classname="WishiTests.SignUpByFacbook"/>
</testsuite> <!-- WishiTests.SignUpByFacbook -->
