<?xml version="1.0" encoding="UTF-8"?>
<!-- Generated by org.testng.reporters.JUnitReportReporter -->
<testsuite skipped="0" hostname="yinons-MBP-2" name="WishiTests.BookingsingleCouponTests" tests="3" failures="0" timestamp="01 Apr 2020 14:43:59 GMT" time="171.774" errors="0">
  <testcase name="DoSignUp" time="59.172" classname="WishiTests.BookingsingleCouponTests"/>
  <testcase name="CouponMini" time="55.130" classname="WishiTests.BookingsingleCouponTests"/>
  <testcase name="CouponMajor" time="57.472" classname="WishiTests.BookingsingleCouponTests"/>
</testsuite> <!-- WishiTests.BookingsingleCouponTests -->
