<?xml version="1.0" encoding="UTF-8"?>
<!-- Generated by org.testng.reporters.JUnitReportReporter -->
<testsuite hostname="yinons-MBP-2" failures="0" tests="7" name="WishiTests.LoginTest" time="18.727" errors="0" timestamp="10 Aug 2018 11:12:44 GMT" skipped="0">
  <testcase classname="WishiTests.LoginTest" name="LoginClickable" time="2.950"/>
  <testcase classname="WishiTests.LoginTest" name="FillPasswordWithOutToFillEmail" time="1.680"/>
  <testcase classname="WishiTests.LoginTest" name="FillEmailWithOutToFillPassword" time="1.671"/>
  <testcase classname="WishiTests.LoginTest" name="ClickLoginwWithOutToFillAnyFields" time="1.522"/>
  <testcase classname="WishiTests.LoginTest" name="FillCorrectEmailWithWrongPassword" time="3.544"/>
  <testcase classname="WishiTests.LoginTest" name="FillCorrectPasswordWithWrongEmail" time="2.453"/>
  <testcase classname="WishiTests.LoginTest" name="DoLogin" time="4.907"/>
</testsuite> <!-- WishiTests.LoginTest -->
