<?xml version="1.0" encoding="UTF-8"?>
<!-- Generated by org.testng.reporters.JUnitReportReporter -->
<testsuite skipped="0" hostname="yinons-MBP-2" name="WishiTests.BookingMembershipTests" tests="3" failures="0" timestamp="11 Mar 2020 09:56:11 GMT" time="119.665" errors="0">
  <testcase name="DoSignUp" time="63.199" classname="WishiTests.BookingMembershipTests"/>
  <testcase name="BookStylist" time="31.387" classname="WishiTests.BookingMembershipTests"/>
  <testcase name="MembershipMajor" time="25.079" classname="WishiTests.BookingMembershipTests"/>
</testsuite> <!-- WishiTests.BookingMembershipTests -->
