<?xml version="1.0" encoding="UTF-8"?>
<!-- Generated by org.testng.reporters.JUnitReportReporter -->
<testsuite skipped="0" hostname="yinons-MBP-2" name="WishiTests.QwizSkipedTests" tests="3" failures="0" timestamp="04 Apr 2019 11:54:29 GMT" time="104.203" errors="0">
  <testcase name="DoSignUp" time="58.885" classname="WishiTests.QwizSkipedTests"/>
  <testcase name="CheckOutSessionskip" time="26.838" classname="WishiTests.QwizSkipedTests"/>
  <testcase name="ClickSkip" time="18.480" classname="WishiTests.QwizSkipedTests"/>
</testsuite> <!-- WishiTests.QwizSkipedTests -->
