<?xml version="1.0" encoding="UTF-8"?>
<!-- Generated by org.testng.reporters.JUnitReportReporter -->
<testsuite skipped="0" hostname="yinons-MBP-2" name="WishiTests.BookingStylistTests" tests="3" failures="0" timestamp="27 Aug 2018 10:29:49 GMT" time="98.461" errors="0">
  <testcase name="DoSignUp" time="60.978" classname="WishiTests.BookingStylistTests"/>
  <testcase name="CheckOutSession" time="16.561" classname="WishiTests.BookingStylistTests"/>
  <testcase name="CheckoutUnlimited" time="20.922" classname="WishiTests.BookingStylistTests"/>
</testsuite> <!-- WishiTests.BookingStylistTests -->
