<?xml version="1.0" encoding="UTF-8"?>
<!-- Generated by org.testng.reporters.JUnitReportReporter -->
<testsuite skipped="0" hostname="yinons-MBP-2" name="WishiTests.ChatTests" tests="3" failures="0" timestamp="24 Dec 2018 13:18:07 GMT" time="54.108" errors="0">
  <testcase name="LoginAsStylist" time="9.021" classname="WishiTests.ChatTests"/>
  <testcase name="SendChatToclient" time="22.239" classname="WishiTests.ChatTests"/>
  <testcase name="SendChatToStylist" time="22.848" classname="WishiTests.ChatTests"/>
</testsuite> <!-- WishiTests.ChatTests -->
