<?xml version="1.0" encoding="UTF-8"?>
<!-- Generated by org.testng.reporters.JUnitReportReporter -->
<testsuite skipped="0" hostname="yinons-MacBook-Pro-2.local" name="WishiTests.CrateLookTests" tests="16" failures="0" timestamp="01 Jan 2019 14:40:39 GMT" time="411.352" errors="0">
  <testcase name="LoginAsClient" time="7.984" classname="WishiTests.CrateLookTests"/>
  <testcase name="CheckOutSession" time="26.705" classname="WishiTests.CrateLookTests"/>
  <testcase name="LoginAsStylist" time="10.669" classname="WishiTests.CrateLookTests"/>
  <testcase name="CreateMoodBoard" time="38.724" classname="WishiTests.CrateLookTests"/>
  <testcase name="VerifyMoodBoard" time="14.641" classname="WishiTests.CrateLookTests"/>
  <testcase name="CreatePS" time="51.278" classname="WishiTests.CrateLookTests"/>
  <testcase name="AskRevise" time="16.909" classname="WishiTests.CrateLookTests"/>
  <testcase name="CreateLook1" time="50.230" classname="WishiTests.CrateLookTests"/>
  <testcase name="VerifyLook1" time="15.634" classname="WishiTests.CrateLookTests"/>
  <testcase name="CreateLook2" time="46.055" classname="WishiTests.CrateLookTests"/>
  <testcase name="VerifyLook2" time="14.282" classname="WishiTests.CrateLookTests"/>
  <testcase name="CreateLook3" time="48.132" classname="WishiTests.CrateLookTests"/>
  <testcase name="VerifyLook3" time="16.998" classname="WishiTests.CrateLookTests"/>
  <testcase name="AskEndSession" time="13.547" classname="WishiTests.CrateLookTests"/>
  <testcase name="ClientEndSession" time="28.530" classname="WishiTests.CrateLookTests"/>
  <testcase name="VerifyEndSession" time="11.034" classname="WishiTests.CrateLookTests"/>
</testsuite> <!-- WishiTests.CrateLookTests -->
