<?xml version="1.0" encoding="UTF-8"?>
<!-- Generated by org.testng.reporters.JUnitReportReporter -->
<testsuite skipped="0" hostname="yinons-MBP-2" name="WishiTests.BestExpensiveMaleMatchTests" tests="1" failures="0" timestamp="11 Dec 2018 15:45:07 GMT" time="58.185" errors="0">
  <testcase name="BMExpensiveMale" time="58.185" classname="WishiTests.BestExpensiveMaleMatchTests"/>
</testsuite> <!-- WishiTests.BestExpensiveMaleMatchTests -->
