<?xml version="1.0" encoding="UTF-8"?>
<!-- Generated by org.testng.reporters.JUnitReportReporter -->
<testsuite skipped="0" hostname="yinons-MBP-2" name="WishiTests.LoginTest" tests="7" failures="0" timestamp="03 Jul 2019 08:56:11 GMT" time="26.351" errors="0">
  <testcase name="LoginClickable" time="2.843" classname="WishiTests.LoginTest"/>
  <testcase name="FillPasswordWithOutToFillEmail" time="1.320" classname="WishiTests.LoginTest"/>
  <testcase name="FillEmailWithOutToFillPassword" time="1.714" classname="WishiTests.LoginTest"/>
  <testcase name="ClickLoginwWithOutToFillAnyFields" time="1.118" classname="WishiTests.LoginTest"/>
  <testcase name="FillCorrectEmailWithWrongPassword" time="2.634" classname="WishiTests.LoginTest"/>
  <testcase name="FillCorrectPasswordWithWrongEmail" time="2.174" classname="WishiTests.LoginTest"/>
  <testcase name="DoLogin" time="14.548" classname="WishiTests.LoginTest"/>
</testsuite> <!-- WishiTests.LoginTest -->
