<?xml version="1.0" encoding="UTF-8"?>
<!-- Generated by org.testng.reporters.JUnitReportReporter -->
<testsuite skipped="0" hostname="yinons-MBP-2" name="WishiTests.StartHereFluIDTests" tests="1" failures="0" timestamp="08 Mar 2020 15:19:22 GMT" time="61.359" errors="0">
  <testcase name="StartHereFluIDTests" time="61.359" classname="WishiTests.StartHereFluIDTests"/>
</testsuite> <!-- WishiTests.StartHereFluIDTests -->
