<?xml version="1.0" encoding="UTF-8"?>
<!-- Generated by org.testng.reporters.JUnitReportReporter -->
<testsuite skipped="0" hostname="yinons-MBP-2" name="WishiTests.SignUpByFacbook" tests="1" failures="0" timestamp="03 Jul 2019 08:46:57 GMT" time="14.882" errors="0">
  <testcase name="SignUpWithFacbook" time="14.882" classname="WishiTests.SignUpByFacbook"/>
</testsuite> <!-- WishiTests.SignUpByFacbook -->
