<?xml version="1.0" encoding="UTF-8"?>
<!-- Generated by org.testng.reporters.JUnitReportReporter -->
<testsuite skipped="0" hostname="yinons-MBP-2" name="WishiTests.BestMatchMaleTest" tests="1" failures="0" timestamp="22 Aug 2019 12:34:46 GMT" time="80.601" errors="0">
  <testcase name="BMExpensiveFeamle" time="80.601" classname="WishiTests.BestMatchMaleTest"/>
</testsuite> <!-- WishiTests.BestMatchMaleTest -->
