<?xml version="1.0" encoding="UTF-8"?>
<!-- Generated by org.testng.reporters.JUnitReportReporter -->
<testsuite skipped="0" hostname="yinons-MBP-2" name="WishiTests.BestMatchNormalFeamleTests" tests="1" failures="0" timestamp="27 Aug 2018 08:08:02 GMT" time="135.219" errors="0">
  <testcase name="BMNormalFeamle" time="135.219" classname="WishiTests.BestMatchNormalFeamleTests"/>
</testsuite> <!-- WishiTests.BestMatchNormalFeamleTests -->
