<?xml version="1.0" encoding="UTF-8"?>
<!-- Generated by org.testng.reporters.JUnitReportReporter -->
<testsuite skipped="0" hostname="yinons-MacBook-Pro-2.local" name="WishiTests.UploadItemTest" tests="2" failures="0" timestamp="26 Nov 2018 17:40:49 GMT" time="19.274" errors="0">
  <testcase name="DoLogin" time="9.909" classname="WishiTests.UploadItemTest"/>
  <testcase name="Uploaditem" time="9.365" classname="WishiTests.UploadItemTest"/>
</testsuite> <!-- WishiTests.UploadItemTest -->
