<?xml version="1.0" encoding="UTF-8"?>
<!-- Generated by org.testng.reporters.JUnitReportReporter -->
<testsuite skipped="0" hostname="yinons-MBP-2" name="WishiTests.BookingsingleTests" tests="2" failures="0" timestamp="02 Sep 2018 09:22:01 GMT" time="142.825" errors="0">
  <testcase name="DoSignUp" time="65.066" classname="WishiTests.BookingsingleTests"/>
  <testcase name="CheckOutSession" time="77.759" classname="WishiTests.BookingsingleTests"/>
</testsuite> <!-- WishiTests.BookingsingleTests -->
