<?xml version="1.0" encoding="UTF-8"?>
<!-- Generated by org.testng.reporters.JUnitReportReporter -->
<testsuite skipped="0" hostname="yinons-MBP-2" name="WishiTests.BestMatchNaturalTests" tests="1" failures="0" timestamp="27 Aug 2018 08:08:02 GMT" time="63.261" errors="0">
  <testcase name="BMNatural" time="63.261" classname="WishiTests.BestMatchNaturalTests"/>
</testsuite> <!-- WishiTests.BestMatchNaturalTests -->
