<?xml version="1.0" encoding="UTF-8"?>
<!-- Generated by org.testng.reporters.JUnitReportReporter -->
<testsuite skipped="0" hostname="yinons-MBP-2" name="WishiTests.BookingMembershipTests" tests="3" failures="0" timestamp="01 Jun 2020 15:03:09 GMT" time="444.423" errors="0">
  <testcase name="MembershipMini" time="130.923" classname="WishiTests.BookingMembershipTests"/>
  <testcase name="MembershipMajor" time="151.690" classname="WishiTests.BookingMembershipTests"/>
  <testcase name="CleanOut" time="161.810" classname="WishiTests.BookingMembershipTests"/>
</testsuite> <!-- WishiTests.BookingMembershipTests -->
