<?xml version="1.0" encoding="UTF-8"?>
<!-- Generated by org.testng.reporters.JUnitReportReporter -->
<testsuite skipped="0" hostname="yinons-MBP-2" name="WishiTests.LoginWithFacbookTests" tests="1" failures="0" timestamp="09 Mar 2020 13:31:08 GMT" time="20.167" errors="0">
  <testcase name="LoginWithFacbookWrongUserName" time="20.167" classname="WishiTests.LoginWithFacbookTests"/>
</testsuite> <!-- WishiTests.LoginWithFacbookTests -->
