<?xml version="1.0" encoding="UTF-8"?>
<!-- Generated by org.testng.reporters.JUnitReportReporter -->
<testsuite skipped="0" hostname="yinons-MacBook-Pro-2.local" name="WishiTests.QwizSkipedTests" tests="3" failures="0" timestamp="14 Nov 2018 07:54:58 GMT" time="88.716" errors="0">
  <testcase name="DoSignUp" time="36.399" classname="WishiTests.QwizSkipedTests"/>
  <testcase name="CheckOutSessionskip" time="32.650" classname="WishiTests.QwizSkipedTests"/>
  <testcase name="ClickSkip" time="19.667" classname="WishiTests.QwizSkipedTests"/>
</testsuite> <!-- WishiTests.QwizSkipedTests -->
