<?xml version="1.0" encoding="UTF-8"?>
<!-- Generated by org.testng.reporters.JUnitReportReporter -->
<testsuite hostname="yinons-MBP-2" failures="0" tests="1" name="WishiTests.BestMatchNormalMaleTests" time="109.408" errors="0" timestamp="10 Aug 2018 11:12:44 GMT" skipped="0">
  <testcase classname="WishiTests.BestMatchNormalMaleTests" name="BMNormalMale" time="109.408"/>
</testsuite> <!-- WishiTests.BestMatchNormalMaleTests -->
