<?xml version="1.0" encoding="UTF-8"?>
<!-- Generated by org.testng.reporters.JUnitReportReporter -->
<testsuite skipped="0" hostname="yinons-MBP-2" name="WishiTests.QwizTests" tests="26" failures="0" timestamp="27 May 2020 12:03:19 GMT" time="147.301" errors="0">
  <testcase name="DoSignUp" time="79.085" classname="WishiTests.QwizTests"/>
  <testcase name="CheckOutSession" time="26.575" classname="WishiTests.QwizTests"/>
  <testcase name="HowDidYouHear" time="2.288" classname="WishiTests.QwizTests"/>
  <testcase name="SelectBirthday" time="2.701" classname="WishiTests.QwizTests"/>
  <testcase name="SelectSpecificNneed" time="1.788" classname="WishiTests.QwizTests"/>
  <testcase name="SelectCategories" time="2.186" classname="WishiTests.QwizTests"/>
  <testcase name="SelectColors" time="0.461" classname="WishiTests.QwizTests"/>
  <testcase name="SelectHeight" time="0.994" classname="WishiTests.QwizTests"/>
  <testcase name="SelectSize" time="3.307" classname="WishiTests.QwizTests"/>
  <testcase name="SelectBudget" time="0.978" classname="WishiTests.QwizTests"/>
  <testcase name="SelectJeans" time="0.658" classname="WishiTests.QwizTests"/>
  <testcase name="SelectHIGHLIGHT" time="0.753" classname="WishiTests.QwizTests"/>
  <testcase name="SelectFitTop" time="0.662" classname="WishiTests.QwizTests"/>
  <testcase name="SelectFIT_BOTTOM" time="0.645" classname="WishiTests.QwizTests"/>
  <testcase name="SelectFABRICS" time="0.665" classname="WishiTests.QwizTests"/>
  <testcase name="FillHeels" time="1.062" classname="WishiTests.QwizTests"/>
  <testcase name="SelectCLOTHING_PREFERENCES" time="0.979" classname="WishiTests.QwizTests"/>
  <testcase name="SelectCOMFORT_ZONE" time="0.994" classname="WishiTests.QwizTests"/>
  <testcase name="SelectJewelry" time="0.721" classname="WishiTests.QwizTests"/>
  <testcase name="SelectWHAT_MATTERS" time="0.706" classname="WishiTests.QwizTests"/>
  <testcase name="SelectIcon" time="0.588" classname="WishiTests.QwizTests"/>
  <testcase name="FillInstegram" time="0.645" classname="WishiTests.QwizTests"/>
  <testcase name="AddPhoto" time="0.312" classname="WishiTests.QwizTests"/>
  <testcase name="fillphone" time="5.898" classname="WishiTests.QwizTests"/>
  <testcase name="fillLocation" time="0.700" classname="WishiTests.QwizTests"/>
  <testcase name="FinishQuiz" time="10.950" classname="WishiTests.QwizTests"/>
</testsuite> <!-- WishiTests.QwizTests -->
