<?xml version="1.0" encoding="UTF-8"?>
<!-- Generated by org.testng.reporters.JUnitReportReporter -->
<testsuite skipped="0" hostname="yinons-MacBook-Pro-2.local" name="WishiTests.QwizTests" tests="16" failures="0" timestamp="27 Sep 2018 11:42:27 GMT" time="139.499" errors="0">
  <testcase name="DoSignUp" time="64.866" classname="WishiTests.QwizTests"/>
  <testcase name="CheckOutSession" time="20.320" classname="WishiTests.QwizTests"/>
  <testcase name="SelectEvent" time="2.192" classname="WishiTests.QwizTests"/>
  <testcase name="SelectBodyType" time="1.171" classname="WishiTests.QwizTests"/>
  <testcase name="SelectHeight" time="3.373" classname="WishiTests.QwizTests"/>
  <testcase name="SelectColors" time="3.444" classname="WishiTests.QwizTests"/>
  <testcase name="SelectHighlight" time="3.339" classname="WishiTests.QwizTests"/>
  <testcase name="SelectClothingPreferences" time="3.355" classname="WishiTests.QwizTests"/>
  <testcase name="SelectHeels" time="3.346" classname="WishiTests.QwizTests"/>
  <testcase name="SelectFabrics" time="3.372" classname="WishiTests.QwizTests"/>
  <testcase name="SelectPrints" time="3.343" classname="WishiTests.QwizTests"/>
  <testcase name="SelectSize" time="6.024" classname="WishiTests.QwizTests"/>
  <testcase name="SelectComfortZone" time="3.328" classname="WishiTests.QwizTests"/>
  <testcase name="SelectJEWELRY" time="3.399" classname="WishiTests.QwizTests"/>
  <testcase name="SelectBrands" time="3.415" classname="WishiTests.QwizTests"/>
  <testcase name="SelectInventory" time="11.212" classname="WishiTests.QwizTests"/>
</testsuite> <!-- WishiTests.QwizTests -->
