<?xml version="1.0" encoding="UTF-8"?>
<!-- Generated by org.testng.reporters.JUnitReportReporter -->
<testsuite skipped="0" hostname="yinons-MBP-2" name="WishiTests.ChatQwizMaleTests" tests="9" failures="0" timestamp="26 Sep 2019 20:04:40 GMT" time="108.479" errors="0">
  <testcase name="DoSignUp" time="43.205" classname="WishiTests.ChatQwizMaleTests"/>
  <testcase name="CheckOutSession" time="27.064" classname="WishiTests.ChatQwizMaleTests"/>
  <testcase name="FillBirthday" time="11.830" classname="WishiTests.ChatQwizMaleTests"/>
  <testcase name="FillNumberPhone" time="2.922" classname="WishiTests.ChatQwizMaleTests"/>
  <testcase name="Selectheight" time="0.951" classname="WishiTests.ChatQwizMaleTests"/>
  <testcase name="Selectategory" time="1.292" classname="WishiTests.ChatQwizMaleTests"/>
  <testcase name="SelectSize" time="7.544" classname="WishiTests.ChatQwizMaleTests"/>
  <testcase name="SelectBudget" time="7.487" classname="WishiTests.ChatQwizMaleTests"/>
  <testcase name="SelectEvent" time="6.184" classname="WishiTests.ChatQwizMaleTests"/>
</testsuite> <!-- WishiTests.ChatQwizMaleTests -->
