<?xml version="1.0" encoding="UTF-8"?>
<!-- Generated by org.testng.reporters.JUnitReportReporter -->
<testsuite skipped="0" hostname="yinons-MBP-2" name="WishiTests.SignUpByFacbookfailes" tests="4" failures="0" timestamp="27 Aug 2018 08:08:02 GMT" time="34.561" errors="0">
  <testcase name="SignUpWithFacbookWrongUserName" time="16.160" classname="WishiTests.SignUpByFacbookfailes"/>
  <testcase name="SignUpWithFacbookWitOutEmail" time="11.253" classname="WishiTests.SignUpByFacbookfailes"/>
  <testcase name="SignUpWithFacbookWitOutPassword" time="3.391" classname="WishiTests.SignUpByFacbookfailes"/>
  <testcase name="SignUpWithFacbookWrongPassword" time="3.757" classname="WishiTests.SignUpByFacbookfailes"/>
</testsuite> <!-- WishiTests.SignUpByFacbookfailes -->
