<?xml version="1.0" encoding="UTF-8"?>
<!-- Generated by org.testng.reporters.JUnitReportReporter -->
<testsuite skipped="0" hostname="yinons-MBP-2" name="WishiTests.ChatTests" tests="3" failures="0" timestamp="04 Apr 2019 11:54:29 GMT" time="62.289" errors="0">
  <testcase name="LoginAsStylist" time="12.384" classname="WishiTests.ChatTests"/>
  <testcase name="SendChatToclient" time="24.055" classname="WishiTests.ChatTests"/>
  <testcase name="SendChatToStylist" time="25.850" classname="WishiTests.ChatTests"/>
</testsuite> <!-- WishiTests.ChatTests -->
