<?xml version="1.0" encoding="UTF-8"?>
<!-- Generated by org.testng.reporters.JUnitReportReporter -->
<testsuite skipped="0" hostname="yinons-MBP-2" name="WishiTests.BestMatchExpensiveFeamleTests" tests="1" failures="0" timestamp="22 Aug 2018 18:08:22 GMT" time="135.398" errors="0">
  <testcase name="BMExpensiveFeamle" time="135.398" classname="WishiTests.BestMatchExpensiveFeamleTests"/>
</testsuite> <!-- WishiTests.BestMatchExpensiveFeamleTests -->
