<?xml version="1.0" encoding="UTF-8"?>
<!-- Generated by org.testng.reporters.JUnitReportReporter -->
<testsuite skipped="0" hostname="yinons-MBP-2" name="WishiTests.RetakeMatchLowMaleTests" tests="1" failures="0" timestamp="15 Nov 2018 14:20:48 GMT" time="54.732" errors="0">
  <testcase name="BMLowMale" time="54.732" classname="WishiTests.RetakeMatchLowMaleTests"/>
</testsuite> <!-- WishiTests.RetakeMatchLowMaleTests -->
