<?xml version="1.0" encoding="UTF-8"?>
<!-- Generated by org.testng.reporters.JUnitReportReporter -->
<testsuite skipped="0" hostname="yinons-MBP-2" name="WishiTests.SignUpByFacbookfailes" tests="4" failures="0" timestamp="04 Apr 2019 11:54:29 GMT" time="51.301" errors="0">
  <testcase name="SignUpWithFacbookWrongUserName" time="22.700" classname="WishiTests.SignUpByFacbookfailes"/>
  <testcase name="SignUpWithFacbookWitOutEmail" time="12.464" classname="WishiTests.SignUpByFacbookfailes"/>
  <testcase name="SignUpWithFacbookWitOutPassword" time="5.708" classname="WishiTests.SignUpByFacbookfailes"/>
  <testcase name="SignUpWithFacbookWrongPassword" time="10.429" classname="WishiTests.SignUpByFacbookfailes"/>
</testsuite> <!-- WishiTests.SignUpByFacbookfailes -->
