<?xml version="1.0" encoding="UTF-8"?>
<!-- Generated by org.testng.reporters.JUnitReportReporter -->
<testsuite skipped="0" hostname="yinons-MBP-2" name="WishiTests.SignUpByFacbook" tests="1" failures="0" timestamp="09 Mar 2020 13:29:20 GMT" time="15.558" errors="0">
  <testcase name="SignUpWithFacbook" time="15.558" classname="WishiTests.SignUpByFacbook"/>
</testsuite> <!-- WishiTests.SignUpByFacbook -->
