<?xml version="1.0" encoding="UTF-8"?>
<!-- Generated by org.testng.reporters.JUnitReportReporter -->
<testsuite hostname="yinons-MBP-2" failures="0" tests="1" name="WishiTests.BestMatchNaturalTests" time="63.983" errors="0" timestamp="10 Aug 2018 11:44:59 GMT" skipped="0">
  <testcase classname="WishiTests.BestMatchNaturalTests" name="BMNatural" time="63.983"/>
</testsuite> <!-- WishiTests.BestMatchNaturalTests -->
