<?xml version="1.0" encoding="UTF-8"?>
<!-- Generated by org.testng.reporters.JUnitReportReporter -->
<testsuite skipped="0" hostname="yinons-MacBook-Pro-2.local" name="WishiTests.CrateLookTests" tests="16" failures="0" timestamp="14 Nov 2018 07:54:58 GMT" time="383.355" errors="0">
  <testcase name="LoginAsClient" time="7.887" classname="WishiTests.CrateLookTests"/>
  <testcase name="CheckOutSession" time="32.743" classname="WishiTests.CrateLookTests"/>
  <testcase name="LoginAsStylist" time="8.672" classname="WishiTests.CrateLookTests"/>
  <testcase name="CreateMoodBoard" time="37.648" classname="WishiTests.CrateLookTests"/>
  <testcase name="VerifyMoodBoard" time="12.883" classname="WishiTests.CrateLookTests"/>
  <testcase name="CreatePS" time="48.695" classname="WishiTests.CrateLookTests"/>
  <testcase name="AskRevise" time="12.976" classname="WishiTests.CrateLookTests"/>
  <testcase name="CreateLook1" time="49.053" classname="WishiTests.CrateLookTests"/>
  <testcase name="VerifyLook1" time="12.435" classname="WishiTests.CrateLookTests"/>
  <testcase name="CreateLook2" time="45.704" classname="WishiTests.CrateLookTests"/>
  <testcase name="VerifyLook2" time="13.022" classname="WishiTests.CrateLookTests"/>
  <testcase name="CreateLook3" time="45.814" classname="WishiTests.CrateLookTests"/>
  <testcase name="VerifyLook3" time="15.029" classname="WishiTests.CrateLookTests"/>
  <testcase name="AskEndSession" time="13.474" classname="WishiTests.CrateLookTests"/>
  <testcase name="ClientEndSession" time="17.509" classname="WishiTests.CrateLookTests"/>
  <testcase name="VerifyEndSession" time="9.811" classname="WishiTests.CrateLookTests"/>
</testsuite> <!-- WishiTests.CrateLookTests -->
