<?xml version="1.0" encoding="UTF-8"?>
<!-- Generated by org.testng.reporters.JUnitReportReporter -->
<testsuite skipped="0" hostname="yinons-MBP-2" name="WishiTests.LoginTest" tests="7" failures="0" timestamp="04 Apr 2019 11:54:29 GMT" time="26.270" errors="0">
  <testcase name="LoginClickable" time="2.890" classname="WishiTests.LoginTest"/>
  <testcase name="FillPasswordWithOutToFillEmail" time="1.581" classname="WishiTests.LoginTest"/>
  <testcase name="FillEmailWithOutToFillPassword" time="1.561" classname="WishiTests.LoginTest"/>
  <testcase name="ClickLoginwWithOutToFillAnyFields" time="1.437" classname="WishiTests.LoginTest"/>
  <testcase name="FillCorrectEmailWithWrongPassword" time="2.791" classname="WishiTests.LoginTest"/>
  <testcase name="FillCorrectPasswordWithWrongEmail" time="2.243" classname="WishiTests.LoginTest"/>
  <testcase name="DoLogin" time="13.767" classname="WishiTests.LoginTest"/>
</testsuite> <!-- WishiTests.LoginTest -->
