<?xml version="1.0" encoding="UTF-8"?>
<!-- Generated by org.testng.reporters.JUnitReportReporter -->
<testsuite skipped="0" hostname="yinons-MBP-2" name="WishiTests.BookMiniSubTests" tests="14" failures="0" timestamp="21 Feb 2019 12:24:46 GMT" time="330.005" errors="0">
  <testcase name="LoginAsClient" time="7.991" classname="WishiTests.BookMiniSubTests"/>
  <testcase name="CheckOutSession" time="37.531" classname="WishiTests.BookMiniSubTests"/>
  <testcase name="LoginAsStylist" time="10.615" classname="WishiTests.BookMiniSubTests"/>
  <testcase name="CreateMoodBoard" time="35.235" classname="WishiTests.BookMiniSubTests"/>
  <testcase name="VerifyMoodBoard" time="14.068" classname="WishiTests.BookMiniSubTests"/>
  <testcase name="CreatePS" time="46.974" classname="WishiTests.BookMiniSubTests"/>
  <testcase name="AskRevise" time="13.191" classname="WishiTests.BookMiniSubTests"/>
  <testcase name="CreateLook1" time="46.702" classname="WishiTests.BookMiniSubTests"/>
  <testcase name="VerifyLook1" time="13.593" classname="WishiTests.BookMiniSubTests"/>
  <testcase name="CreateLook2" time="44.526" classname="WishiTests.BookMiniSubTests"/>
  <testcase name="VerifyLook2" time="13.504" classname="WishiTests.BookMiniSubTests"/>
  <testcase name="AskEndSession" time="12.554" classname="WishiTests.BookMiniSubTests"/>
  <testcase name="ClientEndSession" time="23.698" classname="WishiTests.BookMiniSubTests"/>
  <testcase name="VerifyEndSession" time="9.823" classname="WishiTests.BookMiniSubTests"/>
</testsuite> <!-- WishiTests.BookMiniSubTests -->
