<?xml version="1.0" encoding="UTF-8"?>
<!-- Generated by org.testng.reporters.JUnitReportReporter -->
<testsuite skipped="0" hostname="yinons-MacBook-Pro-2.local" name="WishiTests.BestMatchMaleTest" tests="1" failures="0" timestamp="20 Jun 2019 15:26:19 GMT" time="80.935" errors="0">
  <testcase name="BMExpensiveFeamle" time="80.935" classname="WishiTests.BestMatchMaleTest"/>
</testsuite> <!-- WishiTests.BestMatchMaleTest -->
