<?xml version="1.0" encoding="UTF-8"?>
<!-- Generated by org.testng.reporters.JUnitReportReporter -->
<testsuite skipped="0" hostname="yinons-MacBook-Pro-2.local" name="WishiTests.ChatTests" tests="3" failures="0" timestamp="26 Nov 2018 17:40:49 GMT" time="57.163" errors="0">
  <testcase name="LoginAsStylist" time="9.399" classname="WishiTests.ChatTests"/>
  <testcase name="SendChatToclient" time="25.297" classname="WishiTests.ChatTests"/>
  <testcase name="SendChatToStylist" time="22.467" classname="WishiTests.ChatTests"/>
</testsuite> <!-- WishiTests.ChatTests -->
