<?xml version="1.0" encoding="UTF-8"?>
<!-- Generated by org.testng.reporters.JUnitReportReporter -->
<testsuite skipped="0" hostname="yinons-MBP-2" name="WishiTests.BookMajorSingleTests" tests="20" failures="0" timestamp="04 Apr 2019 11:54:29 GMT" time="544.678" errors="0">
  <testcase name="LoginAsClient" time="10.464" classname="WishiTests.BookMajorSingleTests"/>
  <testcase name="CheckOutSession" time="29.694" classname="WishiTests.BookMajorSingleTests"/>
  <testcase name="LoginAsStylist" time="13.129" classname="WishiTests.BookMajorSingleTests"/>
  <testcase name="CreateMoodBoard" time="35.587" classname="WishiTests.BookMajorSingleTests"/>
  <testcase name="VerifyMoodBoard" time="15.605" classname="WishiTests.BookMajorSingleTests"/>
  <testcase name="CreatePS" time="49.390" classname="WishiTests.BookMajorSingleTests"/>
  <testcase name="AskRevise" time="15.198" classname="WishiTests.BookMajorSingleTests"/>
  <testcase name="CreateLook1" time="49.226" classname="WishiTests.BookMajorSingleTests"/>
  <testcase name="VerifyLook1" time="14.963" classname="WishiTests.BookMajorSingleTests"/>
  <testcase name="CreateLook2" time="47.019" classname="WishiTests.BookMajorSingleTests"/>
  <testcase name="VerifyLook2" time="15.532" classname="WishiTests.BookMajorSingleTests"/>
  <testcase name="CreateLook3" time="47.623" classname="WishiTests.BookMajorSingleTests"/>
  <testcase name="VerifyLook3" time="17.719" classname="WishiTests.BookMajorSingleTests"/>
  <testcase name="CreateLook4" time="49.589" classname="WishiTests.BookMajorSingleTests"/>
  <testcase name="VerifyLook4" time="15.322" classname="WishiTests.BookMajorSingleTests"/>
  <testcase name="CreateLook5" time="48.936" classname="WishiTests.BookMajorSingleTests"/>
  <testcase name="VerifyLook5" time="15.533" classname="WishiTests.BookMajorSingleTests"/>
  <testcase name="AskEndSession" time="14.550" classname="WishiTests.BookMajorSingleTests"/>
  <testcase name="ClientEndSession" time="26.678" classname="WishiTests.BookMajorSingleTests"/>
  <testcase name="VerifyEndSession" time="12.921" classname="WishiTests.BookMajorSingleTests"/>
</testsuite> <!-- WishiTests.BookMajorSingleTests -->
