<?xml version="1.0" encoding="UTF-8"?>
<!-- Generated by org.testng.reporters.JUnitReportReporter -->
<testsuite skipped="0" hostname="yinons-MBP-2" name="WishiTests.BestMatchHelloNo" tests="1" failures="0" timestamp="08 Mar 2020 11:47:32 GMT" time="57.902" errors="0">
  <testcase name="BestMatchHelloNo" time="57.902" classname="WishiTests.BestMatchHelloNo"/>
</testsuite> <!-- WishiTests.BestMatchHelloNo -->
