<?xml version="1.0" encoding="UTF-8"?>
<!-- Generated by org.testng.reporters.JUnitReportReporter -->
<testsuite skipped="0" hostname="yinons-MBP-2" name="WishiTests.BestMatchHelloNo" tests="1" failures="0" timestamp="20 Jun 2019 13:42:18 GMT" time="136.550" errors="0">
  <testcase name="BestMatchHelloNo" time="136.550" classname="WishiTests.BestMatchHelloNo"/>
</testsuite> <!-- WishiTests.BestMatchHelloNo -->
