<?xml version="1.0" encoding="UTF-8"?>
<!-- Generated by org.testng.reporters.JUnitReportReporter -->
<testsuite skipped="0" hostname="yinons-MacBook-Pro-2.local" name="WishiTests.LoginWithFacbookFailsTests" tests="5" failures="0" timestamp="26 Nov 2018 17:40:49 GMT" time="17.254" errors="0">
  <testcase name="LoginWitoutUserAndPassword" time="5.930" classname="WishiTests.LoginWithFacbookFailsTests"/>
  <testcase name="LoginWitoutUser" time="1.418" classname="WishiTests.LoginWithFacbookFailsTests"/>
  <testcase name="LoginWitoutPassword" time="1.879" classname="WishiTests.LoginWithFacbookFailsTests"/>
  <testcase name="LoginWithFacbookWrongPassword" time="2.090" classname="WishiTests.LoginWithFacbookFailsTests"/>
  <testcase name="LoginWithFacbookWrongUserName" time="5.937" classname="WishiTests.LoginWithFacbookFailsTests"/>
</testsuite> <!-- WishiTests.LoginWithFacbookFailsTests -->
