<?xml version="1.0" encoding="UTF-8"?>
<!-- Generated by org.testng.reporters.JUnitReportReporter -->
<testsuite skipped="0" hostname="yinons-MBP-2" name="WishiTests.LoginTest" tests="6" failures="0" timestamp="01 Mar 2020 11:11:11 GMT" time="55.278" errors="0">
  <testcase name="FillPasswordWithOutToFillEmail" time="23.933" classname="WishiTests.LoginTest"/>
  <testcase name="FillEmailWithOutToFillPassword" time="1.289" classname="WishiTests.LoginTest"/>
  <testcase name="ClickLoginwWithOutToFillAnyFields" time="3.235" classname="WishiTests.LoginTest"/>
  <testcase name="FillCorrectEmailWithWrongPassword" time="1.466" classname="WishiTests.LoginTest"/>
  <testcase name="FillCorrectPasswordWithWrongEmail" time="10.427" classname="WishiTests.LoginTest"/>
  <testcase name="DoLogin" time="14.928" classname="WishiTests.LoginTest"/>
</testsuite> <!-- WishiTests.LoginTest -->
