<?xml version="1.0" encoding="UTF-8"?>
<!-- Generated by org.testng.reporters.JUnitReportReporter -->
<testsuite skipped="0" hostname="yinons-MBP-2" name="WishiTests.BestMatchExpensiveFeamleTests" tests="1" failures="0" timestamp="27 Aug 2018 11:25:09 GMT" time="136.820" errors="0">
  <testcase name="BMExpensiveFeamle" time="136.820" classname="WishiTests.BestMatchExpensiveFeamleTests"/>
</testsuite> <!-- WishiTests.BestMatchExpensiveFeamleTests -->
