<?xml version="1.0" encoding="UTF-8"?>
<!-- Generated by org.testng.reporters.JUnitReportReporter -->
<testsuite skipped="0" hostname="yinons-MBP-2" name="WishiTests.UploadItemTest" tests="2" failures="0" timestamp="27 Aug 2018 08:13:32 GMT" time="15.035" errors="0">
  <testcase name="DoLogin" time="9.964" classname="WishiTests.UploadItemTest"/>
  <testcase name="Uploaditem" time="5.071" classname="WishiTests.UploadItemTest"/>
</testsuite> <!-- WishiTests.UploadItemTest -->
