<?xml version="1.0" encoding="UTF-8"?>
<!-- Generated by org.testng.reporters.JUnitReportReporter -->
<testsuite skipped="0" hostname="yinons-MacBook-Pro-2.local" name="WishiTests.CrateLookTests" tests="20" failures="0" timestamp="27 Sep 2018 11:42:27 GMT" time="505.485" errors="0">
  <testcase name="LoginAsClient" time="7.935" classname="WishiTests.CrateLookTests"/>
  <testcase name="CheckOutSession" time="21.688" classname="WishiTests.CrateLookTests"/>
  <testcase name="LoginAsStylist" time="8.642" classname="WishiTests.CrateLookTests"/>
  <testcase name="CreateMoodBoard" time="40.802" classname="WishiTests.CrateLookTests"/>
  <testcase name="VerifyMoodBoard" time="12.532" classname="WishiTests.CrateLookTests"/>
  <testcase name="CreatePS" time="50.022" classname="WishiTests.CrateLookTests"/>
  <testcase name="AskRevise" time="13.167" classname="WishiTests.CrateLookTests"/>
  <testcase name="CreateLook1" time="50.852" classname="WishiTests.CrateLookTests"/>
  <testcase name="VerifyLook1" time="12.633" classname="WishiTests.CrateLookTests"/>
  <testcase name="CreateMoodBoard2" time="48.283" classname="WishiTests.CrateLookTests"/>
  <testcase name="VerifyMoodBoard2" time="13.276" classname="WishiTests.CrateLookTests"/>
  <testcase name="CreateLook2" time="47.007" classname="WishiTests.CrateLookTests"/>
  <testcase name="VerifyLook2" time="12.955" classname="WishiTests.CrateLookTests"/>
  <testcase name="CreateMoodBoard3" time="47.227" classname="WishiTests.CrateLookTests"/>
  <testcase name="VerifyMoodBoard3" time="15.405" classname="WishiTests.CrateLookTests"/>
  <testcase name="CreateLook3" time="47.872" classname="WishiTests.CrateLookTests"/>
  <testcase name="VerifyLook3" time="14.938" classname="WishiTests.CrateLookTests"/>
  <testcase name="AskEndSession" time="12.631" classname="WishiTests.CrateLookTests"/>
  <testcase name="ClientEndSession" time="17.728" classname="WishiTests.CrateLookTests"/>
  <testcase name="VerifyEndSession" time="9.890" classname="WishiTests.CrateLookTests"/>
</testsuite> <!-- WishiTests.CrateLookTests -->
