<?xml version="1.0" encoding="UTF-8"?>
<!-- Generated by org.testng.reporters.JUnitReportReporter -->
<testsuite skipped="0" hostname="yinons-MBP-2" name="WishiTests.BookMajotSubTests" tests="20" failures="0" timestamp="21 Feb 2019 11:00:19 GMT" time="509.245" errors="0">
  <testcase name="LoginAsClient" time="7.990" classname="WishiTests.BookMajotSubTests"/>
  <testcase name="CheckOutSession" time="37.328" classname="WishiTests.BookMajotSubTests"/>
  <testcase name="LoginAsStylist" time="10.627" classname="WishiTests.BookMajotSubTests"/>
  <testcase name="CreateMoodBoard" time="34.303" classname="WishiTests.BookMajotSubTests"/>
  <testcase name="VerifyMoodBoard" time="13.056" classname="WishiTests.BookMajotSubTests"/>
  <testcase name="CreatePS" time="46.533" classname="WishiTests.BookMajotSubTests"/>
  <testcase name="AskRevise" time="13.029" classname="WishiTests.BookMajotSubTests"/>
  <testcase name="CreateLook1" time="49.870" classname="WishiTests.BookMajotSubTests"/>
  <testcase name="VerifyLook1" time="12.967" classname="WishiTests.BookMajotSubTests"/>
  <testcase name="CreateLook2" time="43.968" classname="WishiTests.BookMajotSubTests"/>
  <testcase name="VerifyLook2" time="13.270" classname="WishiTests.BookMajotSubTests"/>
  <testcase name="CreateLook3" time="44.280" classname="WishiTests.BookMajotSubTests"/>
  <testcase name="VerifyLook3" time="15.590" classname="WishiTests.BookMajotSubTests"/>
  <testcase name="CreateLook4" time="48.253" classname="WishiTests.BookMajotSubTests"/>
  <testcase name="VerifyLook4" time="13.144" classname="WishiTests.BookMajotSubTests"/>
  <testcase name="CreateLook5" time="46.755" classname="WishiTests.BookMajotSubTests"/>
  <testcase name="VerifyLook5" time="13.128" classname="WishiTests.BookMajotSubTests"/>
  <testcase name="AskEndSession" time="12.021" classname="WishiTests.BookMajotSubTests"/>
  <testcase name="ClientEndSession" time="23.507" classname="WishiTests.BookMajotSubTests"/>
  <testcase name="VerifyEndSession" time="9.626" classname="WishiTests.BookMajotSubTests"/>
</testsuite> <!-- WishiTests.BookMajotSubTests -->
