<?xml version="1.0" encoding="UTF-8"?>
<!-- Generated by org.testng.reporters.JUnitReportReporter -->
<testsuite skipped="0" hostname="yinons-MBP-2" name="WishiTests.BookingsingleTests" tests="3" failures="0" timestamp="01 Apr 2020 14:40:42 GMT" time="174.481" errors="0">
  <testcase name="DoSignUp" time="59.171" classname="WishiTests.BookingsingleTests"/>
  <testcase name="SingleMini" time="56.565" classname="WishiTests.BookingsingleTests"/>
  <testcase name="SingleMajor" time="58.745" classname="WishiTests.BookingsingleTests"/>
</testsuite> <!-- WishiTests.BookingsingleTests -->
