<?xml version="1.0" encoding="UTF-8"?>
<!-- Generated by org.testng.reporters.JUnitReportReporter -->
<testsuite skipped="0" hostname="yinons-MacBook-Pro-2.local" name="WishiTests.RetakeMatchExpensiveFeamleTests" tests="1" failures="0" timestamp="14 Nov 2018 10:32:26 GMT" time="67.908" errors="0">
  <testcase name="BMExpensiveFeamle" time="67.908" classname="WishiTests.RetakeMatchExpensiveFeamleTests"/>
</testsuite> <!-- WishiTests.RetakeMatchExpensiveFeamleTests -->
