<?xml version="1.0" encoding="UTF-8"?>
<!-- Generated by org.testng.reporters.JUnitReportReporter -->
<testsuite skipped="0" hostname="yinons-MBP-2" name="WishiTests.StartHereFFacbookTests" tests="1" failures="0" timestamp="03 Jul 2019 08:49:43 GMT" time="137.427" errors="0">
  <testcase name="StartHereMaleTests" time="137.427" classname="WishiTests.StartHereFFacbookTests"/>
</testsuite> <!-- WishiTests.StartHereFFacbookTests -->
