<?xml version="1.0" encoding="UTF-8"?>
<!-- Generated by org.testng.reporters.JUnitReportReporter -->
<testsuite skipped="0" hostname="yinons-MBP-2" name="WishiTests.BookingMembershipTests" tests="3" failures="0" timestamp="04 Apr 2019 11:54:29 GMT" time="149.062" errors="0">
  <testcase name="DoSignUp" time="63.971" classname="WishiTests.BookingMembershipTests"/>
  <testcase name="MembershipMini" time="39.728" classname="WishiTests.BookingMembershipTests"/>
  <testcase name="MembershipMajor" time="45.363" classname="WishiTests.BookingMembershipTests"/>
</testsuite> <!-- WishiTests.BookingMembershipTests -->
