<?xml version="1.0" encoding="UTF-8"?>
<!-- Generated by org.testng.reporters.JUnitReportReporter -->
<testsuite skipped="0" hostname="yinons-MacBook-Pro-2.local" name="WishiTests.LoginTest" tests="7" failures="0" timestamp="27 Sep 2018 11:42:27 GMT" time="28.041" errors="0">
  <testcase name="LoginClickable" time="7.174" classname="WishiTests.LoginTest"/>
  <testcase name="FillPasswordWithOutToFillEmail" time="1.595" classname="WishiTests.LoginTest"/>
  <testcase name="FillEmailWithOutToFillPassword" time="1.611" classname="WishiTests.LoginTest"/>
  <testcase name="ClickLoginwWithOutToFillAnyFields" time="1.500" classname="WishiTests.LoginTest"/>
  <testcase name="FillCorrectEmailWithWrongPassword" time="2.751" classname="WishiTests.LoginTest"/>
  <testcase name="FillCorrectPasswordWithWrongEmail" time="2.432" classname="WishiTests.LoginTest"/>
  <testcase name="DoLogin" time="10.978" classname="WishiTests.LoginTest"/>
</testsuite> <!-- WishiTests.LoginTest -->
