<?xml version="1.0" encoding="UTF-8"?>
<!-- Generated by org.testng.reporters.JUnitReportReporter -->
<testsuite skipped="0" hostname="yinons-MacBook-Pro-2.local" name="WishiTests.ChatTests" tests="3" failures="0" timestamp="27 Sep 2018 11:42:27 GMT" time="54.373" errors="0">
  <testcase name="LoginAsStylist" time="8.375" classname="WishiTests.ChatTests"/>
  <testcase name="SendChatToclient" time="23.834" classname="WishiTests.ChatTests"/>
  <testcase name="SendChatToStylist" time="22.164" classname="WishiTests.ChatTests"/>
</testsuite> <!-- WishiTests.ChatTests -->
