<?xml version="1.0" encoding="UTF-8"?>
<!-- Generated by org.testng.reporters.JUnitReportReporter -->
<testsuite skipped="0" hostname="yinons-MBP-2" name="WishiTests.SignUpTest" tests="5" failures="0" timestamp="30 Apr 2020 14:23:31 GMT" time="58.845" errors="0">
  <testcase name="FillEmailWitoutShtudel" time="7.833" classname="WishiTests.SignUpTest"/>
  <testcase name="FillEmailWithoutDotCom" time="12.632" classname="WishiTests.SignUpTest"/>
  <testcase name="FillPsswordWithLessthan6Characters" time="11.677" classname="WishiTests.SignUpTest"/>
  <testcase name="FillNameWithWrongcarecters" time="11.651" classname="WishiTests.SignUpTest"/>
  <testcase name="DoSignUp" time="15.052" classname="WishiTests.SignUpTest"/>
</testsuite> <!-- WishiTests.SignUpTest -->
