<?xml version="1.0" encoding="UTF-8"?>
<!-- Generated by org.testng.reporters.JUnitReportReporter -->
<testsuite skipped="0" hostname="yinons-MBP-2" name="WishiTests.StartHereFFacbookTests" tests="1" failures="0" timestamp="04 Apr 2019 11:54:29 GMT" time="117.024" errors="0">
  <testcase name="StartHereMaleTests" time="117.024" classname="WishiTests.StartHereFFacbookTests"/>
</testsuite> <!-- WishiTests.StartHereFFacbookTests -->
