<?xml version="1.0" encoding="UTF-8"?>
<!-- Generated by org.testng.reporters.JUnitReportReporter -->
<testsuite skipped="0" hostname="yinons-MacBook-Pro-2.local" name="WishiTests.SignUpTest" tests="5" failures="0" timestamp="27 Sep 2018 11:42:27 GMT" time="32.296" errors="0">
  <testcase name="SignUpClickable" time="1.315" classname="WishiTests.SignUpTest"/>
  <testcase name="FillEmailWitoutShtudel" time="5.939" classname="WishiTests.SignUpTest"/>
  <testcase name="FillEmailWithoutDotCom" time="5.528" classname="WishiTests.SignUpTest"/>
  <testcase name="FillPsswordWithLessthan6Characters" time="5.548" classname="WishiTests.SignUpTest"/>
  <testcase name="DoSignUp" time="13.966" classname="WishiTests.SignUpTest"/>
</testsuite> <!-- WishiTests.SignUpTest -->
