<?xml version="1.0" encoding="UTF-8"?>
<!-- Generated by org.testng.reporters.JUnitReportReporter -->
<testsuite skipped="0" hostname="yinons-MBP-2" name="WishiTests.BestMatchFluIDTest" tests="1" failures="0" timestamp="04 Apr 2019 11:54:29 GMT" time="119.737" errors="0">
  <testcase name="BestMatchFemaleTest" time="119.737" classname="WishiTests.BestMatchFluIDTest"/>
</testsuite> <!-- WishiTests.BestMatchFluIDTest -->
