<?xml version="1.0" encoding="UTF-8"?>
<!-- Generated by org.testng.reporters.JUnitReportReporter -->
<testsuite skipped="0" hostname="yinons-MBP-2" name="WishiTests.QwizMaleTests" tests="9" failures="0" timestamp="11 Dec 2018 10:36:12 GMT" time="86.239" errors="0">
  <testcase name="DoSignUp" time="33.274" classname="WishiTests.QwizMaleTests"/>
  <testcase name="CheckOutSession" time="24.030" classname="WishiTests.QwizMaleTests"/>
  <testcase name="SelectBodyType" time="3.043" classname="WishiTests.QwizMaleTests"/>
  <testcase name="SelectHeight" time="3.358" classname="WishiTests.QwizMaleTests"/>
  <testcase name="SelectColors" time="3.544" classname="WishiTests.QwizMaleTests"/>
  <testcase name="SelectFabrics" time="3.362" classname="WishiTests.QwizMaleTests"/>
  <testcase name="SelectSize" time="6.048" classname="WishiTests.QwizMaleTests"/>
  <testcase name="SelectComfortZone" time="3.714" classname="WishiTests.QwizMaleTests"/>
  <testcase name="FillNumberPhone" time="5.866" classname="WishiTests.QwizMaleTests"/>
</testsuite> <!-- WishiTests.QwizMaleTests -->
