<?xml version="1.0" encoding="UTF-8"?>
<!-- Generated by org.testng.reporters.JUnitReportReporter -->
<testsuite skipped="0" hostname="yinons-MBP-2" name="WishiTests.BestMatchFemaleTest" tests="1" failures="0" timestamp="08 Mar 2020 14:39:50 GMT" time="59.037" errors="0">
  <testcase name="BestMatchFemaleTest" time="59.037" classname="WishiTests.BestMatchFemaleTest"/>
</testsuite> <!-- WishiTests.BestMatchFemaleTest -->
