<?xml version="1.0" encoding="UTF-8"?>
<!-- Generated by org.testng.reporters.JUnitReportReporter -->
<testsuite skipped="0" hostname="yinons-MBP-2" name="WishiTests.StartHereFFacbookTests" tests="1" failures="0" timestamp="09 Mar 2020 13:10:36 GMT" time="62.421" errors="0">
  <testcase name="StartHereMaleTests" time="62.421" classname="WishiTests.StartHereFFacbookTests"/>
</testsuite> <!-- WishiTests.StartHereFFacbookTests -->
