<?xml version="1.0" encoding="UTF-8"?>
<!-- Generated by org.testng.reporters.JUnitReportReporter -->
<testsuite skipped="0" hostname="yinons-MBP-2" name="WishiTests.LoginWithFacbookFailsTests" tests="4" failures="0" timestamp="04 Apr 2019 11:54:29 GMT" time="13.294" errors="0">
  <testcase name="LoginWitoutUserAndPassword" time="5.815" classname="WishiTests.LoginWithFacbookFailsTests"/>
  <testcase name="LoginWitoutUser" time="2.344" classname="WishiTests.LoginWithFacbookFailsTests"/>
  <testcase name="LoginWitoutPassword" time="2.141" classname="WishiTests.LoginWithFacbookFailsTests"/>
  <testcase name="LoginWithFacbookWrongPassword" time="2.994" classname="WishiTests.LoginWithFacbookFailsTests"/>
</testsuite> <!-- WishiTests.LoginWithFacbookFailsTests -->
