<?xml version="1.0" encoding="UTF-8"?>
<!-- Generated by org.testng.reporters.JUnitReportReporter -->
<testsuite skipped="0" hostname="yinons-MBP-2" name="WishiTests.LoginTest" tests="7" failures="0" timestamp="11 Dec 2018 10:36:12 GMT" time="24.237" errors="0">
  <testcase name="LoginClickable" time="2.863" classname="WishiTests.LoginTest"/>
  <testcase name="FillPasswordWithOutToFillEmail" time="1.619" classname="WishiTests.LoginTest"/>
  <testcase name="FillEmailWithOutToFillPassword" time="1.607" classname="WishiTests.LoginTest"/>
  <testcase name="ClickLoginwWithOutToFillAnyFields" time="1.463" classname="WishiTests.LoginTest"/>
  <testcase name="FillCorrectEmailWithWrongPassword" time="3.153" classname="WishiTests.LoginTest"/>
  <testcase name="FillCorrectPasswordWithWrongEmail" time="2.265" classname="WishiTests.LoginTest"/>
  <testcase name="DoLogin" time="11.267" classname="WishiTests.LoginTest"/>
</testsuite> <!-- WishiTests.LoginTest -->
