<?xml version="1.0" encoding="UTF-8"?>
<!-- Generated by org.testng.reporters.JUnitReportReporter -->
<testsuite skipped="0" hostname="yinons-MBP-2" name="WishiTests.BookingCouponTests" tests="2" failures="0" timestamp="01 Jun 2020 12:44:52 GMT" time="303.418" errors="0">
  <testcase name="CouponMini" time="140.421" classname="WishiTests.BookingCouponTests"/>
  <testcase name="CouponMajor" time="162.997" classname="WishiTests.BookingCouponTests"/>
</testsuite> <!-- WishiTests.BookingCouponTests -->
