<?xml version="1.0" encoding="UTF-8"?>
<!-- Generated by org.testng.reporters.JUnitReportReporter -->
<testsuite skipped="0" hostname="yinons-MBP-2" name="WishiTests.BestMatchHelloNo" tests="2" failures="0" timestamp="16 Mar 2020 16:03:37 GMT" time="202.774" errors="0">
  <testcase name="BestMatchHelloNo" time="61.914" classname="WishiTests.BestMatchHelloNo"/>
  <testcase name="BestMatchHelloNoBack" time="140.860" classname="WishiTests.BestMatchHelloNo"/>
</testsuite> <!-- WishiTests.BestMatchHelloNo -->
