<?xml version="1.0" encoding="UTF-8"?>
<!-- Generated by org.testng.reporters.JUnitReportReporter -->
<testsuite skipped="0" hostname="LAPTOP-2ER69HLS" name="Tests.LoginTests" tests="3" failures="0" timestamp="07 Dec 2017 22:40:21 GMT" time="35.050" errors="0">
  <testcase name="setup" time="30.321" classname="Tests.LoginTests"/>
  <testcase name="ClickLogin" time="0.712" classname="Tests.LoginTests"/>
  <testcase name="DoLogin" time="4.017" classname="Tests.LoginTests"/>
</testsuite> <!-- Tests.LoginTests -->
