<?xml version="1.0" encoding="UTF-8"?>
<!-- Generated by org.testng.reporters.JUnitReportReporter -->
<testsuite skipped="0" hostname="yinons-MBP-2" name="Tests.qwizTests" tests="13" failures="0" timestamp="27 Jun 2019 08:31:17 GMT" time="185.664" errors="0">
  <testcase name="DoSignUp" time="67.031" classname="Tests.qwizTests"/>
  <testcase name="BookMajorCupon" time="52.182" classname="Tests.qwizTests"/>
  <testcase name="SelectHeight" time="2.489" classname="Tests.qwizTests"/>
  <testcase name="SelectColors" time="6.344" classname="Tests.qwizTests"/>
  <testcase name="SelectHighlight" time="5.430" classname="Tests.qwizTests"/>
  <testcase name="SelectClothingPreferences" time="5.456" classname="Tests.qwizTests"/>
  <testcase name="SelectHeels" time="5.367" classname="Tests.qwizTests"/>
  <testcase name="SelectFabrics" time="5.436" classname="Tests.qwizTests"/>
  <testcase name="SelectSize" time="6.267" classname="Tests.qwizTests"/>
  <testcase name="SelectBudget" time="6.607" classname="Tests.qwizTests"/>
  <testcase name="SelectComfortZone" time="5.390" classname="Tests.qwizTests"/>
  <testcase name="SelectJEWELRY" time="8.973" classname="Tests.qwizTests"/>
  <testcase name="FillNumberPhone" time="8.692" classname="Tests.qwizTests"/>
</testsuite> <!-- Tests.qwizTests -->
