<?xml version="1.0" encoding="UTF-8"?>
<!-- Generated by org.testng.reporters.JUnitReportReporter -->
<testsuite skipped="0" hostname="yinons-MBP-2" name="Tests.BookingCCTests" tests="3" failures="0" timestamp="27 Jun 2019 08:31:17 GMT" time="165.253" errors="0">
  <testcase name="DoSignUp" time="67.094" classname="Tests.BookingCCTests"/>
  <testcase name="BookMiniCreditCard" time="51.427" classname="Tests.BookingCCTests"/>
  <testcase name="BookMajorCreditCard" time="46.732" classname="Tests.BookingCCTests"/>
</testsuite> <!-- Tests.BookingCCTests -->
