<?xml version="1.0" encoding="UTF-8"?>
<!-- Generated by org.testng.reporters.JUnitReportReporter -->
<testsuite skipped="0" hostname="yinons-MBP-2" name="Tests.StartHereFluIDTests" tests="1" failures="0" timestamp="27 Jun 2019 08:31:17 GMT" time="193.027" errors="0">
  <testcase name="StartHereFluIDTests" time="193.027" classname="Tests.StartHereFluIDTests"/>
</testsuite> <!-- Tests.StartHereFluIDTests -->
