<?xml version="1.0" encoding="UTF-8"?>
<!-- Generated by org.testng.reporters.JUnitReportReporter -->
<testsuite hostname="yinons-MacBook-Pro.local" failures="0" tests="5" name="WishiTests.SignUpTest" time="5.615" errors="0" timestamp="25 Dec 2017 16:24:54 GMT" skipped="0">
  <testcase classname="WishiTests.SignUpTest" name="SignUpClickable" time="0.444"/>
  <testcase classname="WishiTests.SignUpTest" name="FillEmailWitoutShtudel" time="0.861"/>
  <testcase classname="WishiTests.SignUpTest" name="FillEmailWithoutDotCom" time="0.539"/>
  <testcase classname="WishiTests.SignUpTest" name="FillPsswordWithLessthan6Characters" time="0.494"/>
  <testcase classname="WishiTests.SignUpTest" name="DoSignUp" time="3.277"/>
</testsuite> <!-- WishiTests.SignUpTest -->
