<?xml version="1.0" encoding="UTF-8"?>
<!-- Generated by org.testng.reporters.JUnitReportReporter -->
<testsuite hostname="yinons-MacBook-Pro.local" failures="0" tests="3" name="WishiTests.ChatTests" time="37.110" errors="0" timestamp="25 Dec 2017 16:24:54 GMT" skipped="0">
  <testcase classname="WishiTests.ChatTests" name="LoginAsStylist" time="1.109"/>
  <testcase classname="WishiTests.ChatTests" name="SendChatToclient" time="21.974"/>
  <testcase classname="WishiTests.ChatTests" name="SendChatToStylist" time="14.027"/>
</testsuite> <!-- WishiTests.ChatTests -->
