<?xml version="1.0" encoding="UTF-8"?>
<!-- Generated by org.testng.reporters.JUnitReportReporter -->
<testsuite hostname="yinons-MacBook-Pro.local" failures="0" tests="3" name="WishiTests.QwizSkipedTests" time="34.740" errors="0" timestamp="21 Dec 2017 16:24:52 GMT" skipped="0">
  <testcase classname="WishiTests.QwizSkipedTests" name="DoSignUp2" time="1.352"/>
  <testcase classname="WishiTests.QwizSkipedTests" name="CheckOutSessionskip" time="17.386"/>
  <testcase classname="WishiTests.QwizSkipedTests" name="ClickSkip" time="16.002"/>
</testsuite> <!-- WishiTests.QwizSkipedTests -->
