<?xml version="1.0" encoding="UTF-8"?>
<!-- Generated by org.testng.reporters.JUnitReportReporter -->
<testsuite hostname="yinons-MacBook-Pro.local" failures="0" tests="5" name="WishiTests.SignUpTest" time="5.636" errors="0" timestamp="15 Jan 2018 11:46:54 GMT" skipped="0">
  <testcase classname="WishiTests.SignUpTest" name="SignUpClickable" time="0.308"/>
  <testcase classname="WishiTests.SignUpTest" name="FillEmailWitoutShtudel" time="0.952"/>
  <testcase classname="WishiTests.SignUpTest" name="FillEmailWithoutDotCom" time="0.543"/>
  <testcase classname="WishiTests.SignUpTest" name="FillPsswordWithLessthan6Characters" time="0.496"/>
  <testcase classname="WishiTests.SignUpTest" name="DoSignUp" time="3.337"/>
</testsuite> <!-- WishiTests.SignUpTest -->
