<?xml version="1.0" encoding="UTF-8"?>
<!-- Generated by org.testng.reporters.JUnitReportReporter -->
<testsuite hostname="yinons-MacBook-Pro.local" failures="0" tests="5" name="WishiTests.SignUpByFacbook" time="10.007" errors="0" timestamp="21 Dec 2017 16:24:52 GMT" skipped="0">
  <testcase classname="WishiTests.SignUpByFacbook" name="SignUpWithFacbookWrongUserName" time="4.087"/>
  <testcase classname="WishiTests.SignUpByFacbook" name="SignUpWithFacbookWitOutEmail" time="0.933"/>
  <testcase classname="WishiTests.SignUpByFacbook" name="SignUpWithFacbookWitOutPassword" time="0.915"/>
  <testcase classname="WishiTests.SignUpByFacbook" name="SignUpWithFacbookWrongPassword" time="1.640"/>
  <testcase classname="WishiTests.SignUpByFacbook" name="SignUpWithFacbook" time="2.432"/>
</testsuite> <!-- WishiTests.SignUpByFacbook -->
