<?xml version="1.0" encoding="UTF-8"?>
<!-- Generated by org.testng.reporters.JUnitReportReporter -->
<testsuite hostname="yinons-MacBook-Pro.local" failures="0" tests="8" name="WishiTests.OnBoadingTests" time="17.209" errors="0" timestamp="21 Dec 2017 16:24:52 GMT" skipped="0">
  <testcase classname="WishiTests.OnBoadingTests" name="DoSignUp" time="4.331"/>
  <testcase classname="WishiTests.OnBoadingTests" name="FillPersonalInformation" time="3.572"/>
  <testcase classname="WishiTests.OnBoadingTests" name="SelectStyle" time="0.666"/>
  <testcase classname="WishiTests.OnBoadingTests" name="SelectStyleGoal" time="0.903"/>
  <testcase classname="WishiTests.OnBoadingTests" name="SelectInspiration" time="5.462"/>
  <testcase classname="WishiTests.OnBoadingTests" name="SelectLocation" time="0.477"/>
  <testcase classname="WishiTests.OnBoadingTests" name="SelectBrands" time="0.404"/>
  <testcase classname="WishiTests.OnBoadingTests" name="SelectLevel" time="1.394"/>
</testsuite> <!-- WishiTests.OnBoadingTests -->
