<?xml version="1.0" encoding="UTF-8"?>
<!-- Generated by org.testng.reporters.JUnitReportReporter -->
<testsuite hostname="yinons-MacBook-Pro.local" failures="0" tests="3" name="WishiTests.LoginWithFacbookTests" time="10.179" errors="0" timestamp="30 Jan 2018 14:24:58 GMT" skipped="0">
  <testcase classname="WishiTests.LoginWithFacbookTests" name="LoginWithFacbookWrongUserName" time="5.177"/>
  <testcase classname="WishiTests.LoginWithFacbookTests" name="LoginWithFacbookWrongPassword" time="2.052"/>
  <testcase classname="WishiTests.LoginWithFacbookTests" name="LoginWithFacbook" time="2.950"/>
</testsuite> <!-- WishiTests.LoginWithFacbookTests -->
