<?xml version="1.0" encoding="UTF-8"?>
<!-- Generated by org.testng.reporters.JUnitReportReporter -->
<testsuite hostname="yinons-MacBook-Pro.local" failures="0" tests="3" name="WishiTests.LoginWithFacbookTests" time="8.636" errors="0" timestamp="15 Jan 2018 11:47:51 GMT" skipped="0">
  <testcase classname="WishiTests.LoginWithFacbookTests" name="LoginWithFacbookWrongUserName" time="5.022"/>
  <testcase classname="WishiTests.LoginWithFacbookTests" name="LoginWithFacbookWrongPassword" time="1.458"/>
  <testcase classname="WishiTests.LoginWithFacbookTests" name="LoginWithFacbook" time="2.156"/>
</testsuite> <!-- WishiTests.LoginWithFacbookTests -->
