<?xml version="1.0" encoding="UTF-8"?>
<!-- Generated by org.testng.reporters.JUnitReportReporter -->
<testsuite hostname="yinons-MacBook-Pro.local" failures="0" tests="7" name="WishiTests.LoginTest" time="12.882" errors="0" timestamp="30 Jan 2018 14:24:58 GMT" skipped="0">
  <testcase classname="WishiTests.LoginTest" name="LoginClickable" time="1.220"/>
  <testcase classname="WishiTests.LoginTest" name="DoLogin" time="1.049"/>
  <testcase classname="WishiTests.LoginTest" name="FillPasswordWithOutToFillEmail" time="0.876"/>
  <testcase classname="WishiTests.LoginTest" name="FillEmailWithOutToFillPassword" time="0.908"/>
  <testcase classname="WishiTests.LoginTest" name="ClickLoginwWithOutToFillAnyFields" time="5.581"/>
  <testcase classname="WishiTests.LoginTest" name="FillCorrectEmailWithWrongPassword" time="2.110"/>
  <testcase classname="WishiTests.LoginTest" name="FillCorrectPasswordWithWrongEmail" time="1.138"/>
</testsuite> <!-- WishiTests.LoginTest -->
