<?xml version="1.0" encoding="UTF-8"?>
<!-- Generated by org.testng.reporters.JUnitReportReporter -->
<testsuite hostname="yinons-MacBook-Pro.local" failures="0" tests="3" name="WishiTests.CrateLookTests" time="35.412" errors="0" timestamp="21 Dec 2017 16:24:52 GMT" skipped="0">
  <testcase classname="WishiTests.CrateLookTests" name="LoginAsStylist" time="1.105"/>
  <testcase classname="WishiTests.CrateLookTests" name="CrateRegularLook" time="21.071"/>
  <testcase classname="WishiTests.CrateLookTests" name="PersonalShopping" time="13.236"/>
</testsuite> <!-- WishiTests.CrateLookTests -->
