<?xml version="1.0" encoding="UTF-8"?>
<!-- Generated by org.testng.reporters.JUnitReportReporter -->
<testsuite hostname="yinons-MacBook-Pro.local" failures="0" tests="4" name="WishiTests.BookingStylistTests" time="48.935" errors="0" timestamp="25 Dec 2017 16:24:54 GMT" skipped="0">
  <testcase classname="WishiTests.BookingStylistTests" name="DoSignUp" time="1.429"/>
  <testcase classname="WishiTests.BookingStylistTests" name="CheckOutSession" time="15.158"/>
  <testcase classname="WishiTests.BookingStylistTests" name="CheckoutUnlimited" time="15.778"/>
  <testcase classname="WishiTests.BookingStylistTests" name="CheckoutByCreditCard" time="16.570"/>
</testsuite> <!-- WishiTests.BookingStylistTests -->
