<?xml version="1.0" encoding="UTF-8"?>
<!-- Generated by org.testng.reporters.JUnitReportReporter -->
<testsuite hostname="yinons-MacBook-Pro.local" failures="0" tests="7" name="WishiTests.LoginTest" time="8.799" errors="0" timestamp="21 Dec 2017 16:24:52 GMT" skipped="0">
  <testcase classname="WishiTests.LoginTest" name="LoginClickable" time="1.499"/>
  <testcase classname="WishiTests.LoginTest" name="DoLogin" time="1.080"/>
  <testcase classname="WishiTests.LoginTest" name="FillPasswordWithOutToFillEmail" time="0.965"/>
  <testcase classname="WishiTests.LoginTest" name="FillEmailWithOutToFillPassword" time="0.960"/>
  <testcase classname="WishiTests.LoginTest" name="ClickLoginwWithOutToFillAnyFields" time="0.860"/>
  <testcase classname="WishiTests.LoginTest" name="FillCorrectEmailWithWrongPassword" time="2.409"/>
  <testcase classname="WishiTests.LoginTest" name="FillCorrectPasswordWithWrongEmail" time="1.026"/>
</testsuite> <!-- WishiTests.LoginTest -->
