<?xml version="1.0" encoding="UTF-8"?>
<!-- Generated by org.testng.reporters.JUnitReportReporter -->
<testsuite hostname="yinons-MacBook-Pro.local" failures="0" tests="3" name="WishiTests.LoginWithFacbookTests" time="10.281" errors="0" timestamp="21 Dec 2017 16:24:52 GMT" skipped="0">
  <testcase classname="WishiTests.LoginWithFacbookTests" name="LoginWithFacbookWrongUserName" time="5.260"/>
  <testcase classname="WishiTests.LoginWithFacbookTests" name="LoginWithFacbookWrongPassword" time="1.852"/>
  <testcase classname="WishiTests.LoginWithFacbookTests" name="LoginWithFacbook" time="3.169"/>
</testsuite> <!-- WishiTests.LoginWithFacbookTests -->
