<?xml version="1.0" encoding="UTF-8"?>
<!-- Generated by org.testng.reporters.JUnitReportReporter -->
<testsuite hostname="yinons-MacBook-Pro.local" failures="0" tests="5" name="WishiTests.SignUpTest" time="6.188" errors="0" timestamp="21 Dec 2017 16:24:52 GMT" skipped="0">
  <testcase classname="WishiTests.SignUpTest" name="SignUpClickable" time="0.429"/>
  <testcase classname="WishiTests.SignUpTest" name="FillEmailWitoutShtudel" time="0.877"/>
  <testcase classname="WishiTests.SignUpTest" name="FillEmailWithoutDotCom" time="0.526"/>
  <testcase classname="WishiTests.SignUpTest" name="FillPsswordWithLessthan6Characters" time="0.499"/>
  <testcase classname="WishiTests.SignUpTest" name="DoSignUp" time="3.857"/>
</testsuite> <!-- WishiTests.SignUpTest -->
