<?xml version="1.0" encoding="UTF-8"?>
<!-- Generated by org.testng.reporters.JUnitReportReporter -->
<testsuite hostname="yinons-MacBook-Pro.local" failures="0" tests="3" name="WishiTests.ChatTests" time="34.328" errors="0" timestamp="21 Dec 2017 16:24:52 GMT" skipped="0">
  <testcase classname="WishiTests.ChatTests" name="LoginAsStylist" time="0.995"/>
  <testcase classname="WishiTests.ChatTests" name="SendChatToclient" time="20.236"/>
  <testcase classname="WishiTests.ChatTests" name="SendChatToStylist" time="13.097"/>
</testsuite> <!-- WishiTests.ChatTests -->
