<?xml version="1.0" encoding="UTF-8"?>
<!-- Generated by org.testng.reporters.JUnitReportReporter -->
<testsuite hostname="yinons-MBP" failures="0" tests="5" name="WishiTests.LoginWithFacbookFailsTests" time="9.801" errors="0" timestamp="17 Jul 2018 13:51:45 GMT" skipped="0">
  <testcase classname="WishiTests.LoginWithFacbookFailsTests" name="LoginWitoutUserAndPassword" time="4.505"/>
  <testcase classname="WishiTests.LoginWithFacbookFailsTests" name="LoginWitoutUser" time="1.487"/>
  <testcase classname="WishiTests.LoginWithFacbookFailsTests" name="LoginWitoutPassword" time="1.628"/>
  <testcase classname="WishiTests.LoginWithFacbookFailsTests" name="LoginWithFacbookWrongPassword" time="1.098"/>
  <testcase classname="WishiTests.LoginWithFacbookFailsTests" name="LoginWithFacbookWrongUserName" time="1.083"/>
</testsuite> <!-- WishiTests.LoginWithFacbookFailsTests -->
