<?xml version="1.0" encoding="UTF-8"?>
<!-- Generated by org.testng.reporters.JUnitReportReporter -->
<testsuite hostname="yinons-MacBook-Pro.local" failures="0" tests="6" name="WishiTests.OnBoadingTests2" time="101.084" errors="0" timestamp="15 Jan 2018 10:46:53 GMT" skipped="0">
  <testcase classname="WishiTests.OnBoadingTests2" name="FamleCheep" time="18.318"/>
  <testcase classname="WishiTests.OnBoadingTests2" name="FamleNOrmal" time="17.070"/>
  <testcase classname="WishiTests.OnBoadingTests2" name="FamleExpensive" time="17.135"/>
  <testcase classname="WishiTests.OnBoadingTests2" name="MaleCheep" time="15.459"/>
  <testcase classname="WishiTests.OnBoadingTests2" name="MaleNOrmal" time="15.812"/>
  <testcase classname="WishiTests.OnBoadingTests2" name="MaleExpensive" time="17.290"/>
</testsuite> <!-- WishiTests.OnBoadingTests2 -->
