<?xml version="1.0" encoding="UTF-8"?>
<!-- Generated by org.testng.reporters.JUnitReportReporter -->
<testsuite hostname="yinons-MacBook-Pro.local" failures="0" tests="3" name="WishiTests.LoginWithFacbookTests" time="10.056" errors="0" timestamp="25 Dec 2017 16:24:54 GMT" skipped="0">
  <testcase classname="WishiTests.LoginWithFacbookTests" name="LoginWithFacbookWrongUserName" time="4.991"/>
  <testcase classname="WishiTests.LoginWithFacbookTests" name="LoginWithFacbookWrongPassword" time="2.273"/>
  <testcase classname="WishiTests.LoginWithFacbookTests" name="LoginWithFacbook" time="2.792"/>
</testsuite> <!-- WishiTests.LoginWithFacbookTests -->
