<?xml version="1.0" encoding="UTF-8"?>
<!-- Generated by org.testng.reporters.JUnitReportReporter -->
<testsuite hostname="yinons-MacBook-Pro.local" failures="0" tests="16" name="WishiTests.QwizTests" time="61.219" errors="0" timestamp="21 Dec 2017 16:24:52 GMT" skipped="0">
  <testcase classname="WishiTests.QwizTests" name="DoSignUp" time="1.542"/>
  <testcase classname="WishiTests.QwizTests" name="CheckOutSession" time="15.410"/>
  <testcase classname="WishiTests.QwizTests" name="SelectEvent" time="1.687"/>
  <testcase classname="WishiTests.QwizTests" name="SelectBodyType" time="1.182"/>
  <testcase classname="WishiTests.QwizTests" name="SelectHeight" time="3.365"/>
  <testcase classname="WishiTests.QwizTests" name="SelectColors" time="3.466"/>
  <testcase classname="WishiTests.QwizTests" name="SelectHighlight" time="3.367"/>
  <testcase classname="WishiTests.QwizTests" name="SelectClothingPreferences" time="3.346"/>
  <testcase classname="WishiTests.QwizTests" name="SelectHeels" time="3.398"/>
  <testcase classname="WishiTests.QwizTests" name="SelectFabrics" time="3.372"/>
  <testcase classname="WishiTests.QwizTests" name="SelectPrints" time="3.360"/>
  <testcase classname="WishiTests.QwizTests" name="SelectSize" time="3.527"/>
  <testcase classname="WishiTests.QwizTests" name="SelectComfortZone" time="3.354"/>
  <testcase classname="WishiTests.QwizTests" name="SelectJEWELRY" time="3.415"/>
  <testcase classname="WishiTests.QwizTests" name="SelectBrands" time="3.470"/>
  <testcase classname="WishiTests.QwizTests" name="SelectInventory" time="3.958"/>
</testsuite> <!-- WishiTests.QwizTests -->
