<?xml version="1.0" encoding="UTF-8"?>
<!-- Generated by org.testng.reporters.JUnitReportReporter -->
<testsuite skipped="0" hostname="yinons-MBP-2" name="Tests.StartHereFFacbookTests" tests="1" failures="0" timestamp="27 Feb 2019 12:15:12 GMT" time="202.203" errors="0">
  <testcase name="StartHereMaleTests" time="202.203" classname="Tests.StartHereFFacbookTests"/>
</testsuite> <!-- Tests.StartHereFFacbookTests -->
