<?xml version="1.0" encoding="UTF-8"?>
<!-- Generated by org.testng.reporters.JUnitReportReporter -->
<testsuite skipped="0" hostname="yinons-MBP-2" name="Tests.StartHereMaleTests" tests="1" failures="0" timestamp="27 Feb 2019 13:55:33 GMT" time="123.852" errors="0">
  <testcase name="StartHereMaleTests" time="123.852" classname="Tests.StartHereMaleTests"/>
</testsuite> <!-- Tests.StartHereMaleTests -->
