<?xml version="1.0" encoding="UTF-8"?>
<!-- Generated by org.testng.reporters.JUnitReportReporter -->
<testsuite skipped="0" hostname="yinons-MBP-2" name="Tests.SignUpByFacbookTestsSucses" tests="1" failures="0" timestamp="26 Feb 2019 14:52:37 GMT" time="15.028" errors="0">
  <testcase name="SignUpWithFacbook" time="15.028" classname="Tests.SignUpByFacbookTestsSucses"/>
</testsuite> <!-- Tests.SignUpByFacbookTestsSucses -->
