<?xml version="1.0" encoding="UTF-8"?>
<!-- Generated by org.testng.reporters.JUnitReportReporter -->
<testsuite skipped="0" hostname="yinons-MBP-2" name="Tests.SignUpTest" tests="5" failures="0" timestamp="26 Feb 2019 14:53:58 GMT" time="26.989" errors="0">
  <testcase name="SignUpClickable" time="1.624" classname="Tests.SignUpTest"/>
  <testcase name="FillEmailWitoutShtudel" time="7.152" classname="Tests.SignUpTest"/>
  <testcase name="FillEmailWithoutDotCom" time="5.862" classname="Tests.SignUpTest"/>
  <testcase name="FillPsswordWithLessthan6Characters" time="5.453" classname="Tests.SignUpTest"/>
  <testcase name="DoSignUp" time="6.898" classname="Tests.SignUpTest"/>
</testsuite> <!-- Tests.SignUpTest -->
