<?xml version="1.0" encoding="UTF-8"?>
<!-- Generated by org.testng.reporters.JUnitReportReporter -->
<testsuite skipped="0" hostname="yinons-MBP-2" name="Tests.LoginWithFacbookTests" tests="1" failures="0" timestamp="10 Dec 2018 14:24:55 GMT" time="15.637" errors="0">
  <testcase name="LoginWithFacbook" time="15.637" classname="Tests.LoginWithFacbookTests"/>
</testsuite> <!-- Tests.LoginWithFacbookTests -->
