<?xml version="1.0" encoding="UTF-8"?>
<!-- Generated by org.testng.reporters.JUnitReportReporter -->
<testsuite skipped="0" hostname="yinons-MBP-2" name="Tests.BookingCuponTests" tests="3" failures="0" timestamp="20 Feb 2019 20:39:39 GMT" time="139.930" errors="0">
  <testcase name="DoSignUp" time="69.745" classname="Tests.BookingCuponTests"/>
  <testcase name="CheckOutSession" time="36.330" classname="Tests.BookingCuponTests"/>
  <testcase name="CheckoutUnlimitedCreditCard" time="33.855" classname="Tests.BookingCuponTests"/>
</testsuite> <!-- Tests.BookingCuponTests -->
