<?xml version="1.0" encoding="UTF-8"?>
<!-- Generated by org.testng.reporters.JUnitReportReporter -->
<testsuite skipped="0" hostname="yinons-MBP-2" name="Tests.BestMatchMaleTest" tests="1" failures="0" timestamp="26 Feb 2019 13:46:22 GMT" time="143.899" errors="0">
  <testcase name="BMExpensiveFeamle" time="143.899" classname="Tests.BestMatchMaleTest"/>
</testsuite> <!-- Tests.BestMatchMaleTest -->
