<?xml version="1.0" encoding="UTF-8"?>
<!-- Generated by org.testng.reporters.JUnitReportReporter -->
<testsuite skipped="0" hostname="yinons-MBP-2" name="Tests.qwizTests" tests="13" failures="0" timestamp="10 Dec 2018 14:24:55 GMT" time="165.116" errors="0">
  <testcase name="DoSignUp" time="65.254" classname="Tests.qwizTests"/>
  <testcase name="CheckOutSession" time="27.522" classname="Tests.qwizTests"/>
  <testcase name="SelectBodyType" time="5.794" classname="Tests.qwizTests"/>
  <testcase name="SelectHeight" time="6.381" classname="Tests.qwizTests"/>
  <testcase name="SelectColors" time="6.085" classname="Tests.qwizTests"/>
  <testcase name="SelectHighlight" time="5.546" classname="Tests.qwizTests"/>
  <testcase name="SelectClothingPreferences" time="5.546" classname="Tests.qwizTests"/>
  <testcase name="SelectHeels" time="5.595" classname="Tests.qwizTests"/>
  <testcase name="SelectFabrics" time="5.795" classname="Tests.qwizTests"/>
  <testcase name="SelectSize" time="6.327" classname="Tests.qwizTests"/>
  <testcase name="SelectComfortZone" time="5.448" classname="Tests.qwizTests"/>
  <testcase name="SelectJEWELRY" time="10.958" classname="Tests.qwizTests"/>
  <testcase name="FillNumberPhone" time="8.865" classname="Tests.qwizTests"/>
</testsuite> <!-- Tests.qwizTests -->
