<?xml version="1.0" encoding="UTF-8"?>
<!-- Generated by org.testng.reporters.JUnitReportReporter -->
<testsuite skipped="0" hostname="yinons-MBP-2" name="Tests.SignUpByFacbookTestsFail" tests="4" failures="0" timestamp="26 Feb 2019 14:50:50 GMT" time="19.232" errors="0">
  <testcase name="SignUpWithFacbookWitOutEmail" time="7.842" classname="Tests.SignUpByFacbookTestsFail"/>
  <testcase name="SignUpWithFacbookWitOutPassword" time="2.104" classname="Tests.SignUpByFacbookTestsFail"/>
  <testcase name="SignUpWithFacbookWrongPassword" time="4.715" classname="Tests.SignUpByFacbookTestsFail"/>
  <testcase name="SignUpWithFacbookWrongUserName" time="4.571" classname="Tests.SignUpByFacbookTestsFail"/>
</testsuite> <!-- Tests.SignUpByFacbookTestsFail -->
