<?xml version="1.0" encoding="UTF-8"?>
<!-- Generated by org.testng.reporters.JUnitReportReporter -->
<testsuite skipped="0" hostname="yinons-MBP-2" name="Tests.ChatTests" tests="3" failures="0" timestamp="10 Dec 2018 14:24:55 GMT" time="115.110" errors="0">
  <testcase name="LoginAsStylist" time="5.375" classname="Tests.ChatTests"/>
  <testcase name="SendChatToclient" time="62.016" classname="Tests.ChatTests"/>
  <testcase name="SendChatToStylist" time="47.719" classname="Tests.ChatTests"/>
</testsuite> <!-- Tests.ChatTests -->
