<?xml version="1.0" encoding="UTF-8"?>
<!-- Generated by org.testng.reporters.JUnitReportReporter -->
<testsuite skipped="0" hostname="yinons-MBP-2" name="Tests.BestMatchFemaleTest" tests="1" failures="0" timestamp="28 Feb 2019 10:55:10 GMT" time="200.175" errors="0">
  <testcase name="BestMatchFemaleTest" time="200.175" classname="Tests.BestMatchFemaleTest"/>
</testsuite> <!-- Tests.BestMatchFemaleTest -->
