<?xml version="1.0" encoding="UTF-8"?>
<!-- Generated by org.testng.reporters.JUnitReportReporter -->
<testsuite skipped="0" hostname="yinons-MBP-2" name="Tests.BookPSTest" tests="12" failures="0" timestamp="13 Sep 2018 10:20:06 GMT" time="941.747" errors="0">
  <testcase name="DoLogin" time="41.723" classname="Tests.BookPSTest"/>
  <testcase name="SearchStylist" time="5.616" classname="Tests.BookPSTest"/>
  <testcase name="SelectEvents" time="13.158" classname="Tests.BookPSTest"/>
  <testcase name="CheckOut" time="29.427" classname="Tests.BookPSTest"/>
  <testcase name="CompileBooking" time="53.288" classname="Tests.BookPSTest"/>
  <testcase name="CreateStyle" time="134.179" classname="Tests.BookPSTest"/>
  <testcase name="VerifyStyle1" time="107.560" classname="Tests.BookPSTest"/>
  <testcase name="CreateStyle2" time="134.467" classname="Tests.BookPSTest"/>
  <testcase name="VerifyStyle2" time="123.608" classname="Tests.BookPSTest"/>
  <testcase name="EndSession" time="78.193" classname="Tests.BookPSTest"/>
  <testcase name="ClientEndSession" time="158.064" classname="Tests.BookPSTest"/>
  <testcase name="VerifyEndSession" time="62.464" classname="Tests.BookPSTest"/>
</testsuite> <!-- Tests.BookPSTest -->
