<?xml version="1.0" encoding="UTF-8"?>
<!-- Generated by org.testng.reporters.JUnitReportReporter -->
<testsuite skipped="0" hostname="yinons-MBP-2" name="Tests.SignUpTest" tests="4" failures="0" timestamp="26 Aug 2018 19:07:43 GMT" time="150.464" errors="0">
  <testcase name="SignupwithoutDotCom" time="24.542" classname="Tests.SignUpTest"/>
  <testcase name="Signupwithoutshtudel" time="24.424" classname="Tests.SignUpTest"/>
  <testcase name="FillPsswordWithLessthan6Characters" time="52.214" classname="Tests.SignUpTest"/>
  <testcase name="DoSignUp" time="49.284" classname="Tests.SignUpTest"/>
</testsuite> <!-- Tests.SignUpTest -->
