<?xml version="1.0" encoding="UTF-8"?>
<!-- Generated by org.testng.reporters.JUnitReportReporter -->
<testsuite skipped="0" hostname="yinons-MBP-2" name="Tests.CheckOutPSTest" tests="4" failures="0" timestamp="02 Oct 2018 20:45:42 GMT" time="199.167" errors="0">
  <testcase name="DoLogin" time="43.630" classname="Tests.CheckOutPSTest"/>
  <testcase name="SearchStylist" time="28.832" classname="Tests.CheckOutPSTest"/>
  <testcase name="SelectEvents" time="13.413" classname="Tests.CheckOutPSTest"/>
  <testcase name="CheckOut" time="113.292" classname="Tests.CheckOutPSTest"/>
</testsuite> <!-- Tests.CheckOutPSTest -->
