<?xml version="1.0" encoding="UTF-8"?>
<!-- Generated by org.testng.reporters.JUnitReportReporter -->
<testsuite skipped="0" hostname="yinons-MBP-2" name="Tests.ReviseThirdLookTest" tests="24" failures="0" timestamp="26 Aug 2018 19:07:43 GMT" time="2776.238" errors="0">
  <testcase name="DoLogin" time="44.507" classname="Tests.ReviseThirdLookTest"/>
  <testcase name="SearchStylist" time="13.275" classname="Tests.ReviseThirdLookTest"/>
  <testcase name="SelectEvents" time="31.870" classname="Tests.ReviseThirdLookTest"/>
  <testcase name="SelectSession" time="38.640" classname="Tests.ReviseThirdLookTest"/>
  <testcase name="CompileBooking" time="105.604" classname="Tests.ReviseThirdLookTest"/>
  <testcase name="CreateMoodBoard" time="155.041" classname="Tests.ReviseThirdLookTest"/>
  <testcase name="VerifyMoodBoard" time="100.018" classname="Tests.ReviseThirdLookTest"/>
  <testcase name="CreateLook" time="151.601" classname="Tests.ReviseThirdLookTest"/>
  <testcase name="VerifyCreateLook" time="104.997" classname="Tests.ReviseThirdLookTest"/>
  <testcase name="CreateMoodBoard2" time="138.647" classname="Tests.ReviseThirdLookTest"/>
  <testcase name="VerifyMoodBoard2" time="103.318" classname="Tests.ReviseThirdLookTest"/>
  <testcase name="CreateLook2" time="152.065" classname="Tests.ReviseThirdLookTest"/>
  <testcase name="AskRevise1" time="200.833" classname="Tests.ReviseThirdLookTest"/>
  <testcase name="CreateReviseLook1" time="170.844" classname="Tests.ReviseThirdLookTest"/>
  <testcase name="VerifyCreateLookrevise1" time="104.952" classname="Tests.ReviseThirdLookTest"/>
  <testcase name="CreateMoodBoard3" time="142.683" classname="Tests.ReviseThirdLookTest"/>
  <testcase name="VerifyMoodBoard3" time="104.927" classname="Tests.ReviseThirdLookTest"/>
  <testcase name="CreateLook3" time="155.684" classname="Tests.ReviseThirdLookTest"/>
  <testcase name="VerifyCreateLook3" time="123.860" classname="Tests.ReviseThirdLookTest"/>
  <testcase name="ReviseLook2" time="188.765" classname="Tests.ReviseThirdLookTest"/>
  <testcase name="VerifyCreateRevise2" time="141.870" classname="Tests.ReviseThirdLookTest"/>
  <testcase name="EndSession" time="82.857" classname="Tests.ReviseThirdLookTest"/>
  <testcase name="ClientEndSession" time="149.506" classname="Tests.ReviseThirdLookTest"/>
  <testcase name="VerifyEndSession" time="69.874" classname="Tests.ReviseThirdLookTest"/>
</testsuite> <!-- Tests.ReviseThirdLookTest -->
