<?xml version="1.0" encoding="UTF-8"?>
<!-- Generated by org.testng.reporters.JUnitReportReporter -->
<testsuite skipped="0" hostname="yinons-MBP-2" name="Tests.ChatTest" tests="2" failures="0" timestamp="13 Sep 2018 10:56:10 GMT" time="401.899" errors="0">
  <testcase name="StylistSendToClient" time="201.666" classname="Tests.ChatTest"/>
  <testcase name="ClientToStylist" time="200.233" classname="Tests.ChatTest"/>
</testsuite> <!-- Tests.ChatTest -->
