<?xml version="1.0" encoding="UTF-8"?>
<!-- Generated by org.testng.reporters.JUnitReportReporter -->
<testsuite skipped="0" hostname="yinons-MBP-2" name="Tests.CheckOutMounthTest" tests="5" failures="0" timestamp="02 Oct 2018 20:45:42 GMT" time="295.781" errors="0">
  <testcase name="DoLogin" time="43.041" classname="Tests.CheckOutMounthTest"/>
  <testcase name="SearchStylist" time="20.760" classname="Tests.CheckOutMounthTest"/>
  <testcase name="SelectEvents" time="34.100" classname="Tests.CheckOutMounthTest"/>
  <testcase name="SelectSession" time="19.573" classname="Tests.CheckOutMounthTest"/>
  <testcase name="CompileBooking" time="178.307" classname="Tests.CheckOutMounthTest"/>
</testsuite> <!-- Tests.CheckOutMounthTest -->
