<?xml version="1.0" encoding="UTF-8"?>
<!-- Generated by org.testng.reporters.JUnitReportReporter -->
<testsuite skipped="0" hostname="yinons-MBP-2" name="Tests.BookPSTest" tests="12" failures="0" timestamp="26 Aug 2018 19:07:43 GMT" time="942.231" errors="0">
  <testcase name="DoLogin" time="48.065" classname="Tests.BookPSTest"/>
  <testcase name="SearchStylist" time="11.653" classname="Tests.BookPSTest"/>
  <testcase name="SelectEvents" time="13.352" classname="Tests.BookPSTest"/>
  <testcase name="CheckOut" time="30.515" classname="Tests.BookPSTest"/>
  <testcase name="CompileBooking" time="32.377" classname="Tests.BookPSTest"/>
  <testcase name="CreateStyle" time="142.622" classname="Tests.BookPSTest"/>
  <testcase name="VerifyStyle1" time="108.251" classname="Tests.BookPSTest"/>
  <testcase name="CreateStyle2" time="143.789" classname="Tests.BookPSTest"/>
  <testcase name="VerifyStyle2" time="107.432" classname="Tests.BookPSTest"/>
  <testcase name="EndSession" time="83.178" classname="Tests.BookPSTest"/>
  <testcase name="ClientEndSession" time="151.948" classname="Tests.BookPSTest"/>
  <testcase name="VerifyEndSession" time="69.049" classname="Tests.BookPSTest"/>
</testsuite> <!-- Tests.BookPSTest -->
