<?xml version="1.0" encoding="UTF-8"?>
<!-- Generated by org.testng.reporters.JUnitReportReporter -->
<testsuite skipped="0" hostname="yinons-MBP-2" name="Tests.ContactStylistTest" tests="2" failures="0" timestamp="09 Nov 2018 02:01:38 GMT" time="370.119" errors="0">
  <testcase name="StylistSendToClient" time="180.756" classname="Tests.ContactStylistTest"/>
  <testcase name="ClientToStylist" time="189.363" classname="Tests.ContactStylistTest"/>
</testsuite> <!-- Tests.ContactStylistTest -->
