<?xml version="1.0" encoding="UTF-8"?>
<!-- Generated by org.testng.reporters.JUnitReportReporter -->
<testsuite skipped="0" hostname="yinons-MBP-2" name="Tests.ReviseThirdLookTest" tests="20" failures="0" timestamp="09 Nov 2018 02:01:38 GMT" time="2787.714" errors="0">
  <testcase name="DoLogin" time="41.976" classname="Tests.ReviseThirdLookTest"/>
  <testcase name="SearchStylist" time="9.465" classname="Tests.ReviseThirdLookTest"/>
  <testcase name="SelectEvents" time="34.227" classname="Tests.ReviseThirdLookTest"/>
  <testcase name="SelectSession" time="40.155" classname="Tests.ReviseThirdLookTest"/>
  <testcase name="CompileBooking" time="148.839" classname="Tests.ReviseThirdLookTest"/>
  <testcase name="CreateMoodBoard" time="152.657" classname="Tests.ReviseThirdLookTest"/>
  <testcase name="VerifyMoodBoard" time="108.385" classname="Tests.ReviseThirdLookTest"/>
  <testcase name="CreateLook" time="221.130" classname="Tests.ReviseThirdLookTest"/>
  <testcase name="VerifyCreateLook" time="119.194" classname="Tests.ReviseThirdLookTest"/>
  <testcase name="CreateLook2" time="178.966" classname="Tests.ReviseThirdLookTest"/>
  <testcase name="AskRevise1" time="209.514" classname="Tests.ReviseThirdLookTest"/>
  <testcase name="CreateReviseLook1" time="276.991" classname="Tests.ReviseThirdLookTest"/>
  <testcase name="VerifyCreateLookrevise1" time="121.619" classname="Tests.ReviseThirdLookTest"/>
  <testcase name="CreateLook3" time="309.007" classname="Tests.ReviseThirdLookTest"/>
  <testcase name="VerifyCreateLook3" time="136.581" classname="Tests.ReviseThirdLookTest"/>
  <testcase name="ReviseLook2" time="215.258" classname="Tests.ReviseThirdLookTest"/>
  <testcase name="VerifyCreateRevise2" time="155.253" classname="Tests.ReviseThirdLookTest"/>
  <testcase name="EndSession" time="76.150" classname="Tests.ReviseThirdLookTest"/>
  <testcase name="ClientEndSession" time="165.775" classname="Tests.ReviseThirdLookTest"/>
  <testcase name="VerifyEndSession" time="66.572" classname="Tests.ReviseThirdLookTest"/>
</testsuite> <!-- Tests.ReviseThirdLookTest -->
