<?xml version="1.0" encoding="UTF-8"?>
<!-- Generated by org.testng.reporters.JUnitReportReporter -->
<testsuite skipped="0" hostname="yinons-MBP-2" name="Tests.ChatTest" tests="2" failures="0" timestamp="17 Nov 2018 22:45:43 GMT" time="395.619" errors="0">
  <testcase name="StylistSendToClient" time="190.710" classname="Tests.ChatTest"/>
  <testcase name="ClientToStylist" time="204.909" classname="Tests.ChatTest"/>
</testsuite> <!-- Tests.ChatTest -->
