<?xml version="1.0" encoding="UTF-8"?>
<!-- Generated by org.testng.reporters.JUnitReportReporter -->
<testsuite skipped="0" hostname="yinons-MBP-2" name="Tests.ChatTest" tests="2" failures="0" timestamp="26 Feb 2019 17:14:16 GMT" time="440.868" errors="0">
  <testcase name="StylistSendToClient" time="280.208" classname="Tests.ChatTest"/>
  <testcase name="ClientToStylist" time="160.660" classname="Tests.ChatTest"/>
</testsuite> <!-- Tests.ChatTest -->
