<?xml version="1.0" encoding="UTF-8"?>
<!-- Generated by org.testng.reporters.JUnitReportReporter -->
<testsuite skipped="0" hostname="yinons-MBP-2" name="Tests.CheckOutSingleTest" tests="5" failures="0" timestamp="09 Nov 2018 02:01:38 GMT" time="369.667" errors="0">
  <testcase name="DoLogin" time="43.508" classname="Tests.CheckOutSingleTest"/>
  <testcase name="SearchStylist" time="8.957" classname="Tests.CheckOutSingleTest"/>
  <testcase name="SelectEvents" time="36.579" classname="Tests.CheckOutSingleTest"/>
  <testcase name="SelectSession" time="25.723" classname="Tests.CheckOutSingleTest"/>
  <testcase name="CompileBooking" time="254.900" classname="Tests.CheckOutSingleTest"/>
</testsuite> <!-- Tests.CheckOutSingleTest -->
