<?xml version="1.0" encoding="UTF-8"?>
<!-- Generated by org.testng.reporters.JUnitReportReporter -->
<testsuite skipped="0" hostname="yinons-MBP-2" name="Tests.BookPSTest" tests="12" failures="0" timestamp="09 Nov 2018 02:01:38 GMT" time="1100.154" errors="0">
  <testcase name="DoLogin" time="44.722" classname="Tests.BookPSTest"/>
  <testcase name="SearchStylist" time="8.660" classname="Tests.BookPSTest"/>
  <testcase name="SelectEvents" time="13.082" classname="Tests.BookPSTest"/>
  <testcase name="CheckOut" time="32.136" classname="Tests.BookPSTest"/>
  <testcase name="CompileBooking" time="69.763" classname="Tests.BookPSTest"/>
  <testcase name="CreateStyle" time="160.330" classname="Tests.BookPSTest"/>
  <testcase name="VerifyStyle1" time="122.779" classname="Tests.BookPSTest"/>
  <testcase name="CreateStyle2" time="162.593" classname="Tests.BookPSTest"/>
  <testcase name="VerifyStyle2" time="140.778" classname="Tests.BookPSTest"/>
  <testcase name="EndSession" time="86.357" classname="Tests.BookPSTest"/>
  <testcase name="ClientEndSession" time="188.172" classname="Tests.BookPSTest"/>
  <testcase name="VerifyEndSession" time="70.782" classname="Tests.BookPSTest"/>
</testsuite> <!-- Tests.BookPSTest -->
