<?xml version="1.0" encoding="UTF-8"?>
<!-- Generated by org.testng.reporters.JUnitReportReporter -->
<testsuite skipped="0" hostname="yinons-MBP-2" name="Tests.LoginTests" tests="6" failures="0" timestamp="24 Aug 2018 08:23:38 GMT" time="190.382" errors="0">
  <testcase name="FillPasswordWithOutToFillEmail" time="17.594" classname="Tests.LoginTests"/>
  <testcase name="FillPasswordWithOutToFillPassword" time="18.619" classname="Tests.LoginTests"/>
  <testcase name="FillPasswordWithWrongEmail" time="35.086" classname="Tests.LoginTests"/>
  <testcase name="FillPasswordWithWrongPassword" time="38.364" classname="Tests.LoginTests"/>
  <testcase name="ClickLoginwWithOutToFillAnyFields" time="24.878" classname="Tests.LoginTests"/>
  <testcase name="DoLogin" time="55.841" classname="Tests.LoginTests"/>
</testsuite> <!-- Tests.LoginTests -->
