<?xml version="1.0" encoding="UTF-8"?>
<!-- Generated by org.testng.reporters.JUnitReportReporter -->
<testsuite skipped="0" hostname="yinons-MBP-2" name="Tests.LoginTests" tests="6" failures="0" timestamp="17 Nov 2018 22:45:43 GMT" time="255.749" errors="0">
  <testcase name="FillPasswordWithOutToFillEmail" time="19.536" classname="Tests.LoginTests"/>
  <testcase name="FillPasswordWithOutToFillPassword" time="20.444" classname="Tests.LoginTests"/>
  <testcase name="FillPasswordWithWrongEmail" time="37.628" classname="Tests.LoginTests"/>
  <testcase name="FillPasswordWithWrongPassword" time="40.594" classname="Tests.LoginTests"/>
  <testcase name="ClickLoginwWithOutToFillAnyFields" time="26.452" classname="Tests.LoginTests"/>
  <testcase name="DoLogin" time="111.095" classname="Tests.LoginTests"/>
</testsuite> <!-- Tests.LoginTests -->
