<?xml version="1.0" encoding="UTF-8"?>
<!-- Generated by org.testng.reporters.JUnitReportReporter -->
<testsuite skipped="0" hostname="yinons-MBP-2" name="Tests.SignUpTest" tests="4" failures="0" timestamp="25 Feb 2020 16:48:50 GMT" time="150.195" errors="0">
  <testcase name="SignupwithoutDotCom" time="26.163" classname="Tests.SignUpTest"/>
  <testcase name="Signupwithoutshtudel" time="26.496" classname="Tests.SignUpTest"/>
  <testcase name="FillPsswordWithLessthan6Characters" time="50.386" classname="Tests.SignUpTest"/>
  <testcase name="DoSignUp" time="47.150" classname="Tests.SignUpTest"/>
</testsuite> <!-- Tests.SignUpTest -->
