<?xml version="1.0" encoding="UTF-8"?>
<!-- Generated by org.testng.reporters.JUnitReportReporter -->
<testsuite skipped="0" hostname="yinons-MBP-2" name="Tests.LoginTests" tests="6" failures="0" timestamp="05 Dec 2018 10:26:27 GMT" time="257.211" errors="0">
  <testcase name="FillPasswordWithOutToFillEmail" time="19.635" classname="Tests.LoginTests"/>
  <testcase name="FillPasswordWithOutToFillPassword" time="20.667" classname="Tests.LoginTests"/>
  <testcase name="FillPasswordWithWrongEmail" time="37.817" classname="Tests.LoginTests"/>
  <testcase name="FillPasswordWithWrongPassword" time="40.807" classname="Tests.LoginTests"/>
  <testcase name="ClickLoginwWithOutToFillAnyFields" time="26.874" classname="Tests.LoginTests"/>
  <testcase name="DoLogin" time="111.411" classname="Tests.LoginTests"/>
</testsuite> <!-- Tests.LoginTests -->
