<?xml version="1.0" encoding="UTF-8"?>
<!-- Generated by org.testng.reporters.JUnitReportReporter -->
<testsuite skipped="0" hostname="yinons-MBP-2" name="Tests.ChatTest" tests="2" failures="0" timestamp="09 Nov 2018 02:01:38 GMT" time="400.321" errors="0">
  <testcase name="StylistSendToClient" time="189.985" classname="Tests.ChatTest"/>
  <testcase name="ClientToStylist" time="210.336" classname="Tests.ChatTest"/>
</testsuite> <!-- Tests.ChatTest -->
