<?xml version="1.0" encoding="UTF-8"?>
<!-- Generated by org.testng.reporters.JUnitReportReporter -->
<testsuite skipped="0" hostname="yinons-MBP-2" name="Tests.QuizForSelfIdentityTest" tests="20" failures="0" timestamp="17 Nov 2018 22:45:43 GMT" time="630.102" errors="0">
  <testcase name="DoSignUp" time="153.006" classname="Tests.QuizForSelfIdentityTest"/>
  <testcase name="SearchStylist" time="19.110" classname="Tests.QuizForSelfIdentityTest"/>
  <testcase name="SelectEvents" time="37.344" classname="Tests.QuizForSelfIdentityTest"/>
  <testcase name="SelectSession" time="35.803" classname="Tests.QuizForSelfIdentityTest"/>
  <testcase name="SelectCountry" time="78.596" classname="Tests.QuizForSelfIdentityTest"/>
  <testcase name="SelectBodyType" time="7.053" classname="Tests.QuizForSelfIdentityTest"/>
  <testcase name="SelectHeight" time="6.903" classname="Tests.QuizForSelfIdentityTest"/>
  <testcase name="SelectSize" time="54.230" classname="Tests.QuizForSelfIdentityTest"/>
  <testcase name="SelectColor" time="36.445" classname="Tests.QuizForSelfIdentityTest"/>
  <testcase name="SelectFabrics" time="12.350" classname="Tests.QuizForSelfIdentityTest"/>
  <testcase name="SelectFitTop" time="10.985" classname="Tests.QuizForSelfIdentityTest"/>
  <testcase name="SelectFitBottom" time="12.503" classname="Tests.QuizForSelfIdentityTest"/>
  <testcase name="SelectJeansp" time="20.278" classname="Tests.QuizForSelfIdentityTest"/>
  <testcase name="SelectHeels" time="6.860" classname="Tests.QuizForSelfIdentityTest"/>
  <testcase name="SelectJewelry" time="17.941" classname="Tests.QuizForSelfIdentityTest"/>
  <testcase name="SelectHighlights" time="19.504" classname="Tests.QuizForSelfIdentityTest"/>
  <testcase name="SelectZone" time="6.895" classname="Tests.QuizForSelfIdentityTest"/>
  <testcase name="SelectClothingPreferences" time="6.204" classname="Tests.QuizForSelfIdentityTest"/>
  <testcase name="SelectClothingCategories" time="38.390" classname="Tests.QuizForSelfIdentityTest"/>
  <testcase name="SelectYourCloset" time="49.702" classname="Tests.QuizForSelfIdentityTest"/>
</testsuite> <!-- Tests.QuizForSelfIdentityTest -->
