<?xml version="1.0" encoding="UTF-8"?>
<!-- Generated by org.testng.reporters.JUnitReportReporter -->
<testsuite skipped="0" hostname="yinons-MBP-2" name="Tests.EditStyleForMenTests" tests="13" failures="0" timestamp="05 Dec 2018 10:26:27 GMT" time="1062.256" errors="0">
  <testcase name="DoSignUp" time="197.404" classname="Tests.EditStyleForMenTests"/>
  <testcase name="EditStyle" time="47.718" classname="Tests.EditStyleForMenTests"/>
  <testcase name="EditSize" time="81.351" classname="Tests.EditStyleForMenTests"/>
  <testcase name="EditHeight" time="34.272" classname="Tests.EditStyleForMenTests"/>
  <testcase name="EditBodyType" time="33.979" classname="Tests.EditStyleForMenTests"/>
  <testcase name="EditFitTop" time="34.380" classname="Tests.EditStyleForMenTests"/>
  <testcase name="EditFitBottom" time="34.687" classname="Tests.EditStyleForMenTests"/>
  <testcase name="EditBudget" time="37.772" classname="Tests.EditStyleForMenTests"/>
  <testcase name="EditColor" time="64.505" classname="Tests.EditStyleForMenTests"/>
  <testcase name="EditJewelry" time="49.848" classname="Tests.EditStyleForMenTests"/>
  <testcase name="EditZone" time="60.193" classname="Tests.EditStyleForMenTests"/>
  <testcase name="EditBrands" time="82.735" classname="Tests.EditStyleForMenTests"/>
  <testcase name="EditSocialMedia" time="303.412" classname="Tests.EditStyleForMenTests"/>
</testsuite> <!-- Tests.EditStyleForMenTests -->
