<?xml version="1.0" encoding="UTF-8"?>
<!-- Generated by org.testng.reporters.JUnitReportReporter -->
<testsuite skipped="0" hostname="yinons-MBP-2" name="Tests.ReviseThirdLookTest" tests="24" failures="0" timestamp="24 Aug 2018 08:23:38 GMT" time="2762.119" errors="0">
  <testcase name="DoLogin" time="42.868" classname="Tests.ReviseThirdLookTest"/>
  <testcase name="SearchStylist" time="13.042" classname="Tests.ReviseThirdLookTest"/>
  <testcase name="SelectEvents" time="30.641" classname="Tests.ReviseThirdLookTest"/>
  <testcase name="SelectSession" time="40.885" classname="Tests.ReviseThirdLookTest"/>
  <testcase name="CompileBooking" time="103.325" classname="Tests.ReviseThirdLookTest"/>
  <testcase name="CreateMoodBoard" time="165.833" classname="Tests.ReviseThirdLookTest"/>
  <testcase name="VerifyMoodBoard" time="93.807" classname="Tests.ReviseThirdLookTest"/>
  <testcase name="CreateLook" time="159.420" classname="Tests.ReviseThirdLookTest"/>
  <testcase name="VerifyCreateLook" time="96.401" classname="Tests.ReviseThirdLookTest"/>
  <testcase name="CreateMoodBoard2" time="144.786" classname="Tests.ReviseThirdLookTest"/>
  <testcase name="VerifyMoodBoard2" time="96.570" classname="Tests.ReviseThirdLookTest"/>
  <testcase name="CreateLook2" time="162.273" classname="Tests.ReviseThirdLookTest"/>
  <testcase name="AskRevise1" time="201.653" classname="Tests.ReviseThirdLookTest"/>
  <testcase name="CreateReviseLook1" time="171.969" classname="Tests.ReviseThirdLookTest"/>
  <testcase name="VerifyCreateLookrevise1" time="101.628" classname="Tests.ReviseThirdLookTest"/>
  <testcase name="CreateMoodBoard3" time="144.782" classname="Tests.ReviseThirdLookTest"/>
  <testcase name="VerifyMoodBoard3" time="102.749" classname="Tests.ReviseThirdLookTest"/>
  <testcase name="CreateLook3" time="159.530" classname="Tests.ReviseThirdLookTest"/>
  <testcase name="VerifyCreateLook3" time="119.388" classname="Tests.ReviseThirdLookTest"/>
  <testcase name="ReviseLook2" time="185.617" classname="Tests.ReviseThirdLookTest"/>
  <testcase name="VerifyCreateRevise2" time="134.639" classname="Tests.ReviseThirdLookTest"/>
  <testcase name="EndSession" time="79.288" classname="Tests.ReviseThirdLookTest"/>
  <testcase name="ClientEndSession" time="145.191" classname="Tests.ReviseThirdLookTest"/>
  <testcase name="VerifyEndSession" time="65.834" classname="Tests.ReviseThirdLookTest"/>
</testsuite> <!-- Tests.ReviseThirdLookTest -->
