<?xml version="1.0" encoding="UTF-8"?>
<!-- Generated by org.testng.reporters.JUnitReportReporter -->
<testsuite skipped="0" hostname="yinons-MBP-2" name="Tests.CheckOutSingleTest" tests="5" failures="0" timestamp="26 Aug 2018 19:07:43 GMT" time="266.604" errors="0">
  <testcase name="DoLogin" time="47.130" classname="Tests.CheckOutSingleTest"/>
  <testcase name="SearchStylist" time="12.787" classname="Tests.CheckOutSingleTest"/>
  <testcase name="SelectEvents" time="34.151" classname="Tests.CheckOutSingleTest"/>
  <testcase name="SelectSession" time="24.344" classname="Tests.CheckOutSingleTest"/>
  <testcase name="CompileBooking" time="148.192" classname="Tests.CheckOutSingleTest"/>
</testsuite> <!-- Tests.CheckOutSingleTest -->
