<?xml version="1.0" encoding="UTF-8"?>
<!-- Generated by org.testng.reporters.JUnitReportReporter -->
<testsuite skipped="0" hostname="yinons-MBP-2" name="Tests.EditStyleForWomenTests" tests="17" failures="0" timestamp="09 Nov 2018 02:01:38 GMT" time="1184.292" errors="0">
  <testcase name="DoSignUp" time="186.848" classname="Tests.EditStyleForWomenTests"/>
  <testcase name="EditSize" time="81.359" classname="Tests.EditStyleForWomenTests"/>
  <testcase name="EditBodyType" time="28.893" classname="Tests.EditStyleForWomenTests"/>
  <testcase name="EditHeight" time="29.507" classname="Tests.EditStyleForWomenTests"/>
  <testcase name="EditStyle" time="39.062" classname="Tests.EditStyleForWomenTests"/>
  <testcase name="EditHighlights" time="65.644" classname="Tests.EditStyleForWomenTests"/>
  <testcase name="EditFitBottom" time="30.447" classname="Tests.EditStyleForWomenTests"/>
  <testcase name="EditHeels" time="30.718" classname="Tests.EditStyleForWomenTests"/>
  <testcase name="EditJeans" time="62.136" classname="Tests.EditStyleForWomenTests"/>
  <testcase name="EditFitTop" time="31.214" classname="Tests.EditStyleForWomenTests"/>
  <testcase name="EditFabric" time="72.035" classname="Tests.EditStyleForWomenTests"/>
  <testcase name="EditBudget" time="45.849" classname="Tests.EditStyleForWomenTests"/>
  <testcase name="EditColor" time="80.068" classname="Tests.EditStyleForWomenTests"/>
  <testcase name="EditJewelry" time="59.527" classname="Tests.EditStyleForWomenTests"/>
  <testcase name="EditZone" time="64.757" classname="Tests.EditStyleForWomenTests"/>
  <testcase name="EditBrands" time="76.364" classname="Tests.EditStyleForWomenTests"/>
  <testcase name="EditSocialMedia" time="199.864" classname="Tests.EditStyleForWomenTests"/>
</testsuite> <!-- Tests.EditStyleForWomenTests -->
