<?xml version="1.0" encoding="UTF-8"?>
<!-- Generated by org.testng.reporters.JUnitReportReporter -->
<testsuite skipped="0" hostname="yinons-MBP" name="Tests.CheckOutTest" tests="5" failures="0" timestamp="15 Apr 2018 12:13:56 GMT" time="175.532" errors="0">
  <testcase name="DoLogin" time="35.293" classname="Tests.CheckOutTest"/>
  <testcase name="SearchStylist" time="23.351" classname="Tests.CheckOutTest"/>
  <testcase name="SelectEvents" time="41.990" classname="Tests.CheckOutTest"/>
  <testcase name="SelectSession" time="8.648" classname="Tests.CheckOutTest"/>
  <testcase name="CompileBooking" time="66.250" classname="Tests.CheckOutTest"/>
</testsuite> <!-- Tests.CheckOutTest -->
