<?xml version="1.0" encoding="UTF-8"?>
<!-- Generated by org.testng.reporters.JUnitReportReporter -->
<testsuite skipped="0" hostname="yinons-MBP-2" name="Tests.ContactStylistTest" tests="2" failures="0" timestamp="24 Aug 2018 08:23:38 GMT" time="368.758" errors="0">
  <testcase name="StylistSendToClient" time="172.781" classname="Tests.ContactStylistTest"/>
  <testcase name="ClientToStylist" time="195.977" classname="Tests.ContactStylistTest"/>
</testsuite> <!-- Tests.ContactStylistTest -->
