<?xml version="1.0" encoding="UTF-8"?>
<!-- Generated by org.testng.reporters.JUnitReportReporter -->
<testsuite skipped="0" hostname="yinons-MBP" name="Tests.ReviseItems" tests="1" failures="0" timestamp="30 Jul 2018 20:58:47 GMT" time="46.619" errors="0">
  <testcase name="DoLogin" time="46.619" classname="Tests.ReviseItems"/>
</testsuite> <!-- Tests.ReviseItems -->
