<?xml version="1.0" encoding="UTF-8"?>
<!-- Generated by org.testng.reporters.JUnitReportReporter -->
<testsuite skipped="11" hostname="yinons-MBP-2" name="Tests.EditStyleForMenTests" tests="12" failures="0" timestamp="24 Jan 2019 13:41:49 GMT" time="300.548" errors="1">
  <testcase name="testUntitled" time="0.000" classname="Tests.EditStyleForMenTests">
    <skipped/>
  </testcase> <!-- testUntitled -->
  <testcase name="setUp" time="300.548" classname="Tests.EditStyleForMenTests">
    <error type="org.openqa.selenium.SessionNotCreatedException" message="session not created (Call to lock device failed) 
Command duration or timeout: 300.05 seconds">
      <![CDATA[org.openqa.selenium.SessionNotCreatedException: session not created (Call to lock device failed) 
Command duration or timeout: 300.05 seconds
at sun.reflect.NativeConstructorAccessorImpl.newInstance0(Native Method)
at sun.reflect.NativeConstructorAccessorImpl.newInstance(NativeConstructorAccessorImpl.java:62)
at sun.reflect.DelegatingConstructorAccessorImpl.newInstance(DelegatingConstructorAccessorImpl.java:45)
at java.lang.reflect.Constructor.newInstance(Constructor.java:423)
at org.openqa.selenium.remote.ErrorHandler.createThrowable(ErrorHandler.java:214)
at org.openqa.selenium.remote.ErrorHandler.throwIfResponseFailed(ErrorHandler.java:166)
at org.openqa.selenium.remote.JsonWireProtocolResponse.lambda$new$0(JsonWireProtocolResponse.java:53)
at org.openqa.selenium.remote.JsonWireProtocolResponse.lambda$getResponseFunction$2(JsonWireProtocolResponse.java:91)
at org.openqa.selenium.remote.ProtocolHandshake.lambda$createSession$0(ProtocolHandshake.java:123)
at java.util.stream.ReferencePipeline$3$1.accept(ReferencePipeline.java:193)
at java.util.Spliterators$ArraySpliterator.tryAdvance(Spliterators.java:958)
at java.util.stream.ReferencePipeline.forEachWithCancel(ReferencePipeline.java:126)
at java.util.stream.AbstractPipeline.copyIntoWithCancel(AbstractPipeline.java:498)
at java.util.stream.AbstractPipeline.copyInto(AbstractPipeline.java:485)
at java.util.stream.AbstractPipeline.wrapAndCopyInto(AbstractPipeline.java:471)
at java.util.stream.FindOps$FindOp.evaluateSequential(FindOps.java:152)
at java.util.stream.AbstractPipeline.evaluate(AbstractPipeline.java:234)
at java.util.stream.ReferencePipeline.findFirst(ReferencePipeline.java:464)
at org.openqa.selenium.remote.ProtocolHandshake.createSession(ProtocolHandshake.java:126)
at org.openqa.selenium.remote.ProtocolHandshake.createSession(ProtocolHandshake.java:73)
at org.openqa.selenium.remote.HttpCommandExecutor.execute(HttpCommandExecutor.java:142)
at io.appium.java_client.remote.AppiumCommandExecutor.execute(AppiumCommandExecutor.java:129)
at org.openqa.selenium.remote.RemoteWebDriver.execute(RemoteWebDriver.java:601)
at io.appium.java_client.DefaultGenericMobileDriver.execute(DefaultGenericMobileDriver.java:42)
at io.appium.java_client.AppiumDriver.execute(AppiumDriver.java:1)
at io.appium.java_client.ios.IOSDriver.execute(IOSDriver.java:1)
at org.openqa.selenium.remote.RemoteWebDriver.startSession(RemoteWebDriver.java:219)
at org.openqa.selenium.remote.RemoteWebDriver.<init>(RemoteWebDriver.java:142)
at io.appium.java_client.DefaultGenericMobileDriver.<init>(DefaultGenericMobileDriver.java:38)
at io.appium.java_client.AppiumDriver.<init>(AppiumDriver.java:84)
at io.appium.java_client.AppiumDriver.<init>(AppiumDriver.java:94)
at io.appium.java_client.ios.IOSDriver.<init>(IOSDriver.java:82)
at Tests.Untitled.setUp(Untitled.java:29)
at sun.reflect.NativeMethodAccessorImpl.invoke0(Native Method)
at sun.reflect.NativeMethodAccessorImpl.invoke(NativeMethodAccessorImpl.java:62)
at sun.reflect.DelegatingMethodAccessorImpl.invoke(DelegatingMethodAccessorImpl.java:43)
at java.lang.reflect.Method.invoke(Method.java:498)
at org.testng.internal.MethodInvocationHelper.invokeMethod(MethodInvocationHelper.java:124)
at org.testng.internal.MethodInvocationHelper.invokeMethodConsideringTimeout(MethodInvocationHelper.java:59)
at org.testng.internal.Invoker.invokeConfigurationMethod(Invoker.java:455)
at org.testng.internal.Invoker.invokeConfigurations(Invoker.java:222)
at org.testng.internal.Invoker.invokeMethod(Invoker.java:520)
at org.testng.internal.Invoker.invokeTestMethod(Invoker.java:716)
at org.testng.internal.Invoker.invokeTestMethods(Invoker.java:988)
at org.testng.internal.TestMethodWorker.invokeTestMethods(TestMethodWorker.java:125)
at org.testng.internal.TestMethodWorker.run(TestMethodWorker.java:109)
at org.testng.TestRunner.privateRun(TestRunner.java:648)
at org.testng.TestRunner.run(TestRunner.java:505)
at org.testng.SuiteRunner.runTest(SuiteRunner.java:455)
at org.testng.SuiteRunner.runSequentially(SuiteRunner.java:450)
at org.testng.SuiteRunner.privateRun(SuiteRunner.java:415)
at org.testng.SuiteRunner.run(SuiteRunner.java:364)
at org.testng.SuiteRunnerWorker.runSuite(SuiteRunnerWorker.java:52)
at org.testng.SuiteRunnerWorker.run(SuiteRunnerWorker.java:84)
at org.testng.TestNG.runSuitesSequentially(TestNG.java:1208)
at org.testng.TestNG.runSuitesLocally(TestNG.java:1137)
at org.testng.TestNG.runSuites(TestNG.java:1049)
at org.testng.TestNG.run(TestNG.java:1017)
at org.testng.remote.AbstractRemoteTestNG.run(AbstractRemoteTestNG.java:114)
at org.testng.remote.RemoteTestNG.initAndRun(RemoteTestNG.java:251)
at org.testng.remote.RemoteTestNG.main(RemoteTestNG.java:77)
Caused by: org.openqa.selenium.SessionNotCreatedException: session not created (Call to lock device failed) 
Build info: version: '3.8.1', revision: '6e95a6684b', time: '2017-12-01T19:05:32.194Z'
System info: host: 'yinons-MBP-2', ip: 'fe80:0:0:0:cbd:fc9b:8975:eb87%en0', os.name: 'Mac OS X', os.arch: 'x86_64', os.version: '10.13.6', java.version: '1.8.0_151'
Driver info: driver.version: unknown
at java.util.concurrent.FutureTask.get(FutureTask.java:205)
at com.experitest.image.agent.appium.http.AppiumInitSessionCommandHandler.handle(AppiumInitSessionCommandHandler.java:113)
at org.restlet.routing.Filter.doHandle(Filter.java:150)
at org.restlet.routing.Filter.handle(Filter.java:197)
at org.restlet.routing.Router.doHandle(Router.java:422)
at org.restlet.routing.Router.handle(Router.java:641)
at org.restlet.routing.Filter.doHandle(Filter.java:150)
at org.restlet.routing.Filter.handle(Filter.java:197)
at org.restlet.routing.Router.doHandle(Router.java:422)
at org.restlet.routing.Router.handle(Router.java:641)
at org.restlet.routing.Filter.doHandle(Filter.java:150)
at org.restlet.routing.Filter.handle(Filter.java:197)
at org.restlet.routing.Router.doHandle(Router.java:422)
at org.restlet.routing.Router.handle(Router.java:641)
at org.restlet.routing.Filter.doHandle(Filter.java:150)
at org.restlet.engine.application.StatusFilter.doHandle(StatusFilter.java:140)
at org.restlet.routing.Filter.handle(Filter.java:197)
at org.restlet.routing.Filter.doHandle(Filter.java:150)
at org.restlet.routing.Filter.handle(Filter.java:197)
at org.restlet.engine.CompositeHelper.handle(CompositeHelper.java:202)
at org.restlet.Component.handle(Component.java:408)
at org.restlet.Server.handle(Server.java:507)
at org.restlet.engine.connector.ServerHelper.handle(ServerHelper.java:63)
at org.restlet.engine.adapter.HttpServerHelper.handle(HttpServerHelper.java:143)
at org.restlet.engine.connector.HttpServerHelper$1.handle(HttpServerHelper.java:64)
at com.sun.net.httpserver.Filter$Chain.doFilter(Filter.java:79)
at sun.net.httpserver.AuthFilter.doFilter(AuthFilter.java:83)
at com.sun.net.httpserver.Filter$Chain.doFilter(Filter.java:82)
at sun.net.httpserver.ServerImpl$Exchange$LinkHandler.handle(ServerImpl.java:675)
at com.sun.net.httpserver.Filter$Chain.doFilter(Filter.java:79)
at sun.net.httpserver.ServerImpl$Exchange.run(ServerImpl.java:647)
at java.util.concurrent.ThreadPoolExecutor.runWorker(ThreadPoolExecutor.java:1142)
at java.util.concurrent.ThreadPoolExecutor$Worker.run(ThreadPoolExecutor.java:617)
at java.lang.Thread.run(Thread.java:745)
]]>
    </error>
  </testcase> <!-- setUp -->
  <testcase name="DoSignUp" time="0.000" classname="Tests.EditStyleForMenTests">
    <skipped/>
  </testcase> <!-- DoSignUp -->
  <testcase name="EditSize" time="0.000" classname="Tests.EditStyleForMenTests">
    <skipped/>
  </testcase> <!-- EditSize -->
  <testcase name="EditHeight" time="0.000" classname="Tests.EditStyleForMenTests">
    <skipped/>
  </testcase> <!-- EditHeight -->
  <testcase name="EditFitTop" time="0.000" classname="Tests.EditStyleForMenTests">
    <skipped/>
  </testcase> <!-- EditFitTop -->
  <testcase name="EditFitBottom" time="0.000" classname="Tests.EditStyleForMenTests">
    <skipped/>
  </testcase> <!-- EditFitBottom -->
  <testcase name="EditBudget" time="0.000" classname="Tests.EditStyleForMenTests">
    <skipped/>
  </testcase> <!-- EditBudget -->
  <testcase name="EditColor" time="0.000" classname="Tests.EditStyleForMenTests">
    <skipped/>
  </testcase> <!-- EditColor -->
  <testcase name="EditJewelry" time="0.000" classname="Tests.EditStyleForMenTests">
    <skipped/>
  </testcase> <!-- EditJewelry -->
  <testcase name="EditZone" time="0.000" classname="Tests.EditStyleForMenTests">
    <skipped/>
  </testcase> <!-- EditZone -->
  <testcase name="EditSocialMedia" time="0.000" classname="Tests.EditStyleForMenTests">
    <skipped/>
  </testcase> <!-- EditSocialMedia -->
</testsuite> <!-- Tests.EditStyleForMenTests -->
