<?xml version="1.0" encoding="UTF-8"?>
<!-- Generated by org.testng.reporters.JUnitReportReporter -->
<testsuite skipped="0" hostname="yinons-MBP-2" name="Tests.BestMutch" tests="8" failures="0" timestamp="02 Oct 2018 20:45:42 GMT" time="1459.943" errors="0">
  <testcase name="BestMatchCheepFamle" time="180.668" classname="Tests.BestMutch"/>
  <testcase name="BestMatchFeMaleExpensive" time="201.322" classname="Tests.BestMutch"/>
  <testcase name="BestMatchFeMaleNormal" time="199.754" classname="Tests.BestMutch"/>
  <testcase name="BestMatchFeMaleCheepExpensive" time="200.082" classname="Tests.BestMutch"/>
  <testcase name="BestMatchExpensiveMale" time="178.621" classname="Tests.BestMutch"/>
  <testcase name="BestMatchNormalMale" time="184.895" classname="Tests.BestMutch"/>
  <testcase name="BestMatchCheepMale" time="180.419" classname="Tests.BestMutch"/>
  <testcase name="BestMatchSelfIdentity" time="134.182" classname="Tests.BestMutch"/>
</testsuite> <!-- Tests.BestMutch -->
