<?xml version="1.0" encoding="UTF-8"?>
<!-- Generated by org.testng.reporters.JUnitReportReporter -->
<testsuite skipped="0" hostname="yinons-MBP-2" name="Tests.SignUpTest" tests="4" failures="0" timestamp="09 Nov 2018 02:01:38 GMT" time="166.202" errors="0">
  <testcase name="SignupwithoutDotCom" time="29.592" classname="Tests.SignUpTest"/>
  <testcase name="Signupwithoutshtudel" time="28.131" classname="Tests.SignUpTest"/>
  <testcase name="FillPsswordWithLessthan6Characters" time="55.965" classname="Tests.SignUpTest"/>
  <testcase name="DoSignUp" time="52.514" classname="Tests.SignUpTest"/>
</testsuite> <!-- Tests.SignUpTest -->
