<?xml version="1.0" encoding="UTF-8"?>
<!-- Generated by org.testng.reporters.JUnitReportReporter -->
<testsuite skipped="0" hostname="yinons-MBP-2" name="Tests.BookMiniSingleFSTest" tests="1" failures="0" timestamp="07 Aug 2019 17:29:46 GMT" time="181.790" errors="0">
  <testcase name="CreateLook2" time="181.790" classname="Tests.BookMiniSingleFSTest"/>
</testsuite> <!-- Tests.BookMiniSingleFSTest -->
