<?xml version="1.0" encoding="UTF-8"?>
<!-- Generated by org.testng.reporters.JUnitReportReporter -->
<testsuite skipped="0" hostname="yinons-MBP-2" name="Tests.CheckOutSingleTest" tests="5" failures="0" timestamp="02 Oct 2018 20:45:42 GMT" time="305.561" errors="0">
  <testcase name="DoLogin" time="43.731" classname="Tests.CheckOutSingleTest"/>
  <testcase name="SearchStylist" time="29.060" classname="Tests.CheckOutSingleTest"/>
  <testcase name="SelectEvents" time="33.663" classname="Tests.CheckOutSingleTest"/>
  <testcase name="SelectSession" time="23.994" classname="Tests.CheckOutSingleTest"/>
  <testcase name="CompileBooking" time="175.113" classname="Tests.CheckOutSingleTest"/>
</testsuite> <!-- Tests.CheckOutSingleTest -->
