<?xml version="1.0" encoding="UTF-8"?>
<!-- Generated by org.testng.reporters.JUnitReportReporter -->
<testsuite skipped="0" hostname="yinons-MBP-2" name="Tests.QuickQuizForWomenTest" tests="5" failures="0" timestamp="17 Nov 2018 22:45:43 GMT" time="348.133" errors="0">
  <testcase name="DoLogin" time="42.937" classname="Tests.QuickQuizForWomenTest"/>
  <testcase name="SearchStylist" time="8.628" classname="Tests.QuickQuizForWomenTest"/>
  <testcase name="SelectEvents" time="37.175" classname="Tests.QuickQuizForWomenTest"/>
  <testcase name="SelectSession" time="17.174" classname="Tests.QuickQuizForWomenTest"/>
  <testcase name="CompileBooking" time="242.219" classname="Tests.QuickQuizForWomenTest"/>
</testsuite> <!-- Tests.QuickQuizForWomenTest -->
