<?xml version="1.0" encoding="UTF-8"?>
<!-- Generated by org.testng.reporters.JUnitReportReporter -->
<testsuite skipped="0" hostname="yinons-MBP-2" name="Tests.BookMajorSinglePlanFSTest" tests="1" failures="0" timestamp="14 Feb 2019 17:06:01 GMT" time="118.482" errors="0">
  <testcase name="ReviseLook2" time="118.482" classname="Tests.BookMajorSinglePlanFSTest"/>
</testsuite> <!-- Tests.BookMajorSinglePlanFSTest -->
