<?xml version="1.0" encoding="UTF-8"?>
<!-- Generated by org.testng.reporters.JUnitReportReporter -->
<testsuite skipped="0" hostname="yinons-MBP-2" name="Tests.SignUpTest" tests="4" failures="0" timestamp="05 Dec 2018 10:26:27 GMT" time="168.283" errors="0">
  <testcase name="SignupwithoutDotCom" time="29.567" classname="Tests.SignUpTest"/>
  <testcase name="Signupwithoutshtudel" time="29.387" classname="Tests.SignUpTest"/>
  <testcase name="FillPsswordWithLessthan6Characters" time="56.371" classname="Tests.SignUpTest"/>
  <testcase name="DoSignUp" time="52.958" classname="Tests.SignUpTest"/>
</testsuite> <!-- Tests.SignUpTest -->
