<?xml version="1.0" encoding="UTF-8"?>
<!-- Generated by org.testng.reporters.JUnitReportReporter -->
<testsuite skipped="0" hostname="yinons-MBP-2" name="Tests.QuizForMaleTest" tests="15" failures="0" timestamp="17 Nov 2018 22:45:43 GMT" time="547.527" errors="0">
  <testcase name="DoSignUp" time="164.919" classname="Tests.QuizForMaleTest"/>
  <testcase name="SearchStylist" time="10.320" classname="Tests.QuizForMaleTest"/>
  <testcase name="SelectEvents" time="36.204" classname="Tests.QuizForMaleTest"/>
  <testcase name="SelectSession" time="34.786" classname="Tests.QuizForMaleTest"/>
  <testcase name="SelectCountry" time="71.937" classname="Tests.QuizForMaleTest"/>
  <testcase name="SelectBodyType" time="6.735" classname="Tests.QuizForMaleTest"/>
  <testcase name="SelectHeight" time="6.665" classname="Tests.QuizForMaleTest"/>
  <testcase name="SelectSize" time="49.487" classname="Tests.QuizForMaleTest"/>
  <testcase name="SelectColor" time="28.305" classname="Tests.QuizForMaleTest"/>
  <testcase name="SelectFabrics" time="11.903" classname="Tests.QuizForMaleTest"/>
  <testcase name="SelectFitTop" time="10.534" classname="Tests.QuizForMaleTest"/>
  <testcase name="SelectFitBottom" time="10.616" classname="Tests.QuizForMaleTest"/>
  <testcase name="SelectJewelry" time="17.356" classname="Tests.QuizForMaleTest"/>
  <testcase name="SelectZone" time="6.761" classname="Tests.QuizForMaleTest"/>
  <testcase name="SelectClothingCategories" time="80.999" classname="Tests.QuizForMaleTest"/>
</testsuite> <!-- Tests.QuizForMaleTest -->
