<?xml version="1.0" encoding="UTF-8"?>
<!-- Generated by org.testng.reporters.JUnitReportReporter -->
<testsuite skipped="0" hostname="yinons-MBP-2" name="Tests.CheckOutByCoponTest" tests="4" failures="0" timestamp="05 Dec 2018 12:36:45 GMT" time="309.116" errors="0">
  <testcase name="DoLogin" time="42.556" classname="Tests.CheckOutByCoponTest"/>
  <testcase name="SearchStylist" time="13.839" classname="Tests.CheckOutByCoponTest"/>
  <testcase name="SelectEvents" time="34.679" classname="Tests.CheckOutByCoponTest"/>
  <testcase name="SelectSession" time="218.042" classname="Tests.CheckOutByCoponTest"/>
</testsuite> <!-- Tests.CheckOutByCoponTest -->
