<?xml version="1.0" encoding="UTF-8"?>
<!-- Generated by org.testng.reporters.JUnitReportReporter -->
<testsuite skipped="0" hostname="yinons-MBP-2" name="Tests.EditStyleForWomenTests" tests="17" failures="0" timestamp="05 Dec 2018 10:26:27 GMT" time="1271.039" errors="0">
  <testcase name="DoSignUp" time="187.229" classname="Tests.EditStyleForWomenTests"/>
  <testcase name="EditSize" time="85.950" classname="Tests.EditStyleForWomenTests"/>
  <testcase name="EditBodyType" time="32.175" classname="Tests.EditStyleForWomenTests"/>
  <testcase name="EditHeight" time="32.429" classname="Tests.EditStyleForWomenTests"/>
  <testcase name="EditStyle" time="42.325" classname="Tests.EditStyleForWomenTests"/>
  <testcase name="EditHighlights" time="72.441" classname="Tests.EditStyleForWomenTests"/>
  <testcase name="EditFitBottom" time="33.669" classname="Tests.EditStyleForWomenTests"/>
  <testcase name="EditHeels" time="33.791" classname="Tests.EditStyleForWomenTests"/>
  <testcase name="EditJeans" time="69.640" classname="Tests.EditStyleForWomenTests"/>
  <testcase name="EditFitTop" time="34.108" classname="Tests.EditStyleForWomenTests"/>
  <testcase name="EditFabric" time="78.578" classname="Tests.EditStyleForWomenTests"/>
  <testcase name="EditBudget" time="47.173" classname="Tests.EditStyleForWomenTests"/>
  <testcase name="EditColor" time="88.187" classname="Tests.EditStyleForWomenTests"/>
  <testcase name="EditJewelry" time="64.833" classname="Tests.EditStyleForWomenTests"/>
  <testcase name="EditZone" time="70.778" classname="Tests.EditStyleForWomenTests"/>
  <testcase name="EditBrands" time="83.828" classname="Tests.EditStyleForWomenTests"/>
  <testcase name="EditSocialMedia" time="213.905" classname="Tests.EditStyleForWomenTests"/>
</testsuite> <!-- Tests.EditStyleForWomenTests -->
