<?xml version="1.0" encoding="UTF-8"?>
<!-- Generated by org.testng.reporters.JUnitReportReporter -->
<testsuite skipped="0" hostname="yinons-MBP-2" name="Tests.QuizForMaleTest" tests="16" failures="0" timestamp="24 Aug 2018 08:23:38 GMT" time="513.105" errors="0">
  <testcase name="DoSignUp" time="164.608" classname="Tests.QuizForMaleTest"/>
  <testcase name="SearchStylist" time="11.227" classname="Tests.QuizForMaleTest"/>
  <testcase name="SelectEvents" time="34.401" classname="Tests.QuizForMaleTest"/>
  <testcase name="SelectSession" time="36.281" classname="Tests.QuizForMaleTest"/>
  <testcase name="SelectCountry" time="40.385" classname="Tests.QuizForMaleTest"/>
  <testcase name="SelectBodyType" time="6.772" classname="Tests.QuizForMaleTest"/>
  <testcase name="SelectHeight" time="6.782" classname="Tests.QuizForMaleTest"/>
  <testcase name="SelectSize" time="49.594" classname="Tests.QuizForMaleTest"/>
  <testcase name="SelectColor" time="24.751" classname="Tests.QuizForMaleTest"/>
  <testcase name="SelectFabrics" time="12.136" classname="Tests.QuizForMaleTest"/>
  <testcase name="SelectFitTop" time="10.497" classname="Tests.QuizForMaleTest"/>
  <testcase name="SelectFitBottom" time="10.496" classname="Tests.QuizForMaleTest"/>
  <testcase name="SelectJewelry" time="17.533" classname="Tests.QuizForMaleTest"/>
  <testcase name="SelectZone" time="6.765" classname="Tests.QuizForMaleTest"/>
  <testcase name="SelectClothingCategories" time="34.545" classname="Tests.QuizForMaleTest"/>
  <testcase name="SelectYourCloset" time="46.332" classname="Tests.QuizForMaleTest"/>
</testsuite> <!-- Tests.QuizForMaleTest -->
