<?xml version="1.0" encoding="UTF-8"?>
<!-- Generated by org.testng.reporters.JUnitReportReporter -->
<testsuite skipped="0" hostname="yinons-MBP-2" name="Tests.ContactStylistTest" tests="2" failures="0" timestamp="02 Oct 2018 20:45:42 GMT" time="333.221" errors="0">
  <testcase name="StylistSendToClient" time="157.860" classname="Tests.ContactStylistTest"/>
  <testcase name="ClientToStylist" time="175.361" classname="Tests.ContactStylistTest"/>
</testsuite> <!-- Tests.ContactStylistTest -->
