<?xml version="1.0" encoding="UTF-8"?>
<!-- Generated by org.testng.reporters.JUnitReportReporter -->
<testsuite skipped="0" hostname="yinons-MBP-2" name="Tests.LoginTests" tests="6" failures="0" timestamp="26 Aug 2018 19:07:43 GMT" time="193.186" errors="0">
  <testcase name="FillPasswordWithOutToFillEmail" time="17.985" classname="Tests.LoginTests"/>
  <testcase name="FillPasswordWithOutToFillPassword" time="18.838" classname="Tests.LoginTests"/>
  <testcase name="FillPasswordWithWrongEmail" time="35.605" classname="Tests.LoginTests"/>
  <testcase name="FillPasswordWithWrongPassword" time="38.918" classname="Tests.LoginTests"/>
  <testcase name="ClickLoginwWithOutToFillAnyFields" time="25.374" classname="Tests.LoginTests"/>
  <testcase name="DoLogin" time="56.466" classname="Tests.LoginTests"/>
</testsuite> <!-- Tests.LoginTests -->
