<?xml version="1.0" encoding="UTF-8"?>
<!-- Generated by org.testng.reporters.JUnitReportReporter -->
<testsuite skipped="0" hostname="yinons-MBP-2" name="Tests.QuizForWomenTest" tests="20" failures="0" timestamp="13 Sep 2018 15:23:43 GMT" time="615.881" errors="0">
  <testcase name="DoSignUp" time="193.300" classname="Tests.QuizForWomenTest"/>
  <testcase name="SearchStylist" time="15.270" classname="Tests.QuizForWomenTest"/>
  <testcase name="SelectEvents" time="34.817" classname="Tests.QuizForWomenTest"/>
  <testcase name="SelectSession" time="33.314" classname="Tests.QuizForWomenTest"/>
  <testcase name="SelectCountry" time="64.214" classname="Tests.QuizForWomenTest"/>
  <testcase name="SelectBodyType" time="6.775" classname="Tests.QuizForWomenTest"/>
  <testcase name="SelectHeight" time="6.869" classname="Tests.QuizForWomenTest"/>
  <testcase name="SelectSize" time="49.191" classname="Tests.QuizForWomenTest"/>
  <testcase name="SelectColor" time="25.212" classname="Tests.QuizForWomenTest"/>
  <testcase name="SelectFabrics" time="12.028" classname="Tests.QuizForWomenTest"/>
  <testcase name="SelectFitTop" time="10.502" classname="Tests.QuizForWomenTest"/>
  <testcase name="SelectFitBottom" time="11.997" classname="Tests.QuizForWomenTest"/>
  <testcase name="SelectJeansp" time="17.449" classname="Tests.QuizForWomenTest"/>
  <testcase name="SelectHeels" time="6.799" classname="Tests.QuizForWomenTest"/>
  <testcase name="SelectJewelry" time="17.433" classname="Tests.QuizForWomenTest"/>
  <testcase name="SelectHighlights" time="17.681" classname="Tests.QuizForWomenTest"/>
  <testcase name="SelectZone" time="6.776" classname="Tests.QuizForWomenTest"/>
  <testcase name="SelectClothingPreferences" time="6.790" classname="Tests.QuizForWomenTest"/>
  <testcase name="SelectClothingCategories" time="25.964" classname="Tests.QuizForWomenTest"/>
  <testcase name="SelectYourCloset" time="53.500" classname="Tests.QuizForWomenTest"/>
</testsuite> <!-- Tests.QuizForWomenTest -->
