<?xml version="1.0" encoding="UTF-8"?>
<!-- Generated by org.testng.reporters.JUnitReportReporter -->
<testsuite skipped="0" hostname="yinons-MBP-2" name="Tests.CheckOutByCoponTest" tests="4" failures="0" timestamp="02 Oct 2018 20:45:42 GMT" time="283.481" errors="0">
  <testcase name="DoLogin" time="42.375" classname="Tests.CheckOutByCoponTest"/>
  <testcase name="SearchStylist" time="22.163" classname="Tests.CheckOutByCoponTest"/>
  <testcase name="SelectEvents" time="33.504" classname="Tests.CheckOutByCoponTest"/>
  <testcase name="SelectSession" time="185.439" classname="Tests.CheckOutByCoponTest"/>
</testsuite> <!-- Tests.CheckOutByCoponTest -->
