<?xml version="1.0" encoding="UTF-8"?>
<!-- Generated by org.testng.reporters.JUnitReportReporter -->
<testsuite skipped="0" hostname="yinons-MBP-2" name="Tests.QuickQuizForWomenTest" tests="5" failures="0" timestamp="09 Nov 2018 02:01:38 GMT" time="291.176" errors="0">
  <testcase name="DoLogin" time="43.230" classname="Tests.QuickQuizForWomenTest"/>
  <testcase name="SearchStylist" time="8.539" classname="Tests.QuickQuizForWomenTest"/>
  <testcase name="SelectEvents" time="36.286" classname="Tests.QuickQuizForWomenTest"/>
  <testcase name="SelectSession" time="17.104" classname="Tests.QuickQuizForWomenTest"/>
  <testcase name="CompileBooking" time="186.017" classname="Tests.QuickQuizForWomenTest"/>
</testsuite> <!-- Tests.QuickQuizForWomenTest -->
