<?xml version="1.0" encoding="UTF-8"?>
<!-- Generated by org.testng.reporters.JUnitReportReporter -->
<testsuite skipped="0" hostname="yinons-MBP-2" name="Tests.ContactStylistTest" tests="2" failures="0" timestamp="05 Dec 2018 20:05:55 GMT" time="344.991" errors="0">
  <testcase name="StylistSendToClient" time="162.802" classname="Tests.ContactStylistTest"/>
  <testcase name="ClientToStylist" time="182.189" classname="Tests.ContactStylistTest"/>
</testsuite> <!-- Tests.ContactStylistTest -->
