<?xml version="1.0" encoding="UTF-8"?>
<!-- Generated by org.testng.reporters.JUnitReportReporter -->
<testsuite skipped="0" hostname="yinons-MBP-2" name="Tests.BestMutch" tests="1" failures="0" timestamp="08 Aug 2019 14:19:57 GMT" time="369.554" errors="0">
  <testcase name="BestMatchFamle" time="369.554" classname="Tests.BestMutch"/>
</testsuite> <!-- Tests.BestMutch -->
