<?xml version="1.0" encoding="UTF-8"?>
<!-- Generated by org.testng.reporters.JUnitReportReporter -->
<testsuite skipped="0" hostname="yinons-MBP-2" name="Tests.CheckOutPSTest" tests="4" failures="0" timestamp="13 Sep 2018 11:12:55 GMT" time="194.341" errors="0">
  <testcase name="DoLogin" time="48.798" classname="Tests.CheckOutPSTest"/>
  <testcase name="SearchStylist" time="13.705" classname="Tests.CheckOutPSTest"/>
  <testcase name="SelectEvents" time="13.645" classname="Tests.CheckOutPSTest"/>
  <testcase name="CheckOut" time="118.193" classname="Tests.CheckOutPSTest"/>
</testsuite> <!-- Tests.CheckOutPSTest -->
