<?xml version="1.0" encoding="UTF-8"?>
<!-- Generated by org.testng.reporters.JUnitReportReporter -->
<testsuite skipped="0" hostname="yinons-MBP-2" name="Tests.QuizForSelfIdentityTest" tests="20" failures="0" timestamp="02 Oct 2018 20:45:42 GMT" time="549.488" errors="0">
  <testcase name="DoSignUp" time="137.039" classname="Tests.QuizForSelfIdentityTest"/>
  <testcase name="SearchStylist" time="19.589" classname="Tests.QuizForSelfIdentityTest"/>
  <testcase name="SelectEvents" time="34.268" classname="Tests.QuizForSelfIdentityTest"/>
  <testcase name="SelectSession" time="33.241" classname="Tests.QuizForSelfIdentityTest"/>
  <testcase name="SelectCountry" time="65.209" classname="Tests.QuizForSelfIdentityTest"/>
  <testcase name="SelectBodyType" time="6.831" classname="Tests.QuizForSelfIdentityTest"/>
  <testcase name="SelectHeight" time="6.778" classname="Tests.QuizForSelfIdentityTest"/>
  <testcase name="SelectSize" time="51.615" classname="Tests.QuizForSelfIdentityTest"/>
  <testcase name="SelectColor" time="25.515" classname="Tests.QuizForSelfIdentityTest"/>
  <testcase name="SelectFabrics" time="12.242" classname="Tests.QuizForSelfIdentityTest"/>
  <testcase name="SelectFitTop" time="10.530" classname="Tests.QuizForSelfIdentityTest"/>
  <testcase name="SelectFitBottom" time="12.210" classname="Tests.QuizForSelfIdentityTest"/>
  <testcase name="SelectJeansp" time="17.771" classname="Tests.QuizForSelfIdentityTest"/>
  <testcase name="SelectHeels" time="6.826" classname="Tests.QuizForSelfIdentityTest"/>
  <testcase name="SelectJewelry" time="17.400" classname="Tests.QuizForSelfIdentityTest"/>
  <testcase name="SelectHighlights" time="17.604" classname="Tests.QuizForSelfIdentityTest"/>
  <testcase name="SelectZone" time="6.784" classname="Tests.QuizForSelfIdentityTest"/>
  <testcase name="SelectClothingPreferences" time="6.721" classname="Tests.QuizForSelfIdentityTest"/>
  <testcase name="SelectClothingCategories" time="28.958" classname="Tests.QuizForSelfIdentityTest"/>
  <testcase name="SelectYourCloset" time="32.357" classname="Tests.QuizForSelfIdentityTest"/>
</testsuite> <!-- Tests.QuizForSelfIdentityTest -->
