<?xml version="1.0" encoding="UTF-8"?>
<!-- Generated by org.testng.reporters.JUnitReportReporter -->
<testsuite skipped="0" hostname="yinons-MBP-2" name="Tests.CheckOutMounthTest" tests="5" failures="0" timestamp="17 Nov 2018 22:45:43 GMT" time="311.333" errors="0">
  <testcase name="DoLogin" time="44.180" classname="Tests.CheckOutMounthTest"/>
  <testcase name="SearchStylist" time="8.858" classname="Tests.CheckOutMounthTest"/>
  <testcase name="SelectEvents" time="37.167" classname="Tests.CheckOutMounthTest"/>
  <testcase name="SelectSession" time="21.053" classname="Tests.CheckOutMounthTest"/>
  <testcase name="CompileBooking" time="200.075" classname="Tests.CheckOutMounthTest"/>
</testsuite> <!-- Tests.CheckOutMounthTest -->
