<?xml version="1.0" encoding="UTF-8"?>
<!-- Generated by org.testng.reporters.JUnitReportReporter -->
<testsuite skipped="0" hostname="yinons-MBP-2" name="Tests.CheckOutMounthTest" tests="5" failures="0" timestamp="13 Sep 2018 11:07:05 GMT" time="296.348" errors="0">
  <testcase name="DoLogin" time="47.684" classname="Tests.CheckOutMounthTest"/>
  <testcase name="SearchStylist" time="12.737" classname="Tests.CheckOutMounthTest"/>
  <testcase name="SelectEvents" time="34.827" classname="Tests.CheckOutMounthTest"/>
  <testcase name="SelectSession" time="19.764" classname="Tests.CheckOutMounthTest"/>
  <testcase name="CompileBooking" time="181.336" classname="Tests.CheckOutMounthTest"/>
</testsuite> <!-- Tests.CheckOutMounthTest -->
