<?xml version="1.0" encoding="UTF-8"?>
<!-- Generated by org.testng.reporters.JUnitReportReporter -->
<testsuite skipped="0" hostname="yinons-MacBook-Pro-2.local" name="Tests.BookMiniMonthlyFSTest" tests="18" failures="0" timestamp="18 Feb 2019 16:26:24 GMT" time="2470.979" errors="0">
  <testcase name="DoLogin" time="45.339" classname="Tests.BookMiniMonthlyFSTest"/>
  <testcase name="SearchStylist" time="17.501" classname="Tests.BookMiniMonthlyFSTest"/>
  <testcase name="SelectPlan" time="19.577" classname="Tests.BookMiniMonthlyFSTest"/>
  <testcase name="SelectSession" time="20.813" classname="Tests.BookMiniMonthlyFSTest"/>
  <testcase name="CompileBooking" time="164.905" classname="Tests.BookMiniMonthlyFSTest"/>
  <testcase name="CreateMoodBoard" time="125.618" classname="Tests.BookMiniMonthlyFSTest"/>
  <testcase name="VerifyMoodBoard" time="130.731" classname="Tests.BookMiniMonthlyFSTest"/>
  <testcase name="CreateLook" time="208.486" classname="Tests.BookMiniMonthlyFSTest"/>
  <testcase name="AsaRevise1" time="237.795" classname="Tests.BookMiniMonthlyFSTest"/>
  <testcase name="CreateReviseLook1" time="239.610" classname="Tests.BookMiniMonthlyFSTest"/>
  <testcase name="VerifyCreateLookrevise1" time="204.601" classname="Tests.BookMiniMonthlyFSTest"/>
  <testcase name="CreateLook2" time="155.101" classname="Tests.BookMiniMonthlyFSTest"/>
  <testcase name="VerifiedLook2" time="136.554" classname="Tests.BookMiniMonthlyFSTest"/>
  <testcase name="ReviseLook2" time="163.221" classname="Tests.BookMiniMonthlyFSTest"/>
  <testcase name="VerifyCreateRevise2" time="231.800" classname="Tests.BookMiniMonthlyFSTest"/>
  <testcase name="EndSession" time="65.918" classname="Tests.BookMiniMonthlyFSTest"/>
  <testcase name="ClientEndSession" time="252.657" classname="Tests.BookMiniMonthlyFSTest"/>
  <testcase name="VerifyEndSession" time="50.752" classname="Tests.BookMiniMonthlyFSTest"/>
</testsuite> <!-- Tests.BookMiniMonthlyFSTest -->
