<?xml version="1.0" encoding="UTF-8"?>
<!-- Generated by org.testng.reporters.JUnitReportReporter -->
<testsuite skipped="0" hostname="yinons-MBP-2" name="Tests.BookPSTest" tests="12" failures="0" timestamp="24 Aug 2018 08:23:38 GMT" time="932.184" errors="0">
  <testcase name="DoLogin" time="46.268" classname="Tests.BookPSTest"/>
  <testcase name="SearchStylist" time="11.393" classname="Tests.BookPSTest"/>
  <testcase name="SelectEvents" time="13.138" classname="Tests.BookPSTest"/>
  <testcase name="CheckOut" time="32.878" classname="Tests.BookPSTest"/>
  <testcase name="CompileBooking" time="30.173" classname="Tests.BookPSTest"/>
  <testcase name="CreateStyle" time="147.797" classname="Tests.BookPSTest"/>
  <testcase name="VerifyStyle1" time="103.069" classname="Tests.BookPSTest"/>
  <testcase name="CreateStyle2" time="153.231" classname="Tests.BookPSTest"/>
  <testcase name="VerifyStyle2" time="103.585" classname="Tests.BookPSTest"/>
  <testcase name="EndSession" time="79.106" classname="Tests.BookPSTest"/>
  <testcase name="ClientEndSession" time="145.359" classname="Tests.BookPSTest"/>
  <testcase name="VerifyEndSession" time="66.187" classname="Tests.BookPSTest"/>
</testsuite> <!-- Tests.BookPSTest -->
