<?xml version="1.0" encoding="UTF-8"?>
<!-- Generated by org.testng.reporters.JUnitReportReporter -->
<testsuite skipped="0" hostname="yinons-MBP-2" name="Tests.EditStyleForMenTests" tests="13" failures="0" timestamp="26 Aug 2018 19:07:43 GMT" time="938.640" errors="0">
  <testcase name="DoSignUp" time="205.278" classname="Tests.EditStyleForMenTests"/>
  <testcase name="EditStyle" time="43.157" classname="Tests.EditStyleForMenTests"/>
  <testcase name="EditSize" time="76.191" classname="Tests.EditStyleForMenTests"/>
  <testcase name="EditHeight" time="30.573" classname="Tests.EditStyleForMenTests"/>
  <testcase name="EditBodyType" time="30.837" classname="Tests.EditStyleForMenTests"/>
  <testcase name="EditFitTop" time="31.006" classname="Tests.EditStyleForMenTests"/>
  <testcase name="EditFitBottom" time="31.143" classname="Tests.EditStyleForMenTests"/>
  <testcase name="EditBudget" time="60.715" classname="Tests.EditStyleForMenTests"/>
  <testcase name="EditColor" time="45.449" classname="Tests.EditStyleForMenTests"/>
  <testcase name="EditJewelry" time="45.621" classname="Tests.EditStyleForMenTests"/>
  <testcase name="EditZone" time="52.933" classname="Tests.EditStyleForMenTests"/>
  <testcase name="EditBrands" time="68.844" classname="Tests.EditStyleForMenTests"/>
  <testcase name="EditSocialMedia" time="216.893" classname="Tests.EditStyleForMenTests"/>
</testsuite> <!-- Tests.EditStyleForMenTests -->
