<?xml version="1.0" encoding="UTF-8"?>
<!-- Generated by org.testng.reporters.JUnitReportReporter -->
<testsuite skipped="0" hostname="yinons-MBP-2" name="Tests.CheckOutByCoponTest" tests="4" failures="0" timestamp="09 Nov 2018 02:01:38 GMT" time="305.465" errors="0">
  <testcase name="DoLogin" time="44.232" classname="Tests.CheckOutByCoponTest"/>
  <testcase name="SearchStylist" time="12.136" classname="Tests.CheckOutByCoponTest"/>
  <testcase name="SelectEvents" time="35.789" classname="Tests.CheckOutByCoponTest"/>
  <testcase name="SelectSession" time="213.308" classname="Tests.CheckOutByCoponTest"/>
</testsuite> <!-- Tests.CheckOutByCoponTest -->
