<?xml version="1.0" encoding="UTF-8"?>
<!-- Generated by org.testng.reporters.JUnitReportReporter -->
<testsuite skipped="0" hostname="yinons-MBP-2" name="Tests.CheckOutSingleTest" tests="5" failures="0" timestamp="24 Aug 2018 09:09:39 GMT" time="289.201" errors="0">
  <testcase name="DoLogin" time="44.769" classname="Tests.CheckOutSingleTest"/>
  <testcase name="SearchStylist" time="13.321" classname="Tests.CheckOutSingleTest"/>
  <testcase name="SelectEvents" time="32.605" classname="Tests.CheckOutSingleTest"/>
  <testcase name="SelectSession" time="23.506" classname="Tests.CheckOutSingleTest"/>
  <testcase name="CompileBooking" time="175.000" classname="Tests.CheckOutSingleTest"/>
</testsuite> <!-- Tests.CheckOutSingleTest -->
