<?xml version="1.0" encoding="UTF-8"?>
<!-- Generated by org.testng.reporters.JUnitReportReporter -->
<testsuite skipped="0" hostname="yinons-MBP-2" name="Tests.EditStyleForMenTests" tests="13" failures="0" timestamp="09 Nov 2018 02:01:38 GMT" time="939.679" errors="0">
  <testcase name="DoSignUp" time="203.851" classname="Tests.EditStyleForMenTests"/>
  <testcase name="EditStyle" time="42.681" classname="Tests.EditStyleForMenTests"/>
  <testcase name="EditSize" time="76.140" classname="Tests.EditStyleForMenTests"/>
  <testcase name="EditHeight" time="29.972" classname="Tests.EditStyleForMenTests"/>
  <testcase name="EditBodyType" time="30.150" classname="Tests.EditStyleForMenTests"/>
  <testcase name="EditFitTop" time="30.459" classname="Tests.EditStyleForMenTests"/>
  <testcase name="EditFitBottom" time="30.693" classname="Tests.EditStyleForMenTests"/>
  <testcase name="EditBudget" time="36.928" classname="Tests.EditStyleForMenTests"/>
  <testcase name="EditColor" time="56.701" classname="Tests.EditStyleForMenTests"/>
  <testcase name="EditJewelry" time="45.454" classname="Tests.EditStyleForMenTests"/>
  <testcase name="EditZone" time="54.806" classname="Tests.EditStyleForMenTests"/>
  <testcase name="EditBrands" time="75.008" classname="Tests.EditStyleForMenTests"/>
  <testcase name="EditSocialMedia" time="226.836" classname="Tests.EditStyleForMenTests"/>
</testsuite> <!-- Tests.EditStyleForMenTests -->
