<?xml version="1.0" encoding="UTF-8"?>
<!-- Generated by org.testng.reporters.JUnitReportReporter -->
<testsuite skipped="0" hostname="yinons-MBP-2" name="Tests.SignUpTest" tests="4" failures="0" timestamp="17 Nov 2018 22:45:43 GMT" time="164.399" errors="0">
  <testcase name="SignupwithoutDotCom" time="28.416" classname="Tests.SignUpTest"/>
  <testcase name="Signupwithoutshtudel" time="28.417" classname="Tests.SignUpTest"/>
  <testcase name="FillPsswordWithLessthan6Characters" time="55.657" classname="Tests.SignUpTest"/>
  <testcase name="DoSignUp" time="51.909" classname="Tests.SignUpTest"/>
</testsuite> <!-- Tests.SignUpTest -->
