<?xml version="1.0" encoding="UTF-8"?>
<!-- Generated by org.testng.reporters.JUnitReportReporter -->
<testsuite skipped="0" hostname="yinons-MBP-2" name="Tests.LoginTests" tests="6" failures="0" timestamp="09 Nov 2018 02:01:38 GMT" time="197.402" errors="0">
  <testcase name="FillPasswordWithOutToFillEmail" time="19.558" classname="Tests.LoginTests"/>
  <testcase name="FillPasswordWithOutToFillPassword" time="20.180" classname="Tests.LoginTests"/>
  <testcase name="FillPasswordWithWrongEmail" time="37.425" classname="Tests.LoginTests"/>
  <testcase name="FillPasswordWithWrongPassword" time="40.355" classname="Tests.LoginTests"/>
  <testcase name="ClickLoginwWithOutToFillAnyFields" time="26.406" classname="Tests.LoginTests"/>
  <testcase name="DoLogin" time="53.478" classname="Tests.LoginTests"/>
</testsuite> <!-- Tests.LoginTests -->
