<?xml version="1.0" encoding="UTF-8"?>
<!-- Generated by org.testng.reporters.JUnitReportReporter -->
<testsuite skipped="0" hostname="yinons-MBP-2" name="Tests.QuizForWomenTest" tests="20" failures="0" timestamp="09 Nov 2018 02:01:38 GMT" time="639.053" errors="0">
  <testcase name="DoSignUp" time="191.148" classname="Tests.QuizForWomenTest"/>
  <testcase name="SearchStylist" time="20.012" classname="Tests.QuizForWomenTest"/>
  <testcase name="SelectEvents" time="37.049" classname="Tests.QuizForWomenTest"/>
  <testcase name="SelectSession" time="34.888" classname="Tests.QuizForWomenTest"/>
  <testcase name="SelectCountry" time="73.480" classname="Tests.QuizForWomenTest"/>
  <testcase name="SelectBodyType" time="6.806" classname="Tests.QuizForWomenTest"/>
  <testcase name="SelectHeight" time="6.751" classname="Tests.QuizForWomenTest"/>
  <testcase name="SelectSize" time="49.544" classname="Tests.QuizForWomenTest"/>
  <testcase name="SelectColor" time="32.333" classname="Tests.QuizForWomenTest"/>
  <testcase name="SelectFabrics" time="11.979" classname="Tests.QuizForWomenTest"/>
  <testcase name="SelectFitTop" time="10.700" classname="Tests.QuizForWomenTest"/>
  <testcase name="SelectFitBottom" time="11.960" classname="Tests.QuizForWomenTest"/>
  <testcase name="SelectJeansp" time="18.022" classname="Tests.QuizForWomenTest"/>
  <testcase name="SelectHeels" time="6.675" classname="Tests.QuizForWomenTest"/>
  <testcase name="SelectJewelry" time="17.351" classname="Tests.QuizForWomenTest"/>
  <testcase name="SelectHighlights" time="17.865" classname="Tests.QuizForWomenTest"/>
  <testcase name="SelectZone" time="6.662" classname="Tests.QuizForWomenTest"/>
  <testcase name="SelectClothingPreferences" time="5.384" classname="Tests.QuizForWomenTest"/>
  <testcase name="SelectClothingCategories" time="32.085" classname="Tests.QuizForWomenTest"/>
  <testcase name="SelectYourCloset" time="48.359" classname="Tests.QuizForWomenTest"/>
</testsuite> <!-- Tests.QuizForWomenTest -->
