<?xml version="1.0" encoding="UTF-8"?>
<!-- Generated by org.testng.reporters.JUnitReportReporter -->
<testsuite skipped="0" hostname="yinons-MBP-2" name="Tests.EditStyleForWomenTests" tests="17" failures="0" timestamp="13 Sep 2018 14:11:29 GMT" time="1122.084" errors="0">
  <testcase name="DoSignUp" time="216.681" classname="Tests.EditStyleForWomenTests"/>
  <testcase name="EditSize" time="76.841" classname="Tests.EditStyleForWomenTests"/>
  <testcase name="EditBodyType" time="27.263" classname="Tests.EditStyleForWomenTests"/>
  <testcase name="EditHeight" time="27.396" classname="Tests.EditStyleForWomenTests"/>
  <testcase name="EditStyle" time="36.693" classname="Tests.EditStyleForWomenTests"/>
  <testcase name="EditHighlights" time="61.642" classname="Tests.EditStyleForWomenTests"/>
  <testcase name="EditFitBottom" time="28.304" classname="Tests.EditStyleForWomenTests"/>
  <testcase name="EditHeels" time="28.412" classname="Tests.EditStyleForWomenTests"/>
  <testcase name="EditJeans" time="45.222" classname="Tests.EditStyleForWomenTests"/>
  <testcase name="EditFitTop" time="28.466" classname="Tests.EditStyleForWomenTests"/>
  <testcase name="EditFabric" time="51.049" classname="Tests.EditStyleForWomenTests"/>
  <testcase name="EditBudget" time="73.354" classname="Tests.EditStyleForWomenTests"/>
  <testcase name="EditColor" time="61.051" classname="Tests.EditStyleForWomenTests"/>
  <testcase name="EditJewelry" time="53.590" classname="Tests.EditStyleForWomenTests"/>
  <testcase name="EditZone" time="57.430" classname="Tests.EditStyleForWomenTests"/>
  <testcase name="EditBrands" time="67.513" classname="Tests.EditStyleForWomenTests"/>
  <testcase name="EditSocialMedia" time="181.177" classname="Tests.EditStyleForWomenTests"/>
</testsuite> <!-- Tests.EditStyleForWomenTests -->
