<?xml version="1.0" encoding="UTF-8"?>
<!-- Generated by org.testng.reporters.JUnitReportReporter -->
<testsuite skipped="0" hostname="yinons-MBP-2" name="Tests.QuizForMaleTest" tests="16" failures="0" timestamp="13 Sep 2018 15:01:01 GMT" time="534.269" errors="0">
  <testcase name="DoSignUp" time="164.571" classname="Tests.QuizForMaleTest"/>
  <testcase name="SearchStylist" time="11.063" classname="Tests.QuizForMaleTest"/>
  <testcase name="SelectEvents" time="34.571" classname="Tests.QuizForMaleTest"/>
  <testcase name="SelectSession" time="33.256" classname="Tests.QuizForMaleTest"/>
  <testcase name="SelectCountry" time="64.504" classname="Tests.QuizForMaleTest"/>
  <testcase name="SelectBodyType" time="6.784" classname="Tests.QuizForMaleTest"/>
  <testcase name="SelectHeight" time="6.683" classname="Tests.QuizForMaleTest"/>
  <testcase name="SelectSize" time="49.106" classname="Tests.QuizForMaleTest"/>
  <testcase name="SelectColor" time="24.737" classname="Tests.QuizForMaleTest"/>
  <testcase name="SelectFabrics" time="12.118" classname="Tests.QuizForMaleTest"/>
  <testcase name="SelectFitTop" time="10.470" classname="Tests.QuizForMaleTest"/>
  <testcase name="SelectFitBottom" time="10.498" classname="Tests.QuizForMaleTest"/>
  <testcase name="SelectJewelry" time="17.334" classname="Tests.QuizForMaleTest"/>
  <testcase name="SelectZone" time="6.776" classname="Tests.QuizForMaleTest"/>
  <testcase name="SelectClothingCategories" time="35.070" classname="Tests.QuizForMaleTest"/>
  <testcase name="SelectYourCloset" time="46.728" classname="Tests.QuizForMaleTest"/>
</testsuite> <!-- Tests.QuizForMaleTest -->
