<?xml version="1.0" encoding="UTF-8"?>
<!-- Generated by org.testng.reporters.JUnitReportReporter -->
<testsuite skipped="0" hostname="yinons-MBP-2" name="Tests.ContactStylistTest" tests="2" failures="0" timestamp="17 Nov 2018 22:45:43 GMT" time="427.012" errors="0">
  <testcase name="StylistSendToClient" time="235.276" classname="Tests.ContactStylistTest"/>
  <testcase name="ClientToStylist" time="191.736" classname="Tests.ContactStylistTest"/>
</testsuite> <!-- Tests.ContactStylistTest -->
