<?xml version="1.0" encoding="UTF-8"?>
<!-- Generated by org.testng.reporters.JUnitReportReporter -->
<testsuite skipped="0" hostname="yinons-MBP-2" name="Tests.EditStyleForMenTests" tests="13" failures="0" timestamp="24 Aug 2018 08:23:38 GMT" time="931.354" errors="0">
  <testcase name="DoSignUp" time="205.763" classname="Tests.EditStyleForMenTests"/>
  <testcase name="EditStyle" time="42.701" classname="Tests.EditStyleForMenTests"/>
  <testcase name="EditSize" time="75.681" classname="Tests.EditStyleForMenTests"/>
  <testcase name="EditHeight" time="30.287" classname="Tests.EditStyleForMenTests"/>
  <testcase name="EditBodyType" time="30.460" classname="Tests.EditStyleForMenTests"/>
  <testcase name="EditFitTop" time="30.833" classname="Tests.EditStyleForMenTests"/>
  <testcase name="EditFitBottom" time="30.880" classname="Tests.EditStyleForMenTests"/>
  <testcase name="EditBudget" time="60.690" classname="Tests.EditStyleForMenTests"/>
  <testcase name="EditColor" time="45.261" classname="Tests.EditStyleForMenTests"/>
  <testcase name="EditJewelry" time="45.494" classname="Tests.EditStyleForMenTests"/>
  <testcase name="EditZone" time="52.218" classname="Tests.EditStyleForMenTests"/>
  <testcase name="EditBrands" time="67.792" classname="Tests.EditStyleForMenTests"/>
  <testcase name="EditSocialMedia" time="213.294" classname="Tests.EditStyleForMenTests"/>
</testsuite> <!-- Tests.EditStyleForMenTests -->
