<?xml version="1.0" encoding="UTF-8"?>
<!-- Generated by org.testng.reporters.JUnitReportReporter -->
<testsuite skipped="0" hostname="yinons-MBP-2" name="Tests.QuickQuizForWomenTest" tests="5" failures="0" timestamp="24 Aug 2018 08:23:38 GMT" time="251.104" errors="0">
  <testcase name="DoLogin" time="45.775" classname="Tests.QuickQuizForWomenTest"/>
  <testcase name="SearchStylist" time="11.940" classname="Tests.QuickQuizForWomenTest"/>
  <testcase name="SelectEvents" time="33.099" classname="Tests.QuickQuizForWomenTest"/>
  <testcase name="SelectSession" time="16.818" classname="Tests.QuickQuizForWomenTest"/>
  <testcase name="CompileBooking" time="143.472" classname="Tests.QuickQuizForWomenTest"/>
</testsuite> <!-- Tests.QuickQuizForWomenTest -->
