<?xml version="1.0" encoding="UTF-8"?>
<!-- Generated by org.testng.reporters.JUnitReportReporter -->
<testsuite skipped="0" hostname="yinons-MBP-2" name="Tests.ContactStylistTest" tests="2" failures="0" timestamp="26 Aug 2018 19:07:43 GMT" time="365.580" errors="0">
  <testcase name="StylistSendToClient" time="172.044" classname="Tests.ContactStylistTest"/>
  <testcase name="ClientToStylist" time="193.536" classname="Tests.ContactStylistTest"/>
</testsuite> <!-- Tests.ContactStylistTest -->
