<?xml version="1.0" encoding="UTF-8"?>
<!-- Generated by org.testng.reporters.JUnitReportReporter -->
<testsuite skipped="0" hostname="yinons-MBP-2" name="Tests.CheckOutMounthTest" tests="5" failures="0" timestamp="09 Nov 2018 02:01:38 GMT" time="318.661" errors="0">
  <testcase name="DoLogin" time="44.580" classname="Tests.CheckOutMounthTest"/>
  <testcase name="SearchStylist" time="8.807" classname="Tests.CheckOutMounthTest"/>
  <testcase name="SelectEvents" time="41.685" classname="Tests.CheckOutMounthTest"/>
  <testcase name="SelectSession" time="21.695" classname="Tests.CheckOutMounthTest"/>
  <testcase name="CompileBooking" time="201.894" classname="Tests.CheckOutMounthTest"/>
</testsuite> <!-- Tests.CheckOutMounthTest -->
