<?xml version="1.0" encoding="UTF-8"?>
<!-- Generated by org.testng.reporters.JUnitReportReporter -->
<testsuite skipped="0" hostname="yinons-MBP-2" name="Tests.QuizForWomenTest" tests="20" failures="0" timestamp="02 Oct 2018 20:45:42 GMT" time="658.679" errors="0">
  <testcase name="DoSignUp" time="196.166" classname="Tests.QuizForWomenTest"/>
  <testcase name="SearchStylist" time="77.596" classname="Tests.QuizForWomenTest"/>
  <testcase name="SelectEvents" time="33.985" classname="Tests.QuizForWomenTest"/>
  <testcase name="SelectSession" time="32.981" classname="Tests.QuizForWomenTest"/>
  <testcase name="SelectCountry" time="64.430" classname="Tests.QuizForWomenTest"/>
  <testcase name="SelectBodyType" time="6.784" classname="Tests.QuizForWomenTest"/>
  <testcase name="SelectHeight" time="6.657" classname="Tests.QuizForWomenTest"/>
  <testcase name="SelectSize" time="49.314" classname="Tests.QuizForWomenTest"/>
  <testcase name="SelectColor" time="25.066" classname="Tests.QuizForWomenTest"/>
  <testcase name="SelectFabrics" time="12.154" classname="Tests.QuizForWomenTest"/>
  <testcase name="SelectFitTop" time="10.495" classname="Tests.QuizForWomenTest"/>
  <testcase name="SelectFitBottom" time="12.099" classname="Tests.QuizForWomenTest"/>
  <testcase name="SelectJeansp" time="17.653" classname="Tests.QuizForWomenTest"/>
  <testcase name="SelectHeels" time="6.690" classname="Tests.QuizForWomenTest"/>
  <testcase name="SelectJewelry" time="17.419" classname="Tests.QuizForWomenTest"/>
  <testcase name="SelectHighlights" time="17.685" classname="Tests.QuizForWomenTest"/>
  <testcase name="SelectZone" time="6.674" classname="Tests.QuizForWomenTest"/>
  <testcase name="SelectClothingPreferences" time="6.788" classname="Tests.QuizForWomenTest"/>
  <testcase name="SelectClothingCategories" time="25.919" classname="Tests.QuizForWomenTest"/>
  <testcase name="SelectYourCloset" time="32.124" classname="Tests.QuizForWomenTest"/>
</testsuite> <!-- Tests.QuizForWomenTest -->
