<?xml version="1.0" encoding="UTF-8"?>
<!-- Generated by org.testng.reporters.JUnitReportReporter -->
<testsuite skipped="0" hostname="yinons-MBP-2" name="Tests.BookPSTest" tests="1" failures="0" timestamp="04 Oct 2018 17:41:02 GMT" time="149.583" errors="0">
  <testcase name="CreateStyle2" time="149.583" classname="Tests.BookPSTest"/>
</testsuite> <!-- Tests.BookPSTest -->
