<?xml version="1.0" encoding="UTF-8"?>
<!-- Generated by org.testng.reporters.JUnitReportReporter -->
<testsuite skipped="0" hostname="yinons-MBP-2" name="Tests.QuizForMaleTest" tests="15" failures="0" timestamp="05 Dec 2018 10:26:27 GMT" time="645.975" errors="0">
  <testcase name="DoSignUp" time="172.666" classname="Tests.QuizForMaleTest"/>
  <testcase name="SearchStylist" time="16.805" classname="Tests.QuizForMaleTest"/>
  <testcase name="SelectEvents" time="44.894" classname="Tests.QuizForMaleTest"/>
  <testcase name="SelectSession" time="42.980" classname="Tests.QuizForMaleTest"/>
  <testcase name="SelectCountry" time="98.213" classname="Tests.QuizForMaleTest"/>
  <testcase name="SelectBodyType" time="7.031" classname="Tests.QuizForMaleTest"/>
  <testcase name="SelectHeight" time="7.019" classname="Tests.QuizForMaleTest"/>
  <testcase name="SelectSize" time="53.334" classname="Tests.QuizForMaleTest"/>
  <testcase name="SelectColor" time="39.798" classname="Tests.QuizForMaleTest"/>
  <testcase name="SelectFabrics" time="12.562" classname="Tests.QuizForMaleTest"/>
  <testcase name="SelectFitTop" time="10.996" classname="Tests.QuizForMaleTest"/>
  <testcase name="SelectFitBottom" time="11.009" classname="Tests.QuizForMaleTest"/>
  <testcase name="SelectJewelry" time="18.192" classname="Tests.QuizForMaleTest"/>
  <testcase name="SelectZone" time="7.033" classname="Tests.QuizForMaleTest"/>
  <testcase name="SelectClothingCategories" time="103.443" classname="Tests.QuizForMaleTest"/>
</testsuite> <!-- Tests.QuizForMaleTest -->
