<?xml version="1.0" encoding="UTF-8"?>
<!-- Generated by org.testng.reporters.JUnitReportReporter -->
<testsuite skipped="0" hostname="yinons-MBP-2" name="Tests.CheckOutByCoponTest" tests="4" failures="0" timestamp="13 Sep 2018 11:01:37 GMT" time="286.303" errors="0">
  <testcase name="DoLogin" time="47.880" classname="Tests.CheckOutByCoponTest"/>
  <testcase name="SearchStylist" time="13.105" classname="Tests.CheckOutByCoponTest"/>
  <testcase name="SelectEvents" time="34.313" classname="Tests.CheckOutByCoponTest"/>
  <testcase name="SelectSession" time="191.005" classname="Tests.CheckOutByCoponTest"/>
</testsuite> <!-- Tests.CheckOutByCoponTest -->
