<?xml version="1.0" encoding="UTF-8"?>
<!-- Generated by org.testng.reporters.JUnitReportReporter -->
<testsuite skipped="0" hostname="yinons-MBP-2" name="Tests.QuickQuizForMenTest" tests="6" failures="0" timestamp="09 Nov 2018 02:01:38 GMT" time="299.176" errors="0">
  <testcase name="DoLogin" time="42.719" classname="Tests.QuickQuizForMenTest"/>
  <testcase name="SearchStylist" time="6.724" classname="Tests.QuickQuizForMenTest"/>
  <testcase name="SelectEvents" time="40.718" classname="Tests.QuickQuizForMenTest"/>
  <testcase name="SelectSession" time="22.108" classname="Tests.QuickQuizForMenTest"/>
  <testcase name="CompileBooking" time="26.099" classname="Tests.QuickQuizForMenTest"/>
  <testcase name="MadeQuiz" time="160.808" classname="Tests.QuickQuizForMenTest"/>
</testsuite> <!-- Tests.QuickQuizForMenTest -->
