<?xml version="1.0" encoding="UTF-8"?>
<!-- Generated by org.testng.reporters.JUnitReportReporter -->
<testsuite skipped="0" hostname="yinons-MBP-2" name="Tests.QuickQuizForMenTest" tests="6" failures="0" timestamp="05 Dec 2018 10:26:27 GMT" time="312.865" errors="0">
  <testcase name="DoLogin" time="43.273" classname="Tests.QuickQuizForMenTest"/>
  <testcase name="SearchStylist" time="7.969" classname="Tests.QuickQuizForMenTest"/>
  <testcase name="SelectEvents" time="37.655" classname="Tests.QuickQuizForMenTest"/>
  <testcase name="SelectSession" time="15.924" classname="Tests.QuickQuizForMenTest"/>
  <testcase name="CompileBooking" time="33.006" classname="Tests.QuickQuizForMenTest"/>
  <testcase name="MadeQuiz" time="175.038" classname="Tests.QuickQuizForMenTest"/>
</testsuite> <!-- Tests.QuickQuizForMenTest -->
