<?xml version="1.0" encoding="UTF-8"?>
<!-- Generated by org.testng.reporters.JUnitReportReporter -->
<testsuite skipped="0" hostname="yinons-MBP-2" name="Tests.CheckOutPSTest" tests="4" failures="0" timestamp="26 Aug 2018 19:07:43 GMT" time="163.688" errors="0">
  <testcase name="DoLogin" time="46.912" classname="Tests.CheckOutPSTest"/>
  <testcase name="SearchStylist" time="13.684" classname="Tests.CheckOutPSTest"/>
  <testcase name="SelectEvents" time="13.458" classname="Tests.CheckOutPSTest"/>
  <testcase name="CheckOut" time="89.634" classname="Tests.CheckOutPSTest"/>
</testsuite> <!-- Tests.CheckOutPSTest -->
