<?xml version="1.0" encoding="UTF-8"?>
<!-- Generated by org.testng.reporters.JUnitReportReporter -->
<testsuite skipped="0" hostname="yinons-MacBook-Pro-2.local" name="Tests.BookMajorMonthlyPlanFSTest" tests="24" failures="0" timestamp="18 Feb 2019 14:48:31 GMT" time="3112.888" errors="0">
  <testcase name="DoLogin" time="44.928" classname="Tests.BookMajorMonthlyPlanFSTest"/>
  <testcase name="SearchStylist" time="18.482" classname="Tests.BookMajorMonthlyPlanFSTest"/>
  <testcase name="SelectPlan" time="18.415" classname="Tests.BookMajorMonthlyPlanFSTest"/>
  <testcase name="SelectSession" time="20.369" classname="Tests.BookMajorMonthlyPlanFSTest"/>
  <testcase name="CompileBooking" time="163.163" classname="Tests.BookMajorMonthlyPlanFSTest"/>
  <testcase name="CreateMoodBoard" time="110.369" classname="Tests.BookMajorMonthlyPlanFSTest"/>
  <testcase name="VerifyMoodBoard" time="134.696" classname="Tests.BookMajorMonthlyPlanFSTest"/>
  <testcase name="CreateLook" time="148.162" classname="Tests.BookMajorMonthlyPlanFSTest"/>
  <testcase name="VerifyCreateLook" time="149.377" classname="Tests.BookMajorMonthlyPlanFSTest"/>
  <testcase name="CreateLook2" time="153.456" classname="Tests.BookMajorMonthlyPlanFSTest"/>
  <testcase name="AskRevise1" time="290.675" classname="Tests.BookMajorMonthlyPlanFSTest"/>
  <testcase name="CreateReviseLook1" time="236.509" classname="Tests.BookMajorMonthlyPlanFSTest"/>
  <testcase name="VerifyCreateLookrevise1" time="148.244" classname="Tests.BookMajorMonthlyPlanFSTest"/>
  <testcase name="CreateLook3" time="139.534" classname="Tests.BookMajorMonthlyPlanFSTest"/>
  <testcase name="VerifyCreateLook3" time="149.182" classname="Tests.BookMajorMonthlyPlanFSTest"/>
  <testcase name="CreateLook4" time="139.594" classname="Tests.BookMajorMonthlyPlanFSTest"/>
  <testcase name="VerifyCreateLook4" time="149.593" classname="Tests.BookMajorMonthlyPlanFSTest"/>
  <testcase name="CreateLook5" time="198.555" classname="Tests.BookMajorMonthlyPlanFSTest"/>
  <testcase name="VerifyCreateLook5" time="147.947" classname="Tests.BookMajorMonthlyPlanFSTest"/>
  <testcase name="ReviseLook2" time="113.902" classname="Tests.BookMajorMonthlyPlanFSTest"/>
  <testcase name="VerifyCreateRevise2" time="147.977" classname="Tests.BookMajorMonthlyPlanFSTest"/>
  <testcase name="EndSession" time="61.116" classname="Tests.BookMajorMonthlyPlanFSTest"/>
  <testcase name="ClientEndSession" time="180.741" classname="Tests.BookMajorMonthlyPlanFSTest"/>
  <testcase name="VerifyEndSession" time="47.902" classname="Tests.BookMajorMonthlyPlanFSTest"/>
</testsuite> <!-- Tests.BookMajorMonthlyPlanFSTest -->
