<?xml version="1.0" encoding="UTF-8"?>
<!-- Generated by org.testng.reporters.JUnitReportReporter -->
<testsuite skipped="0" hostname="yinons-MBP-2" name="Tests.BestMutch" tests="8" failures="0" timestamp="17 Nov 2018 22:45:43 GMT" time="1478.346" errors="0">
  <testcase name="BestMatchCheepFamle" time="184.656" classname="Tests.BestMutch"/>
  <testcase name="BestMatchFeMaleExpensive" time="200.460" classname="Tests.BestMutch"/>
  <testcase name="BestMatchFeMaleNormal" time="200.406" classname="Tests.BestMutch"/>
  <testcase name="BestMatchFeMaleCheepExpensive" time="200.753" classname="Tests.BestMutch"/>
  <testcase name="BestMatchExpensiveMale" time="180.333" classname="Tests.BestMutch"/>
  <testcase name="BestMatchNormalMale" time="189.356" classname="Tests.BestMutch"/>
  <testcase name="BestMatchCheepMale" time="182.635" classname="Tests.BestMutch"/>
  <testcase name="BestMatchSelfIdentity" time="139.747" classname="Tests.BestMutch"/>
</testsuite> <!-- Tests.BestMutch -->
