<?xml version="1.0" encoding="UTF-8"?>
<!-- Generated by org.testng.reporters.JUnitReportReporter -->
<testsuite skipped="0" hostname="yinons-MBP-2" name="Tests.QuizForSelfIdentityTest" tests="20" failures="0" timestamp="09 Nov 2018 02:01:38 GMT" time="612.599" errors="0">
  <testcase name="DoSignUp" time="150.638" classname="Tests.QuizForSelfIdentityTest"/>
  <testcase name="SearchStylist" time="19.161" classname="Tests.QuizForSelfIdentityTest"/>
  <testcase name="SelectEvents" time="36.633" classname="Tests.QuizForSelfIdentityTest"/>
  <testcase name="SelectSession" time="35.445" classname="Tests.QuizForSelfIdentityTest"/>
  <testcase name="SelectCountry" time="78.379" classname="Tests.QuizForSelfIdentityTest"/>
  <testcase name="SelectBodyType" time="6.841" classname="Tests.QuizForSelfIdentityTest"/>
  <testcase name="SelectHeight" time="6.830" classname="Tests.QuizForSelfIdentityTest"/>
  <testcase name="SelectSize" time="51.982" classname="Tests.QuizForSelfIdentityTest"/>
  <testcase name="SelectColor" time="33.368" classname="Tests.QuizForSelfIdentityTest"/>
  <testcase name="SelectFabrics" time="11.929" classname="Tests.QuizForSelfIdentityTest"/>
  <testcase name="SelectFitTop" time="10.567" classname="Tests.QuizForSelfIdentityTest"/>
  <testcase name="SelectFitBottom" time="12.030" classname="Tests.QuizForSelfIdentityTest"/>
  <testcase name="SelectJeansp" time="18.321" classname="Tests.QuizForSelfIdentityTest"/>
  <testcase name="SelectHeels" time="6.954" classname="Tests.QuizForSelfIdentityTest"/>
  <testcase name="SelectJewelry" time="17.562" classname="Tests.QuizForSelfIdentityTest"/>
  <testcase name="SelectHighlights" time="18.247" classname="Tests.QuizForSelfIdentityTest"/>
  <testcase name="SelectZone" time="6.723" classname="Tests.QuizForSelfIdentityTest"/>
  <testcase name="SelectClothingPreferences" time="5.383" classname="Tests.QuizForSelfIdentityTest"/>
  <testcase name="SelectClothingCategories" time="35.275" classname="Tests.QuizForSelfIdentityTest"/>
  <testcase name="SelectYourCloset" time="50.331" classname="Tests.QuizForSelfIdentityTest"/>
</testsuite> <!-- Tests.QuizForSelfIdentityTest -->
