<?xml version="1.0" encoding="UTF-8"?>
<!-- Generated by org.testng.reporters.JUnitReportReporter -->
<testsuite skipped="0" hostname="yinons-MBP-2" name="Tests.ReviseThirdLookTest" tests="20" failures="0" timestamp="17 Nov 2018 22:45:43 GMT" time="2683.256" errors="1">
  <testcase name="DoLogin" time="41.765" classname="Tests.ReviseThirdLookTest"/>
  <testcase name="SearchStylist" time="9.752" classname="Tests.ReviseThirdLookTest"/>
  <testcase name="SelectEvents" time="36.051" classname="Tests.ReviseThirdLookTest"/>
  <testcase name="SelectSession" time="41.251" classname="Tests.ReviseThirdLookTest"/>
  <testcase name="CompileBooking" time="157.044" classname="Tests.ReviseThirdLookTest"/>
  <testcase name="CreateMoodBoard" time="148.209" classname="Tests.ReviseThirdLookTest"/>
  <testcase name="VerifyMoodBoard" time="107.308" classname="Tests.ReviseThirdLookTest"/>
  <testcase name="CreateLook" time="217.931" classname="Tests.ReviseThirdLookTest"/>
  <testcase name="VerifyCreateLook" time="117.000" classname="Tests.ReviseThirdLookTest"/>
  <testcase name="CreateLook2" time="164.689" classname="Tests.ReviseThirdLookTest"/>
  <testcase name="AskRevise1" time="185.166" classname="Tests.ReviseThirdLookTest">
    <error type="java.lang.ArrayIndexOutOfBoundsException" message="-1">
      <![CDATA[java.lang.ArrayIndexOutOfBoundsException: -1
at java.util.ArrayList.elementData(ArrayList.java:422)
at java.util.ArrayList.get(ArrayList.java:435)
at PageObjects.BookingPage.SelectImageForRevise(BookingPage.java:287)
at Tests.ReviseThirdLookTest.AskRevise1(ReviseThirdLookTest.java:372)
at sun.reflect.NativeMethodAccessorImpl.invoke0(Native Method)
at sun.reflect.NativeMethodAccessorImpl.invoke(NativeMethodAccessorImpl.java:62)
at sun.reflect.DelegatingMethodAccessorImpl.invoke(DelegatingMethodAccessorImpl.java:43)
at java.lang.reflect.Method.invoke(Method.java:498)
at org.testng.internal.MethodInvocationHelper.invokeMethod(MethodInvocationHelper.java:124)
at org.testng.internal.Invoker.invokeMethod(Invoker.java:580)
at org.testng.internal.Invoker.invokeTestMethod(Invoker.java:716)
at org.testng.internal.Invoker.invokeTestMethods(Invoker.java:988)
at org.testng.internal.TestMethodWorker.invokeTestMethods(TestMethodWorker.java:125)
at org.testng.internal.TestMethodWorker.run(TestMethodWorker.java:109)
at org.testng.TestRunner.privateRun(TestRunner.java:648)
at org.testng.TestRunner.run(TestRunner.java:505)
at org.testng.SuiteRunner.runTest(SuiteRunner.java:455)
at org.testng.SuiteRunner.runSequentially(SuiteRunner.java:450)
at org.testng.SuiteRunner.privateRun(SuiteRunner.java:415)
at org.testng.SuiteRunner.run(SuiteRunner.java:364)
at org.testng.SuiteRunnerWorker.runSuite(SuiteRunnerWorker.java:52)
at org.testng.SuiteRunnerWorker.run(SuiteRunnerWorker.java:84)
at org.testng.TestNG.runSuitesSequentially(TestNG.java:1208)
at org.testng.TestNG.runSuitesLocally(TestNG.java:1137)
at org.testng.TestNG.runSuites(TestNG.java:1049)
at org.testng.TestNG.run(TestNG.java:1017)
at org.testng.remote.AbstractRemoteTestNG.run(AbstractRemoteTestNG.java:114)
at org.testng.remote.RemoteTestNG.initAndRun(RemoteTestNG.java:251)
at org.testng.remote.RemoteTestNG.main(RemoteTestNG.java:77)
]]>
    </error>
  </testcase> <!-- AskRevise1 -->
  <testcase name="CreateReviseLook1" time="217.499" classname="Tests.ReviseThirdLookTest"/>
  <testcase name="VerifyCreateLookrevise1" time="123.811" classname="Tests.ReviseThirdLookTest"/>
  <testcase name="CreateLook3" time="189.971" classname="Tests.ReviseThirdLookTest"/>
  <testcase name="VerifyCreateLook3" time="192.352" classname="Tests.ReviseThirdLookTest"/>
  <testcase name="ReviseLook2" time="221.288" classname="Tests.ReviseThirdLookTest"/>
  <testcase name="VerifyCreateRevise2" time="152.154" classname="Tests.ReviseThirdLookTest"/>
  <testcase name="EndSession" time="75.651" classname="Tests.ReviseThirdLookTest"/>
  <testcase name="ClientEndSession" time="218.160" classname="Tests.ReviseThirdLookTest"/>
  <testcase name="VerifyEndSession" time="66.204" classname="Tests.ReviseThirdLookTest"/>
</testsuite> <!-- Tests.ReviseThirdLookTest -->
