<?xml version="1.0" encoding="UTF-8"?>
<!-- Generated by org.testng.reporters.JUnitReportReporter -->
<testsuite skipped="0" hostname="yinons-MBP-2" name="Tests.CheckOutPSTest" tests="4" failures="0" timestamp="17 Nov 2018 22:45:43 GMT" time="194.229" errors="0">
  <testcase name="DoLogin" time="43.283" classname="Tests.CheckOutPSTest"/>
  <testcase name="SearchStylist" time="8.860" classname="Tests.CheckOutPSTest"/>
  <testcase name="SelectEvents" time="14.627" classname="Tests.CheckOutPSTest"/>
  <testcase name="CheckOut" time="127.459" classname="Tests.CheckOutPSTest"/>
</testsuite> <!-- Tests.CheckOutPSTest -->
