<?xml version="1.0" encoding="UTF-8"?>
<!-- Generated by org.testng.reporters.JUnitReportReporter -->
<testsuite skipped="0" hostname="yinons-MBP" name="Tests.EditStyleTests" tests="2" failures="0" timestamp="03 Apr 2018 13:04:41 GMT" time="1649.720" errors="0">
  <testcase name="DoSignUp" time="156.479" classname="Tests.EditStyleTests"/>
  <testcase name="OpenEditStyleTab" time="1493.241" classname="Tests.EditStyleTests"/>
</testsuite> <!-- Tests.EditStyleTests -->
