<?xml version="1.0" encoding="UTF-8"?>
<!-- Generated by org.testng.reporters.JUnitReportReporter -->
<testsuite skipped="0" hostname="yinons-MBP-2" name="Tests.BookMiniSingleFSTest" tests="15" failures="0" timestamp="07 Aug 2019 20:17:13 GMT" time="1818.154" errors="0">
  <testcase name="DoLogin" time="43.672" classname="Tests.BookMiniSingleFSTest"/>
  <testcase name="SearchStylist" time="14.020" classname="Tests.BookMiniSingleFSTest"/>
  <testcase name="SelectPlan" time="17.902" classname="Tests.BookMiniSingleFSTest"/>
  <testcase name="SelectSession" time="35.042" classname="Tests.BookMiniSingleFSTest"/>
  <testcase name="CreateMoodBoard" time="137.310" classname="Tests.BookMiniSingleFSTest"/>
  <testcase name="VerifyMoodBoard" time="139.684" classname="Tests.BookMiniSingleFSTest"/>
  <testcase name="CreateLook" time="175.429" classname="Tests.BookMiniSingleFSTest"/>
  <testcase name="AsaRevise1" time="263.119" classname="Tests.BookMiniSingleFSTest"/>
  <testcase name="CreateReviseLook1" time="206.687" classname="Tests.BookMiniSingleFSTest"/>
  <testcase name="VerifyCreateLookrevise1" time="154.750" classname="Tests.BookMiniSingleFSTest"/>
  <testcase name="CreateLook2" time="166.976" classname="Tests.BookMiniSingleFSTest"/>
  <testcase name="VerifiedLook2" time="147.378" classname="Tests.BookMiniSingleFSTest"/>
  <testcase name="EndSession" time="76.187" classname="Tests.BookMiniSingleFSTest"/>
  <testcase name="ClientEndSession" time="182.550" classname="Tests.BookMiniSingleFSTest"/>
  <testcase name="VerifyEndSession" time="57.448" classname="Tests.BookMiniSingleFSTest"/>
</testsuite> <!-- Tests.BookMiniSingleFSTest -->
