<?xml version="1.0" encoding="UTF-8"?>
<!-- Generated by org.testng.reporters.JUnitReportReporter -->
<testsuite skipped="0" hostname="yinons-MBP-2" name="Tests.SignUpTest" tests="4" failures="0" timestamp="24 Aug 2018 08:23:38 GMT" time="150.685" errors="0">
  <testcase name="SignupwithoutDotCom" time="24.617" classname="Tests.SignUpTest"/>
  <testcase name="Signupwithoutshtudel" time="24.680" classname="Tests.SignUpTest"/>
  <testcase name="FillPsswordWithLessthan6Characters" time="52.192" classname="Tests.SignUpTest"/>
  <testcase name="DoSignUp" time="49.196" classname="Tests.SignUpTest"/>
</testsuite> <!-- Tests.SignUpTest -->
