<?xml version="1.0" encoding="UTF-8"?>
<!-- Generated by org.testng.reporters.JUnitReportReporter -->
<testsuite skipped="0" hostname="yinons-MBP-2" name="Tests.QuickQuizForMenTest" tests="6" failures="0" timestamp="24 Aug 2018 08:23:38 GMT" time="247.963" errors="0">
  <testcase name="DoLogin" time="45.172" classname="Tests.QuickQuizForMenTest"/>
  <testcase name="SearchStylist" time="11.524" classname="Tests.QuickQuizForMenTest"/>
  <testcase name="SelectEvents" time="33.203" classname="Tests.QuickQuizForMenTest"/>
  <testcase name="SelectSession" time="16.897" classname="Tests.QuickQuizForMenTest"/>
  <testcase name="CompileBooking" time="26.098" classname="Tests.QuickQuizForMenTest"/>
  <testcase name="MadeQuiz" time="115.069" classname="Tests.QuickQuizForMenTest"/>
</testsuite> <!-- Tests.QuickQuizForMenTest -->
