<?xml version="1.0" encoding="UTF-8"?>
<!-- Generated by org.testng.reporters.JUnitReportReporter -->
<testsuite skipped="0" hostname="yinons-MBP-2" name="Tests.CheckOutByCoponTest" tests="4" failures="0" timestamp="26 Aug 2018 19:07:43 GMT" time="255.014" errors="0">
  <testcase name="DoLogin" time="46.757" classname="Tests.CheckOutByCoponTest"/>
  <testcase name="SearchStylist" time="13.090" classname="Tests.CheckOutByCoponTest"/>
  <testcase name="SelectEvents" time="33.589" classname="Tests.CheckOutByCoponTest"/>
  <testcase name="SelectSession" time="161.578" classname="Tests.CheckOutByCoponTest"/>
</testsuite> <!-- Tests.CheckOutByCoponTest -->
