<?xml version="1.0" encoding="UTF-8"?>
<!-- Generated by org.testng.reporters.JUnitReportReporter -->
<testsuite skipped="0" hostname="yinons-MBP-2" name="Tests.QuizForSelfIdentityTest" tests="20" failures="0" timestamp="05 Dec 2018 10:26:27 GMT" time="760.113" errors="0">
  <testcase name="DoSignUp" time="152.504" classname="Tests.QuizForSelfIdentityTest"/>
  <testcase name="SearchStylist" time="25.261" classname="Tests.QuizForSelfIdentityTest"/>
  <testcase name="SelectEvents" time="50.652" classname="Tests.QuizForSelfIdentityTest"/>
  <testcase name="SelectSession" time="46.968" classname="Tests.QuizForSelfIdentityTest"/>
  <testcase name="SelectCountry" time="110.676" classname="Tests.QuizForSelfIdentityTest"/>
  <testcase name="SelectBodyType" time="7.069" classname="Tests.QuizForSelfIdentityTest"/>
  <testcase name="SelectHeight" time="7.117" classname="Tests.QuizForSelfIdentityTest"/>
  <testcase name="SelectSize" time="55.439" classname="Tests.QuizForSelfIdentityTest"/>
  <testcase name="SelectColor" time="48.652" classname="Tests.QuizForSelfIdentityTest"/>
  <testcase name="SelectFabrics" time="17.217" classname="Tests.QuizForSelfIdentityTest"/>
  <testcase name="SelectFitTop" time="11.442" classname="Tests.QuizForSelfIdentityTest"/>
  <testcase name="SelectFitBottom" time="13.036" classname="Tests.QuizForSelfIdentityTest"/>
  <testcase name="SelectJeansp" time="28.862" classname="Tests.QuizForSelfIdentityTest"/>
  <testcase name="SelectHeels" time="7.161" classname="Tests.QuizForSelfIdentityTest"/>
  <testcase name="SelectJewelry" time="18.720" classname="Tests.QuizForSelfIdentityTest"/>
  <testcase name="SelectHighlights" time="28.900" classname="Tests.QuizForSelfIdentityTest"/>
  <testcase name="SelectZone" time="7.212" classname="Tests.QuizForSelfIdentityTest"/>
  <testcase name="SelectClothingPreferences" time="10.687" classname="Tests.QuizForSelfIdentityTest"/>
  <testcase name="SelectClothingCategories" time="47.699" classname="Tests.QuizForSelfIdentityTest"/>
  <testcase name="SelectYourCloset" time="64.839" classname="Tests.QuizForSelfIdentityTest"/>
</testsuite> <!-- Tests.QuizForSelfIdentityTest -->
