<?xml version="1.0" encoding="UTF-8"?>
<!-- Generated by org.testng.reporters.JUnitReportReporter -->
<testsuite skipped="0" hostname="yinons-MBP-2" name="Tests.RetakeBestMatch" tests="4" failures="0" timestamp="17 Nov 2018 22:45:43 GMT" time="494.405" errors="0">
  <testcase name="RetakeSetting" time="185.560" classname="Tests.RetakeBestMatch"/>
  <testcase name="RetakeFemale" time="110.040" classname="Tests.RetakeBestMatch"/>
  <testcase name="RetakeMale" time="95.792" classname="Tests.RetakeBestMatch"/>
  <testcase name="RetakeNatural" time="103.013" classname="Tests.RetakeBestMatch"/>
</testsuite> <!-- Tests.RetakeBestMatch -->
