<?xml version="1.0" encoding="UTF-8"?>
<!-- Generated by org.testng.reporters.JUnitReportReporter -->
<testsuite skipped="0" hostname="yinons-MBP-2" name="Tests.BestMutch" tests="8" failures="0" timestamp="05 Dec 2018 10:26:27 GMT" time="1415.237" errors="0">
  <testcase name="BestMatchCheepFamle" time="176.508" classname="Tests.BestMutch"/>
  <testcase name="BestMatchFeMaleExpensive" time="191.250" classname="Tests.BestMutch"/>
  <testcase name="BestMatchFeMaleNormal" time="191.509" classname="Tests.BestMutch"/>
  <testcase name="BestMatchFeMaleCheepExpensive" time="193.574" classname="Tests.BestMutch"/>
  <testcase name="BestMatchExpensiveMale" time="170.993" classname="Tests.BestMutch"/>
  <testcase name="BestMatchNormalMale" time="180.471" classname="Tests.BestMutch"/>
  <testcase name="BestMatchCheepMale" time="176.762" classname="Tests.BestMutch"/>
  <testcase name="BestMatchSelfIdentity" time="134.170" classname="Tests.BestMutch"/>
</testsuite> <!-- Tests.BestMutch -->
