<?xml version="1.0" encoding="UTF-8"?>
<!-- Generated by org.testng.reporters.JUnitReportReporter -->
<testsuite skipped="0" hostname="yinons-MBP-2" name="Tests.EditStyleForWomenTests" tests="17" failures="0" timestamp="17 Nov 2018 22:45:43 GMT" time="1170.561" errors="0">
  <testcase name="DoSignUp" time="182.443" classname="Tests.EditStyleForWomenTests"/>
  <testcase name="EditSize" time="79.930" classname="Tests.EditStyleForWomenTests"/>
  <testcase name="EditBodyType" time="28.825" classname="Tests.EditStyleForWomenTests"/>
  <testcase name="EditHeight" time="29.434" classname="Tests.EditStyleForWomenTests"/>
  <testcase name="EditStyle" time="39.233" classname="Tests.EditStyleForWomenTests"/>
  <testcase name="EditHighlights" time="65.341" classname="Tests.EditStyleForWomenTests"/>
  <testcase name="EditFitBottom" time="30.324" classname="Tests.EditStyleForWomenTests"/>
  <testcase name="EditHeels" time="30.514" classname="Tests.EditStyleForWomenTests"/>
  <testcase name="EditFitTop" time="30.477" classname="Tests.EditStyleForWomenTests"/>
  <testcase name="EditJeans" time="61.455" classname="Tests.EditStyleForWomenTests"/>
  <testcase name="EditFabric" time="71.493" classname="Tests.EditStyleForWomenTests"/>
  <testcase name="EditBudget" time="45.825" classname="Tests.EditStyleForWomenTests"/>
  <testcase name="EditColor" time="79.137" classname="Tests.EditStyleForWomenTests"/>
  <testcase name="EditJewelry" time="59.470" classname="Tests.EditStyleForWomenTests"/>
  <testcase name="EditZone" time="64.968" classname="Tests.EditStyleForWomenTests"/>
  <testcase name="EditBrands" time="75.710" classname="Tests.EditStyleForWomenTests"/>
  <testcase name="EditSocialMedia" time="195.982" classname="Tests.EditStyleForWomenTests"/>
</testsuite> <!-- Tests.EditStyleForWomenTests -->
