<?xml version="1.0" encoding="UTF-8"?>
<!-- Generated by org.testng.reporters.JUnitReportReporter -->
<testsuite skipped="0" hostname="yinons-MBP" name="Tests.SignUpByFacbookTest" tests="5" failures="0" timestamp="29 Jun 2018 00:51:11 GMT" time="385.884" errors="0">
  <testcase name="LoginWithFacbookWrongUserName" time="85.460" classname="Tests.SignUpByFacbookTest"/>
  <testcase name="LoginWithFacbookWrongPassword" time="84.283" classname="Tests.SignUpByFacbookTest"/>
  <testcase name="LoginWithFacbookWithoutPassword" time="88.364" classname="Tests.SignUpByFacbookTest"/>
  <testcase name="LoginWithFacbookWithoutUser" time="81.942" classname="Tests.SignUpByFacbookTest"/>
  <testcase name="DoLoginWithFacbook" time="45.835" classname="Tests.SignUpByFacbookTest"/>
</testsuite> <!-- Tests.SignUpByFacbookTest -->
