<?xml version="1.0" encoding="UTF-8"?>
<!-- Generated by org.testng.reporters.JUnitReportReporter -->
<testsuite skipped="0" hostname="yinons-MBP-2" name="Tests.QuizForWomenTest" tests="20" failures="0" timestamp="24 Aug 2018 08:23:38 GMT" time="589.253" errors="0">
  <testcase name="DoSignUp" time="192.602" classname="Tests.QuizForWomenTest"/>
  <testcase name="SearchStylist" time="15.148" classname="Tests.QuizForWomenTest"/>
  <testcase name="SelectEvents" time="33.899" classname="Tests.QuizForWomenTest"/>
  <testcase name="SelectSession" time="35.982" classname="Tests.QuizForWomenTest"/>
  <testcase name="SelectCountry" time="39.901" classname="Tests.QuizForWomenTest"/>
  <testcase name="SelectBodyType" time="6.759" classname="Tests.QuizForWomenTest"/>
  <testcase name="SelectHeight" time="6.628" classname="Tests.QuizForWomenTest"/>
  <testcase name="SelectSize" time="48.757" classname="Tests.QuizForWomenTest"/>
  <testcase name="SelectColor" time="24.919" classname="Tests.QuizForWomenTest"/>
  <testcase name="SelectFabrics" time="12.150" classname="Tests.QuizForWomenTest"/>
  <testcase name="SelectFitTop" time="10.539" classname="Tests.QuizForWomenTest"/>
  <testcase name="SelectFitBottom" time="11.928" classname="Tests.QuizForWomenTest"/>
  <testcase name="SelectJeansp" time="17.427" classname="Tests.QuizForWomenTest"/>
  <testcase name="SelectHeels" time="6.668" classname="Tests.QuizForWomenTest"/>
  <testcase name="SelectJewelry" time="17.267" classname="Tests.QuizForWomenTest"/>
  <testcase name="SelectHighlights" time="17.700" classname="Tests.QuizForWomenTest"/>
  <testcase name="SelectZone" time="6.672" classname="Tests.QuizForWomenTest"/>
  <testcase name="SelectClothingPreferences" time="6.718" classname="Tests.QuizForWomenTest"/>
  <testcase name="SelectClothingCategories" time="25.812" classname="Tests.QuizForWomenTest"/>
  <testcase name="SelectYourCloset" time="51.777" classname="Tests.QuizForWomenTest"/>
</testsuite> <!-- Tests.QuizForWomenTest -->
