<?xml version="1.0" encoding="UTF-8"?>
<!-- Generated by org.testng.reporters.JUnitReportReporter -->
<testsuite skipped="0" hostname="yinons-MBP-2" name="Tests.CheckOutPSTest" tests="4" failures="0" timestamp="24 Aug 2018 08:23:38 GMT" time="163.892" errors="0">
  <testcase name="DoLogin" time="46.283" classname="Tests.CheckOutPSTest"/>
  <testcase name="SearchStylist" time="12.799" classname="Tests.CheckOutPSTest"/>
  <testcase name="SelectEvents" time="13.634" classname="Tests.CheckOutPSTest"/>
  <testcase name="CheckOut" time="91.176" classname="Tests.CheckOutPSTest"/>
</testsuite> <!-- Tests.CheckOutPSTest -->
