<?xml version="1.0" encoding="UTF-8"?>
<!-- Generated by org.testng.reporters.JUnitReportReporter -->
<testsuite skipped="0" hostname="yinons-MBP-2" name="Tests.CheckOutSingleTest" tests="5" failures="0" timestamp="05 Dec 2018 10:26:27 GMT" time="322.283" errors="0">
  <testcase name="DoLogin" time="43.178" classname="Tests.CheckOutSingleTest"/>
  <testcase name="SearchStylist" time="10.222" classname="Tests.CheckOutSingleTest"/>
  <testcase name="SelectEvents" time="35.509" classname="Tests.CheckOutSingleTest"/>
  <testcase name="SelectSession" time="19.515" classname="Tests.CheckOutSingleTest"/>
  <testcase name="CompileBooking" time="213.859" classname="Tests.CheckOutSingleTest"/>
</testsuite> <!-- Tests.CheckOutSingleTest -->
