<?xml version="1.0" encoding="UTF-8"?>
<!-- Generated by org.testng.reporters.JUnitReportReporter -->
<testsuite skipped="0" hostname="yinons-MBP-2" name="Tests.EditStyleForMenTests" tests="13" failures="0" timestamp="17 Nov 2018 22:45:43 GMT" time="933.276" errors="0">
  <testcase name="DoSignUp" time="197.752" classname="Tests.EditStyleForMenTests"/>
  <testcase name="EditStyle" time="43.696" classname="Tests.EditStyleForMenTests"/>
  <testcase name="EditSize" time="77.438" classname="Tests.EditStyleForMenTests"/>
  <testcase name="EditHeight" time="30.296" classname="Tests.EditStyleForMenTests"/>
  <testcase name="EditBodyType" time="30.822" classname="Tests.EditStyleForMenTests"/>
  <testcase name="EditFitTop" time="30.955" classname="Tests.EditStyleForMenTests"/>
  <testcase name="EditFitBottom" time="31.051" classname="Tests.EditStyleForMenTests"/>
  <testcase name="EditBudget" time="37.870" classname="Tests.EditStyleForMenTests"/>
  <testcase name="EditColor" time="57.614" classname="Tests.EditStyleForMenTests"/>
  <testcase name="EditJewelry" time="45.840" classname="Tests.EditStyleForMenTests"/>
  <testcase name="EditZone" time="54.153" classname="Tests.EditStyleForMenTests"/>
  <testcase name="EditBrands" time="74.243" classname="Tests.EditStyleForMenTests"/>
  <testcase name="EditSocialMedia" time="221.546" classname="Tests.EditStyleForMenTests"/>
</testsuite> <!-- Tests.EditStyleForMenTests -->
