<?xml version="1.0" encoding="UTF-8"?>
<!-- Generated by org.testng.reporters.JUnitReportReporter -->
<testsuite skipped="0" hostname="yinons-MBP-2" name="Tests.ChatTest" tests="2" failures="0" timestamp="05 Dec 2018 10:26:27 GMT" time="419.645" errors="0">
  <testcase name="StylistSendToClient" time="195.436" classname="Tests.ChatTest"/>
  <testcase name="ClientToStylist" time="224.209" classname="Tests.ChatTest"/>
</testsuite> <!-- Tests.ChatTest -->
