<?xml version="1.0" encoding="UTF-8"?>
<!-- Generated by org.testng.reporters.JUnitReportReporter -->
<testsuite skipped="0" hostname="yinons-MBP-2" name="Tests.BestMutch" tests="8" failures="0" timestamp="26 Aug 2018 19:07:43 GMT" time="1465.394" errors="0">
  <testcase name="BestMatchCheepFamle" time="175.656" classname="Tests.BestMutch"/>
  <testcase name="BestMatchFeMaleExpensive" time="200.310" classname="Tests.BestMutch"/>
  <testcase name="BestMatchFeMaleNormal" time="201.696" classname="Tests.BestMutch"/>
  <testcase name="BestMatchFeMaleCheepExpensive" time="204.668" classname="Tests.BestMutch"/>
  <testcase name="BestMatchExpensiveMale" time="180.620" classname="Tests.BestMutch"/>
  <testcase name="BestMatchNormalMale" time="185.758" classname="Tests.BestMutch"/>
  <testcase name="BestMatchCheepMale" time="181.498" classname="Tests.BestMutch"/>
  <testcase name="BestMatchSelfIdentity" time="135.188" classname="Tests.BestMutch"/>
</testsuite> <!-- Tests.BestMutch -->
