<?xml version="1.0" encoding="UTF-8"?>
<!-- Generated by org.testng.reporters.JUnitReportReporter -->
<testsuite skipped="0" hostname="yinons-MBP-2" name="Tests.ChatTest" tests="2" failures="0" timestamp="02 Oct 2018 20:45:42 GMT" time="335.117" errors="0">
  <testcase name="StylistSendToClient" time="167.839" classname="Tests.ChatTest"/>
  <testcase name="ClientToStylist" time="167.278" classname="Tests.ChatTest"/>
</testsuite> <!-- Tests.ChatTest -->
