<?xml version="1.0" encoding="UTF-8"?>
<!-- Generated by org.testng.reporters.JUnitReportReporter -->
<testsuite skipped="0" hostname="yinons-MBP-2" name="Tests.QuickQuizForMenTest" tests="6" failures="0" timestamp="13 Sep 2018 14:46:32 GMT" time="280.433" errors="0">
  <testcase name="DoLogin" time="46.229" classname="Tests.QuickQuizForMenTest"/>
  <testcase name="SearchStylist" time="12.106" classname="Tests.QuickQuizForMenTest"/>
  <testcase name="SelectEvents" time="34.504" classname="Tests.QuickQuizForMenTest"/>
  <testcase name="SelectSession" time="22.166" classname="Tests.QuickQuizForMenTest"/>
  <testcase name="CompileBooking" time="24.207" classname="Tests.QuickQuizForMenTest"/>
  <testcase name="MadeQuiz" time="141.221" classname="Tests.QuickQuizForMenTest"/>
</testsuite> <!-- Tests.QuickQuizForMenTest -->
