<?xml version="1.0" encoding="UTF-8"?>
<!-- Generated by org.testng.reporters.JUnitReportReporter -->
<testsuite skipped="0" hostname="yinons-MBP" name="Tests.QuickQuizForWomenTest2" tests="5" failures="0" timestamp="14 Apr 2018 17:23:42 GMT" time="175.069" errors="0">
  <testcase name="DoLogin" time="30.757" classname="Tests.QuickQuizForWomenTest2"/>
  <testcase name="SearchStylist" time="19.842" classname="Tests.QuickQuizForWomenTest2"/>
  <testcase name="SelectEvents" time="35.571" classname="Tests.QuickQuizForWomenTest2"/>
  <testcase name="SelectSession" time="12.187" classname="Tests.QuickQuizForWomenTest2"/>
  <testcase name="CompileBooking" time="76.712" classname="Tests.QuickQuizForWomenTest2"/>
</testsuite> <!-- Tests.QuickQuizForWomenTest2 -->
