<?xml version="1.0" encoding="UTF-8"?>
<!-- Generated by org.testng.reporters.JUnitReportReporter -->
<testsuite skipped="0" hostname="yinons-MBP-2" name="Tests.CheckOutSingleTest" tests="5" failures="0" timestamp="17 Nov 2018 22:45:43 GMT" time="307.659" errors="0">
  <testcase name="DoLogin" time="42.900" classname="Tests.CheckOutSingleTest"/>
  <testcase name="SearchStylist" time="8.854" classname="Tests.CheckOutSingleTest"/>
  <testcase name="SelectEvents" time="36.414" classname="Tests.CheckOutSingleTest"/>
  <testcase name="SelectSession" time="25.422" classname="Tests.CheckOutSingleTest"/>
  <testcase name="CompileBooking" time="194.069" classname="Tests.CheckOutSingleTest"/>
</testsuite> <!-- Tests.CheckOutSingleTest -->
