<?xml version="1.0" encoding="UTF-8"?>
<!-- Generated by org.testng.reporters.JUnitReportReporter -->
<testsuite skipped="0" hostname="yinons-MBP-2" name="Tests.QuickQuizForWomenTest" tests="5" failures="0" timestamp="13 Sep 2018 14:51:29 GMT" time="269.543" errors="0">
  <testcase name="DoLogin" time="45.696" classname="Tests.QuickQuizForWomenTest"/>
  <testcase name="SearchStylist" time="12.275" classname="Tests.QuickQuizForWomenTest"/>
  <testcase name="SelectEvents" time="33.191" classname="Tests.QuickQuizForWomenTest"/>
  <testcase name="SelectSession" time="16.732" classname="Tests.QuickQuizForWomenTest"/>
  <testcase name="CompileBooking" time="161.649" classname="Tests.QuickQuizForWomenTest"/>
</testsuite> <!-- Tests.QuickQuizForWomenTest -->
