<?xml version="1.0" encoding="UTF-8"?>
<!-- Generated by org.testng.reporters.JUnitReportReporter -->
<testsuite skipped="0" hostname="yinons-MBP-2" name="Tests.SignUpByFacbookTest2" tests="5" failures="0" timestamp="17 Nov 2018 22:45:43 GMT" time="73.943" errors="0">
  <testcase name="LoginWithFacbookWrongUserName" time="22.455" classname="Tests.SignUpByFacbookTest2"/>
  <testcase name="LoginWithFacbookWrongPassword" time="6.935" classname="Tests.SignUpByFacbookTest2"/>
  <testcase name="LoginWithFacbookWithoutPassword" time="6.678" classname="Tests.SignUpByFacbookTest2"/>
  <testcase name="LoginWithFacbookWithoutUser" time="4.437" classname="Tests.SignUpByFacbookTest2"/>
  <testcase name="DoLoginWithFacbook" time="33.438" classname="Tests.SignUpByFacbookTest2"/>
</testsuite> <!-- Tests.SignUpByFacbookTest2 -->
