<?xml version="1.0" encoding="UTF-8"?>
<!-- Generated by org.testng.reporters.JUnitReportReporter -->
<testsuite skipped="0" hostname="yinons-MBP-2" name="Tests.ChatTest" tests="2" failures="0" timestamp="26 Aug 2018 19:07:43 GMT" time="349.950" errors="0">
  <testcase name="StylistSendToClient" time="176.547" classname="Tests.ChatTest"/>
  <testcase name="ClientToStylist" time="173.403" classname="Tests.ChatTest"/>
</testsuite> <!-- Tests.ChatTest -->
