<?xml version="1.0" encoding="UTF-8"?>
<!-- Generated by org.testng.reporters.JUnitReportReporter -->
<testsuite skipped="0" hostname="yinons-MBP-2" name="Tests.BookMiniMonthlyFSTest" tests="1" failures="0" timestamp="07 Aug 2019 21:47:18 GMT" time="59.065" errors="0">
  <testcase name="VerifyEndSession" time="59.065" classname="Tests.BookMiniMonthlyFSTest"/>
</testsuite> <!-- Tests.BookMiniMonthlyFSTest -->
