<?xml version="1.0" encoding="UTF-8"?>
<!-- Generated by org.testng.reporters.JUnitReportReporter -->
<testsuite skipped="0" hostname="yinons-MBP-2" name="Tests.CheckOutMounthTest" tests="5" failures="0" timestamp="05 Dec 2018 12:28:08 GMT" time="384.663" errors="0">
  <testcase name="DoLogin" time="41.719" classname="Tests.CheckOutMounthTest"/>
  <testcase name="SearchStylist" time="8.395" classname="Tests.CheckOutMounthTest"/>
  <testcase name="SelectEvents" time="33.511" classname="Tests.CheckOutMounthTest"/>
  <testcase name="SelectSession" time="21.529" classname="Tests.CheckOutMounthTest"/>
  <testcase name="CompileBooking" time="279.509" classname="Tests.CheckOutMounthTest"/>
</testsuite> <!-- Tests.CheckOutMounthTest -->
