<?xml version="1.0" encoding="UTF-8"?>
<!-- Generated by org.testng.reporters.JUnitReportReporter -->
<testsuite skipped="0" hostname="yinons-MBP-2" name="Tests.QuickQuizForMenTest" tests="6" failures="0" timestamp="02 Oct 2018 20:45:42 GMT" time="271.329" errors="0">
  <testcase name="DoLogin" time="41.268" classname="Tests.QuickQuizForMenTest"/>
  <testcase name="SearchStylist" time="9.981" classname="Tests.QuickQuizForMenTest"/>
  <testcase name="SelectEvents" time="34.229" classname="Tests.QuickQuizForMenTest"/>
  <testcase name="SelectSession" time="22.423" classname="Tests.QuickQuizForMenTest"/>
  <testcase name="CompileBooking" time="23.875" classname="Tests.QuickQuizForMenTest"/>
  <testcase name="MadeQuiz" time="139.553" classname="Tests.QuickQuizForMenTest"/>
</testsuite> <!-- Tests.QuickQuizForMenTest -->
