<?xml version="1.0" encoding="UTF-8"?>
<!-- Generated by org.testng.reporters.JUnitReportReporter -->
<testsuite skipped="0" hostname="yinons-MBP-2" name="Tests.CheckOutPSTest" tests="4" failures="0" timestamp="09 Nov 2018 02:01:38 GMT" time="195.451" errors="0">
  <testcase name="DoLogin" time="43.260" classname="Tests.CheckOutPSTest"/>
  <testcase name="SearchStylist" time="8.864" classname="Tests.CheckOutPSTest"/>
  <testcase name="SelectEvents" time="14.453" classname="Tests.CheckOutPSTest"/>
  <testcase name="CheckOut" time="128.874" classname="Tests.CheckOutPSTest"/>
</testsuite> <!-- Tests.CheckOutPSTest -->
