<?xml version="1.0" encoding="UTF-8"?>
<!-- Generated by org.testng.reporters.JUnitReportReporter -->
<testsuite skipped="0" hostname="yinons-MBP-2" name="Tests.EditStyleForWomenTests" tests="17" failures="0" timestamp="24 Aug 2018 08:23:38 GMT" time="1129.188" errors="0">
  <testcase name="DoSignUp" time="220.169" classname="Tests.EditStyleForWomenTests"/>
  <testcase name="EditSize" time="77.680" classname="Tests.EditStyleForWomenTests"/>
  <testcase name="EditBodyType" time="27.587" classname="Tests.EditStyleForWomenTests"/>
  <testcase name="EditHeight" time="27.763" classname="Tests.EditStyleForWomenTests"/>
  <testcase name="EditStyle" time="36.715" classname="Tests.EditStyleForWomenTests"/>
  <testcase name="EditHighlights" time="61.828" classname="Tests.EditStyleForWomenTests"/>
  <testcase name="EditHeels" time="28.523" classname="Tests.EditStyleForWomenTests"/>
  <testcase name="EditFitBottom" time="28.505" classname="Tests.EditStyleForWomenTests"/>
  <testcase name="EditJeans" time="46.127" classname="Tests.EditStyleForWomenTests"/>
  <testcase name="EditFitTop" time="28.696" classname="Tests.EditStyleForWomenTests"/>
  <testcase name="EditFabric" time="51.733" classname="Tests.EditStyleForWomenTests"/>
  <testcase name="EditBudget" time="73.402" classname="Tests.EditStyleForWomenTests"/>
  <testcase name="EditColor" time="60.679" classname="Tests.EditStyleForWomenTests"/>
  <testcase name="EditJewelry" time="54.031" classname="Tests.EditStyleForWomenTests"/>
  <testcase name="EditZone" time="57.986" classname="Tests.EditStyleForWomenTests"/>
  <testcase name="EditBrands" time="67.561" classname="Tests.EditStyleForWomenTests"/>
  <testcase name="EditSocialMedia" time="180.203" classname="Tests.EditStyleForWomenTests"/>
</testsuite> <!-- Tests.EditStyleForWomenTests -->
