<?xml version="1.0" encoding="UTF-8"?>
<!-- Generated by org.testng.reporters.JUnitReportReporter -->
<testsuite skipped="0" hostname="yinons-MBP-2" name="Tests.ContactStylistTest" tests="2" failures="0" timestamp="13 Sep 2018 13:28:02 GMT" time="337.499" errors="0">
  <testcase name="StylistSendToClient" time="159.889" classname="Tests.ContactStylistTest"/>
  <testcase name="ClientToStylist" time="177.610" classname="Tests.ContactStylistTest"/>
</testsuite> <!-- Tests.ContactStylistTest -->
