<?xml version="1.0" encoding="UTF-8"?>
<!-- Generated by org.testng.reporters.JUnitReportReporter -->
<testsuite skipped="0" hostname="yinons-MBP-2" name="Tests.LoginTests" tests="6" failures="0" timestamp="02 Oct 2018 20:45:42 GMT" time="187.734" errors="0">
  <testcase name="FillPasswordWithOutToFillEmail" time="17.908" classname="Tests.LoginTests"/>
  <testcase name="FillPasswordWithOutToFillPassword" time="18.764" classname="Tests.LoginTests"/>
  <testcase name="FillPasswordWithWrongEmail" time="35.293" classname="Tests.LoginTests"/>
  <testcase name="FillPasswordWithWrongPassword" time="38.392" classname="Tests.LoginTests"/>
  <testcase name="ClickLoginwWithOutToFillAnyFields" time="24.968" classname="Tests.LoginTests"/>
  <testcase name="DoLogin" time="52.409" classname="Tests.LoginTests"/>
</testsuite> <!-- Tests.LoginTests -->
