<?xml version="1.0" encoding="UTF-8"?>
<!-- Generated by org.testng.reporters.JUnitReportReporter -->
<testsuite skipped="0" hostname="yinons-MBP-2" name="Tests.BestMutch" tests="1" failures="0" timestamp="23 Jan 2019 09:40:41 GMT" time="263.711" errors="0">
  <testcase name="BestMatchHellNo" time="263.711" classname="Tests.BestMutch"/>
</testsuite> <!-- Tests.BestMutch -->
