<?xml version="1.0" encoding="UTF-8"?>
<!-- Generated by org.testng.reporters.JUnitReportReporter -->
<testsuite skipped="0" hostname="yinons-MBP-2" name="Tests.SignUpTest" tests="4" failures="0" timestamp="13 Sep 2018 15:29:41 GMT" time="150.592" errors="0">
  <testcase name="SignupwithoutDotCom" time="24.570" classname="Tests.SignUpTest"/>
  <testcase name="Signupwithoutshtudel" time="24.662" classname="Tests.SignUpTest"/>
  <testcase name="FillPsswordWithLessthan6Characters" time="52.267" classname="Tests.SignUpTest"/>
  <testcase name="DoSignUp" time="49.093" classname="Tests.SignUpTest"/>
</testsuite> <!-- Tests.SignUpTest -->
