<?xml version="1.0" encoding="UTF-8"?>
<!-- Generated by org.testng.reporters.JUnitReportReporter -->
<testsuite skipped="0" hostname="yinons-MBP-2" name="Tests.ChatTest" tests="2" failures="0" timestamp="24 Aug 2018 08:23:38 GMT" time="351.694" errors="0">
  <testcase name="StylistSendToClient" time="176.781" classname="Tests.ChatTest"/>
  <testcase name="ClientToStylist" time="174.913" classname="Tests.ChatTest"/>
</testsuite> <!-- Tests.ChatTest -->
