<?xml version="1.0" encoding="UTF-8"?>
<!-- Generated by org.testng.reporters.JUnitReportReporter -->
<testsuite skipped="0" hostname="yinons-MBP-2" name="Tests.CheckOutMounthTest" tests="5" failures="0" timestamp="26 Aug 2018 19:07:43 GMT" time="262.715" errors="0">
  <testcase name="DoLogin" time="46.533" classname="Tests.CheckOutMounthTest"/>
  <testcase name="SearchStylist" time="11.762" classname="Tests.CheckOutMounthTest"/>
  <testcase name="SelectEvents" time="33.823" classname="Tests.CheckOutMounthTest"/>
  <testcase name="SelectSession" time="19.774" classname="Tests.CheckOutMounthTest"/>
  <testcase name="CompileBooking" time="150.823" classname="Tests.CheckOutMounthTest"/>
</testsuite> <!-- Tests.CheckOutMounthTest -->
