<?xml version="1.0" encoding="UTF-8"?>
<!-- Generated by org.testng.reporters.JUnitReportReporter -->
<testsuite skipped="0" hostname="yinons-MBP-2" name="Tests.BookPSTest" tests="12" failures="0" timestamp="17 Nov 2018 22:45:43 GMT" time="1074.281" errors="0">
  <testcase name="DoLogin" time="44.397" classname="Tests.BookPSTest"/>
  <testcase name="SearchStylist" time="8.170" classname="Tests.BookPSTest"/>
  <testcase name="SelectEvents" time="13.276" classname="Tests.BookPSTest"/>
  <testcase name="CheckOut" time="32.094" classname="Tests.BookPSTest"/>
  <testcase name="CompileBooking" time="68.363" classname="Tests.BookPSTest"/>
  <testcase name="CreateStyle" time="157.837" classname="Tests.BookPSTest"/>
  <testcase name="VerifyStyle1" time="119.746" classname="Tests.BookPSTest"/>
  <testcase name="CreateStyle2" time="160.573" classname="Tests.BookPSTest"/>
  <testcase name="VerifyStyle2" time="134.739" classname="Tests.BookPSTest"/>
  <testcase name="EndSession" time="84.640" classname="Tests.BookPSTest"/>
  <testcase name="ClientEndSession" time="181.993" classname="Tests.BookPSTest"/>
  <testcase name="VerifyEndSession" time="68.453" classname="Tests.BookPSTest"/>
</testsuite> <!-- Tests.BookPSTest -->
