<?xml version="1.0" encoding="UTF-8"?>
<!-- Generated by org.testng.reporters.JUnitReportReporter -->
<testsuite skipped="0" hostname="yinons-MacBook-Pro-2.local" name="Tests.BookMiniSingleFSTest" tests="18" failures="0" timestamp="18 Feb 2019 17:24:32 GMT" time="2364.246" errors="0">
  <testcase name="DoLogin" time="46.748" classname="Tests.BookMiniSingleFSTest"/>
  <testcase name="SearchStylist" time="17.872" classname="Tests.BookMiniSingleFSTest"/>
  <testcase name="SelectPlan" time="19.717" classname="Tests.BookMiniSingleFSTest"/>
  <testcase name="SelectSession" time="43.150" classname="Tests.BookMiniSingleFSTest"/>
  <testcase name="CompileBooking" time="145.542" classname="Tests.BookMiniSingleFSTest"/>
  <testcase name="CreateMoodBoard" time="126.708" classname="Tests.BookMiniSingleFSTest"/>
  <testcase name="VerifyMoodBoard" time="130.670" classname="Tests.BookMiniSingleFSTest"/>
  <testcase name="CreateLook" time="155.470" classname="Tests.BookMiniSingleFSTest"/>
  <testcase name="AsaRevise1" time="287.702" classname="Tests.BookMiniSingleFSTest"/>
  <testcase name="CreateReviseLook1" time="243.236" classname="Tests.BookMiniSingleFSTest"/>
  <testcase name="VerifyCreateLookrevise1" time="141.900" classname="Tests.BookMiniSingleFSTest"/>
  <testcase name="CreateLook2" time="158.424" classname="Tests.BookMiniSingleFSTest"/>
  <testcase name="VerifiedLook2" time="134.097" classname="Tests.BookMiniSingleFSTest"/>
  <testcase name="ReviseLook2" time="167.451" classname="Tests.BookMiniSingleFSTest"/>
  <testcase name="VerifyCreateRevise2" time="230.663" classname="Tests.BookMiniSingleFSTest"/>
  <testcase name="EndSession" time="67.316" classname="Tests.BookMiniSingleFSTest"/>
  <testcase name="ClientEndSession" time="195.454" classname="Tests.BookMiniSingleFSTest"/>
  <testcase name="VerifyEndSession" time="52.126" classname="Tests.BookMiniSingleFSTest"/>
</testsuite> <!-- Tests.BookMiniSingleFSTest -->
