<?xml version="1.0" encoding="UTF-8"?>
<!-- Generated by org.testng.reporters.JUnitReportReporter -->
<testsuite skipped="0" hostname="yinons-MBP-2" name="Tests.SignUpTest" tests="4" failures="0" timestamp="02 Oct 2018 20:45:42 GMT" time="152.582" errors="0">
  <testcase name="SignupwithoutDotCom" time="25.240" classname="Tests.SignUpTest"/>
  <testcase name="Signupwithoutshtudel" time="25.203" classname="Tests.SignUpTest"/>
  <testcase name="FillPsswordWithLessthan6Characters" time="52.806" classname="Tests.SignUpTest"/>
  <testcase name="DoSignUp" time="49.333" classname="Tests.SignUpTest"/>
</testsuite> <!-- Tests.SignUpTest -->
