<?xml version="1.0" encoding="UTF-8"?>
<!-- Generated by org.testng.reporters.JUnitReportReporter -->
<testsuite skipped="0" hostname="yinons-MBP-2" name="Tests.BookMiniSingleFSTest" tests="1" failures="0" timestamp="02 May 2019 07:25:22 GMT" time="50.850" errors="0">
  <testcase name="VerifyEndSession" time="50.850" classname="Tests.BookMiniSingleFSTest"/>
</testsuite> <!-- Tests.BookMiniSingleFSTest -->
