<?xml version="1.0" encoding="UTF-8"?>
<!-- Generated by org.testng.reporters.JUnitReportReporter -->
<testsuite skipped="0" hostname="yinons-MBP-2" name="Tests.BestMutch" tests="4" failures="0" timestamp="25 Feb 2020 17:09:07 GMT" time="874.641" errors="0">
  <testcase name="BestMatchFamle" time="231.755" classname="Tests.BestMutch"/>
  <testcase name="BestMatchFluid" time="231.468" classname="Tests.BestMutch"/>
  <testcase name="BestMatchMale" time="190.333" classname="Tests.BestMutch"/>
  <testcase name="BestMatchHellNo" time="221.085" classname="Tests.BestMutch"/>
</testsuite> <!-- Tests.BestMutch -->
