<?xml version="1.0" encoding="UTF-8"?>
<!-- Generated by org.testng.reporters.JUnitReportReporter -->
<testsuite skipped="0" hostname="yinons-MBP-2" name="Tests.EditStyleForMenTests" tests="13" failures="0" timestamp="13 Sep 2018 13:44:08 GMT" time="931.618" errors="0">
  <testcase name="DoSignUp" time="195.464" classname="Tests.EditStyleForMenTests"/>
  <testcase name="EditStyle" time="42.108" classname="Tests.EditStyleForMenTests"/>
  <testcase name="EditSize" time="74.202" classname="Tests.EditStyleForMenTests"/>
  <testcase name="EditHeight" time="30.030" classname="Tests.EditStyleForMenTests"/>
  <testcase name="EditBodyType" time="30.082" classname="Tests.EditStyleForMenTests"/>
  <testcase name="EditFitTop" time="30.208" classname="Tests.EditStyleForMenTests"/>
  <testcase name="EditFitBottom" time="31.961" classname="Tests.EditStyleForMenTests"/>
  <testcase name="EditBudget" time="61.220" classname="Tests.EditStyleForMenTests"/>
  <testcase name="EditColor" time="46.491" classname="Tests.EditStyleForMenTests"/>
  <testcase name="EditJewelry" time="47.218" classname="Tests.EditStyleForMenTests"/>
  <testcase name="EditZone" time="53.931" classname="Tests.EditStyleForMenTests"/>
  <testcase name="EditBrands" time="69.679" classname="Tests.EditStyleForMenTests"/>
  <testcase name="EditSocialMedia" time="219.024" classname="Tests.EditStyleForMenTests"/>
</testsuite> <!-- Tests.EditStyleForMenTests -->
