<?xml version="1.0" encoding="UTF-8"?>
<!-- Generated by org.testng.reporters.JUnitReportReporter -->
<testsuite skipped="0" hostname="yinons-MBP-2" name="Tests.ReviseThirdLookTest" tests="20" failures="0" timestamp="05 Dec 2018 10:26:27 GMT" time="2688.006" errors="0">
  <testcase name="DoLogin" time="40.840" classname="Tests.ReviseThirdLookTest"/>
  <testcase name="SearchStylist" time="10.680" classname="Tests.ReviseThirdLookTest"/>
  <testcase name="SelectEvents" time="32.761" classname="Tests.ReviseThirdLookTest"/>
  <testcase name="SelectSession" time="41.835" classname="Tests.ReviseThirdLookTest"/>
  <testcase name="CompileBooking" time="153.944" classname="Tests.ReviseThirdLookTest"/>
  <testcase name="CreateMoodBoard" time="149.284" classname="Tests.ReviseThirdLookTest"/>
  <testcase name="VerifyMoodBoard" time="108.518" classname="Tests.ReviseThirdLookTest"/>
  <testcase name="CreateLook" time="215.268" classname="Tests.ReviseThirdLookTest"/>
  <testcase name="VerifyCreateLook" time="119.008" classname="Tests.ReviseThirdLookTest"/>
  <testcase name="CreateLook2" time="168.816" classname="Tests.ReviseThirdLookTest"/>
  <testcase name="AskRevise1" time="205.569" classname="Tests.ReviseThirdLookTest"/>
  <testcase name="CreateReviseLook1" time="202.907" classname="Tests.ReviseThirdLookTest"/>
  <testcase name="VerifyCreateLookrevise1" time="121.865" classname="Tests.ReviseThirdLookTest"/>
  <testcase name="CreateLook3" time="184.418" classname="Tests.ReviseThirdLookTest"/>
  <testcase name="VerifyCreateLook3" time="136.160" classname="Tests.ReviseThirdLookTest"/>
  <testcase name="ReviseLook2" time="215.772" classname="Tests.ReviseThirdLookTest"/>
  <testcase name="VerifyCreateRevise2" time="210.841" classname="Tests.ReviseThirdLookTest"/>
  <testcase name="EndSession" time="71.991" classname="Tests.ReviseThirdLookTest"/>
  <testcase name="ClientEndSession" time="175.797" classname="Tests.ReviseThirdLookTest"/>
  <testcase name="VerifyEndSession" time="121.732" classname="Tests.ReviseThirdLookTest"/>
</testsuite> <!-- Tests.ReviseThirdLookTest -->
