<?xml version="1.0" encoding="UTF-8"?>
<!-- Generated by org.testng.reporters.JUnitReportReporter -->
<testsuite skipped="0" hostname="yinons-MBP-2" name="Tests.RetakeBestMatch" tests="4" failures="0" timestamp="05 Dec 2018 10:40:19 GMT" time="518.646" errors="0">
  <testcase name="RetakeSetting" time="157.574" classname="Tests.RetakeBestMatch"/>
  <testcase name="RetakeMale" time="97.790" classname="Tests.RetakeBestMatch"/>
  <testcase name="RetakeNatural" time="101.773" classname="Tests.RetakeBestMatch"/>
  <testcase name="RetakeFemale" time="161.509" classname="Tests.RetakeBestMatch"/>
</testsuite> <!-- Tests.RetakeBestMatch -->
