<?xml version="1.0" encoding="UTF-8"?>
<!-- Generated by org.testng.reporters.JUnitReportReporter -->
<testsuite skipped="0" hostname="yinons-MBP-2" name="Tests.RetakeBestMatch" tests="4" failures="0" timestamp="09 Nov 2018 02:01:38 GMT" time="506.977" errors="0">
  <testcase name="RetakeSetting" time="190.243" classname="Tests.RetakeBestMatch"/>
  <testcase name="RetakeFemale" time="113.004" classname="Tests.RetakeBestMatch"/>
  <testcase name="RetakeMale" time="97.185" classname="Tests.RetakeBestMatch"/>
  <testcase name="RetakeNatural" time="106.545" classname="Tests.RetakeBestMatch"/>
</testsuite> <!-- Tests.RetakeBestMatch -->
