<?xml version="1.0" encoding="UTF-8"?>
<!-- Generated by org.testng.reporters.JUnitReportReporter -->
<testsuite skipped="0" hostname="yinons-MBP-2" name="Tests.SignUpTest" tests="4" failures="0" timestamp="06 Dec 2018 12:09:39 GMT" time="179.714" errors="0">
  <testcase name="SignupwithoutDotCom" time="29.771" classname="Tests.SignUpTest"/>
  <testcase name="Signupwithoutshtudel" time="29.002" classname="Tests.SignUpTest"/>
  <testcase name="FillPsswordWithLessthan6Characters" time="62.315" classname="Tests.SignUpTest"/>
  <testcase name="DoSignUp" time="58.626" classname="Tests.SignUpTest"/>
</testsuite> <!-- Tests.SignUpTest -->
