<?xml version="1.0" encoding="UTF-8"?>
<!-- Generated by org.testng.reporters.JUnitReportReporter -->
<testsuite skipped="0" hostname="yinons-MBP-2" name="Tests.BookMiniPlanFSTest" tests="18" failures="0" timestamp="13 Feb 2019 19:36:30 GMT" time="2370.177" errors="0">
  <testcase name="DoLogin" time="50.744" classname="Tests.BookMiniPlanFSTest"/>
  <testcase name="SearchStylist" time="22.380" classname="Tests.BookMiniPlanFSTest"/>
  <testcase name="SelectPlan" time="18.366" classname="Tests.BookMiniPlanFSTest"/>
  <testcase name="SelectSession" time="43.986" classname="Tests.BookMiniPlanFSTest"/>
  <testcase name="CompileBooking" time="151.336" classname="Tests.BookMiniPlanFSTest"/>
  <testcase name="CreateMoodBoard" time="132.304" classname="Tests.BookMiniPlanFSTest"/>
  <testcase name="VerifyMoodBoard" time="141.697" classname="Tests.BookMiniPlanFSTest"/>
  <testcase name="CreateLook" time="157.920" classname="Tests.BookMiniPlanFSTest"/>
  <testcase name="AsaRevise1" time="248.607" classname="Tests.BookMiniPlanFSTest"/>
  <testcase name="CreateReviseLook1" time="262.363" classname="Tests.BookMiniPlanFSTest"/>
  <testcase name="VerifyCreateLookrevise1" time="157.457" classname="Tests.BookMiniPlanFSTest"/>
  <testcase name="CreateLook2" time="163.416" classname="Tests.BookMiniPlanFSTest"/>
  <testcase name="VerifiedLook2" time="143.820" classname="Tests.BookMiniPlanFSTest"/>
  <testcase name="ReviseLook2" time="172.220" classname="Tests.BookMiniPlanFSTest"/>
  <testcase name="VerifyCreateRevise2" time="188.527" classname="Tests.BookMiniPlanFSTest"/>
  <testcase name="EndSession" time="72.195" classname="Tests.BookMiniPlanFSTest"/>
  <testcase name="ClientEndSession" time="187.141" classname="Tests.BookMiniPlanFSTest"/>
  <testcase name="VerifyEndSession" time="55.698" classname="Tests.BookMiniPlanFSTest"/>
</testsuite> <!-- Tests.BookMiniPlanFSTest -->
