<?xml version="1.0" encoding="UTF-8"?>
<!-- Generated by org.testng.reporters.JUnitReportReporter -->
<testsuite skipped="0" hostname="yinons-MBP-2" name="Tests.CheckOutByCoponTest" tests="4" failures="0" timestamp="24 Aug 2018 08:23:38 GMT" time="257.336" errors="0">
  <testcase name="DoLogin" time="46.706" classname="Tests.CheckOutByCoponTest"/>
  <testcase name="SearchStylist" time="12.995" classname="Tests.CheckOutByCoponTest"/>
  <testcase name="SelectEvents" time="33.524" classname="Tests.CheckOutByCoponTest"/>
  <testcase name="SelectSession" time="164.111" classname="Tests.CheckOutByCoponTest"/>
</testsuite> <!-- Tests.CheckOutByCoponTest -->
