<?xml version="1.0" encoding="UTF-8"?>
<!-- Generated by org.testng.reporters.JUnitReportReporter -->
<testsuite skipped="0" hostname="yinons-MBP-2" name="Tests.QuizForSelfIdentityTest" tests="20" failures="0" timestamp="13 Sep 2018 15:12:49 GMT" time="555.185" errors="0">
  <testcase name="DoSignUp" time="134.311" classname="Tests.QuizForSelfIdentityTest"/>
  <testcase name="SearchStylist" time="8.704" classname="Tests.QuizForSelfIdentityTest"/>
  <testcase name="SelectEvents" time="34.806" classname="Tests.QuizForSelfIdentityTest"/>
  <testcase name="SelectSession" time="33.263" classname="Tests.QuizForSelfIdentityTest"/>
  <testcase name="SelectCountry" time="64.812" classname="Tests.QuizForSelfIdentityTest"/>
  <testcase name="SelectBodyType" time="6.807" classname="Tests.QuizForSelfIdentityTest"/>
  <testcase name="SelectHeight" time="6.755" classname="Tests.QuizForSelfIdentityTest"/>
  <testcase name="SelectSize" time="50.639" classname="Tests.QuizForSelfIdentityTest"/>
  <testcase name="SelectColor" time="25.240" classname="Tests.QuizForSelfIdentityTest"/>
  <testcase name="SelectFabrics" time="12.242" classname="Tests.QuizForSelfIdentityTest"/>
  <testcase name="SelectFitTop" time="10.584" classname="Tests.QuizForSelfIdentityTest"/>
  <testcase name="SelectFitBottom" time="12.070" classname="Tests.QuizForSelfIdentityTest"/>
  <testcase name="SelectJeansp" time="17.741" classname="Tests.QuizForSelfIdentityTest"/>
  <testcase name="SelectHeels" time="6.783" classname="Tests.QuizForSelfIdentityTest"/>
  <testcase name="SelectJewelry" time="17.395" classname="Tests.QuizForSelfIdentityTest"/>
  <testcase name="SelectHighlights" time="17.660" classname="Tests.QuizForSelfIdentityTest"/>
  <testcase name="SelectZone" time="6.758" classname="Tests.QuizForSelfIdentityTest"/>
  <testcase name="SelectClothingPreferences" time="6.770" classname="Tests.QuizForSelfIdentityTest"/>
  <testcase name="SelectClothingCategories" time="28.739" classname="Tests.QuizForSelfIdentityTest"/>
  <testcase name="SelectYourCloset" time="53.106" classname="Tests.QuizForSelfIdentityTest"/>
</testsuite> <!-- Tests.QuizForSelfIdentityTest -->
