<?xml version="1.0" encoding="UTF-8"?>
<!-- Generated by org.testng.reporters.JUnitReportReporter -->
<testsuite skipped="0" hostname="yinons-MBP-2" name="Tests.QuickQuizForMenTest" tests="6" failures="0" timestamp="21 Jul 2019 14:31:29 GMT" time="108.209" errors="4">
  <testcase name="DoLogin" time="40.887" classname="Tests.QuickQuizForMenTest"/>
  <testcase name="SearchStylist" time="9.599" classname="Tests.QuickQuizForMenTest"/>
  <testcase name="SelectEvents" time="14.566" classname="Tests.QuickQuizForMenTest">
    <error type="org.openqa.selenium.NoSuchElementException" message="An element could not be located on the page using the given search parameters.
For documentation on this error, please visit: http://seleniumhq.org/exceptions/no_such_element.html
Build info: version: &#039;3.8.1&#039;, revision: &#039;6e95a6684b&#039;, time: &#039;2017-12-01T19:05:32.194Z&#039;
System info: host: &#039;yinons-MBP-2&#039;, ip: &#039;fe80:0:0:0:846:ac08:39e7:7e53%en0&#039;, os.name: &#039;Mac OS X&#039;, os.arch: &#039;x86_64&#039;, os.version: &#039;10.14.5&#039;, java.version: &#039;1.8.0_151&#039;
Driver info: io.appium.java_client.ios.IOSDriver
Capabilities {app: /Users/yinonwishi/Desktop/W..., automationName: XCuiTest, browserName: , databaseEnabled: false, deviceName: iPhone XS, javascriptEnabled: true, locationContextEnabled: false, networkConnectionEnabled: false, platform: MAC, platformName: MAC, platformVersion: 12.1, takesScreenshot: true, udid: 8A4DD8ED-BF2F-4113-A830-881..., webStorageEnabled: false}
Session ID: d9b93811-5fad-408d-8b28-3f18ead599dd
*** Element info: {Using=xpath, value=(//*[@name=&#039;plusButtonID&#039;])[1]}">
      <![CDATA[org.openqa.selenium.NoSuchElementException: An element could not be located on the page using the given search parameters.
For documentation on this error, please visit: http://seleniumhq.org/exceptions/no_such_element.html
Build info: version: '3.8.1', revision: '6e95a6684b', time: '2017-12-01T19:05:32.194Z'
System info: host: 'yinons-MBP-2', ip: 'fe80:0:0:0:846:ac08:39e7:7e53%en0', os.name: 'Mac OS X', os.arch: 'x86_64', os.version: '10.14.5', java.version: '1.8.0_151'
Driver info: io.appium.java_client.ios.IOSDriver
Capabilities {app: /Users/yinonwishi/Desktop/W..., automationName: XCuiTest, browserName: , databaseEnabled: false, deviceName: iPhone XS, javascriptEnabled: true, locationContextEnabled: false, networkConnectionEnabled: false, platform: MAC, platformName: MAC, platformVersion: 12.1, takesScreenshot: true, udid: 8A4DD8ED-BF2F-4113-A830-881..., webStorageEnabled: false}
Session ID: d9b93811-5fad-408d-8b28-3f18ead599dd
*** Element info: {Using=xpath, value=(//*[@name='plusButtonID'])[1]}
at sun.reflect.NativeConstructorAccessorImpl.newInstance0(Native Method)
at sun.reflect.NativeConstructorAccessorImpl.newInstance(NativeConstructorAccessorImpl.java:62)
at sun.reflect.DelegatingConstructorAccessorImpl.newInstance(DelegatingConstructorAccessorImpl.java:45)
at java.lang.reflect.Constructor.newInstance(Constructor.java:423)
at org.openqa.selenium.remote.http.W3CHttpResponseCodec.createException(W3CHttpResponseCodec.java:187)
at org.openqa.selenium.remote.http.W3CHttpResponseCodec.decode(W3CHttpResponseCodec.java:122)
at org.openqa.selenium.remote.http.W3CHttpResponseCodec.decode(W3CHttpResponseCodec.java:49)
at org.openqa.selenium.remote.HttpCommandExecutor.execute(HttpCommandExecutor.java:164)
at io.appium.java_client.remote.AppiumCommandExecutor.execute(AppiumCommandExecutor.java:129)
at org.openqa.selenium.remote.RemoteWebDriver.execute(RemoteWebDriver.java:601)
at io.appium.java_client.DefaultGenericMobileDriver.execute(DefaultGenericMobileDriver.java:42)
at io.appium.java_client.AppiumDriver.execute(AppiumDriver.java:1)
at io.appium.java_client.ios.IOSDriver.execute(IOSDriver.java:1)
at org.openqa.selenium.remote.RemoteWebDriver.findElement(RemoteWebDriver.java:371)
at io.appium.java_client.DefaultGenericMobileDriver.findElement(DefaultGenericMobileDriver.java:62)
at io.appium.java_client.AppiumDriver.findElement(AppiumDriver.java:1)
at io.appium.java_client.ios.IOSDriver.findElement(IOSDriver.java:1)
at org.openqa.selenium.remote.RemoteWebDriver.findElementByXPath(RemoteWebDriver.java:473)
at io.appium.java_client.DefaultGenericMobileDriver.findElementByXPath(DefaultGenericMobileDriver.java:152)
at io.appium.java_client.AppiumDriver.findElementByXPath(AppiumDriver.java:1)
at io.appium.java_client.ios.IOSDriver.findElementByXPath(IOSDriver.java:1)
at org.openqa.selenium.By$ByXPath.findElement(By.java:361)
at org.openqa.selenium.remote.RemoteWebDriver.findElement(RemoteWebDriver.java:363)
at io.appium.java_client.DefaultGenericMobileDriver.findElement(DefaultGenericMobileDriver.java:58)
at io.appium.java_client.AppiumDriver.findElement(AppiumDriver.java:1)
at io.appium.java_client.ios.IOSDriver.findElement(IOSDriver.java:1)
at PageObjects.CeckOutPage.ClickPlus(CeckOutPage.java:312)
at Tests.QuickQuizForMenTest.SelectEvents(QuickQuizForMenTest.java:54)
at sun.reflect.NativeMethodAccessorImpl.invoke0(Native Method)
at sun.reflect.NativeMethodAccessorImpl.invoke(NativeMethodAccessorImpl.java:62)
at sun.reflect.DelegatingMethodAccessorImpl.invoke(DelegatingMethodAccessorImpl.java:43)
at java.lang.reflect.Method.invoke(Method.java:498)
at org.testng.internal.MethodInvocationHelper.invokeMethod(MethodInvocationHelper.java:124)
at org.testng.internal.Invoker.invokeMethod(Invoker.java:580)
at org.testng.internal.Invoker.invokeTestMethod(Invoker.java:716)
at org.testng.internal.Invoker.invokeTestMethods(Invoker.java:988)
at org.testng.internal.TestMethodWorker.invokeTestMethods(TestMethodWorker.java:125)
at org.testng.internal.TestMethodWorker.run(TestMethodWorker.java:109)
at org.testng.TestRunner.privateRun(TestRunner.java:648)
at org.testng.TestRunner.run(TestRunner.java:505)
at org.testng.SuiteRunner.runTest(SuiteRunner.java:455)
at org.testng.SuiteRunner.runSequentially(SuiteRunner.java:450)
at org.testng.SuiteRunner.privateRun(SuiteRunner.java:415)
at org.testng.SuiteRunner.run(SuiteRunner.java:364)
at org.testng.SuiteRunnerWorker.runSuite(SuiteRunnerWorker.java:52)
at org.testng.SuiteRunnerWorker.run(SuiteRunnerWorker.java:84)
at org.testng.TestNG.runSuitesSequentially(TestNG.java:1208)
at org.testng.TestNG.runSuitesLocally(TestNG.java:1137)
at org.testng.TestNG.runSuites(TestNG.java:1049)
at org.testng.TestNG.run(TestNG.java:1017)
at org.testng.remote.AbstractRemoteTestNG.run(AbstractRemoteTestNG.java:114)
at org.testng.remote.RemoteTestNG.initAndRun(RemoteTestNG.java:251)
at org.testng.remote.RemoteTestNG.main(RemoteTestNG.java:77)
]]>
    </error>
  </testcase> <!-- SelectEvents -->
  <testcase name="SelectSession" time="12.483" classname="Tests.QuickQuizForMenTest">
    <error type="org.openqa.selenium.NoSuchElementException" message="An element could not be located on the page using the given search parameters.
For documentation on this error, please visit: http://seleniumhq.org/exceptions/no_such_element.html
Build info: version: &#039;3.8.1&#039;, revision: &#039;6e95a6684b&#039;, time: &#039;2017-12-01T19:05:32.194Z&#039;
System info: host: &#039;yinons-MBP-2&#039;, ip: &#039;fe80:0:0:0:846:ac08:39e7:7e53%en0&#039;, os.name: &#039;Mac OS X&#039;, os.arch: &#039;x86_64&#039;, os.version: &#039;10.14.5&#039;, java.version: &#039;1.8.0_151&#039;
Driver info: io.appium.java_client.ios.IOSDriver
Capabilities {app: /Users/yinonwishi/Desktop/W..., automationName: XCuiTest, browserName: , databaseEnabled: false, deviceName: iPhone XS, javascriptEnabled: true, locationContextEnabled: false, networkConnectionEnabled: false, platform: MAC, platformName: MAC, platformVersion: 12.1, takesScreenshot: true, udid: 8A4DD8ED-BF2F-4113-A830-881..., webStorageEnabled: false}
Session ID: d9b93811-5fad-408d-8b28-3f18ead599dd
*** Element info: {Using=id, value=SubscriptionButtonID}">
      <![CDATA[org.openqa.selenium.NoSuchElementException: An element could not be located on the page using the given search parameters.
For documentation on this error, please visit: http://seleniumhq.org/exceptions/no_such_element.html
Build info: version: '3.8.1', revision: '6e95a6684b', time: '2017-12-01T19:05:32.194Z'
System info: host: 'yinons-MBP-2', ip: 'fe80:0:0:0:846:ac08:39e7:7e53%en0', os.name: 'Mac OS X', os.arch: 'x86_64', os.version: '10.14.5', java.version: '1.8.0_151'
Driver info: io.appium.java_client.ios.IOSDriver
Capabilities {app: /Users/yinonwishi/Desktop/W..., automationName: XCuiTest, browserName: , databaseEnabled: false, deviceName: iPhone XS, javascriptEnabled: true, locationContextEnabled: false, networkConnectionEnabled: false, platform: MAC, platformName: MAC, platformVersion: 12.1, takesScreenshot: true, udid: 8A4DD8ED-BF2F-4113-A830-881..., webStorageEnabled: false}
Session ID: d9b93811-5fad-408d-8b28-3f18ead599dd
*** Element info: {Using=id, value=SubscriptionButtonID}
at sun.reflect.NativeConstructorAccessorImpl.newInstance0(Native Method)
at sun.reflect.NativeConstructorAccessorImpl.newInstance(NativeConstructorAccessorImpl.java:62)
at sun.reflect.DelegatingConstructorAccessorImpl.newInstance(DelegatingConstructorAccessorImpl.java:45)
at java.lang.reflect.Constructor.newInstance(Constructor.java:423)
at org.openqa.selenium.remote.http.W3CHttpResponseCodec.createException(W3CHttpResponseCodec.java:187)
at org.openqa.selenium.remote.http.W3CHttpResponseCodec.decode(W3CHttpResponseCodec.java:122)
at org.openqa.selenium.remote.http.W3CHttpResponseCodec.decode(W3CHttpResponseCodec.java:49)
at org.openqa.selenium.remote.HttpCommandExecutor.execute(HttpCommandExecutor.java:164)
at io.appium.java_client.remote.AppiumCommandExecutor.execute(AppiumCommandExecutor.java:129)
at org.openqa.selenium.remote.RemoteWebDriver.execute(RemoteWebDriver.java:601)
at io.appium.java_client.DefaultGenericMobileDriver.execute(DefaultGenericMobileDriver.java:42)
at io.appium.java_client.AppiumDriver.execute(AppiumDriver.java:1)
at io.appium.java_client.ios.IOSDriver.execute(IOSDriver.java:1)
at org.openqa.selenium.remote.RemoteWebDriver.findElement(RemoteWebDriver.java:371)
at io.appium.java_client.DefaultGenericMobileDriver.findElement(DefaultGenericMobileDriver.java:62)
at io.appium.java_client.AppiumDriver.findElement(AppiumDriver.java:1)
at io.appium.java_client.ios.IOSDriver.findElement(IOSDriver.java:1)
at org.openqa.selenium.remote.RemoteWebDriver.findElementById(RemoteWebDriver.java:417)
at io.appium.java_client.DefaultGenericMobileDriver.findElementById(DefaultGenericMobileDriver.java:70)
at io.appium.java_client.AppiumDriver.findElementById(AppiumDriver.java:1)
at io.appium.java_client.ios.IOSDriver.findElementById(IOSDriver.java:1)
at org.openqa.selenium.By$ById.findElement(By.java:218)
at org.openqa.selenium.remote.RemoteWebDriver.findElement(RemoteWebDriver.java:363)
at io.appium.java_client.DefaultGenericMobileDriver.findElement(DefaultGenericMobileDriver.java:58)
at io.appium.java_client.AppiumDriver.findElement(AppiumDriver.java:1)
at io.appium.java_client.ios.IOSDriver.findElement(IOSDriver.java:1)
at org.openqa.selenium.support.pagefactory.DefaultElementLocator.findElement(DefaultElementLocator.java:69)
at org.openqa.selenium.support.pagefactory.internal.LocatingElementHandler.invoke(LocatingElementHandler.java:38)
at com.sun.proxy.$Proxy9.click(Unknown Source)
at PageObjects.BasePage.click(BasePage.java:38)
at PageObjects.CeckOutPage.ClickMonthButton(CeckOutPage.java:148)
at Tests.QuickQuizForMenTest.SelectSession(QuickQuizForMenTest.java:66)
at sun.reflect.NativeMethodAccessorImpl.invoke0(Native Method)
at sun.reflect.NativeMethodAccessorImpl.invoke(NativeMethodAccessorImpl.java:62)
at sun.reflect.DelegatingMethodAccessorImpl.invoke(DelegatingMethodAccessorImpl.java:43)
at java.lang.reflect.Method.invoke(Method.java:498)
at org.testng.internal.MethodInvocationHelper.invokeMethod(MethodInvocationHelper.java:124)
at org.testng.internal.Invoker.invokeMethod(Invoker.java:580)
at org.testng.internal.Invoker.invokeTestMethod(Invoker.java:716)
at org.testng.internal.Invoker.invokeTestMethods(Invoker.java:988)
at org.testng.internal.TestMethodWorker.invokeTestMethods(TestMethodWorker.java:125)
at org.testng.internal.TestMethodWorker.run(TestMethodWorker.java:109)
at org.testng.TestRunner.privateRun(TestRunner.java:648)
at org.testng.TestRunner.run(TestRunner.java:505)
at org.testng.SuiteRunner.runTest(SuiteRunner.java:455)
at org.testng.SuiteRunner.runSequentially(SuiteRunner.java:450)
at org.testng.SuiteRunner.privateRun(SuiteRunner.java:415)
at org.testng.SuiteRunner.run(SuiteRunner.java:364)
at org.testng.SuiteRunnerWorker.runSuite(SuiteRunnerWorker.java:52)
at org.testng.SuiteRunnerWorker.run(SuiteRunnerWorker.java:84)
at org.testng.TestNG.runSuitesSequentially(TestNG.java:1208)
at org.testng.TestNG.runSuitesLocally(TestNG.java:1137)
at org.testng.TestNG.runSuites(TestNG.java:1049)
at org.testng.TestNG.run(TestNG.java:1017)
at org.testng.remote.AbstractRemoteTestNG.run(AbstractRemoteTestNG.java:114)
at org.testng.remote.RemoteTestNG.initAndRun(RemoteTestNG.java:251)
at org.testng.remote.RemoteTestNG.main(RemoteTestNG.java:77)
]]>
    </error>
  </testcase> <!-- SelectSession -->
  <testcase name="CompileBooking" time="13.265" classname="Tests.QuickQuizForMenTest">
    <error type="org.openqa.selenium.NoSuchElementException" message="An element could not be located on the page using the given search parameters.
For documentation on this error, please visit: http://seleniumhq.org/exceptions/no_such_element.html
Build info: version: &#039;3.8.1&#039;, revision: &#039;6e95a6684b&#039;, time: &#039;2017-12-01T19:05:32.194Z&#039;
System info: host: &#039;yinons-MBP-2&#039;, ip: &#039;fe80:0:0:0:846:ac08:39e7:7e53%en0&#039;, os.name: &#039;Mac OS X&#039;, os.arch: &#039;x86_64&#039;, os.version: &#039;10.14.5&#039;, java.version: &#039;1.8.0_151&#039;
Driver info: io.appium.java_client.ios.IOSDriver
Capabilities {app: /Users/yinonwishi/Desktop/W..., automationName: XCuiTest, browserName: , databaseEnabled: false, deviceName: iPhone XS, javascriptEnabled: true, locationContextEnabled: false, networkConnectionEnabled: false, platform: MAC, platformName: MAC, platformVersion: 12.1, takesScreenshot: true, udid: 8A4DD8ED-BF2F-4113-A830-881..., webStorageEnabled: false}
Session ID: d9b93811-5fad-408d-8b28-3f18ead599dd
*** Element info: {Using=xpath, value=//*[@name=&#039;AddCodeButtonID&#039;]}">
      <![CDATA[org.openqa.selenium.NoSuchElementException: An element could not be located on the page using the given search parameters.
For documentation on this error, please visit: http://seleniumhq.org/exceptions/no_such_element.html
Build info: version: '3.8.1', revision: '6e95a6684b', time: '2017-12-01T19:05:32.194Z'
System info: host: 'yinons-MBP-2', ip: 'fe80:0:0:0:846:ac08:39e7:7e53%en0', os.name: 'Mac OS X', os.arch: 'x86_64', os.version: '10.14.5', java.version: '1.8.0_151'
Driver info: io.appium.java_client.ios.IOSDriver
Capabilities {app: /Users/yinonwishi/Desktop/W..., automationName: XCuiTest, browserName: , databaseEnabled: false, deviceName: iPhone XS, javascriptEnabled: true, locationContextEnabled: false, networkConnectionEnabled: false, platform: MAC, platformName: MAC, platformVersion: 12.1, takesScreenshot: true, udid: 8A4DD8ED-BF2F-4113-A830-881..., webStorageEnabled: false}
Session ID: d9b93811-5fad-408d-8b28-3f18ead599dd
*** Element info: {Using=xpath, value=//*[@name='AddCodeButtonID']}
at sun.reflect.NativeConstructorAccessorImpl.newInstance0(Native Method)
at sun.reflect.NativeConstructorAccessorImpl.newInstance(NativeConstructorAccessorImpl.java:62)
at sun.reflect.DelegatingConstructorAccessorImpl.newInstance(DelegatingConstructorAccessorImpl.java:45)
at java.lang.reflect.Constructor.newInstance(Constructor.java:423)
at org.openqa.selenium.remote.http.W3CHttpResponseCodec.createException(W3CHttpResponseCodec.java:187)
at org.openqa.selenium.remote.http.W3CHttpResponseCodec.decode(W3CHttpResponseCodec.java:122)
at org.openqa.selenium.remote.http.W3CHttpResponseCodec.decode(W3CHttpResponseCodec.java:49)
at org.openqa.selenium.remote.HttpCommandExecutor.execute(HttpCommandExecutor.java:164)
at io.appium.java_client.remote.AppiumCommandExecutor.execute(AppiumCommandExecutor.java:129)
at org.openqa.selenium.remote.RemoteWebDriver.execute(RemoteWebDriver.java:601)
at io.appium.java_client.DefaultGenericMobileDriver.execute(DefaultGenericMobileDriver.java:42)
at io.appium.java_client.AppiumDriver.execute(AppiumDriver.java:1)
at io.appium.java_client.ios.IOSDriver.execute(IOSDriver.java:1)
at org.openqa.selenium.remote.RemoteWebDriver.findElement(RemoteWebDriver.java:371)
at io.appium.java_client.DefaultGenericMobileDriver.findElement(DefaultGenericMobileDriver.java:62)
at io.appium.java_client.AppiumDriver.findElement(AppiumDriver.java:1)
at io.appium.java_client.ios.IOSDriver.findElement(IOSDriver.java:1)
at org.openqa.selenium.remote.RemoteWebDriver.findElementByXPath(RemoteWebDriver.java:473)
at io.appium.java_client.DefaultGenericMobileDriver.findElementByXPath(DefaultGenericMobileDriver.java:152)
at io.appium.java_client.AppiumDriver.findElementByXPath(AppiumDriver.java:1)
at io.appium.java_client.ios.IOSDriver.findElementByXPath(IOSDriver.java:1)
at org.openqa.selenium.By$ByXPath.findElement(By.java:361)
at org.openqa.selenium.remote.RemoteWebDriver.findElement(RemoteWebDriver.java:363)
at io.appium.java_client.DefaultGenericMobileDriver.findElement(DefaultGenericMobileDriver.java:58)
at io.appium.java_client.AppiumDriver.findElement(AppiumDriver.java:1)
at io.appium.java_client.ios.IOSDriver.findElement(IOSDriver.java:1)
at org.openqa.selenium.support.pagefactory.DefaultElementLocator.findElement(DefaultElementLocator.java:69)
at org.openqa.selenium.support.pagefactory.internal.LocatingElementHandler.invoke(LocatingElementHandler.java:38)
at com.sun.proxy.$Proxy9.click(Unknown Source)
at PageObjects.BasePage.click(BasePage.java:38)
at PageObjects.CeckOutPage.ClickAddCode(CeckOutPage.java:213)
at Tests.QuickQuizForMenTest.CompileBooking(QuickQuizForMenTest.java:84)
at sun.reflect.NativeMethodAccessorImpl.invoke0(Native Method)
at sun.reflect.NativeMethodAccessorImpl.invoke(NativeMethodAccessorImpl.java:62)
at sun.reflect.DelegatingMethodAccessorImpl.invoke(DelegatingMethodAccessorImpl.java:43)
at java.lang.reflect.Method.invoke(Method.java:498)
at org.testng.internal.MethodInvocationHelper.invokeMethod(MethodInvocationHelper.java:124)
at org.testng.internal.Invoker.invokeMethod(Invoker.java:580)
at org.testng.internal.Invoker.invokeTestMethod(Invoker.java:716)
at org.testng.internal.Invoker.invokeTestMethods(Invoker.java:988)
at org.testng.internal.TestMethodWorker.invokeTestMethods(TestMethodWorker.java:125)
at org.testng.internal.TestMethodWorker.run(TestMethodWorker.java:109)
at org.testng.TestRunner.privateRun(TestRunner.java:648)
at org.testng.TestRunner.run(TestRunner.java:505)
at org.testng.SuiteRunner.runTest(SuiteRunner.java:455)
at org.testng.SuiteRunner.runSequentially(SuiteRunner.java:450)
at org.testng.SuiteRunner.privateRun(SuiteRunner.java:415)
at org.testng.SuiteRunner.run(SuiteRunner.java:364)
at org.testng.SuiteRunnerWorker.runSuite(SuiteRunnerWorker.java:52)
at org.testng.SuiteRunnerWorker.run(SuiteRunnerWorker.java:84)
at org.testng.TestNG.runSuitesSequentially(TestNG.java:1208)
at org.testng.TestNG.runSuitesLocally(TestNG.java:1137)
at org.testng.TestNG.runSuites(TestNG.java:1049)
at org.testng.TestNG.run(TestNG.java:1017)
at org.testng.remote.AbstractRemoteTestNG.run(AbstractRemoteTestNG.java:114)
at org.testng.remote.RemoteTestNG.initAndRun(RemoteTestNG.java:251)
at org.testng.remote.RemoteTestNG.main(RemoteTestNG.java:77)
]]>
    </error>
  </testcase> <!-- CompileBooking -->
  <testcase name="MadeQuiz" time="17.409" classname="Tests.QuickQuizForMenTest">
    <error type="org.openqa.selenium.NoSuchElementException" message="An element could not be located on the page using the given search parameters.
For documentation on this error, please visit: http://seleniumhq.org/exceptions/no_such_element.html
Build info: version: &#039;3.8.1&#039;, revision: &#039;6e95a6684b&#039;, time: &#039;2017-12-01T19:05:32.194Z&#039;
System info: host: &#039;yinons-MBP-2&#039;, ip: &#039;fe80:0:0:0:846:ac08:39e7:7e53%en0&#039;, os.name: &#039;Mac OS X&#039;, os.arch: &#039;x86_64&#039;, os.version: &#039;10.14.5&#039;, java.version: &#039;1.8.0_151&#039;
Driver info: io.appium.java_client.ios.IOSDriver
Capabilities {app: /Users/yinonwishi/Desktop/W..., automationName: XCuiTest, browserName: , databaseEnabled: false, deviceName: iPhone XS, javascriptEnabled: true, locationContextEnabled: false, networkConnectionEnabled: false, platform: MAC, platformName: MAC, platformVersion: 12.1, takesScreenshot: true, udid: 8A4DD8ED-BF2F-4113-A830-881..., webStorageEnabled: false}
Session ID: d9b93811-5fad-408d-8b28-3f18ead599dd
*** Element info: {Using=xpath, value=//*[@name=&#039;Instagram&#039;]}">
      <![CDATA[org.openqa.selenium.NoSuchElementException: An element could not be located on the page using the given search parameters.
For documentation on this error, please visit: http://seleniumhq.org/exceptions/no_such_element.html
Build info: version: '3.8.1', revision: '6e95a6684b', time: '2017-12-01T19:05:32.194Z'
System info: host: 'yinons-MBP-2', ip: 'fe80:0:0:0:846:ac08:39e7:7e53%en0', os.name: 'Mac OS X', os.arch: 'x86_64', os.version: '10.14.5', java.version: '1.8.0_151'
Driver info: io.appium.java_client.ios.IOSDriver
Capabilities {app: /Users/yinonwishi/Desktop/W..., automationName: XCuiTest, browserName: , databaseEnabled: false, deviceName: iPhone XS, javascriptEnabled: true, locationContextEnabled: false, networkConnectionEnabled: false, platform: MAC, platformName: MAC, platformVersion: 12.1, takesScreenshot: true, udid: 8A4DD8ED-BF2F-4113-A830-881..., webStorageEnabled: false}
Session ID: d9b93811-5fad-408d-8b28-3f18ead599dd
*** Element info: {Using=xpath, value=//*[@name='Instagram']}
at sun.reflect.NativeConstructorAccessorImpl.newInstance0(Native Method)
at sun.reflect.NativeConstructorAccessorImpl.newInstance(NativeConstructorAccessorImpl.java:62)
at sun.reflect.DelegatingConstructorAccessorImpl.newInstance(DelegatingConstructorAccessorImpl.java:45)
at java.lang.reflect.Constructor.newInstance(Constructor.java:423)
at org.openqa.selenium.remote.http.W3CHttpResponseCodec.createException(W3CHttpResponseCodec.java:187)
at org.openqa.selenium.remote.http.W3CHttpResponseCodec.decode(W3CHttpResponseCodec.java:122)
at org.openqa.selenium.remote.http.W3CHttpResponseCodec.decode(W3CHttpResponseCodec.java:49)
at org.openqa.selenium.remote.HttpCommandExecutor.execute(HttpCommandExecutor.java:164)
at io.appium.java_client.remote.AppiumCommandExecutor.execute(AppiumCommandExecutor.java:129)
at org.openqa.selenium.remote.RemoteWebDriver.execute(RemoteWebDriver.java:601)
at io.appium.java_client.DefaultGenericMobileDriver.execute(DefaultGenericMobileDriver.java:42)
at io.appium.java_client.AppiumDriver.execute(AppiumDriver.java:1)
at io.appium.java_client.ios.IOSDriver.execute(IOSDriver.java:1)
at org.openqa.selenium.remote.RemoteWebDriver.findElement(RemoteWebDriver.java:371)
at io.appium.java_client.DefaultGenericMobileDriver.findElement(DefaultGenericMobileDriver.java:62)
at io.appium.java_client.AppiumDriver.findElement(AppiumDriver.java:1)
at io.appium.java_client.ios.IOSDriver.findElement(IOSDriver.java:1)
at org.openqa.selenium.remote.RemoteWebDriver.findElementByXPath(RemoteWebDriver.java:473)
at io.appium.java_client.DefaultGenericMobileDriver.findElementByXPath(DefaultGenericMobileDriver.java:152)
at io.appium.java_client.AppiumDriver.findElementByXPath(AppiumDriver.java:1)
at io.appium.java_client.ios.IOSDriver.findElementByXPath(IOSDriver.java:1)
at org.openqa.selenium.By$ByXPath.findElement(By.java:361)
at org.openqa.selenium.remote.RemoteWebDriver.findElement(RemoteWebDriver.java:363)
at io.appium.java_client.DefaultGenericMobileDriver.findElement(DefaultGenericMobileDriver.java:58)
at io.appium.java_client.AppiumDriver.findElement(AppiumDriver.java:1)
at io.appium.java_client.ios.IOSDriver.findElement(IOSDriver.java:1)
at org.openqa.selenium.support.pagefactory.DefaultElementLocator.findElement(DefaultElementLocator.java:69)
at org.openqa.selenium.support.pagefactory.internal.LocatingElementHandler.invoke(LocatingElementHandler.java:38)
at com.sun.proxy.$Proxy9.click(Unknown Source)
at PageObjects.BasePage.click(BasePage.java:38)
at PageObjects.CeckOutPage.HowDidYouHearAboutUs(CeckOutPage.java:128)
at Tests.QuickQuizForMenTest.MadeQuiz(QuickQuizForMenTest.java:100)
at sun.reflect.NativeMethodAccessorImpl.invoke0(Native Method)
at sun.reflect.NativeMethodAccessorImpl.invoke(NativeMethodAccessorImpl.java:62)
at sun.reflect.DelegatingMethodAccessorImpl.invoke(DelegatingMethodAccessorImpl.java:43)
at java.lang.reflect.Method.invoke(Method.java:498)
at org.testng.internal.MethodInvocationHelper.invokeMethod(MethodInvocationHelper.java:124)
at org.testng.internal.Invoker.invokeMethod(Invoker.java:580)
at org.testng.internal.Invoker.invokeTestMethod(Invoker.java:716)
at org.testng.internal.Invoker.invokeTestMethods(Invoker.java:988)
at org.testng.internal.TestMethodWorker.invokeTestMethods(TestMethodWorker.java:125)
at org.testng.internal.TestMethodWorker.run(TestMethodWorker.java:109)
at org.testng.TestRunner.privateRun(TestRunner.java:648)
at org.testng.TestRunner.run(TestRunner.java:505)
at org.testng.SuiteRunner.runTest(SuiteRunner.java:455)
at org.testng.SuiteRunner.runSequentially(SuiteRunner.java:450)
at org.testng.SuiteRunner.privateRun(SuiteRunner.java:415)
at org.testng.SuiteRunner.run(SuiteRunner.java:364)
at org.testng.SuiteRunnerWorker.runSuite(SuiteRunnerWorker.java:52)
at org.testng.SuiteRunnerWorker.run(SuiteRunnerWorker.java:84)
at org.testng.TestNG.runSuitesSequentially(TestNG.java:1208)
at org.testng.TestNG.runSuitesLocally(TestNG.java:1137)
at org.testng.TestNG.runSuites(TestNG.java:1049)
at org.testng.TestNG.run(TestNG.java:1017)
at org.testng.remote.AbstractRemoteTestNG.run(AbstractRemoteTestNG.java:114)
at org.testng.remote.RemoteTestNG.initAndRun(RemoteTestNG.java:251)
at org.testng.remote.RemoteTestNG.main(RemoteTestNG.java:77)
]]>
    </error>
  </testcase> <!-- MadeQuiz -->
</testsuite> <!-- Tests.QuickQuizForMenTest -->
