<?xml version="1.0" encoding="UTF-8"?>
<!-- Generated by org.testng.reporters.JUnitReportReporter -->
<testsuite skipped="0" hostname="yinons-MBP-2" name="Tests.CheckOutMounthTest" tests="5" failures="0" timestamp="24 Aug 2018 08:23:38 GMT" time="264.779" errors="0">
  <testcase name="DoLogin" time="46.088" classname="Tests.CheckOutMounthTest"/>
  <testcase name="SearchStylist" time="11.966" classname="Tests.CheckOutMounthTest"/>
  <testcase name="SelectEvents" time="33.848" classname="Tests.CheckOutMounthTest"/>
  <testcase name="SelectSession" time="19.538" classname="Tests.CheckOutMounthTest"/>
  <testcase name="CompileBooking" time="153.339" classname="Tests.CheckOutMounthTest"/>
</testsuite> <!-- Tests.CheckOutMounthTest -->
