<?xml version="1.0" encoding="UTF-8"?>
<!-- Generated by org.testng.reporters.JUnitReportReporter -->
<testsuite skipped="0" hostname="yinons-MBP-2" name="Tests.QuickQuizForWomenTest" tests="5" failures="0" timestamp="26 Aug 2018 19:07:43 GMT" time="249.435" errors="0">
  <testcase name="DoLogin" time="45.929" classname="Tests.QuickQuizForWomenTest"/>
  <testcase name="SearchStylist" time="11.912" classname="Tests.QuickQuizForWomenTest"/>
  <testcase name="SelectEvents" time="33.451" classname="Tests.QuickQuizForWomenTest"/>
  <testcase name="SelectSession" time="16.921" classname="Tests.QuickQuizForWomenTest"/>
  <testcase name="CompileBooking" time="141.222" classname="Tests.QuickQuizForWomenTest"/>
</testsuite> <!-- Tests.QuickQuizForWomenTest -->
