<?xml version="1.0" encoding="UTF-8"?>
<!-- Generated by org.testng.reporters.JUnitReportReporter -->
<testsuite skipped="0" hostname="yinons-MBP-2" name="Tests.ReviseThirdLookTest" tests="24" failures="0" timestamp="13 Sep 2018 05:44:28 GMT" time="2690.846" errors="0">
  <testcase name="DoLogin" time="39.271" classname="Tests.ReviseThirdLookTest"/>
  <testcase name="SearchStylist" time="8.503" classname="Tests.ReviseThirdLookTest"/>
  <testcase name="SelectEvents" time="32.209" classname="Tests.ReviseThirdLookTest"/>
  <testcase name="SelectSession" time="37.992" classname="Tests.ReviseThirdLookTest"/>
  <testcase name="CompileBooking" time="132.000" classname="Tests.ReviseThirdLookTest"/>
  <testcase name="CreateMoodBoard" time="155.046" classname="Tests.ReviseThirdLookTest"/>
  <testcase name="VerifyMoodBoard" time="84.318" classname="Tests.ReviseThirdLookTest"/>
  <testcase name="CreateLook" time="156.345" classname="Tests.ReviseThirdLookTest"/>
  <testcase name="VerifyCreateLook" time="95.907" classname="Tests.ReviseThirdLookTest"/>
  <testcase name="CreateMoodBoard2" time="137.019" classname="Tests.ReviseThirdLookTest"/>
  <testcase name="VerifyMoodBoard2" time="93.731" classname="Tests.ReviseThirdLookTest"/>
  <testcase name="CreateLook2" time="152.988" classname="Tests.ReviseThirdLookTest"/>
  <testcase name="AskRevise1" time="177.191" classname="Tests.ReviseThirdLookTest"/>
  <testcase name="CreateReviseLook1" time="164.600" classname="Tests.ReviseThirdLookTest"/>
  <testcase name="VerifyCreateLookrevise1" time="98.758" classname="Tests.ReviseThirdLookTest"/>
  <testcase name="CreateMoodBoard3" time="141.456" classname="Tests.ReviseThirdLookTest"/>
  <testcase name="VerifyMoodBoard3" time="99.083" classname="Tests.ReviseThirdLookTest"/>
  <testcase name="CreateLook3" time="155.172" classname="Tests.ReviseThirdLookTest"/>
  <testcase name="VerifyCreateLook3" time="116.504" classname="Tests.ReviseThirdLookTest"/>
  <testcase name="ReviseLook2" time="182.877" classname="Tests.ReviseThirdLookTest"/>
  <testcase name="VerifyCreateRevise2" time="134.499" classname="Tests.ReviseThirdLookTest"/>
  <testcase name="EndSession" time="82.293" classname="Tests.ReviseThirdLookTest"/>
  <testcase name="ClientEndSession" time="145.032" classname="Tests.ReviseThirdLookTest"/>
  <testcase name="VerifyEndSession" time="68.052" classname="Tests.ReviseThirdLookTest"/>
</testsuite> <!-- Tests.ReviseThirdLookTest -->
