<?xml version="1.0" encoding="UTF-8"?>
<!-- Generated by org.testng.reporters.JUnitReportReporter -->
<testsuite skipped="0" hostname="yinons-MBP-2" name="Tests.QuizForWomenTest" tests="20" failures="0" timestamp="05 Dec 2018 10:26:27 GMT" time="788.598" errors="0">
  <testcase name="DoSignUp" time="198.072" classname="Tests.QuizForWomenTest"/>
  <testcase name="SearchStylist" time="29.945" classname="Tests.QuizForWomenTest"/>
  <testcase name="SelectEvents" time="50.134" classname="Tests.QuizForWomenTest"/>
  <testcase name="SelectSession" time="44.868" classname="Tests.QuizForWomenTest"/>
  <testcase name="SelectCountry" time="103.319" classname="Tests.QuizForWomenTest"/>
  <testcase name="SelectBodyType" time="7.071" classname="Tests.QuizForWomenTest"/>
  <testcase name="SelectHeight" time="7.029" classname="Tests.QuizForWomenTest"/>
  <testcase name="SelectSize" time="53.418" classname="Tests.QuizForWomenTest"/>
  <testcase name="SelectColor" time="45.691" classname="Tests.QuizForWomenTest"/>
  <testcase name="SelectFabrics" time="16.237" classname="Tests.QuizForWomenTest"/>
  <testcase name="SelectFitTop" time="11.208" classname="Tests.QuizForWomenTest"/>
  <testcase name="SelectFitBottom" time="12.899" classname="Tests.QuizForWomenTest"/>
  <testcase name="SelectJeansp" time="26.988" classname="Tests.QuizForWomenTest"/>
  <testcase name="SelectHeels" time="7.131" classname="Tests.QuizForWomenTest"/>
  <testcase name="SelectJewelry" time="18.370" classname="Tests.QuizForWomenTest"/>
  <testcase name="SelectHighlights" time="26.924" classname="Tests.QuizForWomenTest"/>
  <testcase name="SelectZone" time="7.115" classname="Tests.QuizForWomenTest"/>
  <testcase name="SelectClothingPreferences" time="9.986" classname="Tests.QuizForWomenTest"/>
  <testcase name="SelectClothingCategories" time="46.668" classname="Tests.QuizForWomenTest"/>
  <testcase name="SelectYourCloset" time="65.525" classname="Tests.QuizForWomenTest"/>
</testsuite> <!-- Tests.QuizForWomenTest -->
