<?xml version="1.0" encoding="UTF-8"?>
<!-- Generated by org.testng.reporters.JUnitReportReporter -->
<testsuite skipped="0" hostname="yinons-MBP-2" name="Tests.CheckOutSingleTest" tests="5" failures="0" timestamp="13 Sep 2018 11:23:12 GMT" time="304.537" errors="0">
  <testcase name="DoLogin" time="48.932" classname="Tests.CheckOutSingleTest"/>
  <testcase name="SearchStylist" time="13.896" classname="Tests.CheckOutSingleTest"/>
  <testcase name="SelectEvents" time="34.665" classname="Tests.CheckOutSingleTest"/>
  <testcase name="SelectSession" time="24.840" classname="Tests.CheckOutSingleTest"/>
  <testcase name="CompileBooking" time="182.204" classname="Tests.CheckOutSingleTest"/>
</testsuite> <!-- Tests.CheckOutSingleTest -->
