<?xml version="1.0" encoding="UTF-8"?>
<!-- Generated by org.testng.reporters.JUnitReportReporter -->
<testsuite hostname="yinons-MacBook-Pro.local" failures="0" tests="2" name="Tests.LoginTests" time="23.197" errors="0" timestamp="09 Jan 2018 16:12:51 GMT" skipped="0">
  <testcase classname="Tests.LoginTests" name="FillPasswordWithOutToFillEmail" time="10.086"/>
  <testcase classname="Tests.LoginTests" name="FillPasswordWithOutToFillPassword" time="13.111"/>
</testsuite> <!-- Tests.LoginTests -->
