<?xml version="1.0" encoding="UTF-8"?>
<!-- Generated by org.testng.reporters.JUnitReportReporter -->
<testsuite hostname="yinons-MacBook-Pro.local" failures="0" tests="1" name="Tests.test" time="16.083" errors="0" timestamp="31 Dec 2017 13:35:45 GMT" skipped="0">
  <testcase classname="Tests.test" name="test1" time="16.083"/>
</testsuite> <!-- Tests.test -->
