<?xml version="1.0" encoding="UTF-8"?>
<!-- Generated by org.testng.reporters.JUnitReportReporter -->
<testsuite skipped="0" hostname="yinons-MacBook-Pro.local" name="Tests.ConnectByFacbookTestfail" tests="3" failures="0" timestamp="30 Jan 2018 10:37:20 GMT" time="24.439" errors="0">
  <testcase name="ConnectByFacbookWrongUserName" time="12.851" classname="Tests.ConnectByFacbookTestfail"/>
  <testcase name="ConnectByFacbookWrongPassword" time="3.298" classname="Tests.ConnectByFacbookTestfail"/>
  <testcase name="ConnectByFacbook" time="8.290" classname="Tests.ConnectByFacbookTestfail"/>
</testsuite> <!-- Tests.ConnectByFacbookTestfail -->
