<?xml version="1.0" encoding="UTF-8"?>
<!-- Generated by org.testng.reporters.JUnitReportReporter -->
<testsuite skipped="0" hostname="yinons-MacBook-Pro.local" name="Tests.BestMatchFamleCheep" tests="1" failures="0" timestamp="30 Jan 2018 10:37:00 GMT" time="78.477" errors="0">
  <testcase name="FamleCheep" time="78.477" classname="Tests.BestMatchFamleCheep"/>
</testsuite> <!-- Tests.BestMatchFamleCheep -->
