<?xml version="1.0" encoding="UTF-8"?>
<!-- Generated by org.testng.reporters.JUnitReportReporter -->
<testsuite skipped="0" hostname="yinons-MacBook-Pro.local" name="Tests.BestMatchFamleNormal" tests="1" failures="0" timestamp="30 Jan 2018 10:37:05 GMT" time="71.911" errors="0">
  <testcase name="FamleNOrmal" time="71.911" classname="Tests.BestMatchFamleNormal"/>
</testsuite> <!-- Tests.BestMatchFamleNormal -->
