<?xml version="1.0" encoding="UTF-8"?>
<!-- Generated by org.testng.reporters.JUnitReportReporter -->
<testsuite hostname="yinons-MBP" failures="0" tests="1" name="Tests.ConnectByFacbookTest" time="17.025" errors="0" timestamp="24 Jan 2018 12:04:18 GMT" skipped="0">
  <testcase classname="Tests.ConnectByFacbookTest" name="ConnectByFacbook" time="17.025"/>
</testsuite> <!-- Tests.ConnectByFacbookTest -->
