<?xml version="1.0" encoding="UTF-8"?>
<!-- Generated by org.testng.reporters.JUnitReportReporter -->
<testsuite hostname="yinons-MacBook-Pro.local" failures="0" tests="6" name="Tests.LoginTest$LoginTests" time="42.071" errors="0" timestamp="28 Jan 2018 16:23:06 GMT" skipped="0">
  <testcase classname="Tests.LoginTest$LoginTests" name="FillPasswordWithOutToFillEmail" time="10.728"/>
  <testcase classname="Tests.LoginTest$LoginTests" name="FillEmailWithOutToFillPassword" time="3.547"/>
  <testcase classname="Tests.LoginTest$LoginTests" name="ClickLoginwWithOutToFillAnyFields" time="3.099"/>
  <testcase classname="Tests.LoginTest$LoginTests" name="FillCorrectEmailWithWrongPassword" time="9.999"/>
  <testcase classname="Tests.LoginTest$LoginTests" name="FillCorrectPasswordWithWrongEmail" time="8.499"/>
  <testcase classname="Tests.LoginTest$LoginTests" name="DoLogin" time="6.199"/>
</testsuite> <!-- Tests.LoginTest$LoginTests -->
