<?xml version="1.0" encoding="UTF-8"?>
<!-- Generated by org.testng.reporters.JUnitReportReporter -->
<testsuite skipped="0" hostname="yinons-MBP" name="Tests.BestMatchLowFeamleTests" tests="1" failures="0" timestamp="07 Aug 2018 12:11:32 GMT" time="158.497" errors="0">
  <testcase name="BMLowFeamle" time="158.497" classname="Tests.BestMatchLowFeamleTests"/>
</testsuite> <!-- Tests.BestMatchLowFeamleTests -->
