<?xml version="1.0" encoding="UTF-8"?>
<!-- Generated by org.testng.reporters.JUnitReportReporter -->
<testsuite skipped="0" hostname="yinons-MBP" name="Tests.BookingTests" tests="3" failures="0" timestamp="06 Aug 2018 18:27:30 GMT" time="132.541" errors="0">
  <testcase name="DoSignUp" time="66.658" classname="Tests.BookingTests"/>
  <testcase name="CheckOutSession" time="25.633" classname="Tests.BookingTests"/>
  <testcase name="CheckoutUnlimitedCreditCard" time="40.250" classname="Tests.BookingTests"/>
</testsuite> <!-- Tests.BookingTests -->
