<?xml version="1.0" encoding="UTF-8"?>
<!-- Generated by org.testng.reporters.JUnitReportReporter -->
<testsuite hostname="yinons-MBP" failures="0" tests="16" name="Tests.qwizTests" time="88.431" errors="0" timestamp="24 Dec 2017 01:05:29 GMT" skipped="0">
  <testcase classname="Tests.qwizTests" name="DoSignUp" time="5.183"/>
  <testcase classname="Tests.qwizTests" name="CheckOutSession" time="26.889"/>
  <testcase classname="Tests.qwizTests" name="SelectEvent" time="4.004"/>
  <testcase classname="Tests.qwizTests" name="SelectBodyType" time="1.471"/>
  <testcase classname="Tests.qwizTests" name="SelectHeight" time="3.998"/>
  <testcase classname="Tests.qwizTests" name="SelectColors" time="4.181"/>
  <testcase classname="Tests.qwizTests" name="SelectHighlight" time="3.908"/>
  <testcase classname="Tests.qwizTests" name="SelectClothingPreferences" time="4.103"/>
  <testcase classname="Tests.qwizTests" name="SelectHeels" time="3.951"/>
  <testcase classname="Tests.qwizTests" name="SelectFabrics" time="3.916"/>
  <testcase classname="Tests.qwizTests" name="SelectPrints" time="4.072"/>
  <testcase classname="Tests.qwizTests" name="SelectSize" time="4.461"/>
  <testcase classname="Tests.qwizTests" name="SelectComfortZone" time="3.871"/>
  <testcase classname="Tests.qwizTests" name="SelectJEWELRY" time="3.972"/>
  <testcase classname="Tests.qwizTests" name="SelectBrands" time="4.855"/>
  <testcase classname="Tests.qwizTests" name="SelectInventory" time="5.596"/>
</testsuite> <!-- Tests.qwizTests -->
