<?xml version="1.0" encoding="UTF-8"?>
<!-- Generated by org.testng.reporters.JUnitReportReporter -->
<testsuite hostname="yinons-MBP" failures="0" tests="3" name="Tests.ChatTests" time="71.671" errors="0" timestamp="24 Dec 2017 01:05:29 GMT" skipped="0">
  <testcase classname="Tests.ChatTests" name="LoginAsStylist" time="3.312"/>
  <testcase classname="Tests.ChatTests" name="SendChatToclient" time="42.667"/>
  <testcase classname="Tests.ChatTests" name="SendChatToStylist" time="25.692"/>
</testsuite> <!-- Tests.ChatTests -->
