<?xml version="1.0" encoding="UTF-8"?>
<!-- Generated by org.testng.reporters.JUnitReportReporter -->
<testsuite hostname="yinons-MacBook-Pro.local" failures="0" tests="4" name="Tests.BookingTests" time="98.662" errors="0" timestamp="25 Dec 2017 16:35:39 GMT" skipped="0">
  <testcase classname="Tests.BookingTests" name="DoSignUp" time="5.350"/>
  <testcase classname="Tests.BookingTests" name="CheckOutSession" time="28.851"/>
  <testcase classname="Tests.BookingTests" name="CheckoutUnlimited" time="31.251"/>
  <testcase classname="Tests.BookingTests" name="CheckoutByCreditCard" time="33.210"/>
</testsuite> <!-- Tests.BookingTests -->
