<?xml version="1.0" encoding="UTF-8"?>
<!-- Generated by org.testng.reporters.JUnitReportReporter -->
<testsuite skipped="0" hostname="yinons-MBP" name="Tests.BestMatchNormalFeamleTests" tests="1" failures="0" timestamp="06 Aug 2018 09:53:34 GMT" time="158.336" errors="0">
  <testcase name="BMNormalFeamle" time="158.336" classname="Tests.BestMatchNormalFeamleTests"/>
</testsuite> <!-- Tests.BestMatchNormalFeamleTests -->
