<?xml version="1.0" encoding="UTF-8"?>
<!-- Generated by org.testng.reporters.JUnitReportReporter -->
<testsuite skipped="0" hostname="yinons-MBP" name="Tests.qwizTests" tests="16" failures="0" timestamp="06 Aug 2018 18:22:54 GMT" time="176.623" errors="0">
  <testcase name="DoSignUp" time="71.585" classname="Tests.qwizTests"/>
  <testcase name="CheckOutSession" time="25.534" classname="Tests.qwizTests"/>
  <testcase name="SelectEvent" time="4.925" classname="Tests.qwizTests"/>
  <testcase name="SelectBodyType" time="2.373" classname="Tests.qwizTests"/>
  <testcase name="SelectHeight" time="5.669" classname="Tests.qwizTests"/>
  <testcase name="SelectColors" time="5.711" classname="Tests.qwizTests"/>
  <testcase name="SelectHighlight" time="5.524" classname="Tests.qwizTests"/>
  <testcase name="SelectClothingPreferences" time="5.684" classname="Tests.qwizTests"/>
  <testcase name="SelectHeels" time="5.658" classname="Tests.qwizTests"/>
  <testcase name="SelectFabrics" time="5.568" classname="Tests.qwizTests"/>
  <testcase name="SelectPrints" time="5.504" classname="Tests.qwizTests"/>
  <testcase name="SelectSize" time="7.003" classname="Tests.qwizTests"/>
  <testcase name="SelectComfortZone" time="5.653" classname="Tests.qwizTests"/>
  <testcase name="SelectJEWELRY" time="5.781" classname="Tests.qwizTests"/>
  <testcase name="SelectBrands" time="5.790" classname="Tests.qwizTests"/>
  <testcase name="SelectInventory" time="8.661" classname="Tests.qwizTests"/>
</testsuite> <!-- Tests.qwizTests -->
