<?xml version="1.0" encoding="UTF-8"?>
<!-- Generated by org.testng.reporters.JUnitReportReporter -->
<testsuite hostname="yinons-MBP" failures="0" tests="16" name="Tests.qwizTests" time="89.395" errors="0" timestamp="25 Dec 2017 06:12:26 GMT" skipped="0">
  <testcase classname="Tests.qwizTests" name="DoSignUp" time="5.263"/>
  <testcase classname="Tests.qwizTests" name="CheckOutSession" time="28.498"/>
  <testcase classname="Tests.qwizTests" name="SelectEvent" time="3.990"/>
  <testcase classname="Tests.qwizTests" name="SelectBodyType" time="1.494"/>
  <testcase classname="Tests.qwizTests" name="SelectHeight" time="3.974"/>
  <testcase classname="Tests.qwizTests" name="SelectColors" time="4.089"/>
  <testcase classname="Tests.qwizTests" name="SelectHighlight" time="3.981"/>
  <testcase classname="Tests.qwizTests" name="SelectClothingPreferences" time="3.873"/>
  <testcase classname="Tests.qwizTests" name="SelectHeels" time="3.892"/>
  <testcase classname="Tests.qwizTests" name="SelectFabrics" time="3.925"/>
  <testcase classname="Tests.qwizTests" name="SelectPrints" time="4.192"/>
  <testcase classname="Tests.qwizTests" name="SelectSize" time="4.494"/>
  <testcase classname="Tests.qwizTests" name="SelectComfortZone" time="3.836"/>
  <testcase classname="Tests.qwizTests" name="SelectJEWELRY" time="3.947"/>
  <testcase classname="Tests.qwizTests" name="SelectBrands" time="4.229"/>
  <testcase classname="Tests.qwizTests" name="SelectInventory" time="5.718"/>
</testsuite> <!-- Tests.qwizTests -->
