<?xml version="1.0" encoding="UTF-8"?>
<!-- Generated by org.testng.reporters.JUnitReportReporter -->
<testsuite skipped="0" hostname="yinons-MBP" name="Tests.BestMatchExpensiveFeamleTests" tests="1" failures="0" timestamp="06 Aug 2018 09:53:34 GMT" time="162.042" errors="0">
  <testcase name="BMExpensiveFeamle" time="162.042" classname="Tests.BestMatchExpensiveFeamleTests"/>
</testsuite> <!-- Tests.BestMatchExpensiveFeamleTests -->
