<?xml version="1.0" encoding="UTF-8"?>
<!-- Generated by org.testng.reporters.JUnitReportReporter -->
<testsuite skipped="0" hostname="yinons-MBP" name="Tests.SignUpByFacbookTestsSucses" tests="1" failures="0" timestamp="26 Jul 2018 23:21:47 GMT" time="12.370" errors="0">
  <testcase name="SignUpWithFacbook" time="12.370" classname="Tests.SignUpByFacbookTestsSucses"/>
</testsuite> <!-- Tests.SignUpByFacbookTestsSucses -->
