<?xml version="1.0" encoding="UTF-8"?>
<!-- Generated by org.testng.reporters.JUnitReportReporter -->
<testsuite hostname="yinons-MBP" failures="0" tests="1" name="Tests.SignUpByFacbookTestsSucses" time="8.599" errors="0" timestamp="24 Dec 2017 01:05:29 GMT" skipped="0">
  <testcase classname="Tests.SignUpByFacbookTestsSucses" name="SignUpWithFacbook" time="8.599"/>
</testsuite> <!-- Tests.SignUpByFacbookTestsSucses -->
