<?xml version="1.0" encoding="UTF-8"?>
<!-- Generated by org.testng.reporters.JUnitReportReporter -->
<testsuite hostname="yinons-MBP" failures="0" tests="7" name="Tests.LoginTests2" time="21.131" errors="0" timestamp="25 Dec 2017 06:12:26 GMT" skipped="0">
  <testcase classname="Tests.LoginTests2" name="LoginClickable" time="2.384"/>
  <testcase classname="Tests.LoginTests2" name="DoLogin" time="3.403"/>
  <testcase classname="Tests.LoginTests2" name="FillPasswordWithOutToFillEmail" time="2.631"/>
  <testcase classname="Tests.LoginTests2" name="FillEmailWithOutToFillPassword" time="2.877"/>
  <testcase classname="Tests.LoginTests2" name="ClickLoginwWithOutToFillAnyFields" time="2.085"/>
  <testcase classname="Tests.LoginTests2" name="FillCorrectEmailWithWrongPassword" time="4.539"/>
  <testcase classname="Tests.LoginTests2" name="FillCorrectPasswordWithWrongEmail" time="3.212"/>
</testsuite> <!-- Tests.LoginTests2 -->
