<?xml version="1.0" encoding="UTF-8"?>
<!-- Generated by org.testng.reporters.JUnitReportReporter -->
<testsuite hostname="yinons-MacBook-Pro.local" failures="0" tests="5" name="Tests.SignUpTest" time="18.438" errors="0" timestamp="25 Dec 2017 16:35:39 GMT" skipped="0">
  <testcase classname="Tests.SignUpTest" name="SignUpClickable" time="1.152"/>
  <testcase classname="Tests.SignUpTest" name="FillEmailWitoutShtudel" time="4.089"/>
  <testcase classname="Tests.SignUpTest" name="FillEmailWithoutDotCom" time="3.106"/>
  <testcase classname="Tests.SignUpTest" name="FillPsswordWithLessthan6Characters" time="3.042"/>
  <testcase classname="Tests.SignUpTest" name="DoSignUp" time="7.049"/>
</testsuite> <!-- Tests.SignUpTest -->
