<?xml version="1.0" encoding="UTF-8"?>
<!-- Generated by org.testng.reporters.JUnitReportReporter -->
<testsuite skipped="0" hostname="yinons-MBP" name="Tests.SignUpTest" tests="5" failures="0" timestamp="26 Jul 2018 23:21:47 GMT" time="30.507" errors="0">
  <testcase name="SignUpClickable" time="1.411" classname="Tests.SignUpTest"/>
  <testcase name="FillEmailWitoutShtudel" time="7.655" classname="Tests.SignUpTest"/>
  <testcase name="FillEmailWithoutDotCom" time="6.905" classname="Tests.SignUpTest"/>
  <testcase name="FillPsswordWithLessthan6Characters" time="7.114" classname="Tests.SignUpTest"/>
  <testcase name="DoSignUp" time="7.422" classname="Tests.SignUpTest"/>
</testsuite> <!-- Tests.SignUpTest -->
