<?xml version="1.0" encoding="UTF-8"?>
<!-- Generated by org.testng.reporters.JUnitReportReporter -->
<testsuite hostname="yinons-MBP" failures="0" tests="4" name="Tests.SignUpByFacbookTestsFail" time="14.650" errors="0" timestamp="24 Dec 2017 01:05:29 GMT" skipped="0">
  <testcase classname="Tests.SignUpByFacbookTestsFail" name="SignUpWithFacbookWitOutEmail" time="4.179"/>
  <testcase classname="Tests.SignUpByFacbookTestsFail" name="SignUpWithFacbookWitOutPassword" time="1.633"/>
  <testcase classname="Tests.SignUpByFacbookTestsFail" name="SignUpWithFacbookWrongPassword" time="4.385"/>
  <testcase classname="Tests.SignUpByFacbookTestsFail" name="SignUpWithFacbookWrongUserName" time="4.453"/>
</testsuite> <!-- Tests.SignUpByFacbookTestsFail -->
