<?xml version="1.0" encoding="UTF-8"?>
<!-- Generated by org.testng.reporters.JUnitReportReporter -->
<testsuite hostname="yinons-MBP" failures="0" tests="2" name="Tests.LoginWithFacbookTestsFail" time="11.761" errors="0" timestamp="25 Dec 2017 06:12:26 GMT" skipped="0">
  <testcase classname="Tests.LoginWithFacbookTestsFail" name="LoginWithFacbookWrongPassword" time="9.368"/>
  <testcase classname="Tests.LoginWithFacbookTestsFail" name="LoginWithFacbookWrongUserName" time="2.393"/>
</testsuite> <!-- Tests.LoginWithFacbookTestsFail -->
