<?xml version="1.0" encoding="UTF-8"?>
<!-- Generated by org.testng.reporters.JUnitReportReporter -->
<testsuite skipped="0" hostname="yinons-MBP" name="Tests.BestExpensiveMaleMatchTests" tests="1" failures="0" timestamp="07 Aug 2018 12:11:32 GMT" time="130.837" errors="0">
  <testcase name="BMExpensiveMale" time="130.837" classname="Tests.BestExpensiveMaleMatchTests"/>
</testsuite> <!-- Tests.BestExpensiveMaleMatchTests -->
