<?xml version="1.0" encoding="UTF-8"?>
<!-- Generated by org.testng.reporters.JUnitReportReporter -->
<testsuite hostname="yinons-MacBook-Pro.local" failures="0" tests="1" name="Tests.LoginWithFacbookTests" time="10.884" errors="0" timestamp="24 Dec 2017 13:38:13 GMT" skipped="0">
  <testcase classname="Tests.LoginWithFacbookTests" name="LoginWithFacbook" time="10.884"/>
</testsuite> <!-- Tests.LoginWithFacbookTests -->
