<?xml version="1.0" encoding="UTF-8"?>
<!-- Generated by org.testng.reporters.JUnitReportReporter -->
<testsuite hostname="yinons-MBP" failures="0" tests="5" name="Tests.SignUpTest" time="18.809" errors="0" timestamp="25 Dec 2017 06:12:26 GMT" skipped="0">
  <testcase classname="Tests.SignUpTest" name="SignUpClickable" time="1.131"/>
  <testcase classname="Tests.SignUpTest" name="FillEmailWitoutShtudel" time="4.022"/>
  <testcase classname="Tests.SignUpTest" name="FillEmailWithoutDotCom" time="2.943"/>
  <testcase classname="Tests.SignUpTest" name="FillPsswordWithLessthan6Characters" time="2.757"/>
  <testcase classname="Tests.SignUpTest" name="DoSignUp" time="7.956"/>
</testsuite> <!-- Tests.SignUpTest -->
