<?xml version="1.0" encoding="UTF-8"?>
<!-- Generated by org.testng.reporters.JUnitReportReporter -->
<testsuite hostname="yinons-MBP" failures="0" tests="3" name="Tests.ChatTests" time="70.942" errors="0" timestamp="25 Dec 2017 06:12:26 GMT" skipped="0">
  <testcase classname="Tests.ChatTests" name="LoginAsStylist" time="3.311"/>
  <testcase classname="Tests.ChatTests" name="SendChatToclient" time="41.883"/>
  <testcase classname="Tests.ChatTests" name="SendChatToStylist" time="25.748"/>
</testsuite> <!-- Tests.ChatTests -->
