<?xml version="1.0" encoding="UTF-8"?>
<!-- Generated by org.testng.reporters.JUnitReportReporter -->
<testsuite hostname="yinons-MBP" failures="0" tests="4" name="Tests.BookingTests" time="98.052" errors="0" timestamp="25 Dec 2017 06:12:26 GMT" skipped="0">
  <testcase classname="Tests.BookingTests" name="DoSignUp" time="5.117"/>
  <testcase classname="Tests.BookingTests" name="CheckOutSession" time="29.577"/>
  <testcase classname="Tests.BookingTests" name="CheckoutUnlimited" time="30.894"/>
  <testcase classname="Tests.BookingTests" name="CheckoutByCreditCard" time="32.464"/>
</testsuite> <!-- Tests.BookingTests -->
