<?xml version="1.0" encoding="UTF-8"?>
<!-- Generated by org.testng.reporters.JUnitReportReporter -->
<testsuite hostname="yinons-MBP" failures="0" tests="7" name="Tests.LoginTests2" time="21.100" errors="0" timestamp="24 Dec 2017 01:05:29 GMT" skipped="0">
  <testcase classname="Tests.LoginTests2" name="LoginClickable" time="2.887"/>
  <testcase classname="Tests.LoginTests2" name="DoLogin" time="3.011"/>
  <testcase classname="Tests.LoginTests2" name="FillPasswordWithOutToFillEmail" time="2.493"/>
  <testcase classname="Tests.LoginTests2" name="FillEmailWithOutToFillPassword" time="2.788"/>
  <testcase classname="Tests.LoginTests2" name="ClickLoginwWithOutToFillAnyFields" time="2.004"/>
  <testcase classname="Tests.LoginTests2" name="FillCorrectEmailWithWrongPassword" time="4.604"/>
  <testcase classname="Tests.LoginTests2" name="FillCorrectPasswordWithWrongEmail" time="3.313"/>
</testsuite> <!-- Tests.LoginTests2 -->
