<?xml version="1.0" encoding="UTF-8"?>
<!-- Generated by org.testng.reporters.JUnitReportReporter -->
<testsuite hostname="yinons-MBP" failures="0" tests="5" name="Tests.SignUpTest" time="20.105" errors="0" timestamp="24 Dec 2017 01:05:29 GMT" skipped="0">
  <testcase classname="Tests.SignUpTest" name="SignUpClickable" time="1.042"/>
  <testcase classname="Tests.SignUpTest" name="FillEmailWitoutShtudel" time="4.699"/>
  <testcase classname="Tests.SignUpTest" name="FillEmailWithoutDotCom" time="3.211"/>
  <testcase classname="Tests.SignUpTest" name="FillPsswordWithLessthan6Characters" time="3.565"/>
  <testcase classname="Tests.SignUpTest" name="DoSignUp" time="7.588"/>
</testsuite> <!-- Tests.SignUpTest -->
