<?xml version="1.0" encoding="UTF-8"?>
<!-- Generated by org.testng.reporters.JUnitReportReporter -->
<testsuite skipped="0" hostname="yinons-MBP" name="Tests.BestExpensiveMaleMatchTests" tests="1" failures="0" timestamp="06 Aug 2018 09:53:34 GMT" time="126.938" errors="0">
  <testcase name="BMExpensiveMale" time="126.938" classname="Tests.BestExpensiveMaleMatchTests"/>
</testsuite> <!-- Tests.BestExpensiveMaleMatchTests -->
