<?xml version="1.0" encoding="UTF-8"?>
<!-- Generated by org.testng.reporters.JUnitReportReporter -->
<testsuite hostname="yinons-MBP" failures="0" tests="2" name="Tests.LoginWithFacbookTestsFail" time="12.132" errors="0" timestamp="24 Dec 2017 01:05:29 GMT" skipped="0">
  <testcase classname="Tests.LoginWithFacbookTestsFail" name="LoginWithFacbookWrongPassword" time="9.695"/>
  <testcase classname="Tests.LoginWithFacbookTestsFail" name="LoginWithFacbookWrongUserName" time="2.437"/>
</testsuite> <!-- Tests.LoginWithFacbookTestsFail -->
