<?xml version="1.0" encoding="UTF-8"?>
<!-- Generated by org.testng.reporters.JUnitReportReporter -->
<testsuite hostname="yinons-MBP" failures="0" tests="1" name="Tests.LoginWithFacbookTests" time="11.914" errors="0" timestamp="25 Dec 2017 06:12:26 GMT" skipped="0">
  <testcase classname="Tests.LoginWithFacbookTests" name="LoginWithFacbook" time="11.914"/>
</testsuite> <!-- Tests.LoginWithFacbookTests -->
