<?xml version="1.0" encoding="UTF-8"?>
<!-- Generated by org.testng.reporters.JUnitReportReporter -->
<testsuite hostname="yinons-MBP" failures="0" tests="1" name="Tests.SignUpByFacbookTestsSucses" time="9.427" errors="0" timestamp="25 Dec 2017 06:12:26 GMT" skipped="0">
  <testcase classname="Tests.SignUpByFacbookTestsSucses" name="SignUpWithFacbook" time="9.427"/>
</testsuite> <!-- Tests.SignUpByFacbookTestsSucses -->
