<?xml version="1.0" encoding="UTF-8"?>
<!-- Generated by org.testng.reporters.JUnitReportReporter -->
<testsuite hostname="yinons-MBP" failures="0" tests="4" name="Tests.SignUpByFacbookTestsFail" time="14.454" errors="0" timestamp="25 Dec 2017 06:12:26 GMT" skipped="0">
  <testcase classname="Tests.SignUpByFacbookTestsFail" name="SignUpWithFacbookWitOutEmail" time="4.206"/>
  <testcase classname="Tests.SignUpByFacbookTestsFail" name="SignUpWithFacbookWitOutPassword" time="1.712"/>
  <testcase classname="Tests.SignUpByFacbookTestsFail" name="SignUpWithFacbookWrongPassword" time="4.234"/>
  <testcase classname="Tests.SignUpByFacbookTestsFail" name="SignUpWithFacbookWrongUserName" time="4.302"/>
</testsuite> <!-- Tests.SignUpByFacbookTestsFail -->
