<?xml version="1.0" encoding="UTF-8"?>
<!-- Generated by org.testng.reporters.JUnitReportReporter -->
<testsuite skipped="0" hostname="LAPTOP-2ER69HLS" name="WishiTests.ChatTests" tests="3" failures="0" timestamp="20 Dec 2017 15:57:58 GMT" time="39.251" errors="0">
  <testcase name="LoginAsStylist" time="1.448" classname="WishiTests.ChatTests"/>
  <testcase name="SendChatToclient" time="23.644" classname="WishiTests.ChatTests"/>
  <testcase name="SendChatToStylist" time="14.159" classname="WishiTests.ChatTests"/>
</testsuite> <!-- WishiTests.ChatTests -->
