<?xml version="1.0" encoding="UTF-8"?>
<!-- Generated by org.testng.reporters.JUnitReportReporter -->
<testsuite skipped="0" hostname="LAPTOP-2ER69HLS" name="WishiTests.LoginWithFacbookTests" tests="3" failures="0" timestamp="20 Dec 2017 15:57:58 GMT" time="11.269" errors="0">
  <testcase name="LoginWithFacbookWrongUserName" time="6.204" classname="WishiTests.LoginWithFacbookTests"/>
  <testcase name="LoginWithFacbookWrongPassword" time="2.016" classname="WishiTests.LoginWithFacbookTests"/>
  <testcase name="LoginWithFacbook" time="3.049" classname="WishiTests.LoginWithFacbookTests"/>
</testsuite> <!-- WishiTests.LoginWithFacbookTests -->
