<?xml version="1.0" encoding="UTF-8"?>
<!-- Generated by org.testng.reporters.JUnitReportReporter -->
<testsuite skipped="0" hostname="LAPTOP-2ER69HLS" name="WishiTests.SignUpTest" tests="5" failures="0" timestamp="20 Dec 2017 15:57:58 GMT" time="8.601" errors="0">
  <testcase name="SignUpClickable" time="0.377" classname="WishiTests.SignUpTest"/>
  <testcase name="FillEmailWitoutShtudel" time="1.178" classname="WishiTests.SignUpTest"/>
  <testcase name="FillEmailWithoutDotCom" time="0.706" classname="WishiTests.SignUpTest"/>
  <testcase name="FillPsswordWithLessthan6Characters" time="0.623" classname="WishiTests.SignUpTest"/>
  <testcase name="DoSignUp" time="5.717" classname="WishiTests.SignUpTest"/>
</testsuite> <!-- WishiTests.SignUpTest -->
